#
# There is insufficient memory for the Java Runtime Environment to continue.
# Native memory allocation (malloc) failed to allocate 975136 bytes for Chunk::new
# Possible reasons:
#   The system is out of physical RAM or swap space
#   In 32 bit mode, the process size limit was hit
# Possible solutions:
#   Reduce memory load on the system
#   Increase physical memory or swap space
#   Check if swap backing store is full
#   Use 64 bit Java on a 64 bit OS
#   Decrease Java heap size (-Xmx/-Xms)
#   Decrease number of Java threads
#   Decrease Java thread stack sizes (-Xss)
#   Set larger code cache with -XX:ReservedCodeCacheSize=
# This output file may be truncated or incomplete.
#
#  Out of Memory Error (allocation.cpp:390), pid=14408, tid=0x00000000000043cc
#
# JRE version: OpenJDK Runtime Environment (8.0_152-b01) (build 1.8.0_152-release-915-b01)
# Java VM: OpenJDK 64-Bit Server VM (25.152-b01 mixed mode windows-amd64 compressed oops)
# Failed to write core dump. Minidumps are not enabled by default on client versions of Windows
#

---------------  T H R E A D  ---------------

Current thread (0x0000000054645800):  JavaThread "C2 CompilerThread1" daemon [_thread_in_native, id=17356, stack(0x0000000056000000,0x0000000056100000)]

Stack: [0x0000000056000000,0x0000000056100000]
[error occurred during error reporting (printing stack bounds), id 0xc0000005]

Native frames: (J=compiled Java code, j=interpreted, Vv=VM code, C=native code)


Current CompileTask:
C2:   9312  882       4       org.objectweb.asm.ClassReader::a (3587 bytes)


---------------  P R O C E S S  ---------------

Java Threads: ( => current thread )
  0x00000000546d0800 JavaThread "Service Thread" daemon [_thread_blocked, id=8640, stack(0x00000000558e0000,0x00000000559e0000)]
  0x000000005464d000 JavaThread "C1 CompilerThread3" daemon [_thread_blocked, id=7624, stack(0x0000000056120000,0x0000000056220000)]
  0x000000005464c800 JavaThread "C2 CompilerThread2" daemon [_thread_blocked, id=5672, stack(0x0000000055cd0000,0x0000000055dd0000)]
=>0x0000000054645800 JavaThread "C2 CompilerThread1" daemon [_thread_in_native, id=17356, stack(0x0000000056000000,0x0000000056100000)]
  0x0000000054634800 JavaThread "C2 CompilerThread0" daemon [_thread_blocked, id=15500, stack(0x0000000055e00000,0x0000000055f00000)]
  0x0000000054631800 JavaThread "Attach Listener" daemon [_thread_blocked, id=12828, stack(0x0000000055bc0000,0x0000000055cc0000)]
  0x000000005462f000 JavaThread "Signal Dispatcher" daemon [_thread_blocked, id=15684, stack(0x0000000055a10000,0x0000000055b10000)]
  0x0000000053582800 JavaThread "Finalizer" daemon [_thread_blocked, id=12428, stack(0x00000000557b0000,0x00000000558b0000)]
  0x000000005357c000 JavaThread "Reference Handler" daemon [_thread_blocked, id=15008, stack(0x0000000055680000,0x0000000055780000)]
  0x000000000237a000 JavaThread "main" [_thread_in_native, id=16924, stack(0x00000000026d0000,0x00000000027d0000)]

Other Threads:
  0x0000000053573000 VMThread [stack: 0x0000000055560000,0x0000000055660000] [id=13144]
  0x00000000546a5000 WatcherThread [stack: 0x0000000056220000,0x0000000056320000] [id=15072]

VM state:not at safepoint (normal execution)

VM Mutex/Monitor currently owned by a thread: None

Heap:
 PSYoungGen      total 18944K, used 3955K [0x00000000feb00000, 0x0000000100000000, 0x0000000100000000)
  eden space 16384K, 8% used [0x00000000feb00000,0x00000000fec5e598,0x00000000ffb00000)
  from space 2560K, 99% used [0x00000000ffd80000,0x00000000ffffe810,0x0000000100000000)
  to   space 2560K, 0% used [0x00000000ffb00000,0x00000000ffb00000,0x00000000ffd80000)
 ParOldGen       total 44032K, used 5061K [0x00000000fc000000, 0x00000000feb00000, 0x00000000feb00000)
  object space 44032K, 11% used [0x00000000fc000000,0x00000000fc4f1768,0x00000000feb00000)
 Metaspace       used 7512K, capacity 7704K, committed 7936K, reserved 1056768K
  class space    used 868K, capacity 956K, committed 1024K, reserved 1048576K

Card table byte_map: [0x0000000000270000,0x00000000002a0000] byte_map_base: 0xffffffffffa90000

Marking Bits: (ParMarkBitMap*) 0x0000000062173950
 Begin Bits: [0x0000000012990000, 0x0000000012a90000)
 End Bits:   [0x0000000012a90000, 0x0000000012b90000)

Polling page: 0x0000000000240000

CodeCache: size=245760Kb used=3448Kb max_used=3452Kb free=242311Kb
 bounds [0x0000000002aa0000, 0x0000000002e10000, 0x0000000011aa0000]
 total_blobs=1229 nmethods=898 adapters=245
 compilation: enabled

Compilation events (10 events):
Event: 9.045 Thread 0x000000005464d000  893       3       org.objectweb.asm.Label::a (93 bytes)
Event: 9.045 Thread 0x000000005464d000 nmethod 893 0x0000000002df9390 code [0x0000000002df9500, 0x0000000002df9948]
Event: 9.045 Thread 0x000000005464d000  894       3       java.util.zip.CRC32::update (16 bytes)
Event: 9.046 Thread 0x000000005464d000 nmethod 894 0x0000000002df9b10 code [0x0000000002df9c60, 0x0000000002df9df0]
Event: 9.046 Thread 0x000000005464d000  895       3       com.google.common.base.Preconditions::checkArgument (13 bytes)
Event: 9.046 Thread 0x000000005464d000 nmethod 895 0x0000000002df9e90 code [0x0000000002dfa000, 0x0000000002dfa228]
Event: 9.048 Thread 0x000000005464d000  896       3       org.objectweb.asm.ClassReader::a (662 bytes)
Event: 9.052 Thread 0x000000005464d000 nmethod 896 0x0000000002dfa310 code [0x0000000002dfa760, 0x0000000002dfd5a8]
Event: 9.052 Thread 0x000000005464d000  897       3       java.util.AbstractSet::<init> (5 bytes)
Event: 9.052 Thread 0x000000005464d000 nmethod 897 0x0000000002dff210 code [0x0000000002dff380, 0x0000000002dff590]

GC Heap History (4 events):
Event: 4.304 GC heap before
{Heap before GC invocations=1 (full 0):
 PSYoungGen      total 18944K, used 16384K [0x00000000feb00000, 0x0000000100000000, 0x0000000100000000)
  eden space 16384K, 100% used [0x00000000feb00000,0x00000000ffb00000,0x00000000ffb00000)
  from space 2560K, 0% used [0x00000000ffd80000,0x00000000ffd80000,0x0000000100000000)
  to   space 2560K, 0% used [0x00000000ffb00000,0x00000000ffb00000,0x00000000ffd80000)
 ParOldGen       total 44032K, used 0K [0x00000000fc000000, 0x00000000feb00000, 0x00000000feb00000)
  object space 44032K, 0% used [0x00000000fc000000,0x00000000fc000000,0x00000000feb00000)
 Metaspace       used 6500K, capacity 6666K, committed 6784K, reserved 1056768K
  class space    used 768K, capacity 823K, committed 896K, reserved 1048576K
Event: 4.318 GC heap after
Heap after GC invocations=1 (full 0):
 PSYoungGen      total 18944K, used 2544K [0x00000000feb00000, 0x0000000100000000, 0x0000000100000000)
  eden space 16384K, 0% used [0x00000000feb00000,0x00000000feb00000,0x00000000ffb00000)
  from space 2560K, 99% used [0x00000000ffb00000,0x00000000ffd7c020,0x00000000ffd80000)
  to   space 2560K, 0% used [0x00000000ffd80000,0x00000000ffd80000,0x0000000100000000)
 ParOldGen       total 44032K, used 1653K [0x00000000fc000000, 0x00000000feb00000, 0x00000000feb00000)
  object space 44032K, 3% used [0x00000000fc000000,0x00000000fc19d4a8,0x00000000feb00000)
 Metaspace       used 6500K, capacity 6666K, committed 6784K, reserved 1056768K
  class space    used 768K, capacity 823K, committed 896K, reserved 1048576K
}
Event: 7.313 GC heap before
{Heap before GC invocations=2 (full 0):
 PSYoungGen      total 18944K, used 18928K [0x00000000feb00000, 0x0000000100000000, 0x0000000100000000)
  eden space 16384K, 100% used [0x00000000feb00000,0x00000000ffb00000,0x00000000ffb00000)
  from space 2560K, 99% used [0x00000000ffb00000,0x00000000ffd7c020,0x00000000ffd80000)
  to   space 2560K, 0% used [0x00000000ffd80000,0x00000000ffd80000,0x0000000100000000)
 ParOldGen       total 44032K, used 1653K [0x00000000fc000000, 0x00000000feb00000, 0x00000000feb00000)
  object space 44032K, 3% used [0x00000000fc000000,0x00000000fc19d4a8,0x00000000feb00000)
 Metaspace       used 7466K, capacity 7640K, committed 7936K, reserved 1056768K
  class space    used 868K, capacity 956K, committed 1024K, reserved 1048576K
Event: 8.381 GC heap after
Heap after GC invocations=2 (full 0):
 PSYoungGen      total 18944K, used 2554K [0x00000000feb00000, 0x0000000100000000, 0x0000000100000000)
  eden space 16384K, 0% used [0x00000000feb00000,0x00000000feb00000,0x00000000ffb00000)
  from space 2560K, 99% used [0x00000000ffd80000,0x00000000ffffe810,0x0000000100000000)
  to   space 2560K, 0% used [0x00000000ffb00000,0x00000000ffb00000,0x00000000ffd80000)
 ParOldGen       total 44032K, used 5061K [0x00000000fc000000, 0x00000000feb00000, 0x00000000feb00000)
  object space 44032K, 11% used [0x00000000fc000000,0x00000000fc4f1768,0x00000000feb00000)
 Metaspace       used 7466K, capacity 7640K, committed 7936K, reserved 1056768K
  class space    used 868K, capacity 956K, committed 1024K, reserved 1048576K
}

Deoptimization events (10 events):
Event: 4.220 Thread 0x000000000237a000 Uncommon trap: reason=unstable_if action=reinterpret pc=0x0000000002ca86b8 method=java.util.zip.ZipFile$ZipEntryIterator.hasNext()Z @ 25
Event: 4.220 Thread 0x000000000237a000 Uncommon trap: reason=unstable_if action=reinterpret pc=0x0000000002cbb6b4 method=java.util.zip.ZipCoder.decoder()Ljava/nio/charset/CharsetDecoder; @ 4
Event: 4.226 Thread 0x000000000237a000 Uncommon trap: reason=unstable_if action=reinterpret pc=0x0000000002cb4d88 method=java.util.zip.ZipFile$ZipEntryIterator.hasNext()Z @ 25
Event: 4.226 Thread 0x000000000237a000 Uncommon trap: reason=unstable_if action=reinterpret pc=0x0000000002cb6da8 method=java.util.zip.ZipCoder.decoder()Ljava/nio/charset/CharsetDecoder; @ 4
Event: 4.465 Thread 0x000000000237a000 Uncommon trap: reason=unstable_if action=reinterpret pc=0x0000000002ccd13c method=java.util.HashMap$HashIterator.nextNode()Ljava/util/HashMap$Node; @ 74
Event: 4.488 Thread 0x000000000237a000 Uncommon trap: reason=unstable_if action=reinterpret pc=0x0000000002cb2abc method=java.util.zip.ZipFile.getZipEntry(Ljava/lang/String;J)Ljava/util/zip/ZipEntry; @ 19
Event: 4.817 Thread 0x000000000237a000 Uncommon trap: reason=unstable_if action=reinterpret pc=0x0000000002cca23c method=java.util.HashMap$HashIterator.nextNode()Ljava/util/HashMap$Node; @ 74
Event: 5.481 Thread 0x000000000237a000 Uncommon trap: reason=unloaded action=reinterpret pc=0x0000000002cbd2f4 method=java.util.zip.ZipEntry.setExtra0([BZ)V @ 37
Event: 6.700 Thread 0x000000000237a000 Uncommon trap: reason=unstable_if action=reinterpret pc=0x0000000002c7c41c method=java.lang.String.<init>([CII)V @ 18
Event: 7.299 Thread 0x000000000237a000 Uncommon trap: reason=unstable_if action=reinterpret pc=0x0000000002d99870 method=org.objectweb.asm.Item.a(Lorg/objectweb/asm/Item;)Z @ 345

Classes redefined (0 events):
No events

Internal exceptions (10 events):
Event: 4.807 Thread 0x000000000237a000 Exception <a 'sun/nio/fs/WindowsException'> (0x00000000ff12ac58) thrown at [D:\src\AOSP-openjdk-cygwin\jdk8u\hotspot\src\share\vm\prims\jni.cpp, line 709]
Event: 4.808 Thread 0x000000000237a000 Exception <a 'sun/nio/fs/WindowsException'> (0x00000000ff12b228) thrown at [D:\src\AOSP-openjdk-cygwin\jdk8u\hotspot\src\share\vm\prims\jni.cpp, line 709]
Event: 4.808 Thread 0x000000000237a000 Exception <a 'sun/nio/fs/WindowsException'> (0x00000000ff12b9e8) thrown at [D:\src\AOSP-openjdk-cygwin\jdk8u\hotspot\src\share\vm\prims\jni.cpp, line 709]
Event: 4.809 Thread 0x000000000237a000 Exception <a 'sun/nio/fs/WindowsException'> (0x00000000ff12bf90) thrown at [D:\src\AOSP-openjdk-cygwin\jdk8u\hotspot\src\share\vm\prims\jni.cpp, line 709]
Event: 4.809 Thread 0x000000000237a000 Exception <a 'sun/nio/fs/WindowsException'> (0x00000000ff12c740) thrown at [D:\src\AOSP-openjdk-cygwin\jdk8u\hotspot\src\share\vm\prims\jni.cpp, line 709]
Event: 4.822 Thread 0x000000000237a000 Exception <a 'sun/nio/fs/WindowsException'> (0x00000000ff131ac0) thrown at [D:\src\AOSP-openjdk-cygwin\jdk8u\hotspot\src\share\vm\prims\jni.cpp, line 709]
Event: 5.505 Thread 0x000000000237a000 Exception <a 'sun/nio/fs/WindowsException'> (0x00000000ff56cee0) thrown at [D:\src\AOSP-openjdk-cygwin\jdk8u\hotspot\src\share\vm\prims\jni.cpp, line 709]
Event: 5.506 Thread 0x000000000237a000 Exception <a 'sun/nio/fs/WindowsException'> (0x00000000ff56d488) thrown at [D:\src\AOSP-openjdk-cygwin\jdk8u\hotspot\src\share\vm\prims\jni.cpp, line 709]
Event: 6.747 Thread 0x000000000237a000 Exception <a 'sun/nio/fs/WindowsException'> (0x00000000ff748698) thrown at [D:\src\AOSP-openjdk-cygwin\jdk8u\hotspot\src\share\vm\prims\jni.cpp, line 709]
Event: 6.748 Thread 0x000000000237a000 Exception <a 'sun/nio/fs/WindowsException'> (0x00000000ff748be0) thrown at [D:\src\AOSP-openjdk-cygwin\jdk8u\hotspot\src\share\vm\prims\jni.cpp, line 709]

Events (10 events):
Event: 6.718 loading class java/util/Vector$Itr done
Event: 7.299 Thread 0x000000000237a000 Uncommon trap: trap_request=0xffffff65 fr.pc=0x0000000002d99870
Event: 7.299 Thread 0x000000000237a000 DEOPT PACKING pc=0x0000000002d99870 sp=0x00000000027cec10
Event: 7.299 Thread 0x000000000237a000 DEOPT UNPACKING pc=0x0000000002ae556a sp=0x00000000027ceba8 mode 2
Event: 7.313 Executing VM operation: ParallelGCFailedAllocation
Event: 8.381 Executing VM operation: ParallelGCFailedAllocation done
Event: 8.403 Executing VM operation: RevokeBias
Event: 8.403 Executing VM operation: RevokeBias done
Event: 8.417 Executing VM operation: RevokeBias
Event: 8.417 Executing VM operation: RevokeBias done


Dynamic libraries:
0x000000013f370000 - 0x000000013f3a1000 	D:\Program files\Android\Android Studio\jre\bin\java.exe
0x00000000774a0000 - 0x0000000077649000 	C:\Windows\SYSTEM32\ntdll.dll
0x0000000077380000 - 0x000000007749f000 	C:\Windows\system32\kernel32.dll
0x000007fefd550000 - 0x000007fefd5bc000 	C:\Windows\system32\KERNELBASE.dll
0x000007feff5c0000 - 0x000007feff69b000 	C:\Windows\system32\ADVAPI32.dll
0x000007feff6a0000 - 0x000007feff73f000 	C:\Windows\system32\msvcrt.dll
0x000007fefe940000 - 0x000007fefe95f000 	C:\Windows\SYSTEM32\sechost.dll
0x000007fefeb70000 - 0x000007fefec9d000 	C:\Windows\system32\RPCRT4.dll
0x0000000077280000 - 0x000000007737a000 	C:\Windows\system32\USER32.dll
0x000007feff740000 - 0x000007feff7a7000 	C:\Windows\system32\GDI32.dll
0x000007fefdba0000 - 0x000007fefdbae000 	C:\Windows\system32\LPK.dll
0x000007fefdad0000 - 0x000007fefdb99000 	C:\Windows\system32\USP10.dll
0x000007fefbd30000 - 0x000007fefbf24000 	C:\Windows\WinSxS\amd64_microsoft.windows.common-controls_6595b64144ccf1df_6.0.7601.17514_none_fa396087175ac9ac\COMCTL32.dll
0x000007fefd670000 - 0x000007fefd6e1000 	C:\Windows\system32\SHLWAPI.dll
0x000007feff430000 - 0x000007feff45e000 	C:\Windows\system32\IMM32.DLL
0x000007feff460000 - 0x000007feff569000 	C:\Windows\system32\MSCTF.dll
0x000007fefd1e0000 - 0x000007fefd21c000 	C:\Windows\system32\nvinitx.dll
0x0000000060790000 - 0x0000000060862000 	D:\Program files\Android\Android Studio\jre\jre\bin\msvcr100.dll
0x00000000619b0000 - 0x00000000621ee000 	D:\Program files\Android\Android Studio\jre\jre\bin\server\jvm.dll
0x000007feef2e0000 - 0x000007feef2e9000 	C:\Windows\system32\WSOCK32.dll
0x000007feff570000 - 0x000007feff5bd000 	C:\Windows\system32\WS2_32.dll
0x000007feff050000 - 0x000007feff058000 	C:\Windows\system32\NSI.dll
0x000007fefaff0000 - 0x000007fefb02b000 	C:\Windows\system32\WINMM.dll
0x000007fefc250000 - 0x000007fefc25c000 	C:\Windows\system32\VERSION.dll
0x0000000077670000 - 0x0000000077677000 	C:\Windows\system32\PSAPI.DLL
0x000007fefae20000 - 0x000007fefae2f000 	D:\Program files\Android\Android Studio\jre\jre\bin\verify.dll
0x000007fefadf0000 - 0x000007fefae19000 	D:\Program files\Android\Android Studio\jre\jre\bin\java.dll
0x000007feebc00000 - 0x000007feebc16000 	D:\Program files\Android\Android Studio\jre\jre\bin\zip.dll
0x000007fefdbb0000 - 0x000007fefe938000 	C:\Windows\system32\SHELL32.dll
0x000007fefe960000 - 0x000007fefeb63000 	C:\Windows\system32\ole32.dll
0x000007fefd2b0000 - 0x000007fefd2bf000 	C:\Windows\system32\profapi.dll
0x000007fefca70000 - 0x000007fefca87000 	C:\Windows\system32\CRYPTSP.dll
0x000007fefc770000 - 0x000007fefc7b7000 	C:\Windows\system32\rsaenh.dll
0x000007fefd5d0000 - 0x000007fefd5ee000 	C:\Windows\system32\USERENV.dll
0x000007fefd0d0000 - 0x000007fefd0df000 	C:\Windows\system32\CRYPTBASE.dll
0x000007feebbe0000 - 0x000007feebbfa000 	D:\Program files\Android\Android Studio\jre\jre\bin\net.dll
0x000007fefca10000 - 0x000007fefca65000 	C:\Windows\system32\mswsock.dll
0x000007fefca00000 - 0x000007fefca07000 	C:\Windows\System32\wship6.dll
0x000007fefa7d0000 - 0x000007fefa7f7000 	C:\Windows\system32\IPHLPAPI.DLL
0x000007fefa7b0000 - 0x000007fefa7bb000 	C:\Windows\system32\WINNSI.DLL
0x000007fef9f50000 - 0x000007fef9f61000 	C:\Windows\system32\dhcpcsvc6.DLL
0x000007fef9ed0000 - 0x000007fef9ee8000 	C:\Windows\system32\dhcpcsvc.DLL
0x000007feebbc0000 - 0x000007feebbd1000 	D:\Program files\Android\Android Studio\jre\jre\bin\nio.dll

VM Arguments:
jvm_args: -Djava.awt.headless=true -Xmx64M -Dfile.encoding=windows-1251 -Duser.country=RU -Duser.language=ru -Duser.variant 
java_command: com.google.devtools.build.android.desugar.Desugar --input C:\Users\KING\Desktop\Android\study\2\RecordBook\app\build\intermediates\transforms\stackFramesFixer\debug\29.jar --output C:\Users\KING\Desktop\Android\study\2\RecordBook\app\build\intermediates\transforms\desugar\debug\30.jar --input C:\Users\KING\Desktop\Android\study\2\RecordBook\app\build\intermediates\transforms\stackFramesFixer\debug\8.jar --output C:\Users\KING\Desktop\Android\study\2\RecordBook\app\build\intermediates\transforms\desugar\debug\9.jar --input C:\Users\KING\Desktop\Android\study\2\RecordBook\app\build\intermediates\transforms\stackFramesFixer\debug\39.jar --output C:\Users\KING\Desktop\Android\study\2\RecordBook\app\build\intermediates\transforms\desugar\debug\40.jar --input C:\Users\KING\Desktop\Android\study\2\RecordBook\app\build\intermediates\transforms\stackFramesFixer\debug\5.jar --output C:\Users\KING\Desktop\Android\study\2\RecordBook\app\build\intermediates\transforms\desugar\debug\6.jar --classpath_entry C:\Users\KING\Desktop\Android\study\2\RecordBook\app\build\intermediates\classes\debug --classpath_entry C:\Users\KING\Desktop\Android\study\2\RecordBook\app\build\intermediates\transforms\stackFramesFixer\debug\0.jar --classpath_entry C:\Users\KING\Desktop\Android\study\2\RecordBook\app\build\intermediates\transforms\stackFramesFixer\debug\1.jar --classpath_entry C:\Users\KING\Desktop\Android\study\2\RecordBook\app\build\intermediates\transforms\stackFramesFixer\debug\2.jar --classpath_entry C:\Users\KING\Desktop\Android\study\2\RecordBook\app\build\intermediates\transforms\stackFramesFixer\debug\3.jar --classpath_entry C:\Users\KING\Desktop\Android\study\2\RecordBook\app\build\intermediates\transforms\stackFramesFixer\debug\4.jar --classpath_entry C:\Users\KING\Desktop\Android\study\2\RecordBook\app\build\intermediates\transforms\stackFramesFixer\debug\5.jar --classpath_entry C:\Users\KING\Desktop\Android\study\2\RecordBook\app\build\intermediates\transforms\s
java_class_path (initial): C:\Users\KING\AppData\Local\Temp\desugar_deploy.jar9097227951175999869
Launcher Type: SUN_STANDARD

Environment Variables:
PATH=C:\ProgramData\Oracle\Java\javapath;C:\Windows\system32;C:\Windows;C:\Windows\System32\Wbem;C:\Windows\System32\WindowsPowerShell\v1.0\;C:\Program Files (x86)\NVIDIA Corporation\PhysX\Common;C:\Users\KING\.dnx\bin;C:\Program Files\Microsoft DNX\Dnvm\;C:\Program Files\Microsoft SQL Server\130\Tools\Binn\;C:\Program Files (x86)\sbt\\bin;C:\Program Files (x86)\Rational\common;C:\Program Files (x86)\Skype\Phone\;C:\Program Files (x86)\PostgreSQL\9.6\bin;C:\Program Files (x86)\PostgreSQL\9.6\lib;C:\Program Files (x86)\PostgreSQL\9.6\include;C:\Program Files\Microsoft SQL Server\110\Tools\Binn\;C:\Program Files (x86)\Brackets\command;C:\adb;C:\xampp\php;C:\ProgramData\ComposerSetup\bin;C:\Users\KING\AppData\Roaming\Composer\vendor\bin
USERNAME=KING
OS=Windows_NT
PROCESSOR_IDENTIFIER=Intel64 Family 6 Model 42 Stepping 7, GenuineIntel



---------------  S Y S T E M  ---------------

OS: Windows 7 , 64 bit Build 7601 (6.1.7601.18409)

CPU:total 8 (initial active 8) (4 cores per cpu, 2 threads per core) family 6 model 42 stepping 7, cmov, cx8, fxsr, mmx, sse, sse2, sse3, ssse3, sse4.1, sse4.2, popcnt, avx, clmul, ht, tsc, tscinvbit

Memory: 4k page, physical 8298260k(405344k free), swap 12392396k(4988k free)

vm_info: OpenJDK 64-Bit Server VM (25.152-b01) for windows-amd64 JRE (1.8.0_152-release-915-b01), built by "builder" with MS VC++ 10.0 (VS2010)

time: Fri Jun 29 22:25:01 2018
elapsed time: 9 seconds (0d 0h 0m 9s)

