#
# There is insufficient memory for the Java Runtime Environment to continue.
# Native memory allocation (malloc) failed to allocate 32744 bytes for ChunkPool::allocate
# Possible reasons:
#   The system is out of physical RAM or swap space
#   In 32 bit mode, the process size limit was hit
# Possible solutions:
#   Reduce memory load on the system
#   Increase physical memory or swap space
#   Check if swap backing store is full
#   Use 64 bit Java on a 64 bit OS
#   Decrease Java heap size (-Xmx/-Xms)
#   Decrease number of Java threads
#   Decrease Java thread stack sizes (-Xss)
#   Set larger code cache with -XX:ReservedCodeCacheSize=
# This output file may be truncated or incomplete.
#
#  Out of Memory Error (allocation.cpp:273), pid=16916, tid=0x00000000000036cc
#
# JRE version: OpenJDK Runtime Environment (8.0_152-b01) (build 1.8.0_152-release-915-b01)
# Java VM: OpenJDK 64-Bit Server VM (25.152-b01 mixed mode windows-amd64 compressed oops)
# Failed to write core dump. Minidumps are not enabled by default on client versions of Windows
#

---------------  T H R E A D  ---------------

Current thread (0x00000000532cf000):  JavaThread "C2 CompilerThread1" daemon [_thread_in_native, id=14028, stack(0x0000000055800000,0x0000000055900000)]

Stack: [0x0000000055800000,0x0000000055900000]
[error occurred during error reporting (printing stack bounds), id 0xc0000005]

Native frames: (J=compiled Java code, j=interpreted, Vv=VM code, C=native code)


Current CompileTask:
C2:   8285  830       4       org.objectweb.asm.ClassReader::a (3587 bytes)


---------------  P R O C E S S  ---------------

Java Threads: ( => current thread )
  0x0000000056f8e800 JavaThread "Thread-0" [_thread_new, id=12060, stack(0x0000000000000000,0x0000000000000000)]
  0x000000000239a000 JavaThread "DestroyJavaVM" [_thread_blocked, id=17232, stack(0x00000000025f0000,0x00000000026f0000)]
  0x000000005451d800 JavaThread "Service Thread" daemon [_thread_blocked, id=17016, stack(0x00000000562a0000,0x00000000563a0000)]
  0x00000000544de800 JavaThread "C1 CompilerThread3" daemon [_thread_blocked, id=16168, stack(0x0000000056040000,0x0000000056140000)]
  0x00000000544dd800 JavaThread "C2 CompilerThread2" daemon [_thread_blocked, id=17124, stack(0x0000000055e90000,0x0000000055f90000)]
=>0x00000000532cf000 JavaThread "C2 CompilerThread1" daemon [_thread_in_native, id=14028, stack(0x0000000055800000,0x0000000055900000)]
  0x00000000532cb000 JavaThread "C2 CompilerThread0" daemon [_thread_blocked, id=15488, stack(0x0000000055ca0000,0x0000000055da0000)]
  0x0000000054487000 JavaThread "Attach Listener" daemon [_thread_blocked, id=15724, stack(0x0000000055ad0000,0x0000000055bd0000)]
  0x000000005448f800 JavaThread "Signal Dispatcher" daemon [_thread_blocked, id=17304, stack(0x0000000055960000,0x0000000055a60000)]
  0x00000000532bf800 JavaThread "Finalizer" daemon [_thread_blocked, id=16884, stack(0x00000000556b0000,0x00000000557b0000)]
  0x00000000532b8000 JavaThread "Reference Handler" daemon [_thread_blocked, id=9364, stack(0x0000000055560000,0x0000000055660000)]

Other Threads:
  0x00000000532af000 VMThread [stack: 0x0000000055460000,0x0000000055560000] [id=16600]
  0x00000000544f4000 WatcherThread [stack: 0x0000000056140000,0x0000000056240000] [id=17320]

VM state:not at safepoint (normal execution)

VM Mutex/Monitor currently owned by a thread: None

Heap:
 PSYoungGen      total 18944K, used 3364K [0x00000000feb00000, 0x0000000100000000, 0x0000000100000000)
  eden space 16384K, 4% used [0x00000000feb00000,0x00000000febcabf8,0x00000000ffb00000)
  from space 2560K, 99% used [0x00000000ffd80000,0x00000000ffffe7e0,0x0000000100000000)
  to   space 2560K, 0% used [0x00000000ffb00000,0x00000000ffb00000,0x00000000ffd80000)
 ParOldGen       total 44032K, used 4849K [0x00000000fc000000, 0x00000000feb00000, 0x00000000feb00000)
  object space 44032K, 11% used [0x00000000fc000000,0x00000000fc4bc6d8,0x00000000feb00000)
 Metaspace       used 7514K, capacity 7708K, committed 7936K, reserved 1056768K
  class space    used 875K, capacity 956K, committed 1024K, reserved 1048576K

Card table byte_map: [0x0000000001db0000,0x0000000001de0000] byte_map_base: 0x00000000015d0000

Marking Bits: (ParMarkBitMap*) 0x0000000062173950
 Begin Bits: [0x00000000126d0000, 0x00000000127d0000)
 End Bits:   [0x00000000127d0000, 0x00000000128d0000)

Polling page: 0x0000000000250000

CodeCache: size=245760Kb used=3160Kb max_used=3168Kb free=242599Kb
 bounds [0x00000000029c0000, 0x0000000002ce0000, 0x00000000119c0000]
 total_blobs=1165 nmethods=834 adapters=245
 compilation: enabled

Compilation events (10 events):
Event: 7.346 Thread 0x00000000544de800 nmethod 828 0x0000000002cd1090 code [0x0000000002cd1260, 0x0000000002cd1658]
Event: 7.346 Thread 0x00000000544de800  829       1       com.google.common.collect.ImmutableEntry::getValue (5 bytes)
Event: 7.346 Thread 0x00000000544de800 nmethod 829 0x0000000002cd3f50 code [0x0000000002cd40a0, 0x0000000002cd41b0]
Event: 7.350 Thread 0x00000000544dd800 nmethod 821 0x0000000002cd9bd0 code [0x0000000002cd9d60, 0x0000000002cda378]
Event: 7.350 Thread 0x00000000544de800  833  s    3       java.io.BufferedOutputStream::write (67 bytes)
Event: 7.351 Thread 0x00000000544de800 nmethod 833 0x0000000002cd3290 code [0x0000000002cd3460, 0x0000000002cd3c98]
Event: 7.351 Thread 0x00000000544de800  834       3       java.nio.Buffer::position (43 bytes)
Event: 7.351 Thread 0x00000000544de800 nmethod 834 0x0000000002cd2d90 code [0x0000000002cd2f00, 0x0000000002cd31c8]
Event: 7.351 Thread 0x00000000544de800  835       3       java.util.LinkedHashMap$LinkedHashIterator::hasNext (13 bytes)
Event: 7.351 Thread 0x00000000544de800 nmethod 835 0x0000000002cd29d0 code [0x0000000002cd2b20, 0x0000000002cd2cd0]

GC Heap History (4 events):
Event: 3.217 GC heap before
{Heap before GC invocations=1 (full 0):
 PSYoungGen      total 18944K, used 16384K [0x00000000feb00000, 0x0000000100000000, 0x0000000100000000)
  eden space 16384K, 100% used [0x00000000feb00000,0x00000000ffb00000,0x00000000ffb00000)
  from space 2560K, 0% used [0x00000000ffd80000,0x00000000ffd80000,0x0000000100000000)
  to   space 2560K, 0% used [0x00000000ffb00000,0x00000000ffb00000,0x00000000ffd80000)
 ParOldGen       total 44032K, used 0K [0x00000000fc000000, 0x00000000feb00000, 0x00000000feb00000)
  object space 44032K, 0% used [0x00000000fc000000,0x00000000fc000000,0x00000000feb00000)
 Metaspace       used 6483K, capacity 6670K, committed 6784K, reserved 1056768K
  class space    used 768K, capacity 823K, committed 896K, reserved 1048576K
Event: 3.293 GC heap after
Heap after GC invocations=1 (full 0):
 PSYoungGen      total 18944K, used 2528K [0x00000000feb00000, 0x0000000100000000, 0x0000000100000000)
  eden space 16384K, 0% used [0x00000000feb00000,0x00000000feb00000,0x00000000ffb00000)
  from space 2560K, 98% used [0x00000000ffb00000,0x00000000ffd78030,0x00000000ffd80000)
  to   space 2560K, 0% used [0x00000000ffd80000,0x00000000ffd80000,0x0000000100000000)
 ParOldGen       total 44032K, used 1684K [0x00000000fc000000, 0x00000000feb00000, 0x00000000feb00000)
  object space 44032K, 3% used [0x00000000fc000000,0x00000000fc1a52d8,0x00000000feb00000)
 Metaspace       used 6483K, capacity 6670K, committed 6784K, reserved 1056768K
  class space    used 768K, capacity 823K, committed 896K, reserved 1048576K
}
Event: 6.069 GC heap before
{Heap before GC invocations=2 (full 0):
 PSYoungGen      total 18944K, used 18912K [0x00000000feb00000, 0x0000000100000000, 0x0000000100000000)
  eden space 16384K, 100% used [0x00000000feb00000,0x00000000ffb00000,0x00000000ffb00000)
  from space 2560K, 98% used [0x00000000ffb00000,0x00000000ffd78030,0x00000000ffd80000)
  to   space 2560K, 0% used [0x00000000ffd80000,0x00000000ffd80000,0x0000000100000000)
 ParOldGen       total 44032K, used 1684K [0x00000000fc000000, 0x00000000feb00000, 0x00000000feb00000)
  object space 44032K, 3% used [0x00000000fc000000,0x00000000fc1a52d8,0x00000000feb00000)
 Metaspace       used 7486K, capacity 7644K, committed 7936K, reserved 1056768K
  class space    used 872K, capacity 956K, committed 1024K, reserved 1048576K
Event: 7.334 GC heap after
Heap after GC invocations=2 (full 0):
 PSYoungGen      total 18944K, used 2553K [0x00000000feb00000, 0x0000000100000000, 0x0000000100000000)
  eden space 16384K, 0% used [0x00000000feb00000,0x00000000feb00000,0x00000000ffb00000)
  from space 2560K, 99% used [0x00000000ffd80000,0x00000000ffffe7e0,0x0000000100000000)
  to   space 2560K, 0% used [0x00000000ffb00000,0x00000000ffb00000,0x00000000ffd80000)
 ParOldGen       total 44032K, used 4849K [0x00000000fc000000, 0x00000000feb00000, 0x00000000feb00000)
  object space 44032K, 11% used [0x00000000fc000000,0x00000000fc4bc6d8,0x00000000feb00000)
 Metaspace       used 7486K, capacity 7644K, committed 7936K, reserved 1056768K
  class space    used 872K, capacity 956K, committed 1024K, reserved 1048576K
}

Deoptimization events (10 events):
Event: 3.101 Thread 0x000000000239a000 Uncommon trap: reason=unstable_if action=reinterpret pc=0x0000000002bba588 method=java.util.zip.ZipEntry.setExtra0([BZ)V @ 1
Event: 3.107 Thread 0x000000000239a000 Uncommon trap: reason=unstable_if action=reinterpret pc=0x0000000002bc0a78 method=java.util.zip.ZipFile$ZipEntryIterator.hasNext()Z @ 25
Event: 3.107 Thread 0x000000000239a000 Uncommon trap: reason=unstable_if action=reinterpret pc=0x0000000002bbd1d8 method=java.util.zip.ZipCoder.decoder()Ljava/nio/charset/CharsetDecoder; @ 4
Event: 3.133 Thread 0x000000000239a000 Uncommon trap: reason=unstable_if action=reinterpret pc=0x0000000002bc11c8 method=java.util.zip.ZipFile$ZipEntryIterator.hasNext()Z @ 25
Event: 3.133 Thread 0x000000000239a000 Uncommon trap: reason=unstable_if action=reinterpret pc=0x0000000002bd2ed4 method=java.util.zip.ZipCoder.decoder()Ljava/nio/charset/CharsetDecoder; @ 4
Event: 3.364 Thread 0x000000000239a000 Uncommon trap: reason=unstable_if action=reinterpret pc=0x0000000002bda6e0 method=java.util.zip.ZipCoder.decoder()Ljava/nio/charset/CharsetDecoder; @ 4
Event: 3.366 Thread 0x000000000239a000 Uncommon trap: reason=unstable_if action=reinterpret pc=0x0000000002bce430 method=java.util.zip.ZipCoder.decoder()Ljava/nio/charset/CharsetDecoder; @ 4
Event: 3.376 Thread 0x000000000239a000 Uncommon trap: reason=unstable_if action=reinterpret pc=0x0000000002be11f8 method=java.util.HashMap$HashIterator.nextNode()Ljava/util/HashMap$Node; @ 74
Event: 4.391 Thread 0x000000000239a000 Uncommon trap: reason=unloaded action=reinterpret pc=0x0000000002bd4cec method=java.util.zip.ZipEntry.setExtra0([BZ)V @ 37
Event: 4.559 Thread 0x000000000239a000 Uncommon trap: reason=unstable_if action=reinterpret pc=0x0000000002b8919c method=java.lang.String.<init>([CII)V @ 18

Classes redefined (0 events):
No events

Internal exceptions (10 events):
Event: 3.788 Thread 0x000000000239a000 Exception <a 'sun/nio/fs/WindowsException'> (0x00000000ff12c110) thrown at [D:\src\AOSP-openjdk-cygwin\jdk8u\hotspot\src\share\vm\prims\jni.cpp, line 709]
Event: 3.803 Thread 0x000000000239a000 Exception <a 'sun/nio/fs/WindowsException'> (0x00000000ff131490) thrown at [D:\src\AOSP-openjdk-cygwin\jdk8u\hotspot\src\share\vm\prims\jni.cpp, line 709]
Event: 4.420 Thread 0x000000000239a000 Exception <a 'sun/nio/fs/WindowsException'> (0x00000000ff56cb28) thrown at [D:\src\AOSP-openjdk-cygwin\jdk8u\hotspot\src\share\vm\prims\jni.cpp, line 709]
Event: 4.421 Thread 0x000000000239a000 Exception <a 'sun/nio/fs/WindowsException'> (0x00000000ff56d0d0) thrown at [D:\src\AOSP-openjdk-cygwin\jdk8u\hotspot\src\share\vm\prims\jni.cpp, line 709]
Event: 5.842 Thread 0x000000000239a000 Exception <a 'sun/nio/fs/WindowsException'> (0x00000000ffa46ea0) thrown at [D:\src\AOSP-openjdk-cygwin\jdk8u\hotspot\src\share\vm\prims\jni.cpp, line 709]
Event: 5.843 Thread 0x000000000239a000 Exception <a 'sun/nio/fs/WindowsException'> (0x00000000ffa473c8) thrown at [D:\src\AOSP-openjdk-cygwin\jdk8u\hotspot\src\share\vm\prims\jni.cpp, line 709]
Event: 6.054 Thread 0x000000000239a000 Exception <a 'sun/nio/fs/WindowsException'> (0x00000000ffadb8b8) thrown at [D:\src\AOSP-openjdk-cygwin\jdk8u\hotspot\src\share\vm\prims\jni.cpp, line 709]
Event: 6.054 Thread 0x000000000239a000 Exception <a 'sun/nio/fs/WindowsException'> (0x00000000ffadbde0) thrown at [D:\src\AOSP-openjdk-cygwin\jdk8u\hotspot\src\share\vm\prims\jni.cpp, line 709]
Event: 7.352 Thread 0x000000000239a000 Exception <a 'sun/nio/fs/WindowsException'> (0x00000000feb5aac8) thrown at [D:\src\AOSP-openjdk-cygwin\jdk8u\hotspot\src\share\vm\prims\jni.cpp, line 709]
Event: 7.352 Thread 0x000000000239a000 Exception <a 'sun/nio/fs/WindowsException'> (0x00000000feb5aff0) thrown at [D:\src\AOSP-openjdk-cygwin\jdk8u\hotspot\src\share\vm\prims\jni.cpp, line 709]

Events (10 events):
Event: 6.043 loading class com/google/common/io/ByteArrayDataOutput
Event: 6.043 loading class com/google/common/io/ByteArrayDataOutput done
Event: 6.068 Executing VM operation: ParallelGCFailedAllocation
Event: 7.334 Executing VM operation: ParallelGCFailedAllocation done
Event: 7.336 Executing VM operation: RevokeBias
Event: 7.336 Executing VM operation: RevokeBias done
Event: 7.336 Executing VM operation: RevokeBias
Event: 7.336 Executing VM operation: RevokeBias done
Event: 7.336 Executing VM operation: RevokeBias
Event: 7.336 Executing VM operation: RevokeBias done


Dynamic libraries:
0x000000013f370000 - 0x000000013f3a1000 	D:\Program files\Android\Android Studio\jre\bin\java.exe
0x00000000774a0000 - 0x0000000077649000 	C:\Windows\SYSTEM32\ntdll.dll
0x0000000077380000 - 0x000000007749f000 	C:\Windows\system32\kernel32.dll
0x000007fefd550000 - 0x000007fefd5bc000 	C:\Windows\system32\KERNELBASE.dll
0x000007feff5c0000 - 0x000007feff69b000 	C:\Windows\system32\ADVAPI32.dll
0x000007feff6a0000 - 0x000007feff73f000 	C:\Windows\system32\msvcrt.dll
0x000007fefe940000 - 0x000007fefe95f000 	C:\Windows\SYSTEM32\sechost.dll
0x000007fefeb70000 - 0x000007fefec9d000 	C:\Windows\system32\RPCRT4.dll
0x0000000077280000 - 0x000000007737a000 	C:\Windows\system32\USER32.dll
0x000007feff740000 - 0x000007feff7a7000 	C:\Windows\system32\GDI32.dll
0x000007fefdba0000 - 0x000007fefdbae000 	C:\Windows\system32\LPK.dll
0x000007fefdad0000 - 0x000007fefdb99000 	C:\Windows\system32\USP10.dll
0x000007fefbd30000 - 0x000007fefbf24000 	C:\Windows\WinSxS\amd64_microsoft.windows.common-controls_6595b64144ccf1df_6.0.7601.17514_none_fa396087175ac9ac\COMCTL32.dll
0x000007fefd670000 - 0x000007fefd6e1000 	C:\Windows\system32\SHLWAPI.dll
0x000007feff430000 - 0x000007feff45e000 	C:\Windows\system32\IMM32.DLL
0x000007feff460000 - 0x000007feff569000 	C:\Windows\system32\MSCTF.dll
0x000007fefd1e0000 - 0x000007fefd21c000 	C:\Windows\system32\nvinitx.dll
0x0000000060790000 - 0x0000000060862000 	D:\Program files\Android\Android Studio\jre\jre\bin\msvcr100.dll
0x00000000619b0000 - 0x00000000621ee000 	D:\Program files\Android\Android Studio\jre\jre\bin\server\jvm.dll
0x000007feef2e0000 - 0x000007feef2e9000 	C:\Windows\system32\WSOCK32.dll
0x000007feff570000 - 0x000007feff5bd000 	C:\Windows\system32\WS2_32.dll
0x000007feff050000 - 0x000007feff058000 	C:\Windows\system32\NSI.dll
0x000007fefaff0000 - 0x000007fefb02b000 	C:\Windows\system32\WINMM.dll
0x000007fefc250000 - 0x000007fefc25c000 	C:\Windows\system32\VERSION.dll
0x0000000077670000 - 0x0000000077677000 	C:\Windows\system32\PSAPI.DLL
0x000007fefae20000 - 0x000007fefae2f000 	D:\Program files\Android\Android Studio\jre\jre\bin\verify.dll
0x000007fefadf0000 - 0x000007fefae19000 	D:\Program files\Android\Android Studio\jre\jre\bin\java.dll
0x000007feebc00000 - 0x000007feebc16000 	D:\Program files\Android\Android Studio\jre\jre\bin\zip.dll
0x000007fefdbb0000 - 0x000007fefe938000 	C:\Windows\system32\SHELL32.dll
0x000007fefe960000 - 0x000007fefeb63000 	C:\Windows\system32\ole32.dll
0x000007fefd2b0000 - 0x000007fefd2bf000 	C:\Windows\system32\profapi.dll
0x000007fefca70000 - 0x000007fefca87000 	C:\Windows\system32\CRYPTSP.dll
0x000007fefc770000 - 0x000007fefc7b7000 	C:\Windows\system32\rsaenh.dll
0x000007fefd5d0000 - 0x000007fefd5ee000 	C:\Windows\system32\USERENV.dll
0x000007fefd0d0000 - 0x000007fefd0df000 	C:\Windows\system32\CRYPTBASE.dll
0x000007feebbe0000 - 0x000007feebbfa000 	D:\Program files\Android\Android Studio\jre\jre\bin\net.dll
0x000007fefca10000 - 0x000007fefca65000 	C:\Windows\system32\mswsock.dll
0x000007fefca00000 - 0x000007fefca07000 	C:\Windows\System32\wship6.dll
0x000007fefa7d0000 - 0x000007fefa7f7000 	C:\Windows\system32\IPHLPAPI.DLL
0x000007fefa7b0000 - 0x000007fefa7bb000 	C:\Windows\system32\WINNSI.DLL
0x000007fef9f50000 - 0x000007fef9f61000 	C:\Windows\system32\dhcpcsvc6.DLL
0x000007fef9ed0000 - 0x000007fef9ee8000 	C:\Windows\system32\dhcpcsvc.DLL
0x000007feebbc0000 - 0x000007feebbd1000 	D:\Program files\Android\Android Studio\jre\jre\bin\nio.dll

VM Arguments:
jvm_args: -Djava.awt.headless=true -Xmx64M -Dfile.encoding=windows-1251 -Duser.country=RU -Duser.language=ru -Duser.variant 
java_command: com.google.devtools.build.android.desugar.Desugar --input C:\Users\KING\Desktop\Android\study\2\RecordBook\app\build\intermediates\transforms\stackFramesFixer\debug\43.jar --output C:\Users\KING\Desktop\Android\study\2\RecordBook\app\build\intermediates\transforms\desugar\debug\44.jar --input C:\Users\KING\Desktop\Android\study\2\RecordBook\app\build\intermediates\transforms\stackFramesFixer\debug\48.jar --output C:\Users\KING\Desktop\Android\study\2\RecordBook\app\build\intermediates\transforms\desugar\debug\49.jar --input C:\Users\KING\Desktop\Android\study\2\RecordBook\app\build\intermediates\transforms\stackFramesFixer\debug\47.jar --output C:\Users\KING\Desktop\Android\study\2\RecordBook\app\build\intermediates\transforms\desugar\debug\48.jar --input C:\Users\KING\Desktop\Android\study\2\RecordBook\app\build\intermediates\transforms\stackFramesFixer\debug\19.jar --output C:\Users\KING\Desktop\Android\study\2\RecordBook\app\build\intermediates\transforms\desugar\debug\20.jar --classpath_entry C:\Users\KING\Desktop\Android\study\2\RecordBook\app\build\intermediates\classes\debug --classpath_entry C:\Users\KING\Desktop\Android\study\2\RecordBook\app\build\intermediates\transforms\stackFramesFixer\debug\0.jar --classpath_entry C:\Users\KING\Desktop\Android\study\2\RecordBook\app\build\intermediates\transforms\stackFramesFixer\debug\1.jar --classpath_entry C:\Users\KING\Desktop\Android\study\2\RecordBook\app\build\intermediates\transforms\stackFramesFixer\debug\2.jar --classpath_entry C:\Users\KING\Desktop\Android\study\2\RecordBook\app\build\intermediates\transforms\stackFramesFixer\debug\3.jar --classpath_entry C:\Users\KING\Desktop\Android\study\2\RecordBook\app\build\intermediates\transforms\stackFramesFixer\debug\4.jar --classpath_entry C:\Users\KING\Desktop\Android\study\2\RecordBook\app\build\intermediates\transforms\stackFramesFixer\debug\5.jar --classpath_entry C:\Users\KING\Desktop\Android\study\2\RecordBook\app\build\intermediates\transfor
java_class_path (initial): C:\Users\KING\AppData\Local\Temp\desugar_deploy.jar9097227951175999869
Launcher Type: SUN_STANDARD

Environment Variables:
PATH=C:\ProgramData\Oracle\Java\javapath;C:\Windows\system32;C:\Windows;C:\Windows\System32\Wbem;C:\Windows\System32\WindowsPowerShell\v1.0\;C:\Program Files (x86)\NVIDIA Corporation\PhysX\Common;C:\Users\KING\.dnx\bin;C:\Program Files\Microsoft DNX\Dnvm\;C:\Program Files\Microsoft SQL Server\130\Tools\Binn\;C:\Program Files (x86)\sbt\\bin;C:\Program Files (x86)\Rational\common;C:\Program Files (x86)\Skype\Phone\;C:\Program Files (x86)\PostgreSQL\9.6\bin;C:\Program Files (x86)\PostgreSQL\9.6\lib;C:\Program Files (x86)\PostgreSQL\9.6\include;C:\Program Files\Microsoft SQL Server\110\Tools\Binn\;C:\Program Files (x86)\Brackets\command;C:\adb;C:\xampp\php;C:\ProgramData\ComposerSetup\bin;C:\Users\KING\AppData\Roaming\Composer\vendor\bin
USERNAME=KING
OS=Windows_NT
PROCESSOR_IDENTIFIER=Intel64 Family 6 Model 42 Stepping 7, GenuineIntel



---------------  S Y S T E M  ---------------

OS: Windows 7 , 64 bit Build 7601 (6.1.7601.18409)

CPU:total 8 (initial active 8) (4 cores per cpu, 2 threads per core) family 6 model 42 stepping 7, cmov, cx8, fxsr, mmx, sse, sse2, sse3, ssse3, sse4.1, sse4.2, popcnt, avx, clmul, ht, tsc, tscinvbit

Memory: 4k page, physical 8298260k(405372k free), swap 12392396k(5000k free)

vm_info: OpenJDK 64-Bit Server VM (25.152-b01) for windows-amd64 JRE (1.8.0_152-release-915-b01), built by "builder" with MS VC++ 10.0 (VS2010)

time: Fri Jun 29 22:25:01 2018
elapsed time: 8 seconds (0d 0h 0m 8s)

