#
# There is insufficient memory for the Java Runtime Environment to continue.
# Native memory allocation (malloc) failed to allocate 542416 bytes for Chunk::new
# Possible reasons:
#   The system is out of physical RAM or swap space
#   In 32 bit mode, the process size limit was hit
# Possible solutions:
#   Reduce memory load on the system
#   Increase physical memory or swap space
#   Check if swap backing store is full
#   Use 64 bit Java on a 64 bit OS
#   Decrease Java heap size (-Xmx/-Xms)
#   Decrease number of Java threads
#   Decrease Java thread stack sizes (-Xss)
#   Set larger code cache with -XX:ReservedCodeCacheSize=
# This output file may be truncated or incomplete.
#
#  Out of Memory Error (allocation.cpp:390), pid=14432, tid=0x00000000000034d8
#
# JRE version: OpenJDK Runtime Environment (8.0_152-b01) (build 1.8.0_152-release-915-b01)
# Java VM: OpenJDK 64-Bit Server VM (25.152-b01 mixed mode windows-amd64 compressed oops)
# Failed to write core dump. Minidumps are not enabled by default on client versions of Windows
#

---------------  T H R E A D  ---------------

Current thread (0x00000000546f8800):  JavaThread "C2 CompilerThread2" daemon [_thread_in_native, id=13528, stack(0x0000000055d60000,0x0000000055e60000)]

Stack: [0x0000000055d60000,0x0000000055e60000]
[error occurred during error reporting (printing stack bounds), id 0xc0000005]

Native frames: (J=compiled Java code, j=interpreted, Vv=VM code, C=native code)


Current CompileTask:
C2:   6248  825 %     4       org.objectweb.asm.ClassReader::a @ 1480 (3587 bytes)


---------------  P R O C E S S  ---------------

Java Threads: ( => current thread )
  0x0000000054704800 JavaThread "Service Thread" daemon [_thread_blocked, id=14320, stack(0x00000000563a0000,0x00000000564a0000)]
  0x00000000546f9800 JavaThread "C1 CompilerThread3" daemon [_thread_blocked, id=14816, stack(0x00000000561c0000,0x00000000562c0000)]
=>0x00000000546f8800 JavaThread "C2 CompilerThread2" daemon [_thread_in_native, id=13528, stack(0x0000000055d60000,0x0000000055e60000)]
  0x00000000546f6000 JavaThread "C2 CompilerThread1" daemon [_thread_blocked, id=14176, stack(0x0000000055a50000,0x0000000055b50000)]
  0x00000000546ee800 JavaThread "C2 CompilerThread0" daemon [_thread_blocked, id=6160, stack(0x0000000055f20000,0x0000000056020000)]
  0x00000000546eb000 JavaThread "Attach Listener" daemon [_thread_blocked, id=1540, stack(0x00000000556a0000,0x00000000557a0000)]
  0x00000000546e7000 JavaThread "Signal Dispatcher" daemon [_thread_blocked, id=12472, stack(0x0000000055c60000,0x0000000055d60000)]
  0x000000005362f800 JavaThread "Finalizer" daemon [_thread_blocked, id=14152, stack(0x0000000055b50000,0x0000000055c50000)]
  0x0000000053628800 JavaThread "Reference Handler" daemon [_thread_blocked, id=8544, stack(0x0000000055950000,0x0000000055a50000)]
  0x000000000226a000 JavaThread "main" [_thread_in_native, id=4996, stack(0x00000000024a0000,0x00000000025a0000)]

Other Threads:
  0x000000005361f000 VMThread [stack: 0x00000000557a0000,0x00000000558a0000] [id=12180]
  0x0000000054707000 WatcherThread [stack: 0x0000000056040000,0x0000000056140000] [id=14300]

VM state:not at safepoint (normal execution)

VM Mutex/Monitor currently owned by a thread: None

Heap:
 PSYoungGen      total 18944K, used 18780K [0x00000000feb00000, 0x0000000100000000, 0x0000000100000000)
  eden space 16384K, 99% used [0x00000000feb00000,0x00000000ffadf150,0x00000000ffb00000)
  from space 2560K, 98% used [0x00000000ffb00000,0x00000000ffd78030,0x00000000ffd80000)
  to   space 2560K, 0% used [0x00000000ffd80000,0x00000000ffd80000,0x0000000100000000)
 ParOldGen       total 44032K, used 1649K [0x00000000fc000000, 0x00000000feb00000, 0x00000000feb00000)
  object space 44032K, 3% used [0x00000000fc000000,0x00000000fc19c448,0x00000000feb00000)
 Metaspace       used 7503K, capacity 7708K, committed 7936K, reserved 1056768K
  class space    used 871K, capacity 956K, committed 1024K, reserved 1048576K

Card table byte_map: [0x0000000001cd0000,0x0000000001d00000] byte_map_base: 0x00000000014f0000

Marking Bits: (ParMarkBitMap*) 0x000000006b3c3950
 Begin Bits: [0x0000000012a40000, 0x0000000012b40000)
 End Bits:   [0x0000000012b40000, 0x0000000012c40000)

Polling page: 0x00000000001c0000

CodeCache: size=245760Kb used=3227Kb max_used=3227Kb free=242532Kb
 bounds [0x0000000002870000, 0x0000000002ba0000, 0x0000000011870000]
 total_blobs=1171 nmethods=840 adapters=245
 compilation: enabled

Compilation events (10 events):
Event: 6.007 Thread 0x00000000546f9800  838       3       org.objectweb.asm.tree.FrameNode::<init> (111 bytes)
Event: 6.011 Thread 0x00000000546f9800 nmethod 838 0x0000000002b92fd0 code [0x0000000002b93360, 0x0000000002b951d8]
Event: 6.011 Thread 0x00000000546f9800  839       3       org.objectweb.asm.tree.FrameNode::accept (173 bytes)
Event: 6.012 Thread 0x00000000546f9800 nmethod 839 0x0000000002b96a10 code [0x0000000002b96c60, 0x0000000002b976a8]
Event: 6.012 Thread 0x00000000546f9800  834       3       java.util.HashSet::add (20 bytes)
Event: 6.012 Thread 0x00000000546f9800 nmethod 834 0x0000000002b97a50 code [0x0000000002b97be0, 0x0000000002b980d8]
Event: 6.012 Thread 0x00000000546f9800  826       3       org.objectweb.asm.ClassReader::readLong (29 bytes)
Event: 6.013 Thread 0x00000000546f9800 nmethod 826 0x0000000002b98290 code [0x0000000002b98400, 0x0000000002b986f8]
Event: 6.013 Thread 0x00000000546f9800  827       3       org.objectweb.asm.ClassVisitor::<init> (35 bytes)
Event: 6.013 Thread 0x00000000546f9800 nmethod 827 0x0000000002b987d0 code [0x0000000002b98940, 0x0000000002b98c28]

GC Heap History (2 events):
Event: 3.784 GC heap before
{Heap before GC invocations=1 (full 0):
 PSYoungGen      total 18944K, used 16384K [0x00000000feb00000, 0x0000000100000000, 0x0000000100000000)
  eden space 16384K, 100% used [0x00000000feb00000,0x00000000ffb00000,0x00000000ffb00000)
  from space 2560K, 0% used [0x00000000ffd80000,0x00000000ffd80000,0x0000000100000000)
  to   space 2560K, 0% used [0x00000000ffb00000,0x00000000ffb00000,0x00000000ffd80000)
 ParOldGen       total 44032K, used 0K [0x00000000fc000000, 0x00000000feb00000, 0x00000000feb00000)
  object space 44032K, 0% used [0x00000000fc000000,0x00000000fc000000,0x00000000feb00000)
 Metaspace       used 6473K, capacity 6670K, committed 6784K, reserved 1056768K
  class space    used 768K, capacity 823K, committed 896K, reserved 1048576K
Event: 3.900 GC heap after
Heap after GC invocations=1 (full 0):
 PSYoungGen      total 18944K, used 2528K [0x00000000feb00000, 0x0000000100000000, 0x0000000100000000)
  eden space 16384K, 0% used [0x00000000feb00000,0x00000000feb00000,0x00000000ffb00000)
  from space 2560K, 98% used [0x00000000ffb00000,0x00000000ffd78030,0x00000000ffd80000)
  to   space 2560K, 0% used [0x00000000ffd80000,0x00000000ffd80000,0x0000000100000000)
 ParOldGen       total 44032K, used 1649K [0x00000000fc000000, 0x00000000feb00000, 0x00000000feb00000)
  object space 44032K, 3% used [0x00000000fc000000,0x00000000fc19c448,0x00000000feb00000)
 Metaspace       used 6473K, capacity 6670K, committed 6784K, reserved 1056768K
  class space    used 768K, capacity 823K, committed 896K, reserved 1048576K
}

Deoptimization events (10 events):
Event: 3.752 Thread 0x000000000226a000 Uncommon trap: reason=unstable_if action=reinterpret pc=0x0000000002a6c548 method=java.util.zip.ZipFile$ZipEntryIterator.hasNext()Z @ 25
Event: 3.752 Thread 0x000000000226a000 Uncommon trap: reason=unstable_if action=reinterpret pc=0x0000000002a75c30 method=java.util.zip.ZipCoder.decoder()Ljava/nio/charset/CharsetDecoder; @ 4
Event: 3.931 Thread 0x000000000226a000 Uncommon trap: reason=unstable_if action=reinterpret pc=0x0000000002a780f0 method=java.util.zip.ZipCoder.decoder()Ljava/nio/charset/CharsetDecoder; @ 4
Event: 3.932 Thread 0x000000000226a000 Uncommon trap: reason=unstable_if action=reinterpret pc=0x0000000002a6a1c4 method=java.util.zip.ZipCoder.decoder()Ljava/nio/charset/CharsetDecoder; @ 4
Event: 3.933 Thread 0x000000000226a000 Uncommon trap: reason=unstable_if action=reinterpret pc=0x0000000002a68d58 method=java.util.zip.ZipCoder.decoder()Ljava/nio/charset/CharsetDecoder; @ 4
Event: 3.942 Thread 0x000000000226a000 Uncommon trap: reason=unstable_if action=reinterpret pc=0x0000000002a79e84 method=java.util.HashMap$HashIterator.hasNext()Z @ 4
Event: 5.471 Thread 0x000000000226a000 Uncommon trap: reason=unloaded action=reinterpret pc=0x0000000002a6afec method=java.util.zip.ZipEntry.setExtra0([BZ)V @ 37
Event: 5.757 Thread 0x000000000226a000 Uncommon trap: reason=unstable_if action=reinterpret pc=0x0000000002a32b9c method=java.lang.String.<init>([CII)V @ 18
Event: 5.814 Thread 0x000000000226a000 Uncommon trap: reason=unstable_if action=reinterpret pc=0x0000000002b124cc method=org.objectweb.asm.ClassReader.a(II[C)Ljava/lang/String; @ 77
Event: 5.925 Thread 0x000000000226a000 Uncommon trap: reason=unstable_if action=reinterpret pc=0x0000000002b6a1b8 method=org.objectweb.asm.Item.a(Lorg/objectweb/asm/Item;)Z @ 345

Classes redefined (0 events):
No events

Internal exceptions (10 events):
Event: 5.064 Thread 0x000000000226a000 Exception <a 'sun/nio/fs/WindowsException'> (0x00000000ff149a18) thrown at [D:\src\AOSP-openjdk-cygwin\jdk8u\hotspot\src\share\vm\prims\jni.cpp, line 709]
Event: 5.065 Thread 0x000000000226a000 Exception <a 'sun/nio/fs/WindowsException'> (0x00000000ff149fe8) thrown at [D:\src\AOSP-openjdk-cygwin\jdk8u\hotspot\src\share\vm\prims\jni.cpp, line 709]
Event: 5.065 Thread 0x000000000226a000 Exception <a 'sun/nio/fs/WindowsException'> (0x00000000ff14a7a8) thrown at [D:\src\AOSP-openjdk-cygwin\jdk8u\hotspot\src\share\vm\prims\jni.cpp, line 709]
Event: 5.065 Thread 0x000000000226a000 Exception <a 'sun/nio/fs/WindowsException'> (0x00000000ff14ad50) thrown at [D:\src\AOSP-openjdk-cygwin\jdk8u\hotspot\src\share\vm\prims\jni.cpp, line 709]
Event: 5.065 Thread 0x000000000226a000 Exception <a 'sun/nio/fs/WindowsException'> (0x00000000ff14b500) thrown at [D:\src\AOSP-openjdk-cygwin\jdk8u\hotspot\src\share\vm\prims\jni.cpp, line 709]
Event: 5.079 Thread 0x000000000226a000 Exception <a 'sun/nio/fs/WindowsException'> (0x00000000ff150880) thrown at [D:\src\AOSP-openjdk-cygwin\jdk8u\hotspot\src\share\vm\prims\jni.cpp, line 709]
Event: 5.516 Thread 0x000000000226a000 Exception <a 'sun/nio/fs/WindowsException'> (0x00000000ff58e0b8) thrown at [D:\src\AOSP-openjdk-cygwin\jdk8u\hotspot\src\share\vm\prims\jni.cpp, line 709]
Event: 5.516 Thread 0x000000000226a000 Exception <a 'sun/nio/fs/WindowsException'> (0x00000000ff58e660) thrown at [D:\src\AOSP-openjdk-cygwin\jdk8u\hotspot\src\share\vm\prims\jni.cpp, line 709]
Event: 5.983 Thread 0x000000000226a000 Exception <a 'sun/nio/fs/WindowsException'> (0x00000000ffac00a8) thrown at [D:\src\AOSP-openjdk-cygwin\jdk8u\hotspot\src\share\vm\prims\jni.cpp, line 709]
Event: 5.983 Thread 0x000000000226a000 Exception <a 'sun/nio/fs/WindowsException'> (0x00000000ffac05d0) thrown at [D:\src\AOSP-openjdk-cygwin\jdk8u\hotspot\src\share\vm\prims\jni.cpp, line 709]

Events (10 events):
Event: 5.757 Thread 0x000000000226a000 DEOPT PACKING pc=0x0000000002a32b9c sp=0x000000000259ebb0
Event: 5.757 Thread 0x000000000226a000 DEOPT UNPACKING pc=0x00000000028b556a sp=0x000000000259eb78 mode 2
Event: 5.814 Thread 0x000000000226a000 Uncommon trap: trap_request=0xffffff65 fr.pc=0x0000000002b124cc
Event: 5.814 Thread 0x000000000226a000 DEOPT PACKING pc=0x0000000002b124cc sp=0x000000000259e9e0
Event: 5.814 Thread 0x000000000226a000 DEOPT UNPACKING pc=0x00000000028b556a sp=0x000000000259e910 mode 2
Event: 5.925 Thread 0x000000000226a000 Uncommon trap: trap_request=0xffffff65 fr.pc=0x0000000002b6a1b8
Event: 5.925 Thread 0x000000000226a000 DEOPT PACKING pc=0x0000000002b6a1b8 sp=0x000000000259e960
Event: 5.925 Thread 0x000000000226a000 DEOPT UNPACKING pc=0x00000000028b556a sp=0x000000000259e8f8 mode 2
Event: 5.981 loading class java/util/Vector$Itr
Event: 5.981 loading class java/util/Vector$Itr done


Dynamic libraries:
0x000000013f790000 - 0x000000013f7c1000 	D:\Program files\Android\Android Studio\jre\bin\java.exe
0x0000000076de0000 - 0x0000000076f89000 	C:\Windows\SYSTEM32\ntdll.dll
0x0000000076bc0000 - 0x0000000076cdf000 	C:\Windows\system32\kernel32.dll
0x000007fefcc80000 - 0x000007fefccec000 	C:\Windows\system32\KERNELBASE.dll
0x000007fefe5d0000 - 0x000007fefe6ab000 	C:\Windows\system32\ADVAPI32.dll
0x000007fefe050000 - 0x000007fefe0ef000 	C:\Windows\system32\msvcrt.dll
0x000007fefecc0000 - 0x000007fefecdf000 	C:\Windows\SYSTEM32\sechost.dll
0x000007fefe2f0000 - 0x000007fefe41d000 	C:\Windows\system32\RPCRT4.dll
0x0000000076ce0000 - 0x0000000076dda000 	C:\Windows\system32\USER32.dll
0x000007fefcfb0000 - 0x000007fefd017000 	C:\Windows\system32\GDI32.dll
0x000007fefe040000 - 0x000007fefe04e000 	C:\Windows\system32\LPK.dll
0x000007fefe820000 - 0x000007fefe8e9000 	C:\Windows\system32\USP10.dll
0x000007fefb4d0000 - 0x000007fefb6c4000 	C:\Windows\WinSxS\amd64_microsoft.windows.common-controls_6595b64144ccf1df_6.0.7601.17514_none_fa396087175ac9ac\COMCTL32.dll
0x000007fefeb30000 - 0x000007fefeba1000 	C:\Windows\system32\SHLWAPI.dll
0x000007fefebb0000 - 0x000007fefebde000 	C:\Windows\system32\IMM32.DLL
0x000007fefe4c0000 - 0x000007fefe5c9000 	C:\Windows\system32\MSCTF.dll
0x000007fefcb20000 - 0x000007fefcb5c000 	C:\Windows\system32\nvinitx.dll
0x000000006dfe0000 - 0x000000006e0b2000 	D:\Program files\Android\Android Studio\jre\jre\bin\msvcr100.dll
0x000000006ac00000 - 0x000000006b43e000 	D:\Program files\Android\Android Studio\jre\jre\bin\server\jvm.dll
0x000007fef92d0000 - 0x000007fef92d9000 	C:\Windows\system32\WSOCK32.dll
0x000007fefece0000 - 0x000007fefed2d000 	C:\Windows\system32\WS2_32.dll
0x000007fefee30000 - 0x000007fefee38000 	C:\Windows\system32\NSI.dll
0x000007fefab60000 - 0x000007fefab9b000 	C:\Windows\system32\WINMM.dll
0x000007fefbb60000 - 0x000007fefbb6c000 	C:\Windows\system32\VERSION.dll
0x0000000076fa0000 - 0x0000000076fa7000 	C:\Windows\system32\PSAPI.DLL
0x000007fef66b0000 - 0x000007fef66bf000 	D:\Program files\Android\Android Studio\jre\jre\bin\verify.dll
0x000007feec700000 - 0x000007feec729000 	D:\Program files\Android\Android Studio\jre\jre\bin\java.dll
0x000007feecb80000 - 0x000007feecb96000 	D:\Program files\Android\Android Studio\jre\jre\bin\zip.dll
0x000007fefd2b0000 - 0x000007fefe038000 	C:\Windows\system32\SHELL32.dll
0x000007fefd020000 - 0x000007fefd223000 	C:\Windows\system32\ole32.dll
0x000007fefcc00000 - 0x000007fefcc0f000 	C:\Windows\system32\profapi.dll
0x000007fefc3b0000 - 0x000007fefc3c7000 	C:\Windows\system32\CRYPTSP.dll
0x000007fefc0b0000 - 0x000007fefc0f7000 	C:\Windows\system32\rsaenh.dll
0x000007fefcc60000 - 0x000007fefcc7e000 	C:\Windows\system32\USERENV.dll
0x000007fefca10000 - 0x000007fefca1f000 	C:\Windows\system32\CRYPTBASE.dll
0x000007feec6e0000 - 0x000007feec6fa000 	D:\Program files\Android\Android Studio\jre\jre\bin\net.dll
0x000007fefc350000 - 0x000007fefc3a5000 	C:\Windows\system32\mswsock.dll
0x000007fefc340000 - 0x000007fefc347000 	C:\Windows\System32\wship6.dll
0x000007fefa1a0000 - 0x000007fefa1c7000 	C:\Windows\system32\IPHLPAPI.DLL
0x000007fefa190000 - 0x000007fefa19b000 	C:\Windows\system32\WINNSI.DLL
0x000007fef9900000 - 0x000007fef9911000 	C:\Windows\system32\dhcpcsvc6.DLL
0x000007fef98e0000 - 0x000007fef98f8000 	C:\Windows\system32\dhcpcsvc.DLL
0x000007feec6c0000 - 0x000007feec6d1000 	D:\Program files\Android\Android Studio\jre\jre\bin\nio.dll

VM Arguments:
jvm_args: -Djava.awt.headless=true -Xmx64M -Dfile.encoding=windows-1251 -Duser.country=RU -Duser.language=ru -Duser.variant 
java_command: com.google.devtools.build.android.desugar.Desugar --input C:\Users\KING\Desktop\Android\study\3\RecordBook\app\build\intermediates\transforms\stackFramesFixer\debug\28.jar --output C:\Users\KING\Desktop\Android\study\3\RecordBook\app\build\intermediates\transforms\desugar\debug\29.jar --input C:\Users\KING\Desktop\Android\study\3\RecordBook\app\build\intermediates\transforms\stackFramesFixer\debug\17.jar --output C:\Users\KING\Desktop\Android\study\3\RecordBook\app\build\intermediates\transforms\desugar\debug\18.jar --input C:\Users\KING\Desktop\Android\study\3\RecordBook\app\build\intermediates\transforms\stackFramesFixer\debug\22.jar --output C:\Users\KING\Desktop\Android\study\3\RecordBook\app\build\intermediates\transforms\desugar\debug\23.jar --input C:\Users\KING\Desktop\Android\study\3\RecordBook\app\build\intermediates\transforms\stackFramesFixer\debug\14.jar --output C:\Users\KING\Desktop\Android\study\3\RecordBook\app\build\intermediates\transforms\desugar\debug\15.jar --input C:\Users\KING\Desktop\Android\study\3\RecordBook\app\build\intermediates\transforms\stackFramesFixer\debug\27.jar --output C:\Users\KING\Desktop\Android\study\3\RecordBook\app\build\intermediates\transforms\desugar\debug\28.jar --classpath_entry C:\Users\KING\Desktop\Android\study\3\RecordBook\app\build\intermediates\classes\debug --classpath_entry C:\Users\KING\Desktop\Android\study\3\RecordBook\app\build\intermediates\transforms\stackFramesFixer\debug\0.jar --classpath_entry C:\Users\KING\Desktop\Android\study\3\RecordBook\app\build\intermediates\transforms\stackFramesFixer\debug\1.jar --classpath_entry C:\Users\KING\Desktop\Android\study\3\RecordBook\app\build\intermediates\transforms\stackFramesFixer\debug\2.jar --classpath_entry C:\Users\KING\Desktop\Android\study\3\RecordBook\app\build\intermediates\transforms\stackFramesFixer\debug\3.jar --classpath_entry C:\Users\KING\Desktop\Android\study\3\RecordBook\app\build\intermediates\transforms\stackFramesFixer\debug\
java_class_path (initial): C:\Users\KING\AppData\Local\Temp\desugar_deploy.jar7421709963918403138
Launcher Type: SUN_STANDARD

Environment Variables:
PATH=C:\ProgramData\Oracle\Java\javapath;C:\Windows\system32;C:\Windows;C:\Windows\System32\Wbem;C:\Windows\System32\WindowsPowerShell\v1.0\;C:\Program Files (x86)\NVIDIA Corporation\PhysX\Common;C:\Users\KING\.dnx\bin;C:\Program Files\Microsoft DNX\Dnvm\;C:\Program Files\Microsoft SQL Server\130\Tools\Binn\;C:\Program Files (x86)\sbt\\bin;C:\Program Files (x86)\Rational\common;C:\Program Files (x86)\Skype\Phone\;C:\Program Files (x86)\PostgreSQL\9.6\bin;C:\Program Files (x86)\PostgreSQL\9.6\lib;C:\Program Files (x86)\PostgreSQL\9.6\include;C:\Program Files\Microsoft SQL Server\110\Tools\Binn\;C:\Program Files (x86)\Brackets\command;C:\adb;C:\xampp\php;C:\ProgramData\ComposerSetup\bin;C:\Users\KING\AppData\Roaming\Composer\vendor\bin
USERNAME=KING
OS=Windows_NT
PROCESSOR_IDENTIFIER=Intel64 Family 6 Model 42 Stepping 7, GenuineIntel



---------------  S Y S T E M  ---------------

OS: Windows 7 , 64 bit Build 7601 (6.1.7601.18409)

CPU:total 8 (initial active 8) (4 cores per cpu, 2 threads per core) family 6 model 42 stepping 7, cmov, cx8, fxsr, mmx, sse, sse2, sse3, ssse3, sse4.1, sse4.2, popcnt, avx, clmul, ht, tsc, tscinvbit

Memory: 4k page, physical 8298260k(416476k free), swap 12392396k(5548k free)

vm_info: OpenJDK 64-Bit Server VM (25.152-b01) for windows-amd64 JRE (1.8.0_152-release-915-b01), built by "builder" with MS VC++ 10.0 (VS2010)

time: Sun Jul 01 19:50:56 2018
elapsed time: 6 seconds (0d 0h 0m 6s)

