#
# There is insufficient memory for the Java Runtime Environment to continue.
# Native memory allocation (malloc) failed to allocate 32744 bytes for ChunkPool::allocate
# Possible reasons:
#   The system is out of physical RAM or swap space
#   In 32 bit mode, the process size limit was hit
# Possible solutions:
#   Reduce memory load on the system
#   Increase physical memory or swap space
#   Check if swap backing store is full
#   Use 64 bit Java on a 64 bit OS
#   Decrease Java heap size (-Xmx/-Xms)
#   Decrease number of Java threads
#   Decrease Java thread stack sizes (-Xss)
#   Set larger code cache with -XX:ReservedCodeCacheSize=
# This output file may be truncated or incomplete.
#
#  Out of Memory Error (allocation.cpp:273), pid=17228, tid=0x0000000000003eb8
#
# JRE version: OpenJDK Runtime Environment (8.0_152-b01) (build 1.8.0_152-release-915-b01)
# Java VM: OpenJDK 64-Bit Server VM (25.152-b01 mixed mode windows-amd64 compressed oops)
# Failed to write core dump. Minidumps are not enabled by default on client versions of Windows
#

---------------  T H R E A D  ---------------

Current thread (0x00000000533fb000):  JavaThread "C2 CompilerThread0" daemon [_thread_in_native, id=16056, stack(0x0000000055dd0000,0x0000000055ed0000)]

Stack: [0x0000000055dd0000,0x0000000055ed0000]
[error occurred during error reporting (printing stack bounds), id 0xc0000005]

Native frames: (J=compiled Java code, j=interpreted, Vv=VM code, C=native code)


Current CompileTask:
C2:   8498 1061       4       org.objectweb.asm.MethodVisitor::visitLocalVariable (24 bytes)


---------------  P R O C E S S  ---------------

Java Threads: ( => current thread )
  0x0000000054656800 JavaThread "Service Thread" daemon [_thread_blocked, id=16828, stack(0x0000000055ed0000,0x0000000055fd0000)]
  0x00000000545c5000 JavaThread "C1 CompilerThread3" daemon [_thread_blocked, id=9832, stack(0x00000000561d0000,0x00000000562d0000)]
  0x00000000545c4800 JavaThread "C2 CompilerThread2" daemon [_thread_in_native, id=8552, stack(0x0000000055ff0000,0x00000000560f0000)]
  0x00000000545c3800 JavaThread "C2 CompilerThread1" daemon [_thread_in_native, id=15996, stack(0x0000000055c30000,0x0000000055d30000)]
=>0x00000000533fb000 JavaThread "C2 CompilerThread0" daemon [_thread_in_native, id=16056, stack(0x0000000055dd0000,0x0000000055ed0000)]
  0x00000000545b9800 JavaThread "Attach Listener" daemon [_thread_blocked, id=15476, stack(0x00000000559e0000,0x0000000055ae0000)]
  0x00000000545b8000 JavaThread "Signal Dispatcher" daemon [_thread_blocked, id=17164, stack(0x0000000055ae0000,0x0000000055be0000)]
  0x00000000533ef800 JavaThread "Finalizer" daemon [_thread_blocked, id=15720, stack(0x00000000554d0000,0x00000000555d0000)]
  0x00000000533e8000 JavaThread "Reference Handler" daemon [_thread_blocked, id=14964, stack(0x0000000055800000,0x0000000055900000)]
  0x000000000238a000 JavaThread "main" [_thread_in_Java, id=13780, stack(0x00000000026f0000,0x00000000027f0000)]

Other Threads:
  0x00000000533df000 VMThread [stack: 0x0000000055670000,0x0000000055770000] [id=17384]
  0x0000000054671000 WatcherThread [stack: 0x0000000056370000,0x0000000056470000] [id=16820]

VM state:not at safepoint (normal execution)

VM Mutex/Monitor currently owned by a thread: None

Heap:
 PSYoungGen      total 18944K, used 12347K [0x00000000feb00000, 0x0000000100000000, 0x0000000100000000)
  eden space 16384K, 59% used [0x00000000feb00000,0x00000000ff4906d8,0x00000000ffb00000)
  from space 2560K, 99% used [0x00000000ffb00000,0x00000000ffd7e7e0,0x00000000ffd80000)
  to   space 2560K, 0% used [0x00000000ffd80000,0x00000000ffd80000,0x0000000100000000)
 ParOldGen       total 44032K, used 5044K [0x00000000fc000000, 0x00000000feb00000, 0x00000000feb00000)
  object space 44032K, 11% used [0x00000000fc000000,0x00000000fc4ed398,0x00000000feb00000)
 Metaspace       used 7637K, capacity 7832K, committed 7936K, reserved 1056768K
  class space    used 868K, capacity 956K, committed 1024K, reserved 1048576K

Card table byte_map: [0x0000000000380000,0x00000000003b0000] byte_map_base: 0xffffffffffba0000

Marking Bits: (ParMarkBitMap*) 0x0000000062173950
 Begin Bits: [0x0000000012800000, 0x0000000012900000)
 End Bits:   [0x0000000012900000, 0x0000000012a00000)

Polling page: 0x0000000000130000

CodeCache: size=245760Kb used=4138Kb max_used=4138Kb free=241621Kb
 bounds [0x0000000002ac0000, 0x0000000002ed0000, 0x0000000011ac0000]
 total_blobs=1432 nmethods=1100 adapters=245
 compilation: enabled

Compilation events (10 events):
Event: 8.420 Thread 0x00000000545c5000 1103       3       java.util.zip.ZipEntry::setCompressedSize (6 bytes)
Event: 8.420 Thread 0x00000000545c5000 nmethod 1103 0x0000000002ec9990 code [0x0000000002ec9ae0, 0x0000000002ec9c30]
Event: 8.420 Thread 0x00000000545c5000 1104       3       java.util.zip.ZipEntry::setMethod (26 bytes)
Event: 8.420 Thread 0x00000000545c5000 nmethod 1104 0x0000000002ec9c90 code [0x0000000002ec9e00, 0x0000000002eca088]
Event: 8.420 Thread 0x00000000545c5000 1105       3       java.util.zip.ZipOutputStream::putNextEntry (337 bytes)
Event: 8.422 Thread 0x00000000545c5000 nmethod 1105 0x0000000002eca150 code [0x0000000002eca460, 0x0000000002ecbb38]
Event: 8.423 Thread 0x00000000545c5000 1106       3       java.util.zip.ZipOutputStream$XEntry::<init> (15 bytes)
Event: 8.423 Thread 0x00000000545c5000 nmethod 1106 0x0000000002ecc450 code [0x0000000002ecc5a0, 0x0000000002ecc770]
Event: 8.423 Thread 0x00000000545c5000 1107       3       java.util.zip.ZipOutputStream::writeLOC (431 bytes)
Event: 8.425 Thread 0x00000000545c5000 nmethod 1107 0x0000000002ecc810 code [0x0000000002eccbe0, 0x0000000002ece008]

GC Heap History (6 events):
Event: 3.352 GC heap before
{Heap before GC invocations=1 (full 0):
 PSYoungGen      total 18944K, used 16384K [0x00000000feb00000, 0x0000000100000000, 0x0000000100000000)
  eden space 16384K, 100% used [0x00000000feb00000,0x00000000ffb00000,0x00000000ffb00000)
  from space 2560K, 0% used [0x00000000ffd80000,0x00000000ffd80000,0x0000000100000000)
  to   space 2560K, 0% used [0x00000000ffb00000,0x00000000ffb00000,0x00000000ffd80000)
 ParOldGen       total 44032K, used 0K [0x00000000fc000000, 0x00000000feb00000, 0x00000000feb00000)
  object space 44032K, 0% used [0x00000000fc000000,0x00000000fc000000,0x00000000feb00000)
 Metaspace       used 6457K, capacity 6602K, committed 6784K, reserved 1056768K
  class space    used 768K, capacity 823K, committed 896K, reserved 1048576K
Event: 3.459 GC heap after
Heap after GC invocations=1 (full 0):
 PSYoungGen      total 18944K, used 2544K [0x00000000feb00000, 0x0000000100000000, 0x0000000100000000)
  eden space 16384K, 0% used [0x00000000feb00000,0x00000000feb00000,0x00000000ffb00000)
  from space 2560K, 99% used [0x00000000ffb00000,0x00000000ffd7c020,0x00000000ffd80000)
  to   space 2560K, 0% used [0x00000000ffd80000,0x00000000ffd80000,0x0000000100000000)
 ParOldGen       total 44032K, used 1633K [0x00000000fc000000, 0x00000000feb00000, 0x00000000feb00000)
  object space 44032K, 3% used [0x00000000fc000000,0x00000000fc198640,0x00000000feb00000)
 Metaspace       used 6457K, capacity 6602K, committed 6784K, reserved 1056768K
  class space    used 768K, capacity 823K, committed 896K, reserved 1048576K
}
Event: 6.167 GC heap before
{Heap before GC invocations=2 (full 0):
 PSYoungGen      total 18944K, used 18928K [0x00000000feb00000, 0x0000000100000000, 0x0000000100000000)
  eden space 16384K, 100% used [0x00000000feb00000,0x00000000ffb00000,0x00000000ffb00000)
  from space 2560K, 99% used [0x00000000ffb00000,0x00000000ffd7c020,0x00000000ffd80000)
  to   space 2560K, 0% used [0x00000000ffd80000,0x00000000ffd80000,0x0000000100000000)
 ParOldGen       total 44032K, used 1633K [0x00000000fc000000, 0x00000000feb00000, 0x00000000feb00000)
  object space 44032K, 3% used [0x00000000fc000000,0x00000000fc198640,0x00000000feb00000)
 Metaspace       used 7457K, capacity 7640K, committed 7936K, reserved 1056768K
  class space    used 868K, capacity 956K, committed 1024K, reserved 1048576K
Event: 7.026 GC heap after
Heap after GC invocations=2 (full 0):
 PSYoungGen      total 18944K, used 2553K [0x00000000feb00000, 0x0000000100000000, 0x0000000100000000)
  eden space 16384K, 0% used [0x00000000feb00000,0x00000000feb00000,0x00000000ffb00000)
  from space 2560K, 99% used [0x00000000ffd80000,0x00000000ffffe7e0,0x0000000100000000)
  to   space 2560K, 0% used [0x00000000ffb00000,0x00000000ffb00000,0x00000000ffd80000)
 ParOldGen       total 44032K, used 4884K [0x00000000fc000000, 0x00000000feb00000, 0x00000000feb00000)
  object space 44032K, 11% used [0x00000000fc000000,0x00000000fc4c5398,0x00000000feb00000)
 Metaspace       used 7457K, capacity 7640K, committed 7936K, reserved 1056768K
  class space    used 868K, capacity 956K, committed 1024K, reserved 1048576K
}
Event: 7.219 GC heap before
{Heap before GC invocations=3 (full 0):
 PSYoungGen      total 18944K, used 18937K [0x00000000feb00000, 0x0000000100000000, 0x0000000100000000)
  eden space 16384K, 100% used [0x00000000feb00000,0x00000000ffb00000,0x00000000ffb00000)
  from space 2560K, 99% used [0x00000000ffd80000,0x00000000ffffe7e0,0x0000000100000000)
  to   space 2560K, 0% used [0x00000000ffb00000,0x00000000ffb00000,0x00000000ffd80000)
 ParOldGen       total 44032K, used 4884K [0x00000000fc000000, 0x00000000feb00000, 0x00000000feb00000)
  object space 44032K, 11% used [0x00000000fc000000,0x00000000fc4c5398,0x00000000feb00000)
 Metaspace       used 7557K, capacity 7704K, committed 7936K, reserved 1056768K
  class space    used 868K, capacity 956K, committed 1024K, reserved 1048576K
Event: 7.522 GC heap after
Heap after GC invocations=3 (full 0):
 PSYoungGen      total 18944K, used 2553K [0x00000000feb00000, 0x0000000100000000, 0x0000000100000000)
  eden space 16384K, 0% used [0x00000000feb00000,0x00000000feb00000,0x00000000ffb00000)
  from space 2560K, 99% used [0x00000000ffb00000,0x00000000ffd7e7e0,0x00000000ffd80000)
  to   space 2560K, 0% used [0x00000000ffd80000,0x00000000ffd80000,0x0000000100000000)
 ParOldGen       total 44032K, used 5044K [0x00000000fc000000, 0x00000000feb00000, 0x00000000feb00000)
  object space 44032K, 11% used [0x00000000fc000000,0x00000000fc4ed398,0x00000000feb00000)
 Metaspace       used 7557K, capacity 7704K, committed 7936K, reserved 1056768K
  class space    used 868K, capacity 956K, committed 1024K, reserved 1048576K
}

Deoptimization events (10 events):
Event: 3.521 Thread 0x000000000238a000 Uncommon trap: reason=unstable_if action=reinterpret pc=0x0000000002cbbf4c method=java.util.zip.ZipCoder.decoder()Ljava/nio/charset/CharsetDecoder; @ 4
Event: 4.546 Thread 0x000000000238a000 Uncommon trap: reason=unloaded action=reinterpret pc=0x0000000002cb14b4 method=java.util.zip.ZipEntry.setExtra0([BZ)V @ 37
Event: 5.814 Thread 0x000000000238a000 Uncommon trap: reason=unstable_if action=reinterpret pc=0x0000000002c86a5c method=java.lang.String.<init>([CII)V @ 18
Event: 6.041 Thread 0x000000000238a000 Uncommon trap: reason=unstable_if action=reinterpret pc=0x0000000002d5e7e0 method=org.objectweb.asm.ClassReader.readUTF8(I[C)Ljava/lang/String; @ 7
Event: 6.156 Thread 0x000000000238a000 Uncommon trap: reason=unstable_if action=reinterpret pc=0x0000000002dc2c34 method=org.objectweb.asm.ClassReader.a(II[C)Ljava/lang/String; @ 77
Event: 6.157 Thread 0x000000000238a000 Uncommon trap: reason=unstable_if action=reinterpret pc=0x0000000002dcc5d8 method=org.objectweb.asm.ByteVector.putUTF8(Ljava/lang/String;)Lorg/objectweb/asm/ByteVector; @ 98
Event: 6.166 Thread 0x000000000238a000 Uncommon trap: reason=unstable_if action=reinterpret pc=0x0000000002da6abc method=org.objectweb.asm.Item.a(Lorg/objectweb/asm/Item;)Z @ 345
Event: 7.142 Thread 0x000000000238a000 Uncommon trap: reason=unstable_if action=reinterpret pc=0x0000000002dd38b8 method=org.objectweb.asm.Type.getArgumentsAndReturnSizes(Ljava/lang/String;)I @ 118
Event: 8.388 Thread 0x000000000238a000 Uncommon trap: reason=null_check action=make_not_entrant pc=0x0000000002eae98c method=com.google.devtools.build.android.desugar.InterfaceDesugaring$InterfaceInvocationRewriter.visitMethodInsn(ILjava/lang/String;Ljava/lang/String;Ljava/lang/String;Z)V @ 10
Event: 8.388 Thread 0x000000000238a000 Uncommon trap: reason=null_check action=make_not_entrant pc=0x0000000002e9dbc4 method=com.google.devtools.build.android.desugar.InterfaceDesugaring$InterfaceInvocationRewriter.visitMethodInsn(ILjava/lang/String;Ljava/lang/String;Ljava/lang/String;Z)V @ 10

Classes redefined (0 events):
No events

Internal exceptions (10 events):
Event: 3.943 Thread 0x000000000238a000 Exception <a 'sun/nio/fs/WindowsException'> (0x00000000ff12c138) thrown at [D:\src\AOSP-openjdk-cygwin\jdk8u\hotspot\src\share\vm\prims\jni.cpp, line 709]
Event: 3.959 Thread 0x000000000238a000 Exception <a 'sun/nio/fs/WindowsException'> (0x00000000ff1314b8) thrown at [D:\src\AOSP-openjdk-cygwin\jdk8u\hotspot\src\share\vm\prims\jni.cpp, line 709]
Event: 4.574 Thread 0x000000000238a000 Exception <a 'sun/nio/fs/WindowsException'> (0x00000000ff56c980) thrown at [D:\src\AOSP-openjdk-cygwin\jdk8u\hotspot\src\share\vm\prims\jni.cpp, line 709]
Event: 4.575 Thread 0x000000000238a000 Exception <a 'sun/nio/fs/WindowsException'> (0x00000000ff56cf28) thrown at [D:\src\AOSP-openjdk-cygwin\jdk8u\hotspot\src\share\vm\prims\jni.cpp, line 709]
Event: 5.860 Thread 0x000000000238a000 Exception <a 'sun/nio/fs/WindowsException'> (0x00000000ff7ea4a0) thrown at [D:\src\AOSP-openjdk-cygwin\jdk8u\hotspot\src\share\vm\prims\jni.cpp, line 709]
Event: 5.989 Thread 0x000000000238a000 Exception <a 'sun/nio/fs/WindowsException'> (0x00000000ff7ea9c8) thrown at [D:\src\AOSP-openjdk-cygwin\jdk8u\hotspot\src\share\vm\prims\jni.cpp, line 709]
Event: 7.627 Thread 0x000000000238a000 Exception <a 'sun/nio/fs/WindowsException'> (0x00000000ff37f598) thrown at [D:\src\AOSP-openjdk-cygwin\jdk8u\hotspot\src\share\vm\prims\jni.cpp, line 709]
Event: 7.628 Thread 0x000000000238a000 Exception <a 'sun/nio/fs/WindowsException'> (0x00000000ff37fac0) thrown at [D:\src\AOSP-openjdk-cygwin\jdk8u\hotspot\src\share\vm\prims\jni.cpp, line 709]
Event: 8.388 Thread 0x000000000238a000 Implicit null exception at 0x0000000002eabf05 to 0x0000000002eae969
Event: 8.388 Thread 0x000000000238a000 Implicit null exception at 0x0000000002e9d8da to 0x0000000002e9dba1

Events (10 events):
Event: 7.142 Thread 0x000000000238a000 DEOPT PACKING pc=0x0000000002dd38b8 sp=0x00000000027ee550
Event: 7.142 Thread 0x000000000238a000 DEOPT UNPACKING pc=0x0000000002b0556a sp=0x00000000027ee4e0 mode 2
Event: 7.219 Executing VM operation: ParallelGCFailedAllocation
Event: 7.522 Executing VM operation: ParallelGCFailedAllocation done
Event: 8.388 Thread 0x000000000238a000 Uncommon trap: trap_request=0xfffffff4 fr.pc=0x0000000002eae98c
Event: 8.388 Thread 0x000000000238a000 DEOPT PACKING pc=0x0000000002eae98c sp=0x00000000027ee750
Event: 8.388 Thread 0x000000000238a000 DEOPT UNPACKING pc=0x0000000002b0556a sp=0x00000000027ee6d0 mode 2
Event: 8.388 Thread 0x000000000238a000 Uncommon trap: trap_request=0xfffffff4 fr.pc=0x0000000002e9dbc4
Event: 8.388 Thread 0x000000000238a000 DEOPT PACKING pc=0x0000000002e9dbc4 sp=0x00000000027ee710
Event: 8.388 Thread 0x000000000238a000 DEOPT UNPACKING pc=0x0000000002b0556a sp=0x00000000027ee6c0 mode 2


Dynamic libraries:
0x000000013f370000 - 0x000000013f3a1000 	D:\Program files\Android\Android Studio\jre\bin\java.exe
0x00000000774a0000 - 0x0000000077649000 	C:\Windows\SYSTEM32\ntdll.dll
0x0000000077380000 - 0x000000007749f000 	C:\Windows\system32\kernel32.dll
0x000007fefd550000 - 0x000007fefd5bc000 	C:\Windows\system32\KERNELBASE.dll
0x000007feff5c0000 - 0x000007feff69b000 	C:\Windows\system32\ADVAPI32.dll
0x000007feff6a0000 - 0x000007feff73f000 	C:\Windows\system32\msvcrt.dll
0x000007fefe940000 - 0x000007fefe95f000 	C:\Windows\SYSTEM32\sechost.dll
0x000007fefeb70000 - 0x000007fefec9d000 	C:\Windows\system32\RPCRT4.dll
0x0000000077280000 - 0x000000007737a000 	C:\Windows\system32\USER32.dll
0x000007feff740000 - 0x000007feff7a7000 	C:\Windows\system32\GDI32.dll
0x000007fefdba0000 - 0x000007fefdbae000 	C:\Windows\system32\LPK.dll
0x000007fefdad0000 - 0x000007fefdb99000 	C:\Windows\system32\USP10.dll
0x000007fefbd30000 - 0x000007fefbf24000 	C:\Windows\WinSxS\amd64_microsoft.windows.common-controls_6595b64144ccf1df_6.0.7601.17514_none_fa396087175ac9ac\COMCTL32.dll
0x000007fefd670000 - 0x000007fefd6e1000 	C:\Windows\system32\SHLWAPI.dll
0x000007feff430000 - 0x000007feff45e000 	C:\Windows\system32\IMM32.DLL
0x000007feff460000 - 0x000007feff569000 	C:\Windows\system32\MSCTF.dll
0x000007fefd1e0000 - 0x000007fefd21c000 	C:\Windows\system32\nvinitx.dll
0x0000000060790000 - 0x0000000060862000 	D:\Program files\Android\Android Studio\jre\jre\bin\msvcr100.dll
0x00000000619b0000 - 0x00000000621ee000 	D:\Program files\Android\Android Studio\jre\jre\bin\server\jvm.dll
0x000007feef2e0000 - 0x000007feef2e9000 	C:\Windows\system32\WSOCK32.dll
0x000007feff570000 - 0x000007feff5bd000 	C:\Windows\system32\WS2_32.dll
0x000007feff050000 - 0x000007feff058000 	C:\Windows\system32\NSI.dll
0x000007fefaff0000 - 0x000007fefb02b000 	C:\Windows\system32\WINMM.dll
0x000007fefc250000 - 0x000007fefc25c000 	C:\Windows\system32\VERSION.dll
0x0000000077670000 - 0x0000000077677000 	C:\Windows\system32\PSAPI.DLL
0x000007fefae20000 - 0x000007fefae2f000 	D:\Program files\Android\Android Studio\jre\jre\bin\verify.dll
0x000007fefadf0000 - 0x000007fefae19000 	D:\Program files\Android\Android Studio\jre\jre\bin\java.dll
0x000007feebc00000 - 0x000007feebc16000 	D:\Program files\Android\Android Studio\jre\jre\bin\zip.dll
0x000007fefdbb0000 - 0x000007fefe938000 	C:\Windows\system32\SHELL32.dll
0x000007fefe960000 - 0x000007fefeb63000 	C:\Windows\system32\ole32.dll
0x000007fefd2b0000 - 0x000007fefd2bf000 	C:\Windows\system32\profapi.dll
0x000007fefca70000 - 0x000007fefca87000 	C:\Windows\system32\CRYPTSP.dll
0x000007fefc770000 - 0x000007fefc7b7000 	C:\Windows\system32\rsaenh.dll
0x000007fefd5d0000 - 0x000007fefd5ee000 	C:\Windows\system32\USERENV.dll
0x000007fefd0d0000 - 0x000007fefd0df000 	C:\Windows\system32\CRYPTBASE.dll
0x000007feebbe0000 - 0x000007feebbfa000 	D:\Program files\Android\Android Studio\jre\jre\bin\net.dll
0x000007fefca10000 - 0x000007fefca65000 	C:\Windows\system32\mswsock.dll
0x000007fefca00000 - 0x000007fefca07000 	C:\Windows\System32\wship6.dll
0x000007fefa7d0000 - 0x000007fefa7f7000 	C:\Windows\system32\IPHLPAPI.DLL
0x000007fefa7b0000 - 0x000007fefa7bb000 	C:\Windows\system32\WINNSI.DLL
0x000007fef9f50000 - 0x000007fef9f61000 	C:\Windows\system32\dhcpcsvc6.DLL
0x000007fef9ed0000 - 0x000007fef9ee8000 	C:\Windows\system32\dhcpcsvc.DLL
0x000007feebbc0000 - 0x000007feebbd1000 	D:\Program files\Android\Android Studio\jre\jre\bin\nio.dll

VM Arguments:
jvm_args: -Djava.awt.headless=true -Xmx64M -Dfile.encoding=windows-1251 -Duser.country=RU -Duser.language=ru -Duser.variant 
java_command: com.google.devtools.build.android.desugar.Desugar --input C:\Users\KING\Desktop\Android\study\2\RecordBook\app\build\intermediates\transforms\stackFramesFixer\debug\18.jar --output C:\Users\KING\Desktop\Android\study\2\RecordBook\app\build\intermediates\transforms\desugar\debug\19.jar --input C:\Users\KING\Desktop\Android\study\2\RecordBook\app\build\intermediates\transforms\stackFramesFixer\debug\44.jar --output C:\Users\KING\Desktop\Android\study\2\RecordBook\app\build\intermediates\transforms\desugar\debug\45.jar --input C:\Users\KING\Desktop\Android\study\2\RecordBook\app\build\intermediates\transforms\stackFramesFixer\debug\15.jar --output C:\Users\KING\Desktop\Android\study\2\RecordBook\app\build\intermediates\transforms\desugar\debug\16.jar --input C:\Users\KING\Desktop\Android\study\2\RecordBook\app\build\intermediates\transforms\stackFramesFixer\debug\40.jar --output C:\Users\KING\Desktop\Android\study\2\RecordBook\app\build\intermediates\transforms\desugar\debug\41.jar --classpath_entry C:\Users\KING\Desktop\Android\study\2\RecordBook\app\build\intermediates\classes\debug --classpath_entry C:\Users\KING\Desktop\Android\study\2\RecordBook\app\build\intermediates\transforms\stackFramesFixer\debug\0.jar --classpath_entry C:\Users\KING\Desktop\Android\study\2\RecordBook\app\build\intermediates\transforms\stackFramesFixer\debug\1.jar --classpath_entry C:\Users\KING\Desktop\Android\study\2\RecordBook\app\build\intermediates\transforms\stackFramesFixer\debug\2.jar --classpath_entry C:\Users\KING\Desktop\Android\study\2\RecordBook\app\build\intermediates\transforms\stackFramesFixer\debug\3.jar --classpath_entry C:\Users\KING\Desktop\Android\study\2\RecordBook\app\build\intermediates\transforms\stackFramesFixer\debug\4.jar --classpath_entry C:\Users\KING\Desktop\Android\study\2\RecordBook\app\build\intermediates\transforms\stackFramesFixer\debug\5.jar --classpath_entry C:\Users\KING\Desktop\Android\study\2\RecordBook\app\build\intermediates\transfor
java_class_path (initial): C:\Users\KING\AppData\Local\Temp\desugar_deploy.jar9097227951175999869
Launcher Type: SUN_STANDARD

Environment Variables:
PATH=C:\ProgramData\Oracle\Java\javapath;C:\Windows\system32;C:\Windows;C:\Windows\System32\Wbem;C:\Windows\System32\WindowsPowerShell\v1.0\;C:\Program Files (x86)\NVIDIA Corporation\PhysX\Common;C:\Users\KING\.dnx\bin;C:\Program Files\Microsoft DNX\Dnvm\;C:\Program Files\Microsoft SQL Server\130\Tools\Binn\;C:\Program Files (x86)\sbt\\bin;C:\Program Files (x86)\Rational\common;C:\Program Files (x86)\Skype\Phone\;C:\Program Files (x86)\PostgreSQL\9.6\bin;C:\Program Files (x86)\PostgreSQL\9.6\lib;C:\Program Files (x86)\PostgreSQL\9.6\include;C:\Program Files\Microsoft SQL Server\110\Tools\Binn\;C:\Program Files (x86)\Brackets\command;C:\adb;C:\xampp\php;C:\ProgramData\ComposerSetup\bin;C:\Users\KING\AppData\Roaming\Composer\vendor\bin
USERNAME=KING
OS=Windows_NT
PROCESSOR_IDENTIFIER=Intel64 Family 6 Model 42 Stepping 7, GenuineIntel



---------------  S Y S T E M  ---------------

OS: Windows 7 , 64 bit Build 7601 (6.1.7601.18409)

CPU:total 8 (initial active 8) (4 cores per cpu, 2 threads per core) family 6 model 42 stepping 7, cmov, cx8, fxsr, mmx, sse, sse2, sse3, ssse3, sse4.1, sse4.2, popcnt, avx, clmul, ht, tsc, tscinvbit

Memory: 4k page, physical 8298260k(405332k free), swap 12392396k(4988k free)

vm_info: OpenJDK 64-Bit Server VM (25.152-b01) for windows-amd64 JRE (1.8.0_152-release-915-b01), built by "builder" with MS VC++ 10.0 (VS2010)

time: Fri Jun 29 22:25:01 2018
elapsed time: 8 seconds (0d 0h 0m 8s)

