#
# There is insufficient memory for the Java Runtime Environment to continue.
# Native memory allocation (malloc) failed to allocate 1642272 bytes for Chunk::new
# Possible reasons:
#   The system is out of physical RAM or swap space
#   In 32 bit mode, the process size limit was hit
# Possible solutions:
#   Reduce memory load on the system
#   Increase physical memory or swap space
#   Check if swap backing store is full
#   Use 64 bit Java on a 64 bit OS
#   Decrease Java heap size (-Xmx/-Xms)
#   Decrease number of Java threads
#   Decrease Java thread stack sizes (-Xss)
#   Set larger code cache with -XX:ReservedCodeCacheSize=
# This output file may be truncated or incomplete.
#
#  Out of Memory Error (allocation.cpp:390), pid=12224, tid=0x0000000000003e98
#
# JRE version: OpenJDK Runtime Environment (8.0_152-b01) (build 1.8.0_152-release-915-b01)
# Java VM: OpenJDK 64-Bit Server VM (25.152-b01 mixed mode windows-amd64 compressed oops)
# Failed to write core dump. Minidumps are not enabled by default on client versions of Windows
#

---------------  T H R E A D  ---------------

Current thread (0x00000000545b9000):  JavaThread "C2 CompilerThread2" daemon [_thread_in_native, id=16024, stack(0x0000000055fd0000,0x00000000560d0000)]

Stack: [0x0000000055fd0000,0x00000000560d0000]
[error occurred during error reporting (printing stack bounds), id 0xc0000005]

Native frames: (J=compiled Java code, j=interpreted, Vv=VM code, C=native code)


Current CompileTask:
C2:   8456  797 %     4       org.objectweb.asm.ClassReader::a @ 74 (3587 bytes)


---------------  P R O C E S S  ---------------

Java Threads: ( => current thread )
  0x0000000054633000 JavaThread "Service Thread" daemon [_thread_blocked, id=16832, stack(0x00000000561d0000,0x00000000562d0000)]
  0x00000000545ba000 JavaThread "C1 CompilerThread3" daemon [_thread_blocked, id=10628, stack(0x0000000055d50000,0x0000000055e50000)]
=>0x00000000545b9000 JavaThread "C2 CompilerThread2" daemon [_thread_in_native, id=16024, stack(0x0000000055fd0000,0x00000000560d0000)]
  0x00000000533ed000 JavaThread "C2 CompilerThread1" daemon [_thread_blocked, id=10332, stack(0x0000000055e80000,0x0000000055f80000)]
  0x00000000533e9000 JavaThread "C2 CompilerThread0" daemon [_thread_blocked, id=16048, stack(0x0000000055bd0000,0x0000000055cd0000)]
  0x00000000545a7800 JavaThread "Attach Listener" daemon [_thread_blocked, id=13180, stack(0x0000000055ab0000,0x0000000055bb0000)]
  0x00000000545af800 JavaThread "Signal Dispatcher" daemon [_thread_blocked, id=15956, stack(0x00000000555f0000,0x00000000556f0000)]
  0x00000000533df800 JavaThread "Finalizer" daemon [_thread_blocked, id=14388, stack(0x0000000055880000,0x0000000055980000)]
  0x00000000533d8000 JavaThread "Reference Handler" daemon [_thread_blocked, id=15932, stack(0x0000000055710000,0x0000000055810000)]
  0x000000000236a000 JavaThread "main" [_thread_blocked, id=11616, stack(0x0000000002760000,0x0000000002860000)]

Other Threads:
  0x00000000533cf000 VMThread [stack: 0x00000000554c0000,0x00000000555c0000] [id=12728]
  0x0000000054635800 WatcherThread [stack: 0x0000000056410000,0x0000000056510000] [id=16840]

VM state:at safepoint (normal execution)

VM Mutex/Monitor currently owned by a thread:  ([mutex/lock_event])
[0x0000000002368880] Threads_lock - owner thread: 0x00000000533cf000
[0x0000000002368d80] Heap_lock - owner thread: 0x000000000236a000

Heap:
 PSYoungGen      total 18944K, used 18938K [0x00000000feb00000, 0x0000000100000000, 0x0000000100000000)
  eden space 16384K, 100% used [0x00000000feb00000,0x00000000ffb00000,0x00000000ffb00000)
  from space 2560K, 99% used [0x00000000ffd80000,0x00000000ffffe800,0x0000000100000000)
  to   space 2560K, 99% used [0x00000000ffb00000,0x00000000ffd7a7f0,0x00000000ffd80000)
 ParOldGen       total 44032K, used 5036K [0x00000000fc000000, 0x00000000feb00000, 0x00000000feb00000)
  object space 44032K, 11% used [0x00000000fc000000,0x00000000fc4eb150,0x00000000feb00000)
 Metaspace       used 7526K, capacity 7708K, committed 7936K, reserved 1056768K
  class space    used 868K, capacity 956K, committed 1024K, reserved 1048576K

Card table byte_map: [0x0000000000360000,0x0000000000390000] byte_map_base: 0xffffffffffb80000

Marking Bits: (ParMarkBitMap*) 0x0000000062173950
 Begin Bits: [0x00000000127f0000, 0x00000000128f0000)
 End Bits:   [0x00000000128f0000, 0x00000000129f0000)

Polling page: 0x0000000000330000

CodeCache: size=245760Kb used=3831Kb max_used=3843Kb free=241928Kb
 bounds [0x0000000002b30000, 0x0000000002f00000, 0x0000000011b30000]
 total_blobs=1318 nmethods=987 adapters=245
 compilation: enabled

Compilation events (10 events):
Event: 8.109 Thread 0x00000000533e9000  972       4       org.objectweb.asm.tree.MethodNode::visitLocalVariable (35 bytes)
Event: 8.123 Thread 0x00000000533e9000 nmethod 972 0x0000000002ee65d0 code [0x0000000002ee6760, 0x0000000002ee6ec8]
Event: 8.123 Thread 0x00000000533e9000  975       4       org.objectweb.asm.tree.MethodInsnNode::accept (30 bytes)
Event: 8.174 Thread 0x00000000533ed000 nmethod 950 0x0000000002ee7590 code [0x0000000002ee78a0, 0x0000000002ee9ae8]
Event: 8.331 Thread 0x00000000533e9000 nmethod 975 0x0000000002ef0610 code [0x0000000002ef09a0, 0x0000000002ef3738]
Event: 8.381 Thread 0x00000000545ba000  988       3       org.objectweb.asm.AnnotationWriter::<init> (34 bytes)
Event: 8.381 Thread 0x00000000545ba000 nmethod 988 0x0000000002edb650 code [0x0000000002edb7c0, 0x0000000002edba48]
Event: 8.382 Thread 0x00000000533ed000  989       4       org.objectweb.asm.tree.MethodInsnNode::accept (30 bytes)
Event: 8.383 Thread 0x00000000545ba000  990       3       org.objectweb.asm.MethodVisitor::visitParameterAnnotation (20 bytes)
Event: 8.383 Thread 0x00000000545ba000 nmethod 990 0x0000000002edb190 code [0x0000000002edb300, 0x0000000002edb568]

GC Heap History (5 events):
Event: 3.448 GC heap before
{Heap before GC invocations=1 (full 0):
 PSYoungGen      total 18944K, used 16384K [0x00000000feb00000, 0x0000000100000000, 0x0000000100000000)
  eden space 16384K, 100% used [0x00000000feb00000,0x00000000ffb00000,0x00000000ffb00000)
  from space 2560K, 0% used [0x00000000ffd80000,0x00000000ffd80000,0x0000000100000000)
  to   space 2560K, 0% used [0x00000000ffb00000,0x00000000ffb00000,0x00000000ffd80000)
 ParOldGen       total 44032K, used 0K [0x00000000fc000000, 0x00000000feb00000, 0x00000000feb00000)
  object space 44032K, 0% used [0x00000000fc000000,0x00000000fc000000,0x00000000feb00000)
 Metaspace       used 6478K, capacity 6670K, committed 6784K, reserved 1056768K
  class space    used 768K, capacity 823K, committed 896K, reserved 1048576K
Event: 3.460 GC heap after
Heap after GC invocations=1 (full 0):
 PSYoungGen      total 18944K, used 2544K [0x00000000feb00000, 0x0000000100000000, 0x0000000100000000)
  eden space 16384K, 0% used [0x00000000feb00000,0x00000000feb00000,0x00000000ffb00000)
  from space 2560K, 99% used [0x00000000ffb00000,0x00000000ffd7c020,0x00000000ffd80000)
  to   space 2560K, 0% used [0x00000000ffd80000,0x00000000ffd80000,0x0000000100000000)
 ParOldGen       total 44032K, used 1665K [0x00000000fc000000, 0x00000000feb00000, 0x00000000feb00000)
  object space 44032K, 3% used [0x00000000fc000000,0x00000000fc1a0448,0x00000000feb00000)
 Metaspace       used 6478K, capacity 6670K, committed 6784K, reserved 1056768K
  class space    used 768K, capacity 823K, committed 896K, reserved 1048576K
}
Event: 6.192 GC heap before
{Heap before GC invocations=2 (full 0):
 PSYoungGen      total 18944K, used 18928K [0x00000000feb00000, 0x0000000100000000, 0x0000000100000000)
  eden space 16384K, 100% used [0x00000000feb00000,0x00000000ffb00000,0x00000000ffb00000)
  from space 2560K, 99% used [0x00000000ffb00000,0x00000000ffd7c020,0x00000000ffd80000)
  to   space 2560K, 0% used [0x00000000ffd80000,0x00000000ffd80000,0x0000000100000000)
 ParOldGen       total 44032K, used 1665K [0x00000000fc000000, 0x00000000feb00000, 0x00000000feb00000)
  object space 44032K, 3% used [0x00000000fc000000,0x00000000fc1a0448,0x00000000feb00000)
 Metaspace       used 7442K, capacity 7644K, committed 7936K, reserved 1056768K
  class space    used 868K, capacity 956K, committed 1024K, reserved 1048576K
Event: 7.426 GC heap after
Heap after GC invocations=2 (full 0):
 PSYoungGen      total 18944K, used 2554K [0x00000000feb00000, 0x0000000100000000, 0x0000000100000000)
  eden space 16384K, 0% used [0x00000000feb00000,0x00000000feb00000,0x00000000ffb00000)
  from space 2560K, 99% used [0x00000000ffd80000,0x00000000ffffe800,0x0000000100000000)
  to   space 2560K, 0% used [0x00000000ffb00000,0x00000000ffb00000,0x00000000ffd80000)
 ParOldGen       total 44032K, used 4932K [0x00000000fc000000, 0x00000000feb00000, 0x00000000feb00000)
  object space 44032K, 11% used [0x00000000fc000000,0x00000000fc4d1150,0x00000000feb00000)
 Metaspace       used 7442K, capacity 7644K, committed 7936K, reserved 1056768K
  class space    used 868K, capacity 956K, committed 1024K, reserved 1048576K
}
Event: 8.389 GC heap before
{Heap before GC invocations=3 (full 0):
 PSYoungGen      total 18944K, used 18938K [0x00000000feb00000, 0x0000000100000000, 0x0000000100000000)
  eden space 16384K, 100% used [0x00000000feb00000,0x00000000ffb00000,0x00000000ffb00000)
  from space 2560K, 99% used [0x00000000ffd80000,0x00000000ffffe800,0x0000000100000000)
  to   space 2560K, 0% used [0x00000000ffb00000,0x00000000ffb00000,0x00000000ffd80000)
 ParOldGen       total 44032K, used 4932K [0x00000000fc000000, 0x00000000feb00000, 0x00000000feb00000)
  object space 44032K, 11% used [0x00000000fc000000,0x00000000fc4d1150,0x00000000feb00000)
 Metaspace       used 7526K, capacity 7708K, committed 7936K, reserved 1056768K
  class space    used 868K, capacity 956K, committed 1024K, reserved 1048576K

Deoptimization events (10 events):
Event: 3.384 Thread 0x000000000236a000 Uncommon trap: reason=unstable_if action=reinterpret pc=0x0000000002d28aa8 method=java.util.zip.ZipCoder.decoder()Ljava/nio/charset/CharsetDecoder; @ 4
Event: 3.557 Thread 0x000000000236a000 Uncommon trap: reason=unstable_if action=reinterpret pc=0x0000000002d3d004 method=java.util.HashMap$HashIterator.hasNext()Z @ 4
Event: 3.586 Thread 0x000000000236a000 Uncommon trap: reason=unstable_if action=reinterpret pc=0x0000000002d38bfc method=java.util.zip.ZipFile.getZipEntry(Ljava/lang/String;J)Ljava/util/zip/ZipEntry; @ 19
Event: 4.472 Thread 0x000000000236a000 Uncommon trap: reason=unloaded action=reinterpret pc=0x0000000002d31bb4 method=java.util.zip.ZipEntry.setExtra0([BZ)V @ 37
Event: 4.728 Thread 0x000000000236a000 Uncommon trap: reason=unstable_if action=reinterpret pc=0x0000000002cfdb9c method=java.lang.String.<init>([CII)V @ 18
Event: 6.163 Thread 0x000000000236a000 Uncommon trap: reason=unstable_if action=reinterpret pc=0x0000000002e11460 method=org.objectweb.asm.MethodWriter.visitVarInsn(II)V @ 130
Event: 6.179 Thread 0x000000000236a000 Uncommon trap: reason=unstable_if action=reinterpret pc=0x0000000002dfcef0 method=org.objectweb.asm.Item.a(Lorg/objectweb/asm/Item;)Z @ 345
Event: 8.043 Thread 0x000000000236a000 Uncommon trap: reason=unstable_if action=reinterpret pc=0x0000000002e9515c method=org.objectweb.asm.tree.MethodNode.getLabelNodes([Ljava/lang/Object;)[Ljava/lang/Object; @ 24
Event: 8.084 Thread 0x000000000236a000 Uncommon trap: reason=unstable_if action=reinterpret pc=0x0000000002e6b298 method=java.io.BufferedOutputStream.write(I)V @ 9
Event: 8.378 Thread 0x000000000236a000 Uncommon trap: reason=null_check action=make_not_entrant pc=0x0000000002ef3428 method=com.google.devtools.build.android.desugar.InterfaceDesugaring$InterfaceInvocationRewriter.visitMethodInsn(ILjava/lang/String;Ljava/lang/String;Ljava/lang/String;Z)V @ 10

Classes redefined (0 events):
No events

Internal exceptions (10 events):
Event: 3.931 Thread 0x000000000236a000 Exception <a 'sun/nio/fs/WindowsException'> (0x00000000ff12b128) thrown at [D:\src\AOSP-openjdk-cygwin\jdk8u\hotspot\src\share\vm\prims\jni.cpp, line 709]
Event: 3.931 Thread 0x000000000236a000 Exception <a 'sun/nio/fs/WindowsException'> (0x00000000ff12b8d8) thrown at [D:\src\AOSP-openjdk-cygwin\jdk8u\hotspot\src\share\vm\prims\jni.cpp, line 709]
Event: 3.949 Thread 0x000000000236a000 Exception <a 'sun/nio/fs/WindowsException'> (0x00000000ff130c58) thrown at [D:\src\AOSP-openjdk-cygwin\jdk8u\hotspot\src\share\vm\prims\jni.cpp, line 709]
Event: 4.523 Thread 0x000000000236a000 Exception <a 'sun/nio/fs/WindowsException'> (0x00000000ff56d4c0) thrown at [D:\src\AOSP-openjdk-cygwin\jdk8u\hotspot\src\share\vm\prims\jni.cpp, line 709]
Event: 4.524 Thread 0x000000000236a000 Exception <a 'sun/nio/fs/WindowsException'> (0x00000000ff56da68) thrown at [D:\src\AOSP-openjdk-cygwin\jdk8u\hotspot\src\share\vm\prims\jni.cpp, line 709]
Event: 6.131 Thread 0x000000000236a000 Exception <a 'sun/nio/fs/WindowsException'> (0x00000000ff956e58) thrown at [D:\src\AOSP-openjdk-cygwin\jdk8u\hotspot\src\share\vm\prims\jni.cpp, line 709]
Event: 6.131 Thread 0x000000000236a000 Exception <a 'sun/nio/fs/WindowsException'> (0x00000000ff957380) thrown at [D:\src\AOSP-openjdk-cygwin\jdk8u\hotspot\src\share\vm\prims\jni.cpp, line 709]
Event: 8.088 Thread 0x000000000236a000 Exception <a 'sun/nio/fs/WindowsException'> (0x00000000ffa924a0) thrown at [D:\src\AOSP-openjdk-cygwin\jdk8u\hotspot\src\share\vm\prims\jni.cpp, line 709]
Event: 8.089 Thread 0x000000000236a000 Exception <a 'sun/nio/fs/WindowsException'> (0x00000000ffa929c8) thrown at [D:\src\AOSP-openjdk-cygwin\jdk8u\hotspot\src\share\vm\prims\jni.cpp, line 709]
Event: 8.378 Thread 0x000000000236a000 Implicit null exception at 0x0000000002ef0a26 to 0x0000000002ef3405

Events (10 events):
Event: 8.043 Thread 0x000000000236a000 DEOPT UNPACKING pc=0x0000000002b7556a sp=0x000000000285ea10 mode 2
Event: 8.081 Thread 0x000000000236a000 Uncommon trap: trap_request=0xffffff65 fr.pc=0x0000000002e6b298
Event: 8.082 Executing VM operation: RevokeBias
Event: 8.082 Executing VM operation: RevokeBias done
Event: 8.084 Thread 0x000000000236a000 DEOPT PACKING pc=0x0000000002e6b298 sp=0x000000000285f180
Event: 8.084 Thread 0x000000000236a000 DEOPT UNPACKING pc=0x0000000002b7556a sp=0x000000000285f130 mode 2
Event: 8.378 Thread 0x000000000236a000 Uncommon trap: trap_request=0xfffffff4 fr.pc=0x0000000002ef3428
Event: 8.378 Thread 0x000000000236a000 DEOPT PACKING pc=0x0000000002ef3428 sp=0x000000000285eca0
Event: 8.378 Thread 0x000000000236a000 DEOPT UNPACKING pc=0x0000000002b7556a sp=0x000000000285ec20 mode 2
Event: 8.389 Executing VM operation: ParallelGCFailedAllocation


Dynamic libraries:
0x000000013f370000 - 0x000000013f3a1000 	D:\Program files\Android\Android Studio\jre\bin\java.exe
0x00000000774a0000 - 0x0000000077649000 	C:\Windows\SYSTEM32\ntdll.dll
0x0000000077380000 - 0x000000007749f000 	C:\Windows\system32\kernel32.dll
0x000007fefd550000 - 0x000007fefd5bc000 	C:\Windows\system32\KERNELBASE.dll
0x000007feff5c0000 - 0x000007feff69b000 	C:\Windows\system32\ADVAPI32.dll
0x000007feff6a0000 - 0x000007feff73f000 	C:\Windows\system32\msvcrt.dll
0x000007fefe940000 - 0x000007fefe95f000 	C:\Windows\SYSTEM32\sechost.dll
0x000007fefeb70000 - 0x000007fefec9d000 	C:\Windows\system32\RPCRT4.dll
0x0000000077280000 - 0x000000007737a000 	C:\Windows\system32\USER32.dll
0x000007feff740000 - 0x000007feff7a7000 	C:\Windows\system32\GDI32.dll
0x000007fefdba0000 - 0x000007fefdbae000 	C:\Windows\system32\LPK.dll
0x000007fefdad0000 - 0x000007fefdb99000 	C:\Windows\system32\USP10.dll
0x000007fefbd30000 - 0x000007fefbf24000 	C:\Windows\WinSxS\amd64_microsoft.windows.common-controls_6595b64144ccf1df_6.0.7601.17514_none_fa396087175ac9ac\COMCTL32.dll
0x000007fefd670000 - 0x000007fefd6e1000 	C:\Windows\system32\SHLWAPI.dll
0x000007feff430000 - 0x000007feff45e000 	C:\Windows\system32\IMM32.DLL
0x000007feff460000 - 0x000007feff569000 	C:\Windows\system32\MSCTF.dll
0x000007fefd1e0000 - 0x000007fefd21c000 	C:\Windows\system32\nvinitx.dll
0x0000000060790000 - 0x0000000060862000 	D:\Program files\Android\Android Studio\jre\jre\bin\msvcr100.dll
0x00000000619b0000 - 0x00000000621ee000 	D:\Program files\Android\Android Studio\jre\jre\bin\server\jvm.dll
0x000007feef2e0000 - 0x000007feef2e9000 	C:\Windows\system32\WSOCK32.dll
0x000007feff570000 - 0x000007feff5bd000 	C:\Windows\system32\WS2_32.dll
0x000007feff050000 - 0x000007feff058000 	C:\Windows\system32\NSI.dll
0x000007fefaff0000 - 0x000007fefb02b000 	C:\Windows\system32\WINMM.dll
0x000007fefc250000 - 0x000007fefc25c000 	C:\Windows\system32\VERSION.dll
0x0000000077670000 - 0x0000000077677000 	C:\Windows\system32\PSAPI.DLL
0x000007fefae20000 - 0x000007fefae2f000 	D:\Program files\Android\Android Studio\jre\jre\bin\verify.dll
0x000007fefadf0000 - 0x000007fefae19000 	D:\Program files\Android\Android Studio\jre\jre\bin\java.dll
0x000007feebc00000 - 0x000007feebc16000 	D:\Program files\Android\Android Studio\jre\jre\bin\zip.dll
0x000007fefdbb0000 - 0x000007fefe938000 	C:\Windows\system32\SHELL32.dll
0x000007fefe960000 - 0x000007fefeb63000 	C:\Windows\system32\ole32.dll
0x000007fefd2b0000 - 0x000007fefd2bf000 	C:\Windows\system32\profapi.dll
0x000007fefca70000 - 0x000007fefca87000 	C:\Windows\system32\CRYPTSP.dll
0x000007fefc770000 - 0x000007fefc7b7000 	C:\Windows\system32\rsaenh.dll
0x000007fefd5d0000 - 0x000007fefd5ee000 	C:\Windows\system32\USERENV.dll
0x000007fefd0d0000 - 0x000007fefd0df000 	C:\Windows\system32\CRYPTBASE.dll
0x000007feebbe0000 - 0x000007feebbfa000 	D:\Program files\Android\Android Studio\jre\jre\bin\net.dll
0x000007fefca10000 - 0x000007fefca65000 	C:\Windows\system32\mswsock.dll
0x000007fefca00000 - 0x000007fefca07000 	C:\Windows\System32\wship6.dll
0x000007fefa7d0000 - 0x000007fefa7f7000 	C:\Windows\system32\IPHLPAPI.DLL
0x000007fefa7b0000 - 0x000007fefa7bb000 	C:\Windows\system32\WINNSI.DLL
0x000007fef9f50000 - 0x000007fef9f61000 	C:\Windows\system32\dhcpcsvc6.DLL
0x000007fef9ed0000 - 0x000007fef9ee8000 	C:\Windows\system32\dhcpcsvc.DLL
0x000007feebbc0000 - 0x000007feebbd1000 	D:\Program files\Android\Android Studio\jre\jre\bin\nio.dll

VM Arguments:
jvm_args: -Djava.awt.headless=true -Xmx64M -Dfile.encoding=windows-1251 -Duser.country=RU -Duser.language=ru -Duser.variant 
java_command: com.google.devtools.build.android.desugar.Desugar --input C:\Users\KING\Desktop\Android\study\2\RecordBook\app\build\intermediates\transforms\stackFramesFixer\debug\38.jar --output C:\Users\KING\Desktop\Android\study\2\RecordBook\app\build\intermediates\transforms\desugar\debug\39.jar --input C:\Users\KING\Desktop\Android\study\2\RecordBook\app\build\intermediates\transforms\stackFramesFixer\debug\2.jar --output C:\Users\KING\Desktop\Android\study\2\RecordBook\app\build\intermediates\transforms\desugar\debug\3.jar --input C:\Users\KING\Desktop\Android\study\2\RecordBook\app\build\intermediates\transforms\stackFramesFixer\debug\7.jar --output C:\Users\KING\Desktop\Android\study\2\RecordBook\app\build\intermediates\transforms\desugar\debug\8.jar --input C:\Users\KING\Desktop\Android\study\2\RecordBook\app\build\intermediates\transforms\stackFramesFixer\debug\6.jar --output C:\Users\KING\Desktop\Android\study\2\RecordBook\app\build\intermediates\transforms\desugar\debug\7.jar --classpath_entry C:\Users\KING\Desktop\Android\study\2\RecordBook\app\build\intermediates\classes\debug --classpath_entry C:\Users\KING\Desktop\Android\study\2\RecordBook\app\build\intermediates\transforms\stackFramesFixer\debug\0.jar --classpath_entry C:\Users\KING\Desktop\Android\study\2\RecordBook\app\build\intermediates\transforms\stackFramesFixer\debug\1.jar --classpath_entry C:\Users\KING\Desktop\Android\study\2\RecordBook\app\build\intermediates\transforms\stackFramesFixer\debug\2.jar --classpath_entry C:\Users\KING\Desktop\Android\study\2\RecordBook\app\build\intermediates\transforms\stackFramesFixer\debug\3.jar --classpath_entry C:\Users\KING\Desktop\Android\study\2\RecordBook\app\build\intermediates\transforms\stackFramesFixer\debug\4.jar --classpath_entry C:\Users\KING\Desktop\Android\study\2\RecordBook\app\build\intermediates\transforms\stackFramesFixer\debug\5.jar --classpath_entry C:\Users\KING\Desktop\Android\study\2\RecordBook\app\build\intermediates\transforms\sta
java_class_path (initial): C:\Users\KING\AppData\Local\Temp\desugar_deploy.jar9097227951175999869
Launcher Type: SUN_STANDARD

Environment Variables:
PATH=C:\ProgramData\Oracle\Java\javapath;C:\Windows\system32;C:\Windows;C:\Windows\System32\Wbem;C:\Windows\System32\WindowsPowerShell\v1.0\;C:\Program Files (x86)\NVIDIA Corporation\PhysX\Common;C:\Users\KING\.dnx\bin;C:\Program Files\Microsoft DNX\Dnvm\;C:\Program Files\Microsoft SQL Server\130\Tools\Binn\;C:\Program Files (x86)\sbt\\bin;C:\Program Files (x86)\Rational\common;C:\Program Files (x86)\Skype\Phone\;C:\Program Files (x86)\PostgreSQL\9.6\bin;C:\Program Files (x86)\PostgreSQL\9.6\lib;C:\Program Files (x86)\PostgreSQL\9.6\include;C:\Program Files\Microsoft SQL Server\110\Tools\Binn\;C:\Program Files (x86)\Brackets\command;C:\adb;C:\xampp\php;C:\ProgramData\ComposerSetup\bin;C:\Users\KING\AppData\Roaming\Composer\vendor\bin
USERNAME=KING
OS=Windows_NT
PROCESSOR_IDENTIFIER=Intel64 Family 6 Model 42 Stepping 7, GenuineIntel



---------------  S Y S T E M  ---------------

OS: Windows 7 , 64 bit Build 7601 (6.1.7601.18409)

CPU:total 8 (initial active 8) (4 cores per cpu, 2 threads per core) family 6 model 42 stepping 7, cmov, cx8, fxsr, mmx, sse, sse2, sse3, ssse3, sse4.1, sse4.2, popcnt, avx, clmul, ht, tsc, tscinvbit

Memory: 4k page, physical 8298260k(405332k free), swap 12392396k(4988k free)

vm_info: OpenJDK 64-Bit Server VM (25.152-b01) for windows-amd64 JRE (1.8.0_152-release-915-b01), built by "builder" with MS VC++ 10.0 (VS2010)

time: Fri Jun 29 22:25:01 2018
elapsed time: 8 seconds (0d 0h 0m 8s)

