#
# There is insufficient memory for the Java Runtime Environment to continue.
# Native memory allocation (malloc) failed to allocate 32744 bytes for ChunkPool::allocate
# Possible reasons:
#   The system is out of physical RAM or swap space
#   In 32 bit mode, the process size limit was hit
# Possible solutions:
#   Reduce memory load on the system
#   Increase physical memory or swap space
#   Check if swap backing store is full
#   Use 64 bit Java on a 64 bit OS
#   Decrease Java heap size (-Xmx/-Xms)
#   Decrease number of Java threads
#
#  Out of Memory Error
#
# ]]

Other Threads:
  0x00000000535cf000 VMThread [stack: 0x00000000556f0000,0x00000000557f0000] [id=9572]
  0x000000005472a000 WatcherThread [stack: 0x0000000055a60000,0x0000000055b60000] [id=11780]

VM state:not at safepoint (normal execution)

VM Mutex/Monitor currently owned by a thread:  ([mutex/lock_event])
[0x00000000023a9300] MethodData_lock - owner thread: 0x00000000023aa000

Heap:
 PSYoungGen      total 18944K, used 7184K [0x00000000feb00000, 0x0000000100000000, 0x0000000100000000)
  eden space 16384K, 28% used [0x00000000feb00000,0x00000000fef898a0,0x00000000ffb00000)
  from space 2560K, 99% used [0x00000000ffd80000,0x00000000ffffa7f0,0x0000000100000000)
  to   space 2560K, 0% used [0x00000000ffb00000,0x00000000ffb00000,0x00000000ffd80000)
 ParOldGen       total 44032K, used 5156K [0x00000000fc000000, 0x00000000feb00000, 0x00000000feb00000)
  object space 44032K, 11% used [0x00000000fc000000,0x00000000fc509250,0x00000000feb00000)
 Metaspace       used 7493K, capacity 7704K, committed 7936K, reserved 1056768K
  class space    used 867K, capacity 956K, committed 1024K, reserved 1048576K

Card table byte_map: [0x0000000000360000,0x0000000000390000] byte_map_base: 0xffffffffffb80000

Marking Bits: (ParMarkBitMap*) 0x000000006a633950
 Begin Bits: [0x00000000129f0000, 0x0000000012af0000)
 End Bits:   [0x0000000012af0000, 0x0000000012bf0000)

Polling page: 0x0000000000130000

CodeCache: size=245760Kb used=3396Kb max_used=3407Kb free=242363Kb
 bounds [0x00000000029a0000, 0x0000000002d00000, 0x00000000119a0000]
 total_blobs=1225 nmethods=894 adapters=245
 compilation: enabled

Compilation events (10 events):
Event: 11.665 Thread 0x0000000054701800  899       3       org.objectweb.asm.tree.MethodNode::visitFrame (47 bytes)
Event: 11.666 Thread 0x0000000054701800 nmethod 899 0x0000000002cf0310 code [0x0000000002cf04c0, 0x0000000002cf0898]
Event: 11.666 Thread 0x0000000054701800  902       3       org.objectweb.asm.MethodWriter::visitFrame (823 bytes)
Event: 11.671 Thread 0x0000000054701800 nmethod 902 0x0000000002cf1a50 code [0x0000000002cf1f40, 0x0000000002cf4698]
Event: 11.671 Thread 0x0000000054701800  900       3       org.objectweb.asm.tree.FrameNode::<init> (111 bytes)
Event: 11.674 Thread 0x00000000546f9000  903       4       org.objectweb.asm.tree.LabelNode::getLabel (23 bytes)
Event: 11.677 Thread 0x00000000546f9000 nmethod 903 0x0000000002ce7210 code [0x0000000002ce7360, 0x0000000002ce7458]
Event: 11.691 Thread 0x00000000546ee000  910       4       java.util.ArrayList::get (11 bytes)
Event: 11.700 Thread 0x00000000546f9000  913       4       org.objectweb.asm.MethodVisitor::visitMethodInsn (68 bytes)
Event: 11.712 Thread 0x00000000546ee000 nmethod 910 0x0000000002cf5f10 code [0x0000000002cf6040, 0x0000000002cf60f8]

GC Heap History (4 events):
Event: 5.134 GC heap before
{Heap before GC invocations=1 (full 0):
 PSYoungGen      total 18944K, used 16384K [0x00000000feb00000, 0x0000000100000000, 0x0000000100000000)
  eden space 16384K, 100% used [0x00000000feb00000,0x00000000ffb00000,0x00000000ffb00000)
  from space 2560K, 0% used [0x00000000ffd80000,0x00000000ffd80000,0x0000000100000000)
  to   space 2560K, 0% used [0x00000000ffb00000,0x00000000ffb00000,0x00000000ffd80000)
 ParOldGen       total 44032K, used 0K [0x00000000fc000000, 0x00000000feb00000, 0x00000000feb00000)
  object space 44032K, 0% used [0x00000000fc000000,0x00000000fc000000,0x00000000feb00000)
 Metaspace       used 6476K, capacity 6666K, committed 6784K, reserved 1056768K
  class space    used 768K, capacity 823K, committed 896K, reserved 1048576K
Event: 5.217 GC heap after
Heap after GC invocations=1 (full 0):
 PSYoungGen      total 18944K, used 2544K [0x00000000feb00000, 0x0000000100000000, 0x0000000100000000)
  eden space 16384K, 0% used [0x00000000feb00000,0x00000000feb00000,0x00000000ffb00000)
  from space 2560K, 99% used [0x00000000ffb00000,0x00000000ffd7c020,0x00000000ffd80000)
  to   space 2560K, 0% used [0x00000000ffd80000,0x00000000ffd80000,0x0000000100000000)
 ParOldGen       total 44032K, used 1717K [0x00000000fc000000, 0x00000000feb00000, 0x00000000feb00000)
  object space 44032K, 3% used [0x00000000fc000000,0x00000000fc1ad528,0x00000000feb00000)
 Metaspace       used 6476K, capacity 6666K, committed 6784K, reserved 1056768K
  class space    used 768K, capacity 823K, committed 896K, reserved 1048576K
}
Event: 9.218 GC heap before
{Heap before GC invocations=2 (full 0):
 PSYoungGen      total 18944K, used 18928K [0x00000000feb00000, 0x0000000100000000, 0x0000000100000000)
  eden space 16384K, 100% used [0x00000000feb00000,0x00000000ffb00000,0x00000000ffb00000)
  from space 2560K, 99% used [0x00000000ffb00000,0x00000000ffd7c020,0x00000000ffd80000)
  to   space 2560K, 0% used [0x00000000ffd80000,0x00000000ffd80000,0x0000000100000000)
 ParOldGen       total 44032K, used 1717K [0x00000000fc000000, 0x00000000feb00000, 0x00000000feb00000)
  object space 44032K, 3% used [0x00000000fc000000,0x00000000fc1ad528,0x00000000feb00000)
 Metaspace       used 7429K, capacity 7640K, committed 7936K, reserved 1056768K
  class space    used 866K, capacity 956K, committed 1024K, reserved 1048576K
Event: 11.374 GC heap after
Heap after GC invocations=2 (full 0):
 PSYoungGen      total 18944K, used 2537K [0x00000000feb00000, 0x0000000100000000, 0x0000000100000000)
  eden space 16384K, 0% used [0x00000000feb00000,0x00000000feb00000,0x00000000ffb00000)
  from space 2560K, 99% used [0x00000000ffd80000,0x00000000ffffa7f0,0x0000000100000000)
  to   space 2560K, 0% used [0x00000000ffb00000,0x00000000ffb00000,0x00000000ffd80000)
 ParOldGen       total 44032K, used 5156K [0x00000000fc000000, 0x00000000feb00000, 0x00000000feb00000)
  object space 44032K, 11% used [0x00000000fc000000,0x00000000fc509250,0x00000000feb00000)
 Metaspace       used 7429K, capacity 7640K, committed 7936K, reserved 1056768K
  class space    used 866K, capacity 956K, committed 1024K, reserved 1048576K
}

Deoptimization events (10 events):
Event: 4.875 Thread 0x00000000023aa000 Uncommon trap: reason=unstable_if action=reinterpret pc=0x0000000002b9a1cc method=java.util.zip.ZipCoder.decoder()Ljava/nio/charset/CharsetDecoder; @ 4
Event: 4.875 Thread 0x00000000023aa000 Uncommon trap: reason=unstable_if action=reinterpret pc=0x0000000002b8bc08 method=java.util.zip.ZipEntry.setExtra0([BZ)V @ 1
Event: 4.879 Thread 0x00000000023aa000 Uncommon trap: reason=unstable_if action=reinterpret pc=0x0000000002b94ab8 method=java.util.zip.ZipFile$ZipEntryIterator.hasNext()Z @ 25
Event: 4.879 Thread 0x00000000023aa000 Uncommon trap: reason=unstable_if action=reinterpret pc=0x0000000002b9cb74 method=java.util.zip.ZipCoder.decoder()Ljava/nio/charset/CharsetDecoder; @ 4
Event: 4.883 Thread 0x00000000023aa000 Uncommon trap: reason=unstable_if action=reinterpret pc=0x0000000002b8e448 method=java.util.zip.ZipFile$ZipEntryIterator.hasNext()Z @ 25
Event: 4.883 Thread 0x00000000023aa000 Uncommon trap: reason=unstable_if action=reinterpret pc=0x0000000002b8f7ec method=java.util.zip.ZipCoder.decoder()Ljava/nio/charset/CharsetDecoder; @ 4
Event: 8.159 Thread 0x00000000023aa000 Uncommon trap: reason=unloaded action=reinterpret pc=0x0000000002b971b4 method=java.util.zip.ZipEntry.setExtra0([BZ)V @ 37
Event: 8.718 Thread 0x00000000023aa000 Uncommon trap: reason=unstable_if action=reinterpret pc=0x0000000002b7369c method=java.lang.String.<init>([CII)V @ 18
Event: 9.207 Thread 0x00000000023aa000 Uncommon trap: reason=unstable_if action=reinterpret pc=0x0000000002c9dbf0 method=org.objectweb.asm.Item.a(Lorg/objectweb/asm/Item;)Z @ 345
Event: 11.688 Thread 0x00000000023aa000 Uncommon trap: reason=unstable_if action=reinterpret pc=0x0000000002cccdb0 method=org.objectweb.asm.MethodWriter.visitVarInsn(II)V @ 142

Classes redefined (0 events):
No events

Internal exceptions (10 events):
Event: 4.883 Thread 0x00000000023aa000 Implicit null exception at 0x0000000002b8f1dd to 0x0000000002b8f7bd
Event: 7.229 Thread 0x00000000023aa000 Exception <a 'sun/nio/fs/WindowsException'> (0x00000000ff102e08) thrown at [D:\src\AOSP-openjdk-cygwin\jdk8u\hotspot\src\share\vm\prims\jni.cpp, line 709]
Event: 7.229 Thread 0x00000000023aa000 Exception <a 'sun/nio/fs/WindowsException'> (0x00000000ff1033c8) thrown at [D:\src\AOSP-openjdk-cygwin\jdk8u\hotspot\src\share\vm\prims\jni.cpp, line 709]
Event: 7.229 Thread 0x00000000023aa000 Exception <a 'sun/nio/fs/WindowsException'> (0x00000000ff103998) thrown at [D:\src\AOSP-openjdk-cygwin\jdk8u\hotspot\src\share\vm\prims\jni.cpp, line 709]
Event: 7.229 Thread 0x00000000023aa000 Exception <a 'sun/nio/fs/WindowsException'> (0x00000000ff104158) thrown at [D:\src\AOSP-openjdk-cygwin\jdk8u\hotspot\src\share\vm\prims\jni.cpp, line 709]
Event: 7.229 Thread 0x00000000023aa000 Exception <a 'sun/nio/fs/WindowsException'> (0x00000000ff104700) thrown at [D:\src\AOSP-openjdk-cygwin\jdk8u\hotspot\src\share\vm\prims\jni.cpp, line 709]
Event: 7.229 Thread 0x00000000023aa000 Exception <a 'sun/nio/fs/WindowsException'> (0x00000000ff104eb0) thrown at [D:\src\AOSP-openjdk-cygwin\jdk8u\hotspot\src\share\vm\prims\jni.cpp, line 709]
Event: 7.238 Thread 0x00000000023aa000 Exception <a 'sun/nio/fs/WindowsException'> (0x00000000ff10a230) thrown at [D:\src\AOSP-openjdk-cygwin\jdk8u\hotspot\src\share\vm\prims\jni.cpp, line 709]
Event: 8.194 Thread 0x00000000023aa000 Exception <a 'sun/nio/fs/WindowsException'> (0x00000000ff523290) thrown at [D:\src\AOSP-openjdk-cygwin\jdk8u\hotspot\src\share\vm\prims\jni.cpp, line 709]
Event: 8.196 Thread 0x00000000023aa000 Exception <a 'sun/nio/fs/WindowsException'> (0x00000000ff523838) thrown at [D:\src\AOSP-openjdk-cygwin\jdk8u\hotspot\src\share\vm\prims\jni.cpp, line 709]

Events (10 events):
Event: 9.207 Thread 0x00000000023aa000 Uncommon trap: trap_request=0xffffff65 fr.pc=0x0000000002c9dbf0
Event: 9.208 Thread 0x00000000023aa000 DEOPT PACKING pc=0x0000000002c9dbf0 sp=0x000000000262ec80
Event: 9.208 Thread 0x00000000023aa000 DEOPT UNPACKING pc=0x00000000029e556a sp=0x000000000262ec18 mode 2
Event: 9.218 Executing VM operation: ParallelGCFailedAllocation
Event: 11.374 Executing VM operation: ParallelGCFailedAllocation done
Event: 11.540 Executing VM operation: RevokeBias
Event: 11.609 Executing VM operation: RevokeBias done
Event: 11.688 Thread 0x00000000023aa000 Uncommon trap: trap_request=0xffffff65 fr.pc=0x0000000002cccdb0
Event: 11.688 Thread 0x00000000023aa000 DEOPT PACKING pc=0x0000000002cccdb0 sp=0x000000000262eed0
Event: 11.688 Thread 0x00000000023aa000 DEOPT UNPACKING pc=0x00000000029e556a sp=0x000000000262ee18 mode 2


Dynamic libraries:
0x000000013fb60000 - 0x000000013fb91000 	D:\Program files\Android\Android Studio\jre\bin\java.exe
0x0000000076d30000 - 0x0000000076ed9000 	C:\Windows\SYSTEM32\ntdll.dll
0x0000000076c10000 - 0x0000000076d2f000 	C:\Windows\system32\kernel32.dll
0x000007fefcc20000 - 0x000007fefcc8c000 	C:\Windows\system32\KERNELBASE.dll
0x000007fefe9a0000 - 0x000007fefea7b000 	C:\Windows\system32\ADVAPI32.dll
0x000007fefcf00000 - 0x000007fefcf9f000 	C:\Windows\system32\msvcrt.dll
0x000007fefe7c0000 - 0x000007fefe7df000 	C:\Windows\SYSTEM32\sechost.dll
0x000007fefe1b0000 - 0x000007fefe2dd000 	C:\Windows\system32\RPCRT4.dll
0x0000000076b10000 - 0x0000000076c0a000 	C:\Windows\system32\USER32.dll
0x000007fefe860000 - 0x000007fefe8c7000 	C:\Windows\system32\GDI32.dll
0x000007fefcfa0000 - 0x000007fefcfae000 	C:\Windows\system32\LPK.dll
0x000007fefe8d0000 - 0x000007fefe999000 	C:\Windows\system32\USP10.dll
0x000007fefb5c0000 - 0x000007fefb7b4000 	C:\Windows\WinSxS\amd64_microsoft.windows.common-controls_6595b64144ccf1df_6.0.7601.17514_none_fa396087175ac9ac\COMCTL32.dll
0x000007fefe410000 - 0x000007fefe481000 	C:\Windows\system32\SHLWAPI.dll
0x000007fefe740000 - 0x000007fefe76e000 	C:\Windows\system32\IMM32.DLL
0x000007fefd050000 - 0x000007fefd159000 	C:\Windows\system32\MSCTF.dll
0x000007fefca70000 - 0x000007fefcaac000 	C:\Windows\system32\nvinitx.dll
0x0000000068420000 - 0x00000000684f2000 	D:\Program files\Android\Android Studio\jre\jre\bin\msvcr100.dll
0x0000000069e70000 - 0x000000006a6ae000 	D:\Program files\Android\Android Studio\jre\jre\bin\server\jvm.dll
0x000007fef3580000 - 0x000007fef3589000 	C:\Windows\system32\WSOCK32.dll
0x000007fefe770000 - 0x000007fefe7bd000 	C:\Windows\system32\WS2_32.dll
0x000007fefe400000 - 0x000007fefe408000 	C:\Windows\system32\NSI.dll
0x000007fefa980000 - 0x000007fefa9bb000 	C:\Windows\system32\WINMM.dll
0x000007fefbab0000 - 0x000007fefbabc000 	C:\Windows\system32\VERSION.dll
0x0000000076f00000 - 0x0000000076f07000 	C:\Windows\system32\PSAPI.DLL
0x000007fefa270000 - 0x000007fefa27f000 	D:\Program files\Android\Android Studio\jre\jre\bin\verify.dll
0x000007fef4980000 - 0x000007fef49a9000 	D:\Program files\Android\Android Studio\jre\jre\bin\java.dll
0x000007fef9c20000 - 0x000007fef9c36000 	D:\Program files\Android\Android Studio\jre\jre\bin\zip.dll
0x000007fefd420000 - 0x000007fefe1a8000 	C:\Windows\system32\SHELL32.dll
0x000007fefee30000 - 0x000007feff033000 	C:\Windows\system32\ole32.dll
0x000007fefcb40000 - 0x000007fefcb4f000 	C:\Windows\system32\profapi.dll
0x000007fefc300000 - 0x000007fefc317000 	C:\Windows\system32\CRYPTSP.dll
0x000007fefc000000 - 0x000007fefc047000 	C:\Windows\system32\rsaenh.dll
0x000007fefcc00000 - 0x000007fefcc1e000 	C:\Windows\system32\USERENV.dll
0x000007fefc960000 - 0x000007fefc96f000 	C:\Windows\system32\CRYPTBASE.dll
0x000007fef5eb0000 - 0x000007fef5eca000 	D:\Program files\Android\Android Studio\jre\jre\bin\net.dll
0x000007fefc2a0000 - 0x000007fefc2f5000 	C:\Windows\system32\mswsock.dll
0x000007fefc290000 - 0x000007fefc297000 	C:\Windows\System32\wship6.dll
0x000007fefa0f0000 - 0x000007fefa117000 	C:\Windows\system32\IPHLPAPI.DLL
0x000007fefa0b0000 - 0x000007fefa0bb000 	C:\Windows\system32\WINNSI.DLL
0x000007fef98f0000 - 0x000007fef9901000 	C:\Windows\system32\dhcpcsvc6.DLL
0x000007fef98d0000 - 0x000007fef98e8000 	C:\Windows\system32\dhcpcsvc.DLL
0x000007fef5c30000 - 0x000007fef5c41000 	D:\Program files\Android\Android Studio\jre\jre\bin\nio.dll

VM Arguments:
jvm_args: -Djava.awt.headless=true -Xmx64M -Dfile.encoding=windows-1251 -Duser.country=RU -Duser.language=ru -Duser.variant 
java_command: com.google.devtools.build.android.desugar.Desugar --input C:\Users\KING\Desktop\Android\study\2\RecordBook\app\build\intermediates\transforms\stackFramesFixer\debug\11.jar --output C:\Users\KING\Desktop\Android\study\2\RecordBook\app\build\intermediates\transforms\desugar\debug\12.jar --input C:\Users\KING\Desktop\Android\study\2\RecordBook\app\build\intermediates\transforms\stackFramesFixer\debug\23.jar --output C:\Users\KING\Desktop\Android\study\2\RecordBook\app\build\intermediates\transforms\desugar\debug\24.jar --input C:\Users\KING\Desktop\Android\study\2\RecordBook\app\build\intermediates\classes\debug --output C:\Users\KING\Desktop\Android\study\2\RecordBook\app\build\intermediates\transforms\desugar\debug\0 --input C:\Users\KING\Desktop\Android\study\2\RecordBook\app\build\intermediates\transforms\stackFramesFixer\debug\27.jar --output C:\Users\KING\Desktop\Android\study\2\RecordBook\app\build\intermediates\transforms\desugar\debug\28.jar --classpath_entry C:\Users\KING\Desktop\Android\study\2\RecordBook\app\build\intermediates\classes\debug --classpath_entry C:\Users\KING\Desktop\Android\study\2\RecordBook\app\build\intermediates\transforms\stackFramesFixer\debug\0.jar --classpath_entry C:\Users\KING\Desktop\Android\study\2\RecordBook\app\build\intermediates\transforms\stackFramesFixer\debug\1.jar --classpath_entry C:\Users\KING\Desktop\Android\study\2\RecordBook\app\build\intermediates\transforms\stackFramesFixer\debug\2.jar --classpath_entry C:\Users\KING\Desktop\Android\study\2\RecordBook\app\build\intermediates\transforms\stackFramesFixer\debug\3.jar --classpath_entry C:\Users\KING\Desktop\Android\study\2\RecordBook\app\build\intermediates\transforms\stackFramesFixer\debug\4.jar --classpath_entry C:\Users\KING\Desktop\Android\study\2\RecordBook\app\build\intermediates\transforms\stackFramesFixer\debug\5.jar --classpath_entry C:\Users\KING\Desktop\Android\study\2\RecordBook\app\build\intermediates\transforms\stackFramesFixer\debug\6.jar 
java_class_path (initial): C:\Users\KING\AppData\Local\Temp\desugar_deploy.jar2205197901522664530
Launcher Type: SUN_STANDARD

Environment Variables:
PATH=C:\ProgramData\Oracle\Java\javapath;C:\Windows\system32;C:\Windows;C:\Windows\System32\Wbem;C:\Windows\System32\WindowsPowerShell\v1.0\;C:\Program Files (x86)\NVIDIA Corporation\PhysX\Common;C:\Users\KING\.dnx\bin;C:\Program Files\Microsoft DNX\Dnvm\;C:\Program Files\Microsoft SQL Server\130\Tools\Binn\;C:\Program Files (x86)\sbt\\bin;C:\Program Files (x86)\Rational\common;C:\Program Files (x86)\Skype\Phone\;C:\Program Files (x86)\PostgreSQL\9.6\bin;C:\Program Files (x86)\PostgreSQL\9.6\lib;C:\Program Files (x86)\PostgreSQL\9.6\include;C:\Program Files\Microsoft SQL Server\110\Tools\Binn\;C:\Program Files (x86)\Brackets\command;C:\adb;C:\xampp\php;C:\ProgramData\ComposerSetup\bin;C:\Users\KING\AppData\Roaming\Composer\vendor\bin
USERNAME=KING
OS=Windows_NT
PROCESSOR_IDENTIFIER=Intel64 Family 6 Model 42 Stepping 7, GenuineIntel



---------------  S Y S T E M  ---------------

OS: Windows 7 , 64 bit Build 7601 (6.1.7601.18409)

CPU:total 8 (initial active 8) (4 cores per cpu, 2 threads per core) family 6 model 42 stepping 7, cmov, cx8, fxsr, mmx, sse, sse2, sse3, ssse3, sse4.1, sse4.2, popcnt, avx, clmul, ht, tsc, tscinvbit

Memory: 4k page, physical 8298260k(419236k free), swap 12392396k(2696k free)

vm_info: OpenJDK 64-Bit Server VM (25.152-b01) for windows-amd64 JRE (1.8.0_152-release-915-b01), built by "builder" with MS VC++ 10.0 (VS2010)

time: Mon Jun 04 02:56:54 2018
elapsed time: 12 seconds (0d 0h 0m 12s)

