#
# There is insufficient memory for the Java Runtime Environment to continue.
# Native memory allocation (malloc) failed to allocate 524304 bytes for Chunk::new
# Possible reasons:
#   The system is out of physical RAM or swap space
#   In 32 bit mode, the process size limit was hit
# Possible solutions:
#   Reduce memory load on the system
#   Increase physical memory or swap space
#   Check if swap backing store is full
#   Use 64 bit Java on a 64 bit OS
#   Decrease Java heap size (-Xmx/-Xms)
#   Decrease number of Java threads
#   Decrease Java thread stack sizes (-Xss)
#   Set larger code cache with -XX:ReservedCodeCacheSize=
# This output file may be truncated or incomplete.
#
#  Out of Memory Error (allocation.cpp:390), pid=4048, tid=0x0000000000002b00
#
# JRE version: OpenJDK Runtime Environment (8.0_152-b01) (build 1.8.0_152-release-915-b01)
# Java VM: OpenJDK 64-Bit Server VM (25.152-b01 mixed mode windows-amd64 compressed oops)
# Failed to write core dump. Minidumps are not enabled by default on client versions of Windows
#

---------------  T H R E A D  ---------------

Current thread (0x00000000534a9000):  JavaThread "C2 CompilerThread0" daemon [_thread_in_native, id=11008, stack(0x00000000558b0000,0x00000000559b0000)]

Stack: [0x00000000558b0000,0x00000000559b0000]
[error occurred during error reporting (printing stack bounds), id 0xc0000005]

Native frames: (J=compiled Java code, j=interpreted, Vv=VM code, C=native code)


Current CompileTask:
C2:  10540  827       4       org.objectweb.asm.ClassReader::a (3587 bytes)


---------------  P R O C E S S  ---------------

Java Threads: ( => current thread )
  0x00000000544c3800 JavaThread "Service Thread" daemon [_thread_blocked, id=9820, stack(0x0000000056220000,0x0000000056320000)]
  0x0000000054472000 JavaThread "C1 CompilerThread3" daemon [_thread_blocked, id=12564, stack(0x0000000056040000,0x0000000056140000)]
  0x0000000054459000 JavaThread "C2 CompilerThread2" daemon [_thread_blocked, id=15608, stack(0x0000000055e20000,0x0000000055f20000)]
  0x00000000534ad800 JavaThread "C2 CompilerThread1" daemon [_thread_in_native, id=13456, stack(0x0000000055bc0000,0x0000000055cc0000)]
=>0x00000000534a9000 JavaThread "C2 CompilerThread0" daemon [_thread_in_native, id=11008, stack(0x00000000558b0000,0x00000000559b0000)]
  0x0000000054447800 JavaThread "Attach Listener" daemon [_thread_blocked, id=15376, stack(0x0000000055a30000,0x0000000055b30000)]
  0x000000005444f800 JavaThread "Signal Dispatcher" daemon [_thread_blocked, id=12860, stack(0x0000000055680000,0x0000000055780000)]
  0x000000005349f800 JavaThread "Finalizer" daemon [_thread_blocked, id=10640, stack(0x00000000557b0000,0x00000000558b0000)]
  0x0000000053498000 JavaThread "Reference Handler" daemon [_thread_blocked, id=9144, stack(0x00000000553b0000,0x00000000554b0000)]
  0x000000000227a000 JavaThread "main" [_thread_in_native, id=3324, stack(0x0000000002650000,0x0000000002750000)]

Other Threads:
  0x000000005348f000 VMThread [stack: 0x0000000055520000,0x0000000055620000] [id=16156]
  0x00000000544cd800 WatcherThread [stack: 0x00000000563b0000,0x00000000564b0000] [id=10268]

VM state:not at safepoint (normal execution)

VM Mutex/Monitor currently owned by a thread: None

Heap:
 PSYoungGen      total 18944K, used 12296K [0x00000000feb00000, 0x0000000100000000, 0x0000000100000000)
  eden space 16384K, 59% used [0x00000000feb00000,0x00000000ff4878d8,0x00000000ffb00000)
  from space 2560K, 99% used [0x00000000ffb00000,0x00000000ffd7a7f0,0x00000000ffd80000)
  to   space 2560K, 0% used [0x00000000ffd80000,0x00000000ffd80000,0x0000000100000000)
 ParOldGen       total 44032K, used 5283K [0x00000000fc000000, 0x00000000feb00000, 0x00000000feb00000)
  object space 44032K, 11% used [0x00000000fc000000,0x00000000fc528f00,0x00000000feb00000)
 Metaspace       used 7589K, capacity 7772K, committed 7936K, reserved 1056768K
  class space    used 868K, capacity 956K, committed 1024K, reserved 1048576K

Card table byte_map: [0x0000000001db0000,0x0000000001de0000] byte_map_base: 0x00000000015d0000

Marking Bits: (ParMarkBitMap*) 0x0000000062173950
 Begin Bits: [0x00000000128b0000, 0x00000000129b0000)
 End Bits:   [0x00000000129b0000, 0x0000000012ab0000)

Polling page: 0x0000000000240000

CodeCache: size=245760Kb used=3696Kb max_used=3697Kb free=242063Kb
 bounds [0x0000000002a20000, 0x0000000002dd0000, 0x0000000011a20000]
 total_blobs=1288 nmethods=955 adapters=245
 compilation: disabled (not enough contiguous free space left)

Compilation events (10 events):
Event: 9.955 Thread 0x0000000054472000 nmethod 949 0x0000000002dabc10 code [0x0000000002dabda0, 0x0000000002dac0c8]
Event: 9.955 Thread 0x0000000054472000  948   !   3       java.util.zip.ZipFile::getEntry (86 bytes)
Event: 9.956 Thread 0x0000000054472000 nmethod 948 0x0000000002dac290 code [0x0000000002dac460, 0x0000000002daca98]
Event: 9.956 Thread 0x0000000054472000  950  s    3       java.io.BufferedOutputStream::write (67 bytes)
Event: 9.957 Thread 0x0000000054472000 nmethod 950 0x0000000002dacd90 code [0x0000000002dacf60, 0x0000000002dad798]
Event: 9.957 Thread 0x0000000054472000  951       3       org.objectweb.asm.ClassReader::b (140 bytes)
Event: 9.958 Thread 0x0000000054472000 nmethod 951 0x0000000002dada50 code [0x0000000002dadc40, 0x0000000002dae578]
Event: 9.958 Thread 0x0000000054472000  937       3       org.objectweb.asm.MethodWriter::visitLdcInsn (184 bytes)
Event: 9.958 Thread 0x0000000054472000 nmethod 937 0x0000000002daebd0 code [0x0000000002daeda0, 0x0000000002daf408]
Event: 9.958 Thread 0x0000000054472000  953       3       org.objectweb.asm.ClassReader::a (1227 bytes)

GC Heap History (4 events):
Event: 5.328 GC heap before
{Heap before GC invocations=1 (full 0):
 PSYoungGen      total 18944K, used 16384K [0x00000000feb00000, 0x0000000100000000, 0x0000000100000000)
  eden space 16384K, 100% used [0x00000000feb00000,0x00000000ffb00000,0x00000000ffb00000)
  from space 2560K, 0% used [0x00000000ffd80000,0x00000000ffd80000,0x0000000100000000)
  to   space 2560K, 0% used [0x00000000ffb00000,0x00000000ffb00000,0x00000000ffd80000)
 ParOldGen       total 44032K, used 0K [0x00000000fc000000, 0x00000000feb00000, 0x00000000feb00000)
  object space 44032K, 0% used [0x00000000fc000000,0x00000000fc000000,0x00000000feb00000)
 Metaspace       used 6493K, capacity 6670K, committed 6784K, reserved 1056768K
  class space    used 768K, capacity 823K, committed 896K, reserved 1048576K
Event: 5.389 GC heap after
Heap after GC invocations=1 (full 0):
 PSYoungGen      total 18944K, used 2528K [0x00000000feb00000, 0x0000000100000000, 0x0000000100000000)
  eden space 16384K, 0% used [0x00000000feb00000,0x00000000feb00000,0x00000000ffb00000)
  from space 2560K, 98% used [0x00000000ffb00000,0x00000000ffd78030,0x00000000ffd80000)
  to   space 2560K, 0% used [0x00000000ffd80000,0x00000000ffd80000,0x0000000100000000)
 ParOldGen       total 44032K, used 1797K [0x00000000fc000000, 0x00000000feb00000, 0x00000000feb00000)
  object space 44032K, 4% used [0x00000000fc000000,0x00000000fc1c1490,0x00000000feb00000)
 Metaspace       used 6493K, capacity 6670K, committed 6784K, reserved 1056768K
  class space    used 768K, capacity 823K, committed 896K, reserved 1048576K
}
Event: 8.560 GC heap before
{Heap before GC invocations=2 (full 0):
 PSYoungGen      total 18944K, used 18912K [0x00000000feb00000, 0x0000000100000000, 0x0000000100000000)
  eden space 16384K, 100% used [0x00000000feb00000,0x00000000ffb00000,0x00000000ffb00000)
  from space 2560K, 98% used [0x00000000ffb00000,0x00000000ffd78030,0x00000000ffd80000)
  to   space 2560K, 0% used [0x00000000ffd80000,0x00000000ffd80000,0x0000000100000000)
 ParOldGen       total 44032K, used 1797K [0x00000000fc000000, 0x00000000feb00000, 0x00000000feb00000)
  object space 44032K, 4% used [0x00000000fc000000,0x00000000fc1c1490,0x00000000feb00000)
 Metaspace       used 7425K, capacity 7644K, committed 7936K, reserved 1056768K
  class space    used 868K, capacity 956K, committed 1024K, reserved 1048576K
Event: 9.739 GC heap after
Heap after GC invocations=2 (full 0):
 PSYoungGen      total 18944K, used 2537K [0x00000000feb00000, 0x0000000100000000, 0x0000000100000000)
  eden space 16384K, 0% used [0x00000000feb00000,0x00000000feb00000,0x00000000ffb00000)
  from space 2560K, 99% used [0x00000000ffd80000,0x00000000ffffa7f0,0x0000000100000000)
  to   space 2560K, 0% used [0x00000000ffb00000,0x00000000ffb00000,0x00000000ffd80000)
 ParOldGen       total 44032K, used 5107K [0x00000000fc000000, 0x00000000feb00000, 0x00000000feb00000)
  object space 44032K, 11% used [0x00000000fc000000,0x00000000fc4fcf00,0x00000000feb00000)
 Metaspace       used 7425K, capacity 7644K, committed 7936K, reserved 1056768K
  class space    used 868K, capacity 956K, committed 1024K, reserved 1048576K
}

Deoptimization events (10 events):
Event: 5.233 Thread 0x000000000227a000 Uncommon trap: reason=unstable_if action=reinterpret pc=0x0000000002c2d0b0 method=java.util.zip.ZipCoder.decoder()Ljava/nio/charset/CharsetDecoder; @ 4
Event: 5.437 Thread 0x000000000227a000 Uncommon trap: reason=unstable_if action=reinterpret pc=0x0000000002c31fb0 method=java.util.zip.ZipCoder.decoder()Ljava/nio/charset/CharsetDecoder; @ 4
Event: 5.438 Thread 0x000000000227a000 Uncommon trap: reason=unstable_if action=reinterpret pc=0x0000000002c210c4 method=java.util.zip.ZipCoder.decoder()Ljava/nio/charset/CharsetDecoder; @ 4
Event: 5.439 Thread 0x000000000227a000 Uncommon trap: reason=unstable_if action=reinterpret pc=0x0000000002c299d8 method=java.util.zip.ZipCoder.decoder()Ljava/nio/charset/CharsetDecoder; @ 4
Event: 5.899 Thread 0x000000000227a000 Uncommon trap: reason=unloaded action=reinterpret pc=0x0000000002c2042c method=java.util.zip.ZipEntry.setExtra0([BZ)V @ 37
Event: 6.260 Thread 0x000000000227a000 Uncommon trap: reason=unstable_if action=reinterpret pc=0x0000000002bf76dc method=java.lang.String.<init>([CII)V @ 18
Event: 9.749 Thread 0x000000000227a000 Uncommon trap: reason=unstable_if action=reinterpret pc=0x0000000002cc0438 method=org.objectweb.asm.ClassReader.a(II[C)Ljava/lang/String; @ 77
Event: 9.750 Thread 0x000000000227a000 Uncommon trap: reason=unstable_if action=reinterpret pc=0x0000000002cbe368 method=org.objectweb.asm.ByteVector.putUTF8(Ljava/lang/String;)Lorg/objectweb/asm/ByteVector; @ 98
Event: 9.762 Thread 0x000000000227a000 Uncommon trap: reason=unstable_if action=reinterpret pc=0x0000000002d04db0 method=org.objectweb.asm.Item.a(Lorg/objectweb/asm/Item;)Z @ 345
Event: 9.935 Thread 0x000000000227a000 Uncommon trap: reason=unstable_if action=reinterpret pc=0x0000000002d2092c method=org.objectweb.asm.Type.getArgumentsAndReturnSizes(Ljava/lang/String;)I @ 118

Classes redefined (0 events):
No events

Internal exceptions (10 events):
Event: 5.516 Thread 0x000000000227a000 Exception <a 'sun/nio/fs/WindowsException'> (0x00000000ff12b290) thrown at [D:\src\AOSP-openjdk-cygwin\jdk8u\hotspot\src\share\vm\prims\jni.cpp, line 709]
Event: 5.516 Thread 0x000000000227a000 Exception <a 'sun/nio/fs/WindowsException'> (0x00000000ff12b860) thrown at [D:\src\AOSP-openjdk-cygwin\jdk8u\hotspot\src\share\vm\prims\jni.cpp, line 709]
Event: 5.516 Thread 0x000000000227a000 Exception <a 'sun/nio/fs/WindowsException'> (0x00000000ff12c020) thrown at [D:\src\AOSP-openjdk-cygwin\jdk8u\hotspot\src\share\vm\prims\jni.cpp, line 709]
Event: 5.516 Thread 0x000000000227a000 Exception <a 'sun/nio/fs/WindowsException'> (0x00000000ff12c5c8) thrown at [D:\src\AOSP-openjdk-cygwin\jdk8u\hotspot\src\share\vm\prims\jni.cpp, line 709]
Event: 5.516 Thread 0x000000000227a000 Exception <a 'sun/nio/fs/WindowsException'> (0x00000000ff12cd78) thrown at [D:\src\AOSP-openjdk-cygwin\jdk8u\hotspot\src\share\vm\prims\jni.cpp, line 709]
Event: 5.619 Thread 0x000000000227a000 Exception <a 'sun/nio/fs/WindowsException'> (0x00000000ff1320f8) thrown at [D:\src\AOSP-openjdk-cygwin\jdk8u\hotspot\src\share\vm\prims\jni.cpp, line 709]
Event: 5.992 Thread 0x000000000227a000 Exception <a 'sun/nio/fs/WindowsException'> (0x00000000ff56e038) thrown at [D:\src\AOSP-openjdk-cygwin\jdk8u\hotspot\src\share\vm\prims\jni.cpp, line 709]
Event: 5.992 Thread 0x000000000227a000 Exception <a 'sun/nio/fs/WindowsException'> (0x00000000ff56e5e0) thrown at [D:\src\AOSP-openjdk-cygwin\jdk8u\hotspot\src\share\vm\prims\jni.cpp, line 709]
Event: 7.706 Thread 0x000000000227a000 Exception <a 'sun/nio/fs/WindowsException'> (0x00000000ff8b88f8) thrown at [D:\src\AOSP-openjdk-cygwin\jdk8u\hotspot\src\share\vm\prims\jni.cpp, line 709]
Event: 7.706 Thread 0x000000000227a000 Exception <a 'sun/nio/fs/WindowsException'> (0x00000000ff8b8e20) thrown at [D:\src\AOSP-openjdk-cygwin\jdk8u\hotspot\src\share\vm\prims\jni.cpp, line 709]

Events (10 events):
Event: 9.750 Thread 0x000000000227a000 DEOPT PACKING pc=0x0000000002cbe368 sp=0x000000000274e880
Event: 9.750 Thread 0x000000000227a000 DEOPT UNPACKING pc=0x0000000002a6556a sp=0x000000000274e808 mode 2
Event: 9.762 Thread 0x000000000227a000 Uncommon trap: trap_request=0xffffff65 fr.pc=0x0000000002d04db0
Event: 9.762 Thread 0x000000000227a000 DEOPT PACKING pc=0x0000000002d04db0 sp=0x000000000274e7b0
Event: 9.762 Thread 0x000000000227a000 DEOPT UNPACKING pc=0x0000000002a6556a sp=0x000000000274e748 mode 2
Event: 9.829 Thread 0x000000000227a000 DEOPT PACKING pc=0x0000000002b7c3fb sp=0x000000000274ec40
Event: 9.829 Thread 0x000000000227a000 DEOPT UNPACKING pc=0x0000000002a675bf sp=0x000000000274e970 mode 0
Event: 9.935 Thread 0x000000000227a000 Uncommon trap: trap_request=0xffffff65 fr.pc=0x0000000002d2092c
Event: 9.935 Thread 0x000000000227a000 DEOPT PACKING pc=0x0000000002d2092c sp=0x000000000274e6f0
Event: 9.935 Thread 0x000000000227a000 DEOPT UNPACKING pc=0x0000000002a6556a sp=0x000000000274e680 mode 2


Dynamic libraries:
0x000000013f370000 - 0x000000013f3a1000 	D:\Program files\Android\Android Studio\jre\bin\java.exe
0x00000000774a0000 - 0x0000000077649000 	C:\Windows\SYSTEM32\ntdll.dll
0x0000000077380000 - 0x000000007749f000 	C:\Windows\system32\kernel32.dll
0x000007fefd550000 - 0x000007fefd5bc000 	C:\Windows\system32\KERNELBASE.dll
0x000007feff5c0000 - 0x000007feff69b000 	C:\Windows\system32\ADVAPI32.dll
0x000007feff6a0000 - 0x000007feff73f000 	C:\Windows\system32\msvcrt.dll
0x000007fefe940000 - 0x000007fefe95f000 	C:\Windows\SYSTEM32\sechost.dll
0x000007fefeb70000 - 0x000007fefec9d000 	C:\Windows\system32\RPCRT4.dll
0x0000000077280000 - 0x000000007737a000 	C:\Windows\system32\USER32.dll
0x000007feff740000 - 0x000007feff7a7000 	C:\Windows\system32\GDI32.dll
0x000007fefdba0000 - 0x000007fefdbae000 	C:\Windows\system32\LPK.dll
0x000007fefdad0000 - 0x000007fefdb99000 	C:\Windows\system32\USP10.dll
0x000007fefbd30000 - 0x000007fefbf24000 	C:\Windows\WinSxS\amd64_microsoft.windows.common-controls_6595b64144ccf1df_6.0.7601.17514_none_fa396087175ac9ac\COMCTL32.dll
0x000007fefd670000 - 0x000007fefd6e1000 	C:\Windows\system32\SHLWAPI.dll
0x000007feff430000 - 0x000007feff45e000 	C:\Windows\system32\IMM32.DLL
0x000007feff460000 - 0x000007feff569000 	C:\Windows\system32\MSCTF.dll
0x000007fefd1e0000 - 0x000007fefd21c000 	C:\Windows\system32\nvinitx.dll
0x0000000060790000 - 0x0000000060862000 	D:\Program files\Android\Android Studio\jre\jre\bin\msvcr100.dll
0x00000000619b0000 - 0x00000000621ee000 	D:\Program files\Android\Android Studio\jre\jre\bin\server\jvm.dll
0x000007feef2e0000 - 0x000007feef2e9000 	C:\Windows\system32\WSOCK32.dll
0x000007feff570000 - 0x000007feff5bd000 	C:\Windows\system32\WS2_32.dll
0x000007feff050000 - 0x000007feff058000 	C:\Windows\system32\NSI.dll
0x000007fefaff0000 - 0x000007fefb02b000 	C:\Windows\system32\WINMM.dll
0x000007fefc250000 - 0x000007fefc25c000 	C:\Windows\system32\VERSION.dll
0x0000000077670000 - 0x0000000077677000 	C:\Windows\system32\PSAPI.DLL
0x000007fefae20000 - 0x000007fefae2f000 	D:\Program files\Android\Android Studio\jre\jre\bin\verify.dll
0x000007fefadf0000 - 0x000007fefae19000 	D:\Program files\Android\Android Studio\jre\jre\bin\java.dll
0x000007feebc00000 - 0x000007feebc16000 	D:\Program files\Android\Android Studio\jre\jre\bin\zip.dll
0x000007fefdbb0000 - 0x000007fefe938000 	C:\Windows\system32\SHELL32.dll
0x000007fefe960000 - 0x000007fefeb63000 	C:\Windows\system32\ole32.dll
0x000007fefd2b0000 - 0x000007fefd2bf000 	C:\Windows\system32\profapi.dll
0x000007fefca70000 - 0x000007fefca87000 	C:\Windows\system32\CRYPTSP.dll
0x000007fefc770000 - 0x000007fefc7b7000 	C:\Windows\system32\rsaenh.dll
0x000007fefd5d0000 - 0x000007fefd5ee000 	C:\Windows\system32\USERENV.dll
0x000007fefd0d0000 - 0x000007fefd0df000 	C:\Windows\system32\CRYPTBASE.dll
0x000007feebbe0000 - 0x000007feebbfa000 	D:\Program files\Android\Android Studio\jre\jre\bin\net.dll
0x000007fefca10000 - 0x000007fefca65000 	C:\Windows\system32\mswsock.dll
0x000007fefca00000 - 0x000007fefca07000 	C:\Windows\System32\wship6.dll
0x000007fefa7d0000 - 0x000007fefa7f7000 	C:\Windows\system32\IPHLPAPI.DLL
0x000007fefa7b0000 - 0x000007fefa7bb000 	C:\Windows\system32\WINNSI.DLL
0x000007fef9f50000 - 0x000007fef9f61000 	C:\Windows\system32\dhcpcsvc6.DLL
0x000007fef9ed0000 - 0x000007fef9ee8000 	C:\Windows\system32\dhcpcsvc.DLL
0x000007feebbc0000 - 0x000007feebbd1000 	D:\Program files\Android\Android Studio\jre\jre\bin\nio.dll

VM Arguments:
jvm_args: -Djava.awt.headless=true -Xmx64M -Dfile.encoding=windows-1251 -Duser.country=RU -Duser.language=ru -Duser.variant 
java_command: com.google.devtools.build.android.desugar.Desugar --input C:\Users\KING\Desktop\Android\study\2\RecordBook\app\build\intermediates\transforms\stackFramesFixer\debug\0.jar --output C:\Users\KING\Desktop\Android\study\2\RecordBook\app\build\intermediates\transforms\desugar\debug\1.jar --input C:\Users\KING\Desktop\Android\study\2\RecordBook\app\build\intermediates\transforms\stackFramesFixer\debug\54.jar --output C:\Users\KING\Desktop\Android\study\2\RecordBook\app\build\intermediates\transforms\desugar\debug\55.jar --input C:\Users\KING\Desktop\Android\study\2\RecordBook\app\build\intermediates\transforms\stackFramesFixer\debug\11.jar --output C:\Users\KING\Desktop\Android\study\2\RecordBook\app\build\intermediates\transforms\desugar\debug\12.jar --input C:\Users\KING\Desktop\Android\study\2\RecordBook\app\build\intermediates\transforms\stackFramesFixer\debug\1.jar --output C:\Users\KING\Desktop\Android\study\2\RecordBook\app\build\intermediates\transforms\desugar\debug\2.jar --input C:\Users\KING\Desktop\Android\study\2\RecordBook\app\build\intermediates\transforms\stackFramesFixer\debug\9.jar --output C:\Users\KING\Desktop\Android\study\2\RecordBook\app\build\intermediates\transforms\desugar\debug\10.jar --classpath_entry C:\Users\KING\Desktop\Android\study\2\RecordBook\app\build\intermediates\classes\debug --classpath_entry C:\Users\KING\Desktop\Android\study\2\RecordBook\app\build\intermediates\transforms\stackFramesFixer\debug\0.jar --classpath_entry C:\Users\KING\Desktop\Android\study\2\RecordBook\app\build\intermediates\transforms\stackFramesFixer\debug\1.jar --classpath_entry C:\Users\KING\Desktop\Android\study\2\RecordBook\app\build\intermediates\transforms\stackFramesFixer\debug\2.jar --classpath_entry C:\Users\KING\Desktop\Android\study\2\RecordBook\app\build\intermediates\transforms\stackFramesFixer\debug\3.jar --classpath_entry C:\Users\KING\Desktop\Android\study\2\RecordBook\app\build\intermediates\transforms\stackFramesFixer\debug\4.jar
java_class_path (initial): C:\Users\KING\AppData\Local\Temp\desugar_deploy.jar9097227951175999869
Launcher Type: SUN_STANDARD

Environment Variables:
PATH=C:\ProgramData\Oracle\Java\javapath;C:\Windows\system32;C:\Windows;C:\Windows\System32\Wbem;C:\Windows\System32\WindowsPowerShell\v1.0\;C:\Program Files (x86)\NVIDIA Corporation\PhysX\Common;C:\Users\KING\.dnx\bin;C:\Program Files\Microsoft DNX\Dnvm\;C:\Program Files\Microsoft SQL Server\130\Tools\Binn\;C:\Program Files (x86)\sbt\\bin;C:\Program Files (x86)\Rational\common;C:\Program Files (x86)\Skype\Phone\;C:\Program Files (x86)\PostgreSQL\9.6\bin;C:\Program Files (x86)\PostgreSQL\9.6\lib;C:\Program Files (x86)\PostgreSQL\9.6\include;C:\Program Files\Microsoft SQL Server\110\Tools\Binn\;C:\Program Files (x86)\Brackets\command;C:\adb;C:\xampp\php;C:\ProgramData\ComposerSetup\bin;C:\Users\KING\AppData\Roaming\Composer\vendor\bin
USERNAME=KING
OS=Windows_NT
PROCESSOR_IDENTIFIER=Intel64 Family 6 Model 42 Stepping 7, GenuineIntel



---------------  S Y S T E M  ---------------

OS: Windows 7 , 64 bit Build 7601 (6.1.7601.18409)

CPU:total 8 (initial active 8) (4 cores per cpu, 2 threads per core) family 6 model 42 stepping 7, cmov, cx8, fxsr, mmx, sse, sse2, sse3, ssse3, sse4.1, sse4.2, popcnt, avx, clmul, ht, tsc, tscinvbit

Memory: 4k page, physical 8298260k(314120k free), swap 12392396k(28024k free)

vm_info: OpenJDK 64-Bit Server VM (25.152-b01) for windows-amd64 JRE (1.8.0_152-release-915-b01), built by "builder" with MS VC++ 10.0 (VS2010)

time: Fri Jun 29 22:08:40 2018
elapsed time: 11 seconds (0d 0h 0m 11s)

