#
# There is insufficient memory for the Java Runtime Environment to continue.
# Native memory allocation (malloc) failed to allocate 388768 bytes for Chunk::new
# Possible reasons:
#   The system is out of physical RAM or swap space
#   In 32 bit mode, the process size limit was hit
# Possible solutions:
#   Reduce memory load on the system
#   Increase physical memory or swap space
#   Check if swap backing store is full
#   Use 64 bit Java on a 64 bit OS
#   Decrease Java heap size (-Xmx/-Xms)
#   Decrease number of Java threads
#   Decrease Java thread stack sizes (-Xss)
#   Set larger code cache with -XX:ReservedCodeCacheSize=
# This output file may be truncated or incomplete.
#
#  Out of Memory Error (allocation.cpp:390), pid=8832, tid=0x000000000000346c
#
# JRE version: OpenJDK Runtime Environment (8.0_152-b01) (build 1.8.0_152-release-915-b01)
# Java VM: OpenJDK 64-Bit Server VM (25.152-b01 mixed mode windows-amd64 compressed oops)
# Failed to write core dump. Minidumps are not enabled by default on client versions of Windows
#

---------------  T H R E A D  ---------------

Current thread (0x000000005358c000):  JavaThread "C2 CompilerThread0" daemon [_thread_in_native, id=13420, stack(0x0000000055d10000,0x0000000055e10000)]

Stack: [0x0000000055d10000,0x0000000055e10000]
[error occurred during error reporting (printing stack bounds), id 0xc0000005]

Native frames: (J=compiled Java code, j=interpreted, Vv=VM code, C=native code)


Current CompileTask:
C2:  20407  901 %     4       org.objectweb.asm.ClassReader::a @ 1360 (3587 bytes)


---------------  P R O C E S S  ---------------

Java Threads: ( => current thread )
  0x000000005358f800 JavaThread "Service Thread" daemon [_thread_blocked, id=15140, stack(0x0000000056170000,0x0000000056270000)]
  0x000000005464a000 JavaThread "C1 CompilerThread3" daemon [_thread_blocked, id=13480, stack(0x0000000056050000,0x0000000056150000)]
  0x0000000054645000 JavaThread "C2 CompilerThread2" daemon [_thread_blocked, id=2748, stack(0x0000000055970000,0x0000000055a70000)]
  0x0000000054642000 JavaThread "C2 CompilerThread1" daemon [_thread_blocked, id=14844, stack(0x0000000055ed0000,0x0000000055fd0000)]
=>0x000000005358c000 JavaThread "C2 CompilerThread0" daemon [_thread_in_native, id=13420, stack(0x0000000055d10000,0x0000000055e10000)]
  0x0000000053589000 JavaThread "Attach Listener" daemon [_thread_blocked, id=15336, stack(0x0000000055c10000,0x0000000055d10000)]
  0x000000005463a000 JavaThread "Signal Dispatcher" daemon [_thread_blocked, id=8660, stack(0x0000000055540000,0x0000000055640000)]
  0x000000005357f800 JavaThread "Finalizer" daemon [_thread_blocked, id=10704, stack(0x0000000055ae0000,0x0000000055be0000)]
  0x0000000053578000 JavaThread "Reference Handler" daemon [_thread_blocked, id=4212, stack(0x0000000055860000,0x0000000055960000)]
  0x000000000233a000 JavaThread "main" [_thread_in_native, id=10616, stack(0x0000000002570000,0x0000000002670000)]

Other Threads:
  0x000000005356f000 VMThread [stack: 0x0000000055660000,0x0000000055760000] [id=10936]
  0x00000000546b1000 WatcherThread [stack: 0x00000000563a0000,0x00000000564a0000] [id=13336]

VM state:not at safepoint (normal execution)

VM Mutex/Monitor currently owned by a thread: None

Heap:
 PSYoungGen      total 18944K, used 8500K [0x00000000feb00000, 0x0000000100000000, 0x0000000100000000)
  eden space 16384K, 36% used [0x00000000feb00000,0x00000000ff0d2b28,0x00000000ffb00000)
  from space 2560K, 99% used [0x00000000ffd80000,0x00000000ffffa7f0,0x0000000100000000)
  to   space 2560K, 0% used [0x00000000ffb00000,0x00000000ffb00000,0x00000000ffd80000)
 ParOldGen       total 44032K, used 5012K [0x00000000fc000000, 0x00000000feb00000, 0x00000000feb00000)
  object space 44032K, 11% used [0x00000000fc000000,0x00000000fc4e5168,0x00000000feb00000)
 Metaspace       used 7535K, capacity 7704K, committed 7936K, reserved 1056768K
  class space    used 871K, capacity 956K, committed 1024K, reserved 1048576K

Card table byte_map: [0x0000000000360000,0x0000000000390000] byte_map_base: 0xffffffffffb80000

Marking Bits: (ParMarkBitMap*) 0x000000006b3c3950
 Begin Bits: [0x0000000012990000, 0x0000000012a90000)
 End Bits:   [0x0000000012a90000, 0x0000000012b90000)

Polling page: 0x0000000000330000

CodeCache: size=245760Kb used=3779Kb max_used=3793Kb free=241980Kb
 bounds [0x0000000002940000, 0x0000000002d00000, 0x0000000011940000]
 total_blobs=1267 nmethods=936 adapters=245
 compilation: enabled

Compilation events (10 events):
Event: 20.265 Thread 0x000000005464a000  936       3       sun.util.calendar.CalendarDate::setNormalized (6 bytes)
Event: 20.265 Thread 0x000000005464a000 nmethod 936 0x0000000002cb01d0 code [0x0000000002cb0320, 0x0000000002cb0470]
Event: 20.266 Thread 0x000000005464a000  937       3       org.objectweb.asm.ClassReader::a (75 bytes)
Event: 20.267 Thread 0x000000005464a000 nmethod 937 0x0000000002cefb50 code [0x0000000002cefd20, 0x0000000002cf03d8]
Event: 20.267 Thread 0x0000000054642000 nmethod 925 0x0000000002cf2550 code [0x0000000002cf2720, 0x0000000002cf2e48]
Event: 20.267 Thread 0x0000000054642000  929       4       org.objectweb.asm.tree.LineNumberNode::accept (16 bytes)
Event: 20.277 Thread 0x0000000054645000 nmethod 930 0x0000000002cf1190 code [0x0000000002cf1320, 0x0000000002cf1bb8]
Event: 20.278 Thread 0x0000000054645000  927       4       java.util.ArrayList::add (29 bytes)
Event: 20.282 Thread 0x0000000054645000 nmethod 927 0x0000000002cafa90 code [0x0000000002cafbe0, 0x0000000002caff08]
Event: 20.285 Thread 0x0000000054642000 nmethod 929 0x0000000002cf39d0 code [0x0000000002cf3be0, 0x0000000002cf48d0]

GC Heap History (4 events):
Event: 11.908 GC heap before
{Heap before GC invocations=1 (full 0):
 PSYoungGen      total 18944K, used 16384K [0x00000000feb00000, 0x0000000100000000, 0x0000000100000000)
  eden space 16384K, 100% used [0x00000000feb00000,0x00000000ffb00000,0x00000000ffb00000)
  from space 2560K, 0% used [0x00000000ffd80000,0x00000000ffd80000,0x0000000100000000)
  to   space 2560K, 0% used [0x00000000ffb00000,0x00000000ffb00000,0x00000000ffd80000)
 ParOldGen       total 44032K, used 0K [0x00000000fc000000, 0x00000000feb00000, 0x00000000feb00000)
  object space 44032K, 0% used [0x00000000fc000000,0x00000000fc000000,0x00000000feb00000)
 Metaspace       used 6488K, capacity 6666K, committed 6784K, reserved 1056768K
  class space    used 768K, capacity 823K, committed 896K, reserved 1048576K
Event: 11.962 GC heap after
Heap after GC invocations=1 (full 0):
 PSYoungGen      total 18944K, used 2544K [0x00000000feb00000, 0x0000000100000000, 0x0000000100000000)
  eden space 16384K, 0% used [0x00000000feb00000,0x00000000feb00000,0x00000000ffb00000)
  from space 2560K, 99% used [0x00000000ffb00000,0x00000000ffd7c020,0x00000000ffd80000)
  to   space 2560K, 0% used [0x00000000ffd80000,0x00000000ffd80000,0x0000000100000000)
 ParOldGen       total 44032K, used 1598K [0x00000000fc000000, 0x00000000feb00000, 0x00000000feb00000)
  object space 44032K, 3% used [0x00000000fc000000,0x00000000fc18fbc8,0x00000000feb00000)
 Metaspace       used 6488K, capacity 6666K, committed 6784K, reserved 1056768K
  class space    used 768K, capacity 823K, committed 896K, reserved 1048576K
}
Event: 17.856 GC heap before
{Heap before GC invocations=2 (full 0):
 PSYoungGen      total 18944K, used 18928K [0x00000000feb00000, 0x0000000100000000, 0x0000000100000000)
  eden space 16384K, 100% used [0x00000000feb00000,0x00000000ffb00000,0x00000000ffb00000)
  from space 2560K, 99% used [0x00000000ffb00000,0x00000000ffd7c020,0x00000000ffd80000)
  to   space 2560K, 0% used [0x00000000ffd80000,0x00000000ffd80000,0x0000000100000000)
 ParOldGen       total 44032K, used 1598K [0x00000000fc000000, 0x00000000feb00000, 0x00000000feb00000)
  object space 44032K, 3% used [0x00000000fc000000,0x00000000fc18fbc8,0x00000000feb00000)
 Metaspace       used 7482K, capacity 7640K, committed 7936K, reserved 1056768K
  class space    used 871K, capacity 956K, committed 1024K, reserved 1048576K
Event: 17.891 GC heap after
Heap after GC invocations=2 (full 0):
 PSYoungGen      total 18944K, used 2537K [0x00000000feb00000, 0x0000000100000000, 0x0000000100000000)
  eden space 16384K, 0% used [0x00000000feb00000,0x00000000feb00000,0x00000000ffb00000)
  from space 2560K, 99% used [0x00000000ffd80000,0x00000000ffffa7f0,0x0000000100000000)
  to   space 2560K, 0% used [0x00000000ffb00000,0x00000000ffb00000,0x00000000ffd80000)
 ParOldGen       total 44032K, used 5012K [0x00000000fc000000, 0x00000000feb00000, 0x00000000feb00000)
  object space 44032K, 11% used [0x00000000fc000000,0x00000000fc4e5168,0x00000000feb00000)
 Metaspace       used 7482K, capacity 7640K, committed 7936K, reserved 1056768K
  class space    used 871K, capacity 956K, committed 1024K, reserved 1048576K
}

Deoptimization events (10 events):
Event: 16.463 Thread 0x000000000233a000 Uncommon trap: reason=unstable_if action=reinterpret pc=0x0000000002b696fc method=java.util.HashMap$HashIterator.nextNode()Ljava/util/HashMap$Node; @ 74
Event: 17.268 Thread 0x000000000233a000 Uncommon trap: reason=unloaded action=reinterpret pc=0x0000000002b49034 method=java.util.zip.ZipEntry.setExtra0([BZ)V @ 37
Event: 17.541 Thread 0x000000000233a000 Uncommon trap: reason=unstable_if action=reinterpret pc=0x0000000002b09f9c method=java.lang.String.<init>([CII)V @ 18
Event: 18.338 Thread 0x000000000233a000 Uncommon trap: reason=unstable_if action=reinterpret pc=0x0000000002c44b70 method=org.objectweb.asm.Item.a(Lorg/objectweb/asm/Item;)Z @ 345
Event: 20.226 Thread 0x000000000233a000 Uncommon trap: reason=unstable_if action=reinterpret pc=0x0000000002ca7cbc method=org.objectweb.asm.Type.getArgumentsAndReturnSizes(Ljava/lang/String;)I @ 47
Event: 20.226 Thread 0x000000000233a000 Uncommon trap: reason=unstable_if action=reinterpret pc=0x0000000002c896e8 method=org.objectweb.asm.MethodWriter.visitVarInsn(II)V @ 142
Event: 20.226 Thread 0x000000000233a000 Uncommon trap: reason=unstable_if action=reinterpret pc=0x0000000002c53350 method=org.objectweb.asm.MethodWriter.visitVarInsn(II)V @ 130
Event: 20.226 Thread 0x000000000233a000 Uncommon trap: reason=unstable_if action=reinterpret pc=0x0000000002c68c1c method=org.objectweb.asm.Type.getArgumentsAndReturnSizes(Ljava/lang/String;)I @ 136
Event: 20.262 Thread 0x000000000233a000 Uncommon trap: reason=unstable_if action=reinterpret pc=0x0000000002bf8ef4 method=org.objectweb.asm.ClassReader.a(II[C)Ljava/lang/String; @ 77
Event: 20.263 Thread 0x000000000233a000 Uncommon trap: reason=unstable_if action=reinterpret pc=0x0000000002c5f668 method=org.objectweb.asm.ByteVector.putUTF8(Ljava/lang/String;)Lorg/objectweb/asm/ByteVector; @ 98

Classes redefined (0 events):
No events

Internal exceptions (10 events):
Event: 16.461 Thread 0x000000000233a000 Exception <a 'sun/nio/fs/WindowsException'> (0x00000000ff146378) thrown at [D:\src\AOSP-openjdk-cygwin\jdk8u\hotspot\src\share\vm\prims\jni.cpp, line 709]
Event: 16.461 Thread 0x000000000233a000 Exception <a 'sun/nio/fs/WindowsException'> (0x00000000ff146920) thrown at [D:\src\AOSP-openjdk-cygwin\jdk8u\hotspot\src\share\vm\prims\jni.cpp, line 709]
Event: 16.462 Thread 0x000000000233a000 Exception <a 'sun/nio/fs/WindowsException'> (0x00000000ff1470d0) thrown at [D:\src\AOSP-openjdk-cygwin\jdk8u\hotspot\src\share\vm\prims\jni.cpp, line 709]
Event: 16.547 Thread 0x000000000233a000 Exception <a 'sun/nio/fs/WindowsException'> (0x00000000ff14c450) thrown at [D:\src\AOSP-openjdk-cygwin\jdk8u\hotspot\src\share\vm\prims\jni.cpp, line 709]
Event: 17.292 Thread 0x000000000233a000 Exception <a 'sun/nio/fs/WindowsException'> (0x00000000ff58e028) thrown at [D:\src\AOSP-openjdk-cygwin\jdk8u\hotspot\src\share\vm\prims\jni.cpp, line 709]
Event: 17.292 Thread 0x000000000233a000 Exception <a 'sun/nio/fs/WindowsException'> (0x00000000ff58e5d0) thrown at [D:\src\AOSP-openjdk-cygwin\jdk8u\hotspot\src\share\vm\prims\jni.cpp, line 709]
Event: 17.701 Thread 0x000000000233a000 Exception <a 'sun/nio/fs/WindowsException'> (0x00000000ff817d00) thrown at [D:\src\AOSP-openjdk-cygwin\jdk8u\hotspot\src\share\vm\prims\jni.cpp, line 709]
Event: 17.702 Thread 0x000000000233a000 Exception <a 'sun/nio/fs/WindowsException'> (0x00000000ff818228) thrown at [D:\src\AOSP-openjdk-cygwin\jdk8u\hotspot\src\share\vm\prims\jni.cpp, line 709]
Event: 18.705 Thread 0x000000000233a000 Exception <a 'sun/nio/fs/WindowsException'> (0x00000000fedb36f0) thrown at [D:\src\AOSP-openjdk-cygwin\jdk8u\hotspot\src\share\vm\prims\jni.cpp, line 709]
Event: 18.705 Thread 0x000000000233a000 Exception <a 'sun/nio/fs/WindowsException'> (0x00000000fedb3c18) thrown at [D:\src\AOSP-openjdk-cygwin\jdk8u\hotspot\src\share\vm\prims\jni.cpp, line 709]

Events (10 events):
Event: 20.226 Thread 0x000000000233a000 DEOPT UNPACKING pc=0x000000000298556a sp=0x000000000266ebd0 mode 2
Event: 20.226 Thread 0x000000000233a000 Uncommon trap: trap_request=0xffffff65 fr.pc=0x0000000002c68c1c
Event: 20.226 Thread 0x000000000233a000 DEOPT PACKING pc=0x0000000002c68c1c sp=0x000000000266ea50
Event: 20.226 Thread 0x000000000233a000 DEOPT UNPACKING pc=0x000000000298556a sp=0x000000000266e9e0 mode 2
Event: 20.262 Thread 0x000000000233a000 Uncommon trap: trap_request=0xffffff65 fr.pc=0x0000000002bf8ef4
Event: 20.262 Thread 0x000000000233a000 DEOPT PACKING pc=0x0000000002bf8ef4 sp=0x000000000266ece0
Event: 20.262 Thread 0x000000000233a000 DEOPT UNPACKING pc=0x000000000298556a sp=0x000000000266ebf8 mode 2
Event: 20.263 Thread 0x000000000233a000 Uncommon trap: trap_request=0xffffff65 fr.pc=0x0000000002c5f668
Event: 20.263 Thread 0x000000000233a000 DEOPT PACKING pc=0x0000000002c5f668 sp=0x000000000266ea30
Event: 20.263 Thread 0x000000000233a000 DEOPT UNPACKING pc=0x000000000298556a sp=0x000000000266e980 mode 2


Dynamic libraries:
0x000000013f790000 - 0x000000013f7c1000 	D:\Program files\Android\Android Studio\jre\bin\java.exe
0x0000000076de0000 - 0x0000000076f89000 	C:\Windows\SYSTEM32\ntdll.dll
0x0000000076bc0000 - 0x0000000076cdf000 	C:\Windows\system32\kernel32.dll
0x000007fefcc80000 - 0x000007fefccec000 	C:\Windows\system32\KERNELBASE.dll
0x000007fefe5d0000 - 0x000007fefe6ab000 	C:\Windows\system32\ADVAPI32.dll
0x000007fefe050000 - 0x000007fefe0ef000 	C:\Windows\system32\msvcrt.dll
0x000007fefecc0000 - 0x000007fefecdf000 	C:\Windows\SYSTEM32\sechost.dll
0x000007fefe2f0000 - 0x000007fefe41d000 	C:\Windows\system32\RPCRT4.dll
0x0000000076ce0000 - 0x0000000076dda000 	C:\Windows\system32\USER32.dll
0x000007fefcfb0000 - 0x000007fefd017000 	C:\Windows\system32\GDI32.dll
0x000007fefe040000 - 0x000007fefe04e000 	C:\Windows\system32\LPK.dll
0x000007fefe820000 - 0x000007fefe8e9000 	C:\Windows\system32\USP10.dll
0x000007fefb4d0000 - 0x000007fefb6c4000 	C:\Windows\WinSxS\amd64_microsoft.windows.common-controls_6595b64144ccf1df_6.0.7601.17514_none_fa396087175ac9ac\COMCTL32.dll
0x000007fefeb30000 - 0x000007fefeba1000 	C:\Windows\system32\SHLWAPI.dll
0x000007fefebb0000 - 0x000007fefebde000 	C:\Windows\system32\IMM32.DLL
0x000007fefe4c0000 - 0x000007fefe5c9000 	C:\Windows\system32\MSCTF.dll
0x000007fefcb20000 - 0x000007fefcb5c000 	C:\Windows\system32\nvinitx.dll
0x000000006dfe0000 - 0x000000006e0b2000 	D:\Program files\Android\Android Studio\jre\jre\bin\msvcr100.dll
0x000000006ac00000 - 0x000000006b43e000 	D:\Program files\Android\Android Studio\jre\jre\bin\server\jvm.dll
0x000007fef92d0000 - 0x000007fef92d9000 	C:\Windows\system32\WSOCK32.dll
0x000007fefece0000 - 0x000007fefed2d000 	C:\Windows\system32\WS2_32.dll
0x000007fefee30000 - 0x000007fefee38000 	C:\Windows\system32\NSI.dll
0x000007fefab60000 - 0x000007fefab9b000 	C:\Windows\system32\WINMM.dll
0x000007fefbb60000 - 0x000007fefbb6c000 	C:\Windows\system32\VERSION.dll
0x0000000076fa0000 - 0x0000000076fa7000 	C:\Windows\system32\PSAPI.DLL
0x000007fef66b0000 - 0x000007fef66bf000 	D:\Program files\Android\Android Studio\jre\jre\bin\verify.dll
0x000007feec700000 - 0x000007feec729000 	D:\Program files\Android\Android Studio\jre\jre\bin\java.dll
0x000007feecb80000 - 0x000007feecb96000 	D:\Program files\Android\Android Studio\jre\jre\bin\zip.dll
0x000007fefd2b0000 - 0x000007fefe038000 	C:\Windows\system32\SHELL32.dll
0x000007fefd020000 - 0x000007fefd223000 	C:\Windows\system32\ole32.dll
0x000007fefcc00000 - 0x000007fefcc0f000 	C:\Windows\system32\profapi.dll
0x000007fefc3b0000 - 0x000007fefc3c7000 	C:\Windows\system32\CRYPTSP.dll
0x000007fefc0b0000 - 0x000007fefc0f7000 	C:\Windows\system32\rsaenh.dll
0x000007fefcc60000 - 0x000007fefcc7e000 	C:\Windows\system32\USERENV.dll
0x000007fefca10000 - 0x000007fefca1f000 	C:\Windows\system32\CRYPTBASE.dll
0x000007feec6e0000 - 0x000007feec6fa000 	D:\Program files\Android\Android Studio\jre\jre\bin\net.dll
0x000007fefc350000 - 0x000007fefc3a5000 	C:\Windows\system32\mswsock.dll
0x000007fefc340000 - 0x000007fefc347000 	C:\Windows\System32\wship6.dll
0x000007fefa1a0000 - 0x000007fefa1c7000 	C:\Windows\system32\IPHLPAPI.DLL
0x000007fefa190000 - 0x000007fefa19b000 	C:\Windows\system32\WINNSI.DLL
0x000007fef9900000 - 0x000007fef9911000 	C:\Windows\system32\dhcpcsvc6.DLL
0x000007fef98e0000 - 0x000007fef98f8000 	C:\Windows\system32\dhcpcsvc.DLL
0x000007feec6c0000 - 0x000007feec6d1000 	D:\Program files\Android\Android Studio\jre\jre\bin\nio.dll

VM Arguments:
jvm_args: -Djava.awt.headless=true -Xmx64M -Dfile.encoding=windows-1251 -Duser.country=RU -Duser.language=ru -Duser.variant 
java_command: com.google.devtools.build.android.desugar.Desugar --input C:\Users\KING\Desktop\Android\study\3\RecordBook\app\build\intermediates\transforms\stackFramesFixer\debug\17.jar --output C:\Users\KING\Desktop\Android\study\3\RecordBook\app\build\intermediates\transforms\desugar\debug\16.jar --input C:\Users\KING\Desktop\Android\study\3\RecordBook\app\build\intermediates\transforms\stackFramesFixer\debug\31.jar --output C:\Users\KING\Desktop\Android\study\3\RecordBook\app\build\intermediates\transforms\desugar\debug\24.jar --input C:\Users\KING\Desktop\Android\study\3\RecordBook\app\build\intermediates\transforms\stackFramesFixer\debug\44.jar --output C:\Users\KING\Desktop\Android\study\3\RecordBook\app\build\intermediates\transforms\desugar\debug\31.jar --input C:\Users\KING\Desktop\Android\study\3\RecordBook\app\build\intermediates\transforms\stackFramesFixer\debug\27.jar --output C:\Users\KING\Desktop\Android\study\3\RecordBook\app\build\intermediates\transforms\desugar\debug\20.jar --classpath_entry C:\Users\KING\Desktop\Android\study\3\RecordBook\app\build\intermediates\classes\debug --classpath_entry C:\Users\KING\Desktop\Android\study\3\RecordBook\app\build\intermediates\transforms\stackFramesFixer\debug\0.jar --classpath_entry C:\Users\KING\Desktop\Android\study\3\RecordBook\app\build\intermediates\transforms\stackFramesFixer\debug\1.jar --classpath_entry C:\Users\KING\Desktop\Android\study\3\RecordBook\app\build\intermediates\transforms\stackFramesFixer\debug\2.jar --classpath_entry C:\Users\KING\Desktop\Android\study\3\RecordBook\app\build\intermediates\transforms\stackFramesFixer\debug\3.jar --classpath_entry C:\Users\KING\Desktop\Android\study\3\RecordBook\app\build\intermediates\transforms\stackFramesFixer\debug\4.jar --classpath_entry C:\Users\KING\Desktop\Android\study\3\RecordBook\app\build\intermediates\transforms\stackFramesFixer\debug\5.jar --classpath_entry C:\Users\KING\Desktop\Android\study\3\RecordBook\app\build\intermediates\transfor
java_class_path (initial): C:\Users\KING\AppData\Local\Temp\desugar_deploy.jar7421709963918403138
Launcher Type: SUN_STANDARD

Environment Variables:
PATH=C:\ProgramData\Oracle\Java\javapath;C:\Windows\system32;C:\Windows;C:\Windows\System32\Wbem;C:\Windows\System32\WindowsPowerShell\v1.0\;C:\Program Files (x86)\NVIDIA Corporation\PhysX\Common;C:\Users\KING\.dnx\bin;C:\Program Files\Microsoft DNX\Dnvm\;C:\Program Files\Microsoft SQL Server\130\Tools\Binn\;C:\Program Files (x86)\sbt\\bin;C:\Program Files (x86)\Rational\common;C:\Program Files (x86)\Skype\Phone\;C:\Program Files (x86)\PostgreSQL\9.6\bin;C:\Program Files (x86)\PostgreSQL\9.6\lib;C:\Program Files (x86)\PostgreSQL\9.6\include;C:\Program Files\Microsoft SQL Server\110\Tools\Binn\;C:\Program Files (x86)\Brackets\command;C:\adb;C:\xampp\php;C:\ProgramData\ComposerSetup\bin;C:\Users\KING\AppData\Roaming\Composer\vendor\bin
USERNAME=KING
OS=Windows_NT
PROCESSOR_IDENTIFIER=Intel64 Family 6 Model 42 Stepping 7, GenuineIntel



---------------  S Y S T E M  ---------------

OS: Windows 7 , 64 bit Build 7601 (6.1.7601.18409)

CPU:total 8 (initial active 8) (4 cores per cpu, 2 threads per core) family 6 model 42 stepping 7, cmov, cx8, fxsr, mmx, sse, sse2, sse3, ssse3, sse4.1, sse4.2, popcnt, avx, clmul, ht, tsc, tscinvbit

Memory: 4k page, physical 8298260k(355516k free), swap 12392396k(4000k free)

vm_info: OpenJDK 64-Bit Server VM (25.152-b01) for windows-amd64 JRE (1.8.0_152-release-915-b01), built by "builder" with MS VC++ 10.0 (VS2010)

time: Sun Jul 01 19:41:26 2018
elapsed time: 20 seconds (0d 0h 0m 20s)

