#
# There is insufficient memory for the Java Runtime Environment to continue.
# Native memory allocation (malloc) failed to allocate 872816 bytes for Chunk::new
# Possible reasons:
#   The system is out of physical RAM or swap space
#   In 32 bit mode, the process size limit was hit
# Possible solutions:
#   Reduce memory load on the system
#   Increase physical memory or swap space
#   Check if swap backing store is full
#   Use 64 bit Java on a 64 bit OS
#   Decrease Java heap size (-Xmx/-Xms)
#   Decrease number of Java threads
#   Decrease Java thread stack sizes (-Xss)
#   Set larger code cache with -XX:ReservedCodeCacheSize=
# This output file may be truncated or incomplete.
#
#  Out of Memory Error (allocation.cpp:390), pid=12752, tid=0x0000000000003b0c
#
# JRE version: OpenJDK Runtime Environment (8.0_152-b01) (build 1.8.0_152-release-915-b01)
# Java VM: OpenJDK 64-Bit Server VM (25.152-b01 mixed mode windows-amd64 compressed oops)
# Failed to write core dump. Minidumps are not enabled by default on client versions of Windows
#

---------------  T H R E A D  ---------------

Current thread (0x00000000546ff000):  JavaThread "C2 CompilerThread2" daemon [_thread_in_native, id=15116, stack(0x0000000055f30000,0x0000000056030000)]

Stack: [0x0000000055f30000,0x0000000056030000]
[error occurred during error reporting (printing stack bounds), id 0xc0000005]

Native frames: (J=compiled Java code, j=interpreted, Vv=VM code, C=native code)


Current CompileTask:
C2:   6229  788       4       org.objectweb.asm.ClassReader::a (3587 bytes)


---------------  P R O C E S S  ---------------

Java Threads: ( => current thread )
  0x0000000054759000 JavaThread "Service Thread" daemon [_thread_blocked, id=10288, stack(0x00000000562b0000,0x00000000563b0000)]
  0x0000000054722000 JavaThread "C1 CompilerThread3" daemon [_thread_blocked, id=10624, stack(0x00000000557b0000,0x00000000558b0000)]
=>0x00000000546ff000 JavaThread "C2 CompilerThread2" daemon [_thread_in_native, id=15116, stack(0x0000000055f30000,0x0000000056030000)]
  0x00000000546e8000 JavaThread "C2 CompilerThread1" daemon [_thread_blocked, id=544, stack(0x00000000560b0000,0x00000000561b0000)]
  0x000000005373b000 JavaThread "C2 CompilerThread0" daemon [_thread_blocked, id=13864, stack(0x0000000055cd0000,0x0000000055dd0000)]
  0x00000000546d9800 JavaThread "Attach Listener" daemon [_thread_blocked, id=14168, stack(0x0000000055e20000,0x0000000055f20000)]
  0x00000000546d7000 JavaThread "Signal Dispatcher" daemon [_thread_blocked, id=15120, stack(0x0000000055ba0000,0x0000000055ca0000)]
  0x000000005372f800 JavaThread "Finalizer" daemon [_thread_blocked, id=8356, stack(0x0000000055a90000,0x0000000055b90000)]
  0x0000000053728000 JavaThread "Reference Handler" daemon [_thread_blocked, id=15144, stack(0x00000000558b0000,0x00000000559b0000)]
  0x00000000022fa000 JavaThread "main" [_thread_in_Java, id=13936, stack(0x0000000002560000,0x0000000002660000)]

Other Threads:
  0x000000005371f000 VMThread [stack: 0x0000000055670000,0x0000000055770000] [id=9160]
  0x000000005475b000 WatcherThread [stack: 0x0000000056540000,0x0000000056640000] [id=2992]

VM state:not at safepoint (normal execution)

VM Mutex/Monitor currently owned by a thread: None

Heap:
 PSYoungGen      total 18944K, used 18450K [0x00000000feb00000, 0x0000000100000000, 0x0000000100000000)
  eden space 16384K, 97% used [0x00000000feb00000,0x00000000ffa88948,0x00000000ffb00000)
  from space 2560K, 99% used [0x00000000ffb00000,0x00000000ffd7c020,0x00000000ffd80000)
  to   space 2560K, 0% used [0x00000000ffd80000,0x00000000ffd80000,0x0000000100000000)
 ParOldGen       total 44032K, used 1576K [0x00000000fc000000, 0x00000000feb00000, 0x00000000feb00000)
  object space 44032K, 3% used [0x00000000fc000000,0x00000000fc18a2f8,0x00000000feb00000)
 Metaspace       used 7447K, capacity 7640K, committed 7936K, reserved 1056768K
  class space    used 871K, capacity 956K, committed 1024K, reserved 1048576K

Card table byte_map: [0x00000000002a0000,0x00000000002d0000] byte_map_base: 0xffffffffffac0000

Marking Bits: (ParMarkBitMap*) 0x000000006b3c3950
 Begin Bits: [0x0000000012b40000, 0x0000000012c40000)
 End Bits:   [0x0000000012c40000, 0x0000000012d40000)

Polling page: 0x0000000000240000

CodeCache: size=245760Kb used=3070Kb max_used=3076Kb free=242689Kb
 bounds [0x0000000002930000, 0x0000000002c40000, 0x0000000011930000]
 total_blobs=1117 nmethods=786 adapters=245
 compilation: enabled

Compilation events (10 events):
Event: 6.007 Thread 0x00000000546ff000 nmethod 779 0x0000000002c006d0 code [0x0000000002c00800, 0x0000000002c00898]
Event: 6.007 Thread 0x00000000546ff000  783       4       org.objectweb.asm.Item::<init> (66 bytes)
Event: 6.008 Thread 0x00000000546ff000 nmethod 783 0x0000000002c22250 code [0x0000000002c22380, 0x0000000002c22438]
Event: 6.010 Thread 0x000000005373b000 nmethod 784 0x0000000002c249d0 code [0x0000000002c24b40, 0x0000000002c24ed8]
Event: 6.010 Thread 0x0000000054722000  786       3       org.objectweb.asm.ClassReader::accept (1176 bytes)
Event: 6.010 Thread 0x00000000546ff000  788       4       org.objectweb.asm.ClassReader::a (3587 bytes)
Event: 6.018 Thread 0x0000000054722000 nmethod 786 0x0000000002c25190 code [0x0000000002c258c0, 0x0000000002c2be48]
Event: 6.018 Thread 0x0000000054722000  787       3       org.objectweb.asm.ClassReader::a (133 bytes)
Event: 6.019 Thread 0x0000000054722000 nmethod 787 0x0000000002c20d50 code [0x0000000002c20f40, 0x0000000002c21af8]
Event: 6.023 Thread 0x00000000546e8000 nmethod 773 0x0000000002c31b50 code [0x0000000002c31d40, 0x0000000002c32970]

GC Heap History (2 events):
Event: 3.691 GC heap before
{Heap before GC invocations=1 (full 0):
 PSYoungGen      total 18944K, used 16384K [0x00000000feb00000, 0x0000000100000000, 0x0000000100000000)
  eden space 16384K, 100% used [0x00000000feb00000,0x00000000ffb00000,0x00000000ffb00000)
  from space 2560K, 0% used [0x00000000ffd80000,0x00000000ffd80000,0x0000000100000000)
  to   space 2560K, 0% used [0x00000000ffb00000,0x00000000ffb00000,0x00000000ffd80000)
 ParOldGen       total 44032K, used 0K [0x00000000fc000000, 0x00000000feb00000, 0x00000000feb00000)
  object space 44032K, 0% used [0x00000000fc000000,0x00000000fc000000,0x00000000feb00000)
 Metaspace       used 6467K, capacity 6666K, committed 6784K, reserved 1056768K
  class space    used 768K, capacity 823K, committed 896K, reserved 1048576K
Event: 3.815 GC heap after
Heap after GC invocations=1 (full 0):
 PSYoungGen      total 18944K, used 2544K [0x00000000feb00000, 0x0000000100000000, 0x0000000100000000)
  eden space 16384K, 0% used [0x00000000feb00000,0x00000000feb00000,0x00000000ffb00000)
  from space 2560K, 99% used [0x00000000ffb00000,0x00000000ffd7c020,0x00000000ffd80000)
  to   space 2560K, 0% used [0x00000000ffd80000,0x00000000ffd80000,0x0000000100000000)
 ParOldGen       total 44032K, used 1576K [0x00000000fc000000, 0x00000000feb00000, 0x00000000feb00000)
  object space 44032K, 3% used [0x00000000fc000000,0x00000000fc18a2f8,0x00000000feb00000)
 Metaspace       used 6467K, capacity 6666K, committed 6784K, reserved 1056768K
  class space    used 768K, capacity 823K, committed 896K, reserved 1048576K
}

Deoptimization events (10 events):
Event: 3.592 Thread 0x00000000022fa000 Uncommon trap: reason=unstable_if action=reinterpret pc=0x0000000002b1936c method=java.util.zip.ZipCoder.decoder()Ljava/nio/charset/CharsetDecoder; @ 4
Event: 3.592 Thread 0x00000000022fa000 Uncommon trap: reason=unstable_if action=reinterpret pc=0x0000000002b0eb88 method=java.util.zip.ZipEntry.setExtra0([BZ)V @ 1
Event: 3.596 Thread 0x00000000022fa000 Uncommon trap: reason=unstable_if action=reinterpret pc=0x0000000002b1e6b8 method=java.util.zip.ZipFile$ZipEntryIterator.hasNext()Z @ 25
Event: 3.598 Thread 0x00000000022fa000 Uncommon trap: reason=unstable_if action=reinterpret pc=0x0000000002b20848 method=java.util.zip.ZipFile$ZipEntryIterator.hasNext()Z @ 25
Event: 3.599 Thread 0x00000000022fa000 Uncommon trap: reason=unstable_if action=reinterpret pc=0x0000000002b24e34 method=java.util.zip.ZipCoder.decoder()Ljava/nio/charset/CharsetDecoder; @ 4
Event: 3.849 Thread 0x00000000022fa000 Uncommon trap: reason=unstable_if action=reinterpret pc=0x0000000002b2c18c method=java.util.zip.ZipCoder.decoder()Ljava/nio/charset/CharsetDecoder; @ 4
Event: 3.857 Thread 0x00000000022fa000 Uncommon trap: reason=unstable_if action=reinterpret pc=0x0000000002b2ebe8 method=java.util.zip.ZipCoder.decoder()Ljava/nio/charset/CharsetDecoder; @ 4
Event: 3.867 Thread 0x00000000022fa000 Uncommon trap: reason=unstable_if action=reinterpret pc=0x0000000002b19f44 method=java.util.HashMap$HashIterator.hasNext()Z @ 4
Event: 5.472 Thread 0x00000000022fa000 Uncommon trap: reason=unloaded action=reinterpret pc=0x0000000002b268f4 method=java.util.zip.ZipEntry.setExtra0([BZ)V @ 37
Event: 5.665 Thread 0x00000000022fa000 Uncommon trap: reason=unstable_if action=reinterpret pc=0x0000000002b01bdc method=java.lang.String.<init>([CII)V @ 18

Classes redefined (0 events):
No events

Internal exceptions (10 events):
Event: 5.071 Thread 0x00000000022fa000 Exception <a 'sun/nio/fs/WindowsException'> (0x00000000ff148d60) thrown at [D:\src\AOSP-openjdk-cygwin\jdk8u\hotspot\src\share\vm\prims\jni.cpp, line 709]
Event: 5.071 Thread 0x00000000022fa000 Exception <a 'sun/nio/fs/WindowsException'> (0x00000000ff149308) thrown at [D:\src\AOSP-openjdk-cygwin\jdk8u\hotspot\src\share\vm\prims\jni.cpp, line 709]
Event: 5.071 Thread 0x00000000022fa000 Exception <a 'sun/nio/fs/WindowsException'> (0x00000000ff149ab8) thrown at [D:\src\AOSP-openjdk-cygwin\jdk8u\hotspot\src\share\vm\prims\jni.cpp, line 709]
Event: 5.081 Thread 0x00000000022fa000 Exception <a 'sun/nio/fs/WindowsException'> (0x00000000ff14ee38) thrown at [D:\src\AOSP-openjdk-cygwin\jdk8u\hotspot\src\share\vm\prims\jni.cpp, line 709]
Event: 5.502 Thread 0x00000000022fa000 Exception <a 'sun/nio/fs/WindowsException'> (0x00000000ff58c570) thrown at [D:\src\AOSP-openjdk-cygwin\jdk8u\hotspot\src\share\vm\prims\jni.cpp, line 709]
Event: 5.503 Thread 0x00000000022fa000 Exception <a 'sun/nio/fs/WindowsException'> (0x00000000ff58cb18) thrown at [D:\src\AOSP-openjdk-cygwin\jdk8u\hotspot\src\share\vm\prims\jni.cpp, line 709]
Event: 5.656 Thread 0x00000000022fa000 Exception <a 'sun/nio/fs/WindowsException'> (0x00000000ff724d18) thrown at [D:\src\AOSP-openjdk-cygwin\jdk8u\hotspot\src\share\vm\prims\jni.cpp, line 709]
Event: 5.657 Thread 0x00000000022fa000 Exception <a 'sun/nio/fs/WindowsException'> (0x00000000ff725240) thrown at [D:\src\AOSP-openjdk-cygwin\jdk8u\hotspot\src\share\vm\prims\jni.cpp, line 709]
Event: 5.818 Thread 0x00000000022fa000 Exception <a 'sun/nio/fs/WindowsException'> (0x00000000ff824e88) thrown at [D:\src\AOSP-openjdk-cygwin\jdk8u\hotspot\src\share\vm\prims\jni.cpp, line 709]
Event: 5.818 Thread 0x00000000022fa000 Exception <a 'sun/nio/fs/WindowsException'> (0x00000000ff8253b0) thrown at [D:\src\AOSP-openjdk-cygwin\jdk8u\hotspot\src\share\vm\prims\jni.cpp, line 709]

Events (10 events):
Event: 5.630 loading class sun/util/calendar/CalendarDate done
Event: 5.630 loading class sun/util/calendar/BaseCalendar$Date done
Event: 5.630 loading class sun/util/calendar/Gregorian$Date done
Event: 5.630 loading class sun/util/calendar/CalendarUtils
Event: 5.630 loading class sun/util/calendar/CalendarUtils done
Event: 5.652 loading class java/util/Vector$Itr
Event: 5.652 loading class java/util/Vector$Itr done
Event: 5.665 Thread 0x00000000022fa000 Uncommon trap: trap_request=0xffffff65 fr.pc=0x0000000002b01bdc
Event: 5.665 Thread 0x00000000022fa000 DEOPT PACKING pc=0x0000000002b01bdc sp=0x000000000265ee20
Event: 5.665 Thread 0x00000000022fa000 DEOPT UNPACKING pc=0x000000000297556a sp=0x000000000265ede8 mode 2


Dynamic libraries:
0x000000013f790000 - 0x000000013f7c1000 	D:\Program files\Android\Android Studio\jre\bin\java.exe
0x0000000076de0000 - 0x0000000076f89000 	C:\Windows\SYSTEM32\ntdll.dll
0x0000000076bc0000 - 0x0000000076cdf000 	C:\Windows\system32\kernel32.dll
0x000007fefcc80000 - 0x000007fefccec000 	C:\Windows\system32\KERNELBASE.dll
0x000007fefe5d0000 - 0x000007fefe6ab000 	C:\Windows\system32\ADVAPI32.dll
0x000007fefe050000 - 0x000007fefe0ef000 	C:\Windows\system32\msvcrt.dll
0x000007fefecc0000 - 0x000007fefecdf000 	C:\Windows\SYSTEM32\sechost.dll
0x000007fefe2f0000 - 0x000007fefe41d000 	C:\Windows\system32\RPCRT4.dll
0x0000000076ce0000 - 0x0000000076dda000 	C:\Windows\system32\USER32.dll
0x000007fefcfb0000 - 0x000007fefd017000 	C:\Windows\system32\GDI32.dll
0x000007fefe040000 - 0x000007fefe04e000 	C:\Windows\system32\LPK.dll
0x000007fefe820000 - 0x000007fefe8e9000 	C:\Windows\system32\USP10.dll
0x000007fefb4d0000 - 0x000007fefb6c4000 	C:\Windows\WinSxS\amd64_microsoft.windows.common-controls_6595b64144ccf1df_6.0.7601.17514_none_fa396087175ac9ac\COMCTL32.dll
0x000007fefeb30000 - 0x000007fefeba1000 	C:\Windows\system32\SHLWAPI.dll
0x000007fefebb0000 - 0x000007fefebde000 	C:\Windows\system32\IMM32.DLL
0x000007fefe4c0000 - 0x000007fefe5c9000 	C:\Windows\system32\MSCTF.dll
0x000007fefcb20000 - 0x000007fefcb5c000 	C:\Windows\system32\nvinitx.dll
0x000000006dfe0000 - 0x000000006e0b2000 	D:\Program files\Android\Android Studio\jre\jre\bin\msvcr100.dll
0x000000006ac00000 - 0x000000006b43e000 	D:\Program files\Android\Android Studio\jre\jre\bin\server\jvm.dll
0x000007fef92d0000 - 0x000007fef92d9000 	C:\Windows\system32\WSOCK32.dll
0x000007fefece0000 - 0x000007fefed2d000 	C:\Windows\system32\WS2_32.dll
0x000007fefee30000 - 0x000007fefee38000 	C:\Windows\system32\NSI.dll
0x000007fefab60000 - 0x000007fefab9b000 	C:\Windows\system32\WINMM.dll
0x000007fefbb60000 - 0x000007fefbb6c000 	C:\Windows\system32\VERSION.dll
0x0000000076fa0000 - 0x0000000076fa7000 	C:\Windows\system32\PSAPI.DLL
0x000007fef66b0000 - 0x000007fef66bf000 	D:\Program files\Android\Android Studio\jre\jre\bin\verify.dll
0x000007feec700000 - 0x000007feec729000 	D:\Program files\Android\Android Studio\jre\jre\bin\java.dll
0x000007feecb80000 - 0x000007feecb96000 	D:\Program files\Android\Android Studio\jre\jre\bin\zip.dll
0x000007fefd2b0000 - 0x000007fefe038000 	C:\Windows\system32\SHELL32.dll
0x000007fefd020000 - 0x000007fefd223000 	C:\Windows\system32\ole32.dll
0x000007fefcc00000 - 0x000007fefcc0f000 	C:\Windows\system32\profapi.dll
0x000007fefc3b0000 - 0x000007fefc3c7000 	C:\Windows\system32\CRYPTSP.dll
0x000007fefc0b0000 - 0x000007fefc0f7000 	C:\Windows\system32\rsaenh.dll
0x000007fefcc60000 - 0x000007fefcc7e000 	C:\Windows\system32\USERENV.dll
0x000007fefca10000 - 0x000007fefca1f000 	C:\Windows\system32\CRYPTBASE.dll
0x000007feec6e0000 - 0x000007feec6fa000 	D:\Program files\Android\Android Studio\jre\jre\bin\net.dll
0x000007fefc350000 - 0x000007fefc3a5000 	C:\Windows\system32\mswsock.dll
0x000007fefc340000 - 0x000007fefc347000 	C:\Windows\System32\wship6.dll
0x000007fefa1a0000 - 0x000007fefa1c7000 	C:\Windows\system32\IPHLPAPI.DLL
0x000007fefa190000 - 0x000007fefa19b000 	C:\Windows\system32\WINNSI.DLL
0x000007fef9900000 - 0x000007fef9911000 	C:\Windows\system32\dhcpcsvc6.DLL
0x000007fef98e0000 - 0x000007fef98f8000 	C:\Windows\system32\dhcpcsvc.DLL
0x000007feec6c0000 - 0x000007feec6d1000 	D:\Program files\Android\Android Studio\jre\jre\bin\nio.dll

VM Arguments:
jvm_args: -Djava.awt.headless=true -Xmx64M -Dfile.encoding=windows-1251 -Duser.country=RU -Duser.language=ru -Duser.variant 
java_command: com.google.devtools.build.android.desugar.Desugar --input C:\Users\KING\Desktop\Android\study\3\RecordBook\app\build\intermediates\transforms\stackFramesFixer\debug\34.jar --output C:\Users\KING\Desktop\Android\study\3\RecordBook\app\build\intermediates\transforms\desugar\debug\35.jar --input C:\Users\KING\Desktop\Android\study\3\RecordBook\app\build\intermediates\transforms\stackFramesFixer\debug\9.jar --output C:\Users\KING\Desktop\Android\study\3\RecordBook\app\build\intermediates\transforms\desugar\debug\10.jar --input C:\Users\KING\Desktop\Android\study\3\RecordBook\app\build\intermediates\transforms\stackFramesFixer\debug\1.jar --output C:\Users\KING\Desktop\Android\study\3\RecordBook\app\build\intermediates\transforms\desugar\debug\2.jar --input C:\Users\KING\Desktop\Android\study\3\RecordBook\app\build\intermediates\transforms\stackFramesFixer\debug\11.jar --output C:\Users\KING\Desktop\Android\study\3\RecordBook\app\build\intermediates\transforms\desugar\debug\12.jar --classpath_entry C:\Users\KING\Desktop\Android\study\3\RecordBook\app\build\intermediates\classes\debug --classpath_entry C:\Users\KING\Desktop\Android\study\3\RecordBook\app\build\intermediates\transforms\stackFramesFixer\debug\0.jar --classpath_entry C:\Users\KING\Desktop\Android\study\3\RecordBook\app\build\intermediates\transforms\stackFramesFixer\debug\1.jar --classpath_entry C:\Users\KING\Desktop\Android\study\3\RecordBook\app\build\intermediates\transforms\stackFramesFixer\debug\2.jar --classpath_entry C:\Users\KING\Desktop\Android\study\3\RecordBook\app\build\intermediates\transforms\stackFramesFixer\debug\3.jar --classpath_entry C:\Users\KING\Desktop\Android\study\3\RecordBook\app\build\intermediates\transforms\stackFramesFixer\debug\4.jar --classpath_entry C:\Users\KING\Desktop\Android\study\3\RecordBook\app\build\intermediates\transforms\stackFramesFixer\debug\5.jar --classpath_entry C:\Users\KING\Desktop\Android\study\3\RecordBook\app\build\intermediates\transforms\
java_class_path (initial): C:\Users\KING\AppData\Local\Temp\desugar_deploy.jar7421709963918403138
Launcher Type: SUN_STANDARD

Environment Variables:
PATH=C:\ProgramData\Oracle\Java\javapath;C:\Windows\system32;C:\Windows;C:\Windows\System32\Wbem;C:\Windows\System32\WindowsPowerShell\v1.0\;C:\Program Files (x86)\NVIDIA Corporation\PhysX\Common;C:\Users\KING\.dnx\bin;C:\Program Files\Microsoft DNX\Dnvm\;C:\Program Files\Microsoft SQL Server\130\Tools\Binn\;C:\Program Files (x86)\sbt\\bin;C:\Program Files (x86)\Rational\common;C:\Program Files (x86)\Skype\Phone\;C:\Program Files (x86)\PostgreSQL\9.6\bin;C:\Program Files (x86)\PostgreSQL\9.6\lib;C:\Program Files (x86)\PostgreSQL\9.6\include;C:\Program Files\Microsoft SQL Server\110\Tools\Binn\;C:\Program Files (x86)\Brackets\command;C:\adb;C:\xampp\php;C:\ProgramData\ComposerSetup\bin;C:\Users\KING\AppData\Roaming\Composer\vendor\bin
USERNAME=KING
OS=Windows_NT
PROCESSOR_IDENTIFIER=Intel64 Family 6 Model 42 Stepping 7, GenuineIntel



---------------  S Y S T E M  ---------------

OS: Windows 7 , 64 bit Build 7601 (6.1.7601.18409)

CPU:total 8 (initial active 8) (4 cores per cpu, 2 threads per core) family 6 model 42 stepping 7, cmov, cx8, fxsr, mmx, sse, sse2, sse3, ssse3, sse4.1, sse4.2, popcnt, avx, clmul, ht, tsc, tscinvbit

Memory: 4k page, physical 8298260k(417312k free), swap 12392396k(5640k free)

vm_info: OpenJDK 64-Bit Server VM (25.152-b01) for windows-amd64 JRE (1.8.0_152-release-915-b01), built by "builder" with MS VC++ 10.0 (VS2010)

time: Sun Jul 01 19:50:56 2018
elapsed time: 6 seconds (0d 0h 0m 6s)

