#
# There is insufficient memory for the Java Runtime Environment to continue.
# Native memory allocation (malloc) failed to allocate 262160 bytes for Chunk::new
# Possible reasons:
#   The system is out of physical RAM or swap space
#   In 32 bit mode, the process size limit was hit
# Possible solutions:
#   Reduce memory load on the system
#   Increase physical memory or swap space
#   Check if swap backing store is full
#   Use 64 bit Java on a 64 bit OS
#   Decrease Java heap size (-Xmx/-Xms)
#   Decrease number of Java threads
#   Decrease Java thread stack sizes (-Xss)
#   Set larger code cache with -XX:ReservedCodeCacheSize=
# This output file may be truncated or incomplete.
#
#  Out of Memory Error (allocation.cpp:390), pid=3360, tid=0x0000000000003b08
#
# JRE version: OpenJDK Runtime Environment (8.0_152-b01) (build 1.8.0_152-release-915-b01)
# Java VM: OpenJDK 64-Bit Server VM (25.152-b01 mixed mode windows-amd64 compressed oops)
# Failed to write core dump. Minidumps are not enabled by default on client versions of Windows
#

---------------  T H R E A D  ---------------

Current thread (0x000000005451d800):  JavaThread "C2 CompilerThread0" daemon [_thread_in_native, id=15112, stack(0x0000000055c30000,0x0000000055d30000)]

Stack: [0x0000000055c30000,0x0000000055d30000]
[error occurred during error reporting (printing stack bounds), id 0xc0000005]

Native frames: (J=compiled Java code, j=interpreted, Vv=VM code, C=native code)


Current CompileTask:
C2:  20242  796 %     4       org.objectweb.asm.ClassReader::a @ 1577 (3587 bytes)


---------------  P R O C E S S  ---------------

Java Threads: ( => current thread )
  0x00000000545ae800 JavaThread "Service Thread" daemon [_thread_blocked, id=13864, stack(0x0000000056100000,0x0000000056200000)]
  0x000000005452c800 JavaThread "C1 CompilerThread3" daemon [_thread_in_native, id=10844, stack(0x0000000055d60000,0x0000000055e60000)]
  0x0000000054527800 JavaThread "C2 CompilerThread2" daemon [_thread_in_native, id=10384, stack(0x0000000055f70000,0x0000000056070000)]
  0x0000000054521800 JavaThread "C2 CompilerThread1" daemon [_thread_in_native, id=15012, stack(0x0000000055e60000,0x0000000055f60000)]
=>0x000000005451d800 JavaThread "C2 CompilerThread0" daemon [_thread_in_native, id=15112, stack(0x0000000055c30000,0x0000000055d30000)]
  0x000000005451a000 JavaThread "Attach Listener" daemon [_thread_blocked, id=15020, stack(0x0000000055830000,0x0000000055930000)]
  0x0000000054517800 JavaThread "Signal Dispatcher" daemon [_thread_blocked, id=14072, stack(0x0000000055ab0000,0x0000000055bb0000)]
  0x0000000053572800 JavaThread "Finalizer" daemon [_thread_blocked, id=4172, stack(0x0000000055980000,0x0000000055a80000)]
  0x000000005356b800 JavaThread "Reference Handler" daemon [_thread_blocked, id=8516, stack(0x00000000556d0000,0x00000000557d0000)]
  0x000000000237a000 JavaThread "main" [_thread_in_native, id=3420, stack(0x0000000002700000,0x0000000002800000)]

Other Threads:
  0x0000000053563000 VMThread [stack: 0x00000000554c0000,0x00000000555c0000] [id=8976]
  0x0000000054574000 WatcherThread [stack: 0x00000000563d0000,0x00000000564d0000] [id=13016]

VM state:not at safepoint (normal execution)

VM Mutex/Monitor currently owned by a thread: None

Heap:
 PSYoungGen      total 18944K, used 3200K [0x00000000feb00000, 0x0000000100000000, 0x0000000100000000)
  eden space 16384K, 3% used [0x00000000feb00000,0x00000000feba1ab0,0x00000000ffb00000)
  from space 2560K, 99% used [0x00000000ffd80000,0x00000000ffffe7e0,0x0000000100000000)
  to   space 2560K, 0% used [0x00000000ffb00000,0x00000000ffb00000,0x00000000ffd80000)
 ParOldGen       total 44032K, used 4880K [0x00000000fc000000, 0x00000000feb00000, 0x00000000feb00000)
  object space 44032K, 11% used [0x00000000fc000000,0x00000000fc4c4330,0x00000000feb00000)
 Metaspace       used 7496K, capacity 7640K, committed 7936K, reserved 1056768K
  class space    used 875K, capacity 956K, committed 1024K, reserved 1048576K

Card table byte_map: [0x0000000000480000,0x00000000004b0000] byte_map_base: 0xffffffffffca0000

Marking Bits: (ParMarkBitMap*) 0x000000006b3c3950
 Begin Bits: [0x0000000012980000, 0x0000000012a80000)
 End Bits:   [0x0000000012a80000, 0x0000000012b80000)

Polling page: 0x0000000000430000

CodeCache: size=245760Kb used=3148Kb max_used=3148Kb free=242612Kb
 bounds [0x0000000002ad0000, 0x0000000002df0000, 0x0000000011ad0000]
 total_blobs=1143 nmethods=812 adapters=245
 compilation: enabled

Compilation events (10 events):
Event: 18.873 Thread 0x000000005452c800  811       3       org.objectweb.asm.MethodWriter::a (80 bytes)
Event: 18.873 Thread 0x000000005452c800 nmethod 811 0x0000000002de1a90 code [0x0000000002de1ca0, 0x0000000002de25d8]
Event: 18.873 Thread 0x000000005452c800  804       3       org.objectweb.asm.tree.MethodNode::visitLdcInsn (16 bytes)
Event: 18.874 Thread 0x000000005452c800 nmethod 804 0x0000000002dd3250 code [0x0000000002dd33e0, 0x0000000002dd3708]
Event: 18.874 Thread 0x000000005452c800  805       3       org.objectweb.asm.tree.LdcInsnNode::<init> (12 bytes)
Event: 18.874 Thread 0x000000005452c800 nmethod 805 0x0000000002de2910 code [0x0000000002de2a80, 0x0000000002de2cb0]
Event: 18.874 Thread 0x000000005452c800  806       3       org.objectweb.asm.tree.LdcInsnNode::accept (14 bytes)
Event: 18.874 Thread 0x000000005452c800 nmethod 806 0x0000000002de2d90 code [0x0000000002de2f00, 0x0000000002de31d8]
Event: 18.874 Thread 0x000000005452c800  797       3       org.objectweb.asm.MethodVisitor::visitIntInsn (17 bytes)
Event: 18.874 Thread 0x000000005452c800 nmethod 797 0x0000000002de32d0 code [0x0000000002de3440, 0x0000000002de3688]

GC Heap History (4 events):
Event: 11.549 GC heap before
{Heap before GC invocations=1 (full 0):
 PSYoungGen      total 18944K, used 16384K [0x00000000feb00000, 0x0000000100000000, 0x0000000100000000)
  eden space 16384K, 100% used [0x00000000feb00000,0x00000000ffb00000,0x00000000ffb00000)
  from space 2560K, 0% used [0x00000000ffd80000,0x00000000ffd80000,0x0000000100000000)
  to   space 2560K, 0% used [0x00000000ffb00000,0x00000000ffb00000,0x00000000ffd80000)
 ParOldGen       total 44032K, used 0K [0x00000000fc000000, 0x00000000feb00000, 0x00000000feb00000)
  object space 44032K, 0% used [0x00000000fc000000,0x00000000fc000000,0x00000000feb00000)
 Metaspace       used 6479K, capacity 6666K, committed 6784K, reserved 1056768K
  class space    used 768K, capacity 823K, committed 896K, reserved 1048576K
Event: 11.747 GC heap after
Heap after GC invocations=1 (full 0):
 PSYoungGen      total 18944K, used 2528K [0x00000000feb00000, 0x0000000100000000, 0x0000000100000000)
  eden space 16384K, 0% used [0x00000000feb00000,0x00000000feb00000,0x00000000ffb00000)
  from space 2560K, 98% used [0x00000000ffb00000,0x00000000ffd78030,0x00000000ffd80000)
  to   space 2560K, 0% used [0x00000000ffd80000,0x00000000ffd80000,0x0000000100000000)
 ParOldGen       total 44032K, used 1605K [0x00000000fc000000, 0x00000000feb00000, 0x00000000feb00000)
  object space 44032K, 3% used [0x00000000fc000000,0x00000000fc1916b0,0x00000000feb00000)
 Metaspace       used 6479K, capacity 6666K, committed 6784K, reserved 1056768K
  class space    used 768K, capacity 823K, committed 896K, reserved 1048576K
}
Event: 18.874 GC heap before
{Heap before GC invocations=2 (full 0):
 PSYoungGen      total 18944K, used 18912K [0x00000000feb00000, 0x0000000100000000, 0x0000000100000000)
  eden space 16384K, 100% used [0x00000000feb00000,0x00000000ffb00000,0x00000000ffb00000)
  from space 2560K, 98% used [0x00000000ffb00000,0x00000000ffd78030,0x00000000ffd80000)
  to   space 2560K, 0% used [0x00000000ffd80000,0x00000000ffd80000,0x0000000100000000)
 ParOldGen       total 44032K, used 1605K [0x00000000fc000000, 0x00000000feb00000, 0x00000000feb00000)
  object space 44032K, 3% used [0x00000000fc000000,0x00000000fc1916b0,0x00000000feb00000)
 Metaspace       used 7491K, capacity 7640K, committed 7936K, reserved 1056768K
  class space    used 875K, capacity 956K, committed 1024K, reserved 1048576K
Event: 20.207 GC heap after
Heap after GC invocations=2 (full 0):
 PSYoungGen      total 18944K, used 2553K [0x00000000feb00000, 0x0000000100000000, 0x0000000100000000)
  eden space 16384K, 0% used [0x00000000feb00000,0x00000000feb00000,0x00000000ffb00000)
  from space 2560K, 99% used [0x00000000ffd80000,0x00000000ffffe7e0,0x0000000100000000)
  to   space 2560K, 0% used [0x00000000ffb00000,0x00000000ffb00000,0x00000000ffd80000)
 ParOldGen       total 44032K, used 4880K [0x00000000fc000000, 0x00000000feb00000, 0x00000000feb00000)
  object space 44032K, 11% used [0x00000000fc000000,0x00000000fc4c4330,0x00000000feb00000)
 Metaspace       used 7491K, capacity 7640K, committed 7936K, reserved 1056768K
  class space    used 875K, capacity 956K, committed 1024K, reserved 1048576K
}

Deoptimization events (10 events):
Event: 11.505 Thread 0x000000000237a000 Uncommon trap: reason=unstable_if action=reinterpret pc=0x0000000002cc4118 method=java.util.zip.ZipFile$ZipEntryIterator.hasNext()Z @ 25
Event: 11.505 Thread 0x000000000237a000 Uncommon trap: reason=unstable_if action=reinterpret pc=0x0000000002ccd76c method=java.util.zip.ZipCoder.decoder()Ljava/nio/charset/CharsetDecoder; @ 4
Event: 11.505 Thread 0x000000000237a000 Uncommon trap: reason=unstable_if action=reinterpret pc=0x0000000002cbf388 method=java.util.zip.ZipEntry.setExtra0([BZ)V @ 1
Event: 11.840 Thread 0x000000000237a000 Uncommon trap: reason=unstable_if action=reinterpret pc=0x0000000002cd154c method=java.util.zip.ZipCoder.decoder()Ljava/nio/charset/CharsetDecoder; @ 4
Event: 11.869 Thread 0x000000000237a000 Uncommon trap: reason=unstable_if action=reinterpret pc=0x0000000002ce467c method=java.util.HashMap$HashIterator.nextNode()Ljava/util/HashMap$Node; @ 74
Event: 11.869 Thread 0x000000000237a000 Uncommon trap: reason=unstable_if action=reinterpret pc=0x0000000002cdaa04 method=java.util.HashMap$HashIterator.hasNext()Z @ 4
Event: 16.449 Thread 0x000000000237a000 Uncommon trap: reason=unstable_if action=reinterpret pc=0x0000000002cd51bc method=java.util.HashMap$HashIterator.nextNode()Ljava/util/HashMap$Node; @ 74
Event: 17.132 Thread 0x000000000237a000 Uncommon trap: reason=unloaded action=reinterpret pc=0x0000000002cd34b4 method=java.util.zip.ZipEntry.setExtra0([BZ)V @ 37
Event: 17.553 Thread 0x000000000237a000 Uncommon trap: reason=unstable_if action=reinterpret pc=0x0000000002c8ccdc method=java.lang.String.<init>([CII)V @ 18
Event: 17.708 Thread 0x000000000237a000 Uncommon trap: reason=unstable_if action=reinterpret pc=0x0000000002d9bfb0 method=org.objectweb.asm.Item.a(Lorg/objectweb/asm/Item;)Z @ 345

Classes redefined (0 events):
No events

Internal exceptions (10 events):
Event: 16.448 Thread 0x000000000237a000 Exception <a 'sun/nio/fs/WindowsException'> (0x00000000ff145db8) thrown at [D:\src\AOSP-openjdk-cygwin\jdk8u\hotspot\src\share\vm\prims\jni.cpp, line 709]
Event: 16.448 Thread 0x000000000237a000 Exception <a 'sun/nio/fs/WindowsException'> (0x00000000ff146388) thrown at [D:\src\AOSP-openjdk-cygwin\jdk8u\hotspot\src\share\vm\prims\jni.cpp, line 709]
Event: 16.448 Thread 0x000000000237a000 Exception <a 'sun/nio/fs/WindowsException'> (0x00000000ff146b48) thrown at [D:\src\AOSP-openjdk-cygwin\jdk8u\hotspot\src\share\vm\prims\jni.cpp, line 709]
Event: 16.448 Thread 0x000000000237a000 Exception <a 'sun/nio/fs/WindowsException'> (0x00000000ff1470f0) thrown at [D:\src\AOSP-openjdk-cygwin\jdk8u\hotspot\src\share\vm\prims\jni.cpp, line 709]
Event: 16.448 Thread 0x000000000237a000 Exception <a 'sun/nio/fs/WindowsException'> (0x00000000ff1478a0) thrown at [D:\src\AOSP-openjdk-cygwin\jdk8u\hotspot\src\share\vm\prims\jni.cpp, line 709]
Event: 16.535 Thread 0x000000000237a000 Exception <a 'sun/nio/fs/WindowsException'> (0x00000000ff14cc20) thrown at [D:\src\AOSP-openjdk-cygwin\jdk8u\hotspot\src\share\vm\prims\jni.cpp, line 709]
Event: 17.165 Thread 0x000000000237a000 Exception <a 'sun/nio/fs/WindowsException'> (0x00000000ff58eab0) thrown at [D:\src\AOSP-openjdk-cygwin\jdk8u\hotspot\src\share\vm\prims\jni.cpp, line 709]
Event: 17.174 Thread 0x000000000237a000 Exception <a 'sun/nio/fs/WindowsException'> (0x00000000ff58f058) thrown at [D:\src\AOSP-openjdk-cygwin\jdk8u\hotspot\src\share\vm\prims\jni.cpp, line 709]
Event: 17.567 Thread 0x000000000237a000 Exception <a 'sun/nio/fs/WindowsException'> (0x00000000ff701ca0) thrown at [D:\src\AOSP-openjdk-cygwin\jdk8u\hotspot\src\share\vm\prims\jni.cpp, line 709]
Event: 17.567 Thread 0x000000000237a000 Exception <a 'sun/nio/fs/WindowsException'> (0x00000000ff7021c8) thrown at [D:\src\AOSP-openjdk-cygwin\jdk8u\hotspot\src\share\vm\prims\jni.cpp, line 709]

Events (10 events):
Event: 17.617 loading class org/objectweb/asm/tree/TryCatchBlockNode done
Event: 17.618 loading class org/objectweb/asm/Handler
Event: 17.618 loading class org/objectweb/asm/Handler done
Event: 17.708 Thread 0x000000000237a000 Uncommon trap: trap_request=0xffffff65 fr.pc=0x0000000002d9bfb0
Event: 17.708 Thread 0x000000000237a000 DEOPT PACKING pc=0x0000000002d9bfb0 sp=0x00000000027fe770
Event: 17.708 Thread 0x000000000237a000 DEOPT UNPACKING pc=0x0000000002b1556a sp=0x00000000027fe708 mode 2
Event: 18.874 Executing VM operation: ParallelGCFailedAllocation
Event: 20.207 Executing VM operation: ParallelGCFailedAllocation done
Event: 20.210 Thread 0x000000000237a000 DEOPT PACKING pc=0x0000000002ccfec7 sp=0x00000000027fe610
Event: 20.210 Thread 0x000000000237a000 DEOPT UNPACKING pc=0x0000000002b175bf sp=0x00000000027fe300 mode 0


Dynamic libraries:
0x000000013f790000 - 0x000000013f7c1000 	D:\Program files\Android\Android Studio\jre\bin\java.exe
0x0000000076de0000 - 0x0000000076f89000 	C:\Windows\SYSTEM32\ntdll.dll
0x0000000076bc0000 - 0x0000000076cdf000 	C:\Windows\system32\kernel32.dll
0x000007fefcc80000 - 0x000007fefccec000 	C:\Windows\system32\KERNELBASE.dll
0x000007fefe5d0000 - 0x000007fefe6ab000 	C:\Windows\system32\ADVAPI32.dll
0x000007fefe050000 - 0x000007fefe0ef000 	C:\Windows\system32\msvcrt.dll
0x000007fefecc0000 - 0x000007fefecdf000 	C:\Windows\SYSTEM32\sechost.dll
0x000007fefe2f0000 - 0x000007fefe41d000 	C:\Windows\system32\RPCRT4.dll
0x0000000076ce0000 - 0x0000000076dda000 	C:\Windows\system32\USER32.dll
0x000007fefcfb0000 - 0x000007fefd017000 	C:\Windows\system32\GDI32.dll
0x000007fefe040000 - 0x000007fefe04e000 	C:\Windows\system32\LPK.dll
0x000007fefe820000 - 0x000007fefe8e9000 	C:\Windows\system32\USP10.dll
0x000007fefb4d0000 - 0x000007fefb6c4000 	C:\Windows\WinSxS\amd64_microsoft.windows.common-controls_6595b64144ccf1df_6.0.7601.17514_none_fa396087175ac9ac\COMCTL32.dll
0x000007fefeb30000 - 0x000007fefeba1000 	C:\Windows\system32\SHLWAPI.dll
0x000007fefebb0000 - 0x000007fefebde000 	C:\Windows\system32\IMM32.DLL
0x000007fefe4c0000 - 0x000007fefe5c9000 	C:\Windows\system32\MSCTF.dll
0x000007fefcb20000 - 0x000007fefcb5c000 	C:\Windows\system32\nvinitx.dll
0x000000006dfe0000 - 0x000000006e0b2000 	D:\Program files\Android\Android Studio\jre\jre\bin\msvcr100.dll
0x000000006ac00000 - 0x000000006b43e000 	D:\Program files\Android\Android Studio\jre\jre\bin\server\jvm.dll
0x000007fef92d0000 - 0x000007fef92d9000 	C:\Windows\system32\WSOCK32.dll
0x000007fefece0000 - 0x000007fefed2d000 	C:\Windows\system32\WS2_32.dll
0x000007fefee30000 - 0x000007fefee38000 	C:\Windows\system32\NSI.dll
0x000007fefab60000 - 0x000007fefab9b000 	C:\Windows\system32\WINMM.dll
0x000007fefbb60000 - 0x000007fefbb6c000 	C:\Windows\system32\VERSION.dll
0x0000000076fa0000 - 0x0000000076fa7000 	C:\Windows\system32\PSAPI.DLL
0x000007fef66b0000 - 0x000007fef66bf000 	D:\Program files\Android\Android Studio\jre\jre\bin\verify.dll
0x000007feec700000 - 0x000007feec729000 	D:\Program files\Android\Android Studio\jre\jre\bin\java.dll
0x000007feecb80000 - 0x000007feecb96000 	D:\Program files\Android\Android Studio\jre\jre\bin\zip.dll
0x000007fefd2b0000 - 0x000007fefe038000 	C:\Windows\system32\SHELL32.dll
0x000007fefd020000 - 0x000007fefd223000 	C:\Windows\system32\ole32.dll
0x000007fefcc00000 - 0x000007fefcc0f000 	C:\Windows\system32\profapi.dll
0x000007fefc3b0000 - 0x000007fefc3c7000 	C:\Windows\system32\CRYPTSP.dll
0x000007fefc0b0000 - 0x000007fefc0f7000 	C:\Windows\system32\rsaenh.dll
0x000007fefcc60000 - 0x000007fefcc7e000 	C:\Windows\system32\USERENV.dll
0x000007fefca10000 - 0x000007fefca1f000 	C:\Windows\system32\CRYPTBASE.dll
0x000007feec6e0000 - 0x000007feec6fa000 	D:\Program files\Android\Android Studio\jre\jre\bin\net.dll
0x000007fefc350000 - 0x000007fefc3a5000 	C:\Windows\system32\mswsock.dll
0x000007fefc340000 - 0x000007fefc347000 	C:\Windows\System32\wship6.dll
0x000007fefa1a0000 - 0x000007fefa1c7000 	C:\Windows\system32\IPHLPAPI.DLL
0x000007fefa190000 - 0x000007fefa19b000 	C:\Windows\system32\WINNSI.DLL
0x000007fef9900000 - 0x000007fef9911000 	C:\Windows\system32\dhcpcsvc6.DLL
0x000007fef98e0000 - 0x000007fef98f8000 	C:\Windows\system32\dhcpcsvc.DLL
0x000007feec6c0000 - 0x000007feec6d1000 	D:\Program files\Android\Android Studio\jre\jre\bin\nio.dll

VM Arguments:
jvm_args: -Djava.awt.headless=true -Xmx64M -Dfile.encoding=windows-1251 -Duser.country=RU -Duser.language=ru -Duser.variant 
java_command: com.google.devtools.build.android.desugar.Desugar --input C:\Users\KING\Desktop\Android\study\3\RecordBook\app\build\intermediates\transforms\stackFramesFixer\debug\19.jar --output C:\Users\KING\Desktop\Android\study\3\RecordBook\app\build\intermediates\transforms\desugar\debug\18.jar --input C:\Users\KING\Desktop\Android\study\3\RecordBook\app\build\intermediates\transforms\stackFramesFixer\debug\6.jar --output C:\Users\KING\Desktop\Android\study\3\RecordBook\app\build\intermediates\transforms\desugar\debug\7.jar --input C:\Users\KING\Desktop\Android\study\3\RecordBook\app\build\intermediates\transforms\stackFramesFixer\debug\43.jar --output C:\Users\KING\Desktop\Android\study\3\RecordBook\app\build\intermediates\transforms\desugar\debug\30.jar --input C:\Users\KING\Desktop\Android\study\3\RecordBook\app\build\intermediates\transforms\stackFramesFixer\debug\40.jar --output C:\Users\KING\Desktop\Android\study\3\RecordBook\app\build\intermediates\transforms\desugar\debug\27.jar --input C:\Users\KING\Desktop\Android\study\3\RecordBook\app\build\intermediates\transforms\stackFramesFixer\debug\38.jar --output C:\Users\KING\Desktop\Android\study\3\RecordBook\app\build\intermediates\transforms\desugar\debug\25.jar --classpath_entry C:\Users\KING\Desktop\Android\study\3\RecordBook\app\build\intermediates\classes\debug --classpath_entry C:\Users\KING\Desktop\Android\study\3\RecordBook\app\build\intermediates\transforms\stackFramesFixer\debug\0.jar --classpath_entry C:\Users\KING\Desktop\Android\study\3\RecordBook\app\build\intermediates\transforms\stackFramesFixer\debug\1.jar --classpath_entry C:\Users\KING\Desktop\Android\study\3\RecordBook\app\build\intermediates\transforms\stackFramesFixer\debug\2.jar --classpath_entry C:\Users\KING\Desktop\Android\study\3\RecordBook\app\build\intermediates\transforms\stackFramesFixer\debug\3.jar --classpath_entry C:\Users\KING\Desktop\Android\study\3\RecordBook\app\build\intermediates\transforms\stackFramesFixer\debug\4.
java_class_path (initial): C:\Users\KING\AppData\Local\Temp\desugar_deploy.jar7421709963918403138
Launcher Type: SUN_STANDARD

Environment Variables:
PATH=C:\ProgramData\Oracle\Java\javapath;C:\Windows\system32;C:\Windows;C:\Windows\System32\Wbem;C:\Windows\System32\WindowsPowerShell\v1.0\;C:\Program Files (x86)\NVIDIA Corporation\PhysX\Common;C:\Users\KING\.dnx\bin;C:\Program Files\Microsoft DNX\Dnvm\;C:\Program Files\Microsoft SQL Server\130\Tools\Binn\;C:\Program Files (x86)\sbt\\bin;C:\Program Files (x86)\Rational\common;C:\Program Files (x86)\Skype\Phone\;C:\Program Files (x86)\PostgreSQL\9.6\bin;C:\Program Files (x86)\PostgreSQL\9.6\lib;C:\Program Files (x86)\PostgreSQL\9.6\include;C:\Program Files\Microsoft SQL Server\110\Tools\Binn\;C:\Program Files (x86)\Brackets\command;C:\adb;C:\xampp\php;C:\ProgramData\ComposerSetup\bin;C:\Users\KING\AppData\Roaming\Composer\vendor\bin
USERNAME=KING
OS=Windows_NT
PROCESSOR_IDENTIFIER=Intel64 Family 6 Model 42 Stepping 7, GenuineIntel



---------------  S Y S T E M  ---------------

OS: Windows 7 , 64 bit Build 7601 (6.1.7601.18409)

CPU:total 8 (initial active 8) (4 cores per cpu, 2 threads per core) family 6 model 42 stepping 7, cmov, cx8, fxsr, mmx, sse, sse2, sse3, ssse3, sse4.1, sse4.2, popcnt, avx, clmul, ht, tsc, tscinvbit

Memory: 4k page, physical 8298260k(353152k free), swap 12392396k(2116k free)

vm_info: OpenJDK 64-Bit Server VM (25.152-b01) for windows-amd64 JRE (1.8.0_152-release-915-b01), built by "builder" with MS VC++ 10.0 (VS2010)

time: Sun Jul 01 19:41:26 2018
elapsed time: 20 seconds (0d 0h 0m 20s)

