#
# There is insufficient memory for the Java Runtime Environment to continue.
# Native memory allocation (malloc) failed to allocate 32744 bytes for ChunkPool::allocate
# Possible reasons:
#   The system is out of physical RAM or swap space
#   In 32 bit mode, the process size limit was hit
# Possible solutions:
#   Reduce memory load on the system
#   Increase physical memory or swap space
#   Check if swap backing store is full
#   Use 64 bit Java on a 64 bit OS
#   Decrease Java heap size (-Xmx/-Xms)
#   Decrease number of Java threads
#   Decrease Java thread stack sizes (-Xss)
#   Set larger code cache with -XX:ReservedCodeCacheSize=
# This output file may be truncated or incomplete.
#
#  Out of Memory Error (allocation.cpp:273), pid=8220, tid=0x0000000000003708
#
# JRE version: OpenJDK Runtime Environment (8.0_152-b01) (build 1.8.0_152-release-915-b01)
# Java VM: OpenJDK 64-Bit Server VM (25.152-b01 mixed mode windows-amd64 compressed oops)
# Failed to write core dump. Minidumps are not enabled by default on client versions of Windows
#

---------------  T H R E A D  ---------------

Current thread (0x000000005477c000):  JavaThread "C1 CompilerThread3" daemon [_thread_in_native, id=14088, stack(0x0000000056450000,0x0000000056550000)]

Stack: [0x0000000056450000,0x0000000056550000]
[error occurred during error reporting (printing stack bounds), id 0xc0000005]

Native frames: (J=compiled Java code, j=interpreted, Vv=VM code, C=native code)


Current CompileTask:
C1:  20241  883   !   3       java.lang.ref.Reference::tryHandlePending (115 bytes)


---------------  P R O C E S S  ---------------

Java Threads: ( => current thread )
  0x00000000547e0000 JavaThread "Service Thread" daemon [_thread_blocked, id=3088, stack(0x00000000565d0000,0x00000000566d0000)]
=>0x000000005477c000 JavaThread "C1 CompilerThread3" daemon [_thread_in_native, id=14088, stack(0x0000000056450000,0x0000000056550000)]
  0x000000005476b800 JavaThread "C2 CompilerThread2" daemon [_thread_in_native, id=1944, stack(0x0000000056220000,0x0000000056320000)]
  0x00000000537ae000 JavaThread "C2 CompilerThread1" daemon [_thread_blocked, id=9196, stack(0x0000000056070000,0x0000000056170000)]
  0x0000000054750000 JavaThread "C2 CompilerThread0" daemon [_thread_blocked, id=14944, stack(0x0000000055f10000,0x0000000056010000)]
  0x000000005474e800 JavaThread "Attach Listener" daemon [_thread_blocked, id=15316, stack(0x0000000055cb0000,0x0000000055db0000)]
  0x000000005474a000 JavaThread "Signal Dispatcher" daemon [_thread_blocked, id=7144, stack(0x00000000557e0000,0x00000000558e0000)]
  0x000000005379f800 JavaThread "Finalizer" daemon [_thread_in_Java, id=3712, stack(0x0000000055ab0000,0x0000000055bb0000)]
  0x0000000053798000 JavaThread "Reference Handler" daemon [_thread_blocked, id=13624, stack(0x0000000055910000,0x0000000055a10000)]
  0x000000000238a000 JavaThread "main" [_thread_in_Java, id=7248, stack(0x0000000002550000,0x0000000002650000)]

Other Threads:
  0x000000005378f000 VMThread [stack: 0x0000000055690000,0x0000000055790000] [id=2464]
  0x00000000547e2000 WatcherThread [stack: 0x0000000056800000,0x0000000056900000] [id=4064]

VM state:not at safepoint (normal execution)

VM Mutex/Monitor currently owned by a thread: None

Heap:
 PSYoungGen      total 18944K, used 3192K [0x00000000feb00000, 0x0000000100000000, 0x0000000100000000)
  eden space 16384K, 3% used [0x00000000feb00000,0x00000000feba1a68,0x00000000ffb00000)
  from space 2560K, 99% used [0x00000000ffd80000,0x00000000ffffc828,0x0000000100000000)
  to   space 2560K, 0% used [0x00000000ffb00000,0x00000000ffb00000,0x00000000ffd80000)
 ParOldGen       total 44032K, used 5025K [0x00000000fc000000, 0x00000000feb00000, 0x00000000feb00000)
  object space 44032K, 11% used [0x00000000fc000000,0x00000000fc4e84f0,0x00000000feb00000)
 Metaspace       used 7463K, capacity 7640K, committed 7936K, reserved 1056768K
  class space    used 867K, capacity 956K, committed 1024K, reserved 1048576K

Card table byte_map: [0x0000000000360000,0x0000000000390000] byte_map_base: 0xffffffffffb80000

Marking Bits: (ParMarkBitMap*) 0x000000006b3c3950
 Begin Bits: [0x0000000012bb0000, 0x0000000012cb0000)
 End Bits:   [0x0000000012cb0000, 0x0000000012db0000)

Polling page: 0x0000000000330000

CodeCache: size=245760Kb used=3341Kb max_used=3351Kb free=242418Kb
 bounds [0x00000000029a0000, 0x0000000002cf0000, 0x00000000119a0000]
 total_blobs=1213 nmethods=882 adapters=245
 compilation: enabled

Compilation events (10 events):
Event: 18.816 Thread 0x000000005477c000 nmethod 876 0x0000000002ce1490 code [0x0000000002ce1600, 0x0000000002ce1868]
Event: 20.211 Thread 0x0000000054750000 nmethod 875 0x0000000002ce4b90 code [0x0000000002ce4d20, 0x0000000002ce5318]
Event: 20.216 Thread 0x000000005477c000  880       3       org.objectweb.asm.Type::getArgumentsAndReturnSizes (151 bytes)
Event: 20.217 Thread 0x000000005477c000 nmethod 880 0x0000000002ce3690 code [0x0000000002ce38c0, 0x0000000002ce4658]
Event: 20.223 Thread 0x00000000537ae000 nmethod 878 0x0000000002ce7950 code [0x0000000002ce7ac0, 0x0000000002ce8378]
Event: 20.223 Thread 0x00000000537ae000  882       4       org.objectweb.asm.ClassWriter::b (152 bytes)
Event: 20.224 Thread 0x0000000054750000  881       4       org.objectweb.asm.ByteVector::b (64 bytes)
Event: 20.226 Thread 0x0000000054750000 nmethod 881 0x0000000002ce5c90 code [0x0000000002ce5de0, 0x0000000002ce5f68]
Event: 20.229 Thread 0x00000000537ae000 nmethod 882 0x0000000002ce2ed0 code [0x0000000002ce3040, 0x0000000002ce33d8]
Event: 20.230 Thread 0x000000005477c000  883   !   3       java.lang.ref.Reference::tryHandlePending (115 bytes)

GC Heap History (4 events):
Event: 11.835 GC heap before
{Heap before GC invocations=1 (full 0):
 PSYoungGen      total 18944K, used 16384K [0x00000000feb00000, 0x0000000100000000, 0x0000000100000000)
  eden space 16384K, 100% used [0x00000000feb00000,0x00000000ffb00000,0x00000000ffb00000)
  from space 2560K, 0% used [0x00000000ffd80000,0x00000000ffd80000,0x0000000100000000)
  to   space 2560K, 0% used [0x00000000ffb00000,0x00000000ffb00000,0x00000000ffd80000)
 ParOldGen       total 44032K, used 0K [0x00000000fc000000, 0x00000000feb00000, 0x00000000feb00000)
  object space 44032K, 0% used [0x00000000fc000000,0x00000000fc000000,0x00000000feb00000)
 Metaspace       used 6474K, capacity 6602K, committed 6784K, reserved 1056768K
  class space    used 768K, capacity 823K, committed 896K, reserved 1048576K
Event: 11.885 GC heap after
Heap after GC invocations=1 (full 0):
 PSYoungGen      total 18944K, used 2528K [0x00000000feb00000, 0x0000000100000000, 0x0000000100000000)
  eden space 16384K, 0% used [0x00000000feb00000,0x00000000feb00000,0x00000000ffb00000)
  from space 2560K, 98% used [0x00000000ffb00000,0x00000000ffd78030,0x00000000ffd80000)
  to   space 2560K, 0% used [0x00000000ffd80000,0x00000000ffd80000,0x0000000100000000)
 ParOldGen       total 44032K, used 1609K [0x00000000fc000000, 0x00000000feb00000, 0x00000000feb00000)
  object space 44032K, 3% used [0x00000000fc000000,0x00000000fc192790,0x00000000feb00000)
 Metaspace       used 6474K, capacity 6602K, committed 6784K, reserved 1056768K
  class space    used 768K, capacity 823K, committed 896K, reserved 1048576K
}
Event: 18.816 GC heap before
{Heap before GC invocations=2 (full 0):
 PSYoungGen      total 18944K, used 18912K [0x00000000feb00000, 0x0000000100000000, 0x0000000100000000)
  eden space 16384K, 100% used [0x00000000feb00000,0x00000000ffb00000,0x00000000ffb00000)
  from space 2560K, 98% used [0x00000000ffb00000,0x00000000ffd78030,0x00000000ffd80000)
  to   space 2560K, 0% used [0x00000000ffd80000,0x00000000ffd80000,0x0000000100000000)
 ParOldGen       total 44032K, used 1609K [0x00000000fc000000, 0x00000000feb00000, 0x00000000feb00000)
  object space 44032K, 3% used [0x00000000fc000000,0x00000000fc192790,0x00000000feb00000)
 Metaspace       used 7461K, capacity 7640K, committed 7936K, reserved 1056768K
  class space    used 867K, capacity 956K, committed 1024K, reserved 1048576K
Event: 20.202 GC heap after
Heap after GC invocations=2 (full 0):
 PSYoungGen      total 18944K, used 2546K [0x00000000feb00000, 0x0000000100000000, 0x0000000100000000)
  eden space 16384K, 0% used [0x00000000feb00000,0x00000000feb00000,0x00000000ffb00000)
  from space 2560K, 99% used [0x00000000ffd80000,0x00000000ffffc828,0x0000000100000000)
  to   space 2560K, 0% used [0x00000000ffb00000,0x00000000ffb00000,0x00000000ffd80000)
 ParOldGen       total 44032K, used 5025K [0x00000000fc000000, 0x00000000feb00000, 0x00000000feb00000)
  object space 44032K, 11% used [0x00000000fc000000,0x00000000fc4e84f0,0x00000000feb00000)
 Metaspace       used 7461K, capacity 7640K, committed 7936K, reserved 1056768K
  class space    used 867K, capacity 956K, committed 1024K, reserved 1048576K
}

Deoptimization events (10 events):
Event: 11.747 Thread 0x000000000238a000 Uncommon trap: reason=unstable_if action=reinterpret pc=0x0000000002b9fc38 method=java.util.zip.ZipFile$ZipEntryIterator.hasNext()Z @ 25
Event: 11.747 Thread 0x000000000238a000 Uncommon trap: reason=unstable_if action=reinterpret pc=0x0000000002badf0c method=java.util.zip.ZipCoder.decoder()Ljava/nio/charset/CharsetDecoder; @ 4
Event: 11.750 Thread 0x000000000238a000 Uncommon trap: reason=unstable_if action=reinterpret pc=0x0000000002bb08b4 method=java.util.zip.ZipCoder.decoder()Ljava/nio/charset/CharsetDecoder; @ 4
Event: 11.948 Thread 0x000000000238a000 Uncommon trap: reason=unstable_if action=reinterpret pc=0x0000000002ba497c method=java.util.HashMap$HashIterator.nextNode()Ljava/util/HashMap$Node; @ 74
Event: 11.948 Thread 0x000000000238a000 Uncommon trap: reason=unstable_if action=reinterpret pc=0x0000000002bb4dc4 method=java.util.HashMap$HashIterator.hasNext()Z @ 4
Event: 17.111 Thread 0x000000000238a000 Uncommon trap: reason=unloaded action=reinterpret pc=0x0000000002ba75b4 method=java.util.zip.ZipEntry.setExtra0([BZ)V @ 37
Event: 17.159 Thread 0x000000000238a000 Uncommon trap: reason=unstable_if action=reinterpret pc=0x0000000002ba445c method=java.util.HashMap$HashIterator.nextNode()Ljava/util/HashMap$Node; @ 74
Event: 18.553 Thread 0x000000000238a000 Uncommon trap: reason=unstable_if action=reinterpret pc=0x0000000002c944f0 method=org.objectweb.asm.Item.a(Lorg/objectweb/asm/Item;)Z @ 345
Event: 18.815 Thread 0x000000000238a000 Uncommon trap: reason=unstable_if action=reinterpret pc=0x0000000002c3e8fc method=java.lang.String.<init>([CII)V @ 18
Event: 20.211 Thread 0x000000000238a000 Uncommon trap: reason=unstable_if action=reinterpret pc=0x0000000002ca7f74 method=org.objectweb.asm.Type.getArgumentsAndReturnSizes(Ljava/lang/String;)I @ 136

Classes redefined (0 events):
No events

Internal exceptions (10 events):
Event: 11.750 Thread 0x000000000238a000 Implicit null exception at 0x0000000002baff7c to 0x0000000002bb0875
Event: 16.443 Thread 0x000000000238a000 Exception <a 'sun/nio/fs/WindowsException'> (0x00000000ff145238) thrown at [D:\src\AOSP-openjdk-cygwin\jdk8u\hotspot\src\share\vm\prims\jni.cpp, line 709]
Event: 16.443 Thread 0x000000000238a000 Exception <a 'sun/nio/fs/WindowsException'> (0x00000000ff1457f8) thrown at [D:\src\AOSP-openjdk-cygwin\jdk8u\hotspot\src\share\vm\prims\jni.cpp, line 709]
Event: 16.443 Thread 0x000000000238a000 Exception <a 'sun/nio/fs/WindowsException'> (0x00000000ff145dc8) thrown at [D:\src\AOSP-openjdk-cygwin\jdk8u\hotspot\src\share\vm\prims\jni.cpp, line 709]
Event: 16.444 Thread 0x000000000238a000 Exception <a 'sun/nio/fs/WindowsException'> (0x00000000ff146588) thrown at [D:\src\AOSP-openjdk-cygwin\jdk8u\hotspot\src\share\vm\prims\jni.cpp, line 709]
Event: 16.444 Thread 0x000000000238a000 Exception <a 'sun/nio/fs/WindowsException'> (0x00000000ff146b30) thrown at [D:\src\AOSP-openjdk-cygwin\jdk8u\hotspot\src\share\vm\prims\jni.cpp, line 709]
Event: 16.444 Thread 0x000000000238a000 Exception <a 'sun/nio/fs/WindowsException'> (0x00000000ff1472e0) thrown at [D:\src\AOSP-openjdk-cygwin\jdk8u\hotspot\src\share\vm\prims\jni.cpp, line 709]
Event: 16.534 Thread 0x000000000238a000 Exception <a 'sun/nio/fs/WindowsException'> (0x00000000ff14c660) thrown at [D:\src\AOSP-openjdk-cygwin\jdk8u\hotspot\src\share\vm\prims\jni.cpp, line 709]
Event: 17.166 Thread 0x000000000238a000 Exception <a 'sun/nio/fs/WindowsException'> (0x00000000ff58e158) thrown at [D:\src\AOSP-openjdk-cygwin\jdk8u\hotspot\src\share\vm\prims\jni.cpp, line 709]
Event: 17.167 Thread 0x000000000238a000 Exception <a 'sun/nio/fs/WindowsException'> (0x00000000ff58e700) thrown at [D:\src\AOSP-openjdk-cygwin\jdk8u\hotspot\src\share\vm\prims\jni.cpp, line 709]

Events (10 events):
Event: 18.553 Thread 0x000000000238a000 DEOPT PACKING pc=0x0000000002c944f0 sp=0x000000000264e740
Event: 18.553 Thread 0x000000000238a000 DEOPT UNPACKING pc=0x00000000029e556a sp=0x000000000264e6d8 mode 2
Event: 18.815 Thread 0x000000000238a000 Uncommon trap: trap_request=0xffffff65 fr.pc=0x0000000002c3e8fc
Event: 18.815 Thread 0x000000000238a000 DEOPT PACKING pc=0x0000000002c3e8fc sp=0x000000000264e720
Event: 18.815 Thread 0x000000000238a000 DEOPT UNPACKING pc=0x00000000029e556a sp=0x000000000264e5c8 mode 2
Event: 18.816 Executing VM operation: ParallelGCFailedAllocation
Event: 20.202 Executing VM operation: ParallelGCFailedAllocation done
Event: 20.211 Thread 0x000000000238a000 Uncommon trap: trap_request=0xffffff65 fr.pc=0x0000000002ca7f74
Event: 20.211 Thread 0x000000000238a000 DEOPT PACKING pc=0x0000000002ca7f74 sp=0x000000000264e810
Event: 20.211 Thread 0x000000000238a000 DEOPT UNPACKING pc=0x00000000029e556a sp=0x000000000264e7a0 mode 2


Dynamic libraries:
0x000000013f790000 - 0x000000013f7c1000 	D:\Program files\Android\Android Studio\jre\bin\java.exe
0x0000000076de0000 - 0x0000000076f89000 	C:\Windows\SYSTEM32\ntdll.dll
0x0000000076bc0000 - 0x0000000076cdf000 	C:\Windows\system32\kernel32.dll
0x000007fefcc80000 - 0x000007fefccec000 	C:\Windows\system32\KERNELBASE.dll
0x000007fefe5d0000 - 0x000007fefe6ab000 	C:\Windows\system32\ADVAPI32.dll
0x000007fefe050000 - 0x000007fefe0ef000 	C:\Windows\system32\msvcrt.dll
0x000007fefecc0000 - 0x000007fefecdf000 	C:\Windows\SYSTEM32\sechost.dll
0x000007fefe2f0000 - 0x000007fefe41d000 	C:\Windows\system32\RPCRT4.dll
0x0000000076ce0000 - 0x0000000076dda000 	C:\Windows\system32\USER32.dll
0x000007fefcfb0000 - 0x000007fefd017000 	C:\Windows\system32\GDI32.dll
0x000007fefe040000 - 0x000007fefe04e000 	C:\Windows\system32\LPK.dll
0x000007fefe820000 - 0x000007fefe8e9000 	C:\Windows\system32\USP10.dll
0x000007fefb4d0000 - 0x000007fefb6c4000 	C:\Windows\WinSxS\amd64_microsoft.windows.common-controls_6595b64144ccf1df_6.0.7601.17514_none_fa396087175ac9ac\COMCTL32.dll
0x000007fefeb30000 - 0x000007fefeba1000 	C:\Windows\system32\SHLWAPI.dll
0x000007fefebb0000 - 0x000007fefebde000 	C:\Windows\system32\IMM32.DLL
0x000007fefe4c0000 - 0x000007fefe5c9000 	C:\Windows\system32\MSCTF.dll
0x000007fefcb20000 - 0x000007fefcb5c000 	C:\Windows\system32\nvinitx.dll
0x000000006dfe0000 - 0x000000006e0b2000 	D:\Program files\Android\Android Studio\jre\jre\bin\msvcr100.dll
0x000000006ac00000 - 0x000000006b43e000 	D:\Program files\Android\Android Studio\jre\jre\bin\server\jvm.dll
0x000007fef92d0000 - 0x000007fef92d9000 	C:\Windows\system32\WSOCK32.dll
0x000007fefece0000 - 0x000007fefed2d000 	C:\Windows\system32\WS2_32.dll
0x000007fefee30000 - 0x000007fefee38000 	C:\Windows\system32\NSI.dll
0x000007fefab60000 - 0x000007fefab9b000 	C:\Windows\system32\WINMM.dll
0x000007fefbb60000 - 0x000007fefbb6c000 	C:\Windows\system32\VERSION.dll
0x0000000076fa0000 - 0x0000000076fa7000 	C:\Windows\system32\PSAPI.DLL
0x000007fef66b0000 - 0x000007fef66bf000 	D:\Program files\Android\Android Studio\jre\jre\bin\verify.dll
0x000007feec700000 - 0x000007feec729000 	D:\Program files\Android\Android Studio\jre\jre\bin\java.dll
0x000007feecb80000 - 0x000007feecb96000 	D:\Program files\Android\Android Studio\jre\jre\bin\zip.dll
0x000007fefd2b0000 - 0x000007fefe038000 	C:\Windows\system32\SHELL32.dll
0x000007fefd020000 - 0x000007fefd223000 	C:\Windows\system32\ole32.dll
0x000007fefcc00000 - 0x000007fefcc0f000 	C:\Windows\system32\profapi.dll
0x000007fefc3b0000 - 0x000007fefc3c7000 	C:\Windows\system32\CRYPTSP.dll
0x000007fefc0b0000 - 0x000007fefc0f7000 	C:\Windows\system32\rsaenh.dll
0x000007fefcc60000 - 0x000007fefcc7e000 	C:\Windows\system32\USERENV.dll
0x000007fefca10000 - 0x000007fefca1f000 	C:\Windows\system32\CRYPTBASE.dll
0x000007feec6e0000 - 0x000007feec6fa000 	D:\Program files\Android\Android Studio\jre\jre\bin\net.dll
0x000007fefc350000 - 0x000007fefc3a5000 	C:\Windows\system32\mswsock.dll
0x000007fefc340000 - 0x000007fefc347000 	C:\Windows\System32\wship6.dll
0x000007fefa1a0000 - 0x000007fefa1c7000 	C:\Windows\system32\IPHLPAPI.DLL
0x000007fefa190000 - 0x000007fefa19b000 	C:\Windows\system32\WINNSI.DLL
0x000007fef9900000 - 0x000007fef9911000 	C:\Windows\system32\dhcpcsvc6.DLL
0x000007fef98e0000 - 0x000007fef98f8000 	C:\Windows\system32\dhcpcsvc.DLL
0x000007feec6c0000 - 0x000007feec6d1000 	D:\Program files\Android\Android Studio\jre\jre\bin\nio.dll

VM Arguments:
jvm_args: -Djava.awt.headless=true -Xmx64M -Dfile.encoding=windows-1251 -Duser.country=RU -Duser.language=ru -Duser.variant 
java_command: com.google.devtools.build.android.desugar.Desugar --input C:\Users\KING\Desktop\Android\study\3\RecordBook\app\build\intermediates\transforms\stackFramesFixer\debug\15.jar --output C:\Users\KING\Desktop\Android\study\3\RecordBook\app\build\intermediates\transforms\desugar\debug\15.jar --input C:\Users\KING\Desktop\Android\study\3\RecordBook\app\build\intermediates\transforms\stackFramesFixer\debug\13.jar --output C:\Users\KING\Desktop\Android\study\3\RecordBook\app\build\intermediates\transforms\desugar\debug\13.jar --input C:\Users\KING\Desktop\Android\study\3\RecordBook\app\build\intermediates\transforms\stackFramesFixer\debug\1.jar --output C:\Users\KING\Desktop\Android\study\3\RecordBook\app\build\intermediates\transforms\desugar\debug\2.jar --input C:\Users\KING\Desktop\Android\study\3\RecordBook\app\build\intermediates\transforms\stackFramesFixer\debug\39.jar --output C:\Users\KING\Desktop\Android\study\3\RecordBook\app\build\intermediates\transforms\desugar\debug\26.jar --classpath_entry C:\Users\KING\Desktop\Android\study\3\RecordBook\app\build\intermediates\classes\debug --classpath_entry C:\Users\KING\Desktop\Android\study\3\RecordBook\app\build\intermediates\transforms\stackFramesFixer\debug\0.jar --classpath_entry C:\Users\KING\Desktop\Android\study\3\RecordBook\app\build\intermediates\transforms\stackFramesFixer\debug\1.jar --classpath_entry C:\Users\KING\Desktop\Android\study\3\RecordBook\app\build\intermediates\transforms\stackFramesFixer\debug\2.jar --classpath_entry C:\Users\KING\Desktop\Android\study\3\RecordBook\app\build\intermediates\transforms\stackFramesFixer\debug\3.jar --classpath_entry C:\Users\KING\Desktop\Android\study\3\RecordBook\app\build\intermediates\transforms\stackFramesFixer\debug\4.jar --classpath_entry C:\Users\KING\Desktop\Android\study\3\RecordBook\app\build\intermediates\transforms\stackFramesFixer\debug\5.jar --classpath_entry C:\Users\KING\Desktop\Android\study\3\RecordBook\app\build\intermediates\transforms
java_class_path (initial): C:\Users\KING\AppData\Local\Temp\desugar_deploy.jar7421709963918403138
Launcher Type: SUN_STANDARD

Environment Variables:
PATH=C:\ProgramData\Oracle\Java\javapath;C:\Windows\system32;C:\Windows;C:\Windows\System32\Wbem;C:\Windows\System32\WindowsPowerShell\v1.0\;C:\Program Files (x86)\NVIDIA Corporation\PhysX\Common;C:\Users\KING\.dnx\bin;C:\Program Files\Microsoft DNX\Dnvm\;C:\Program Files\Microsoft SQL Server\130\Tools\Binn\;C:\Program Files (x86)\sbt\\bin;C:\Program Files (x86)\Rational\common;C:\Program Files (x86)\Skype\Phone\;C:\Program Files (x86)\PostgreSQL\9.6\bin;C:\Program Files (x86)\PostgreSQL\9.6\lib;C:\Program Files (x86)\PostgreSQL\9.6\include;C:\Program Files\Microsoft SQL Server\110\Tools\Binn\;C:\Program Files (x86)\Brackets\command;C:\adb;C:\xampp\php;C:\ProgramData\ComposerSetup\bin;C:\Users\KING\AppData\Roaming\Composer\vendor\bin
USERNAME=KING
OS=Windows_NT
PROCESSOR_IDENTIFIER=Intel64 Family 6 Model 42 Stepping 7, GenuineIntel



---------------  S Y S T E M  ---------------

OS: Windows 7 , 64 bit Build 7601 (6.1.7601.18409)

CPU:total 8 (initial active 8) (4 cores per cpu, 2 threads per core) family 6 model 42 stepping 7, cmov, cx8, fxsr, mmx, sse, sse2, sse3, ssse3, sse4.1, sse4.2, popcnt, avx, clmul, ht, tsc, tscinvbit

Memory: 4k page, physical 8298260k(352980k free), swap 12392396k(4164k free)

vm_info: OpenJDK 64-Bit Server VM (25.152-b01) for windows-amd64 JRE (1.8.0_152-release-915-b01), built by "builder" with MS VC++ 10.0 (VS2010)

time: Sun Jul 01 19:41:26 2018
elapsed time: 20 seconds (0d 0h 0m 20s)

