#
# There is insufficient memory for the Java Runtime Environment to continue.
# Native memory allocation (malloc) failed to allocate 119136 bytes for Chunk::new
# Possible reasons:
#   The system is out of physical RAM or swap space
#   In 32 bit mode, the process size limit was hit
# Possible solutions:
#   Reduce memory load on the system
#   Increase physical memory or swap space
#   Check if swap backing store is full
#   Use 64 bit Java on a 64 bit OS
#   Decrease Java heap size (-Xmx/-Xms)
#   Decrease number of Java threads
#   Decrease Java thread stack sizes (-Xss)
#   Set larger code cache with -XX:ReservedCodeCacheSize=
# This output file may be truncated or incomplete.
#
#  Out of Memory Error (allocation.cpp:390), pid=10788, tid=0x0000000000003b3c
#
# JRE version: OpenJDK Runtime Environment (8.0_152-b01) (build 1.8.0_152-release-915-b01)
# Java VM: OpenJDK 64-Bit Server VM (25.152-b01 mixed mode windows-amd64 compressed oops)
# Failed to write core dump. Minidumps are not enabled by default on client versions of Windows
#

---------------  T H R E A D  ---------------

Current thread (0x00000000544d2000):  JavaThread "C2 CompilerThread1" daemon [_thread_in_native, id=15164, stack(0x0000000055d20000,0x0000000055e20000)]

Stack: [0x0000000055d20000,0x0000000055e20000]
[error occurred during error reporting (printing stack bounds), id 0xc0000005]

Native frames: (J=compiled Java code, j=interpreted, Vv=VM code, C=native code)


Current CompileTask:
C2:  20045  928       4       org.objectweb.asm.MethodVisitor::visitLabel (16 bytes)


---------------  P R O C E S S  ---------------

Java Threads: ( => current thread )
  0x0000000054560800 JavaThread "Service Thread" daemon [_thread_blocked, id=14672, stack(0x0000000055fd0000,0x00000000560d0000)]
  0x0000000054531800 JavaThread "C1 CompilerThread3" daemon [_thread_blocked, id=14036, stack(0x0000000055c10000,0x0000000055d10000)]
  0x0000000054531000 JavaThread "C2 CompilerThread2" daemon [_thread_in_vm, id=9940, stack(0x0000000055e40000,0x0000000055f40000)]
=>0x00000000544d2000 JavaThread "C2 CompilerThread1" daemon [_thread_in_native, id=15164, stack(0x0000000055d20000,0x0000000055e20000)]
  0x000000005330d000 JavaThread "C2 CompilerThread0" daemon [_thread_in_native, id=14720, stack(0x0000000055b00000,0x0000000055c00000)]
  0x00000000544c9800 JavaThread "Attach Listener" daemon [_thread_blocked, id=12668, stack(0x0000000055420000,0x0000000055520000)]
  0x00000000544c8000 JavaThread "Signal Dispatcher" daemon [_thread_blocked, id=13512, stack(0x00000000559b0000,0x0000000055ab0000)]
  0x0000000053301800 JavaThread "Finalizer" daemon [_thread_blocked, id=13540, stack(0x0000000055890000,0x0000000055990000)]
  0x00000000532fa000 JavaThread "Reference Handler" daemon [_thread_blocked, id=12920, stack(0x0000000055720000,0x0000000055820000)]
  0x000000000238a000 JavaThread "main" [_thread_blocked, id=14916, stack(0x00000000024c0000,0x00000000025c0000)]

Other Threads:
  0x00000000532f1000 VMThread [stack: 0x0000000055520000,0x0000000055620000] [id=7580]
  0x0000000054563000 WatcherThread [stack: 0x0000000056290000,0x0000000056390000] [id=2608]

VM state:synchronizing (normal execution)

VM Mutex/Monitor currently owned by a thread:  ([mutex/lock_event])
[0x0000000002388880] Threads_lock - owner thread: 0x00000000532f1000
[0x0000000002389280] Compile_lock - owner thread: 0x000000000238a000
[0x0000000002389380] MethodCompileQueue_lock - owner thread: 0x0000000054531800

Heap:
 PSYoungGen      total 18944K, used 13344K [0x00000000feb00000, 0x0000000100000000, 0x0000000100000000)
  eden space 16384K, 65% used [0x00000000feb00000,0x00000000ff5895c8,0x00000000ffb00000)
  from space 2560K, 99% used [0x00000000ffd80000,0x00000000ffffed80,0x0000000100000000)
  to   space 2560K, 0% used [0x00000000ffb00000,0x00000000ffb00000,0x00000000ffd80000)
 ParOldGen       total 44032K, used 4982K [0x00000000fc000000, 0x00000000feb00000, 0x00000000feb00000)
  object space 44032K, 11% used [0x00000000fc000000,0x00000000fc4dd980,0x00000000feb00000)
 Metaspace       used 7577K, capacity 7768K, committed 7936K, reserved 1056768K
  class space    used 870K, capacity 956K, committed 1024K, reserved 1048576K

Card table byte_map: [0x0000000000160000,0x0000000000190000] byte_map_base: 0xffffffffff980000

Marking Bits: (ParMarkBitMap*) 0x000000006b3c3950
 Begin Bits: [0x0000000012710000, 0x0000000012810000)
 End Bits:   [0x0000000012810000, 0x0000000012910000)

Polling page: 0x0000000000130000

CodeCache: size=245760Kb used=3678Kb max_used=3678Kb free=242081Kb
 bounds [0x0000000002890000, 0x0000000002c30000, 0x0000000011890000]
 total_blobs=1317 nmethods=986 adapters=245
 compilation: enabled

Compilation events (10 events):
Event: 19.701 Thread 0x0000000054531800 nmethod 918 0x0000000002bfe5d0 code [0x0000000002bfe760, 0x0000000002bfeaa8]
Event: 19.701 Thread 0x0000000054531800  919       3       org.objectweb.asm.FieldVisitor::<init> (35 bytes)
Event: 19.701 Thread 0x0000000054531800 nmethod 919 0x0000000002bfe050 code [0x0000000002bfe1c0, 0x0000000002bfe4a8]
Event: 19.701 Thread 0x0000000054531800  926       3       java.util.HashMap$HashIterator::<init> (79 bytes)
Event: 19.702 Thread 0x0000000054531800 nmethod 926 0x0000000002c05550 code [0x0000000002c056c0, 0x0000000002c05a50]
Event: 19.702 Thread 0x0000000054531800  920       3       org.objectweb.asm.FieldWriter::visitEnd (1 bytes)
Event: 19.702 Thread 0x0000000054531800 nmethod 920 0x0000000002bf7110 code [0x0000000002bf7260, 0x0000000002bf73b0]
Event: 19.702 Thread 0x0000000054531800  927       3       org.objectweb.asm.ClassWriter::toByteArray (1282 bytes)
Event: 19.702 Thread 0x00000000544d2000  928       4       org.objectweb.asm.MethodVisitor::visitLabel (16 bytes)
Event: 19.707 Thread 0x0000000054531000  931       4       org.objectweb.asm.MethodWriter::visitLabel (321 bytes)

GC Heap History (4 events):
Event: 11.747 GC heap before
{Heap before GC invocations=1 (full 0):
 PSYoungGen      total 18944K, used 16384K [0x00000000feb00000, 0x0000000100000000, 0x0000000100000000)
  eden space 16384K, 100% used [0x00000000feb00000,0x00000000ffb00000,0x00000000ffb00000)
  from space 2560K, 0% used [0x00000000ffd80000,0x00000000ffd80000,0x0000000100000000)
  to   space 2560K, 0% used [0x00000000ffb00000,0x00000000ffb00000,0x00000000ffd80000)
 ParOldGen       total 44032K, used 0K [0x00000000fc000000, 0x00000000feb00000, 0x00000000feb00000)
  object space 44032K, 0% used [0x00000000fc000000,0x00000000fc000000,0x00000000feb00000)
 Metaspace       used 6508K, capacity 6666K, committed 6784K, reserved 1056768K
  class space    used 768K, capacity 823K, committed 896K, reserved 1048576K
Event: 11.874 GC heap after
Heap after GC invocations=1 (full 0):
 PSYoungGen      total 18944K, used 2528K [0x00000000feb00000, 0x0000000100000000, 0x0000000100000000)
  eden space 16384K, 0% used [0x00000000feb00000,0x00000000feb00000,0x00000000ffb00000)
  from space 2560K, 98% used [0x00000000ffb00000,0x00000000ffd78030,0x00000000ffd80000)
  to   space 2560K, 0% used [0x00000000ffd80000,0x00000000ffd80000,0x0000000100000000)
 ParOldGen       total 44032K, used 1639K [0x00000000fc000000, 0x00000000feb00000, 0x00000000feb00000)
  object space 44032K, 3% used [0x00000000fc000000,0x00000000fc199c30,0x00000000feb00000)
 Metaspace       used 6508K, capacity 6666K, committed 6784K, reserved 1056768K
  class space    used 768K, capacity 823K, committed 896K, reserved 1048576K
}
Event: 18.636 GC heap before
{Heap before GC invocations=2 (full 0):
 PSYoungGen      total 18944K, used 18912K [0x00000000feb00000, 0x0000000100000000, 0x0000000100000000)
  eden space 16384K, 100% used [0x00000000feb00000,0x00000000ffb00000,0x00000000ffb00000)
  from space 2560K, 98% used [0x00000000ffb00000,0x00000000ffd78030,0x00000000ffd80000)
  to   space 2560K, 0% used [0x00000000ffd80000,0x00000000ffd80000,0x0000000100000000)
 ParOldGen       total 44032K, used 1639K [0x00000000fc000000, 0x00000000feb00000, 0x00000000feb00000)
  object space 44032K, 3% used [0x00000000fc000000,0x00000000fc199c30,0x00000000feb00000)
 Metaspace       used 7489K, capacity 7640K, committed 7936K, reserved 1056768K
  class space    used 867K, capacity 956K, committed 1024K, reserved 1048576K
Event: 18.684 GC heap after
Heap after GC invocations=2 (full 0):
 PSYoungGen      total 18944K, used 2555K [0x00000000feb00000, 0x0000000100000000, 0x0000000100000000)
  eden space 16384K, 0% used [0x00000000feb00000,0x00000000feb00000,0x00000000ffb00000)
  from space 2560K, 99% used [0x00000000ffd80000,0x00000000ffffed80,0x0000000100000000)
  to   space 2560K, 0% used [0x00000000ffb00000,0x00000000ffb00000,0x00000000ffd80000)
 ParOldGen       total 44032K, used 4982K [0x00000000fc000000, 0x00000000feb00000, 0x00000000feb00000)
  object space 44032K, 11% used [0x00000000fc000000,0x00000000fc4dd980,0x00000000feb00000)
 Metaspace       used 7489K, capacity 7640K, committed 7936K, reserved 1056768K
  class space    used 867K, capacity 956K, committed 1024K, reserved 1048576K
}

Deoptimization events (10 events):
Event: 11.692 Thread 0x000000000238a000 Uncommon trap: reason=unstable_if action=reinterpret pc=0x0000000002a98088 method=java.util.zip.ZipEntry.setExtra0([BZ)V @ 1
Event: 11.704 Thread 0x000000000238a000 Uncommon trap: reason=unstable_if action=reinterpret pc=0x0000000002a9edb8 method=java.util.zip.ZipFile$ZipEntryIterator.hasNext()Z @ 25
Event: 11.707 Thread 0x000000000238a000 Uncommon trap: reason=unstable_if action=reinterpret pc=0x0000000002ab0af4 method=java.util.zip.ZipCoder.decoder()Ljava/nio/charset/CharsetDecoder; @ 4
Event: 11.713 Thread 0x000000000238a000 Uncommon trap: reason=unstable_if action=reinterpret pc=0x0000000002aa7528 method=java.util.zip.ZipCoder.decoder()Ljava/nio/charset/CharsetDecoder; @ 4
Event: 11.920 Thread 0x000000000238a000 Uncommon trap: reason=unstable_if action=reinterpret pc=0x0000000002aaea28 method=java.util.zip.ZipCoder.decoder()Ljava/nio/charset/CharsetDecoder; @ 4
Event: 11.921 Thread 0x000000000238a000 Uncommon trap: reason=unstable_if action=reinterpret pc=0x0000000002aa1cac method=java.util.zip.ZipCoder.decoder()Ljava/nio/charset/CharsetDecoder; @ 4
Event: 11.921 Thread 0x000000000238a000 Uncommon trap: reason=unstable_if action=reinterpret pc=0x0000000002a98968 method=java.util.zip.ZipCoder.decoder()Ljava/nio/charset/CharsetDecoder; @ 4
Event: 17.201 Thread 0x000000000238a000 Uncommon trap: reason=unloaded action=reinterpret pc=0x0000000002a99674 method=java.util.zip.ZipEntry.setExtra0([BZ)V @ 37
Event: 19.041 Thread 0x000000000238a000 Uncommon trap: reason=unstable_if action=reinterpret pc=0x0000000002bef894 method=org.objectweb.asm.MethodWriter.visitVarInsn(II)V @ 142
Event: 19.702 Thread 0x000000000238a000 Uncommon trap: reason=unstable_if action=reinterpret pc=0x0000000002b9fcf0 method=org.objectweb.asm.Item.a(Lorg/objectweb/asm/Item;)Z @ 345

Classes redefined (0 events):
No events

Internal exceptions (10 events):
Event: 11.921 Thread 0x000000000238a000 Implicit null exception at 0x0000000002a984e8 to 0x0000000002a9894d
Event: 16.474 Thread 0x000000000238a000 Exception <a 'sun/nio/fs/WindowsException'> (0x00000000ff144e18) thrown at [D:\src\AOSP-openjdk-cygwin\jdk8u\hotspot\src\share\vm\prims\jni.cpp, line 709]
Event: 16.474 Thread 0x000000000238a000 Exception <a 'sun/nio/fs/WindowsException'> (0x00000000ff1453d8) thrown at [D:\src\AOSP-openjdk-cygwin\jdk8u\hotspot\src\share\vm\prims\jni.cpp, line 709]
Event: 16.474 Thread 0x000000000238a000 Exception <a 'sun/nio/fs/WindowsException'> (0x00000000ff1459a8) thrown at [D:\src\AOSP-openjdk-cygwin\jdk8u\hotspot\src\share\vm\prims\jni.cpp, line 709]
Event: 16.474 Thread 0x000000000238a000 Exception <a 'sun/nio/fs/WindowsException'> (0x00000000ff146168) thrown at [D:\src\AOSP-openjdk-cygwin\jdk8u\hotspot\src\share\vm\prims\jni.cpp, line 709]
Event: 16.474 Thread 0x000000000238a000 Exception <a 'sun/nio/fs/WindowsException'> (0x00000000ff146710) thrown at [D:\src\AOSP-openjdk-cygwin\jdk8u\hotspot\src\share\vm\prims\jni.cpp, line 709]
Event: 16.475 Thread 0x000000000238a000 Exception <a 'sun/nio/fs/WindowsException'> (0x00000000ff146ec0) thrown at [D:\src\AOSP-openjdk-cygwin\jdk8u\hotspot\src\share\vm\prims\jni.cpp, line 709]
Event: 16.554 Thread 0x000000000238a000 Exception <a 'sun/nio/fs/WindowsException'> (0x00000000ff14c240) thrown at [D:\src\AOSP-openjdk-cygwin\jdk8u\hotspot\src\share\vm\prims\jni.cpp, line 709]
Event: 17.238 Thread 0x000000000238a000 Exception <a 'sun/nio/fs/WindowsException'> (0x00000000ff58ef20) thrown at [D:\src\AOSP-openjdk-cygwin\jdk8u\hotspot\src\share\vm\prims\jni.cpp, line 709]
Event: 17.238 Thread 0x000000000238a000 Exception <a 'sun/nio/fs/WindowsException'> (0x00000000ff58f4c8) thrown at [D:\src\AOSP-openjdk-cygwin\jdk8u\hotspot\src\share\vm\prims\jni.cpp, line 709]

Events (10 events):
Event: 18.636 Executing VM operation: ParallelGCFailedAllocation
Event: 18.684 Executing VM operation: ParallelGCFailedAllocation done
Event: 18.684 Executing VM operation: RevokeBias
Event: 18.684 Executing VM operation: RevokeBias done
Event: 19.041 Thread 0x000000000238a000 Uncommon trap: trap_request=0xffffff65 fr.pc=0x0000000002bef894
Event: 19.041 Thread 0x000000000238a000 DEOPT PACKING pc=0x0000000002bef894 sp=0x00000000025bed90
Event: 19.041 Thread 0x000000000238a000 DEOPT UNPACKING pc=0x00000000028d556a sp=0x00000000025becd8 mode 2
Event: 19.702 Thread 0x000000000238a000 Uncommon trap: trap_request=0xffffff65 fr.pc=0x0000000002b9fcf0
Event: 19.702 Thread 0x000000000238a000 DEOPT PACKING pc=0x0000000002b9fcf0 sp=0x00000000025beaf0
Event: 19.702 Thread 0x000000000238a000 DEOPT UNPACKING pc=0x00000000028d556a sp=0x00000000025bea88 mode 2


Dynamic libraries:
0x000000013f790000 - 0x000000013f7c1000 	D:\Program files\Android\Android Studio\jre\bin\java.exe
0x0000000076de0000 - 0x0000000076f89000 	C:\Windows\SYSTEM32\ntdll.dll
0x0000000076bc0000 - 0x0000000076cdf000 	C:\Windows\system32\kernel32.dll
0x000007fefcc80000 - 0x000007fefccec000 	C:\Windows\system32\KERNELBASE.dll
0x000007fefe5d0000 - 0x000007fefe6ab000 	C:\Windows\system32\ADVAPI32.dll
0x000007fefe050000 - 0x000007fefe0ef000 	C:\Windows\system32\msvcrt.dll
0x000007fefecc0000 - 0x000007fefecdf000 	C:\Windows\SYSTEM32\sechost.dll
0x000007fefe2f0000 - 0x000007fefe41d000 	C:\Windows\system32\RPCRT4.dll
0x0000000076ce0000 - 0x0000000076dda000 	C:\Windows\system32\USER32.dll
0x000007fefcfb0000 - 0x000007fefd017000 	C:\Windows\system32\GDI32.dll
0x000007fefe040000 - 0x000007fefe04e000 	C:\Windows\system32\LPK.dll
0x000007fefe820000 - 0x000007fefe8e9000 	C:\Windows\system32\USP10.dll
0x000007fefb4d0000 - 0x000007fefb6c4000 	C:\Windows\WinSxS\amd64_microsoft.windows.common-controls_6595b64144ccf1df_6.0.7601.17514_none_fa396087175ac9ac\COMCTL32.dll
0x000007fefeb30000 - 0x000007fefeba1000 	C:\Windows\system32\SHLWAPI.dll
0x000007fefebb0000 - 0x000007fefebde000 	C:\Windows\system32\IMM32.DLL
0x000007fefe4c0000 - 0x000007fefe5c9000 	C:\Windows\system32\MSCTF.dll
0x000007fefcb20000 - 0x000007fefcb5c000 	C:\Windows\system32\nvinitx.dll
0x000000006dfe0000 - 0x000000006e0b2000 	D:\Program files\Android\Android Studio\jre\jre\bin\msvcr100.dll
0x000000006ac00000 - 0x000000006b43e000 	D:\Program files\Android\Android Studio\jre\jre\bin\server\jvm.dll
0x000007fef92d0000 - 0x000007fef92d9000 	C:\Windows\system32\WSOCK32.dll
0x000007fefece0000 - 0x000007fefed2d000 	C:\Windows\system32\WS2_32.dll
0x000007fefee30000 - 0x000007fefee38000 	C:\Windows\system32\NSI.dll
0x000007fefab60000 - 0x000007fefab9b000 	C:\Windows\system32\WINMM.dll
0x000007fefbb60000 - 0x000007fefbb6c000 	C:\Windows\system32\VERSION.dll
0x0000000076fa0000 - 0x0000000076fa7000 	C:\Windows\system32\PSAPI.DLL
0x000007fef66b0000 - 0x000007fef66bf000 	D:\Program files\Android\Android Studio\jre\jre\bin\verify.dll
0x000007feec700000 - 0x000007feec729000 	D:\Program files\Android\Android Studio\jre\jre\bin\java.dll
0x000007feecb80000 - 0x000007feecb96000 	D:\Program files\Android\Android Studio\jre\jre\bin\zip.dll
0x000007fefd2b0000 - 0x000007fefe038000 	C:\Windows\system32\SHELL32.dll
0x000007fefd020000 - 0x000007fefd223000 	C:\Windows\system32\ole32.dll
0x000007fefcc00000 - 0x000007fefcc0f000 	C:\Windows\system32\profapi.dll
0x000007fefc3b0000 - 0x000007fefc3c7000 	C:\Windows\system32\CRYPTSP.dll
0x000007fefc0b0000 - 0x000007fefc0f7000 	C:\Windows\system32\rsaenh.dll
0x000007fefcc60000 - 0x000007fefcc7e000 	C:\Windows\system32\USERENV.dll
0x000007fefca10000 - 0x000007fefca1f000 	C:\Windows\system32\CRYPTBASE.dll
0x000007feec6e0000 - 0x000007feec6fa000 	D:\Program files\Android\Android Studio\jre\jre\bin\net.dll
0x000007fefc350000 - 0x000007fefc3a5000 	C:\Windows\system32\mswsock.dll
0x000007fefc340000 - 0x000007fefc347000 	C:\Windows\System32\wship6.dll
0x000007fefa1a0000 - 0x000007fefa1c7000 	C:\Windows\system32\IPHLPAPI.DLL
0x000007fefa190000 - 0x000007fefa19b000 	C:\Windows\system32\WINNSI.DLL
0x000007fef9900000 - 0x000007fef9911000 	C:\Windows\system32\dhcpcsvc6.DLL
0x000007fef98e0000 - 0x000007fef98f8000 	C:\Windows\system32\dhcpcsvc.DLL
0x000007feec6c0000 - 0x000007feec6d1000 	D:\Program files\Android\Android Studio\jre\jre\bin\nio.dll

VM Arguments:
jvm_args: -Djava.awt.headless=true -Xmx64M -Dfile.encoding=windows-1251 -Duser.country=RU -Duser.language=ru -Duser.variant 
java_command: com.google.devtools.build.android.desugar.Desugar --input C:\Users\KING\Desktop\Android\study\3\RecordBook\app\build\intermediates\transforms\stackFramesFixer\debug\42.jar --output C:\Users\KING\Desktop\Android\study\3\RecordBook\app\build\intermediates\transforms\desugar\debug\29.jar --input C:\Users\KING\Desktop\Android\study\3\RecordBook\app\build\intermediates\transforms\stackFramesFixer\debug\7.jar --output C:\Users\KING\Desktop\Android\study\3\RecordBook\app\build\intermediates\transforms\desugar\debug\8.jar --input C:\Users\KING\Desktop\Android\study\3\RecordBook\app\build\intermediates\transforms\stackFramesFixer\debug\30.jar --output C:\Users\KING\Desktop\Android\study\3\RecordBook\app\build\intermediates\transforms\desugar\debug\23.jar --input C:\Users\KING\Desktop\Android\study\3\RecordBook\app\build\intermediates\transforms\stackFramesFixer\debug\5.jar --output C:\Users\KING\Desktop\Android\study\3\RecordBook\app\build\intermediates\transforms\desugar\debug\6.jar --input C:\Users\KING\Desktop\Android\study\3\RecordBook\app\build\intermediates\transforms\stackFramesFixer\debug\20.jar --output C:\Users\KING\Desktop\Android\study\3\RecordBook\app\build\intermediates\transforms\desugar\debug\19.jar --classpath_entry C:\Users\KING\Desktop\Android\study\3\RecordBook\app\build\intermediates\classes\debug --classpath_entry C:\Users\KING\Desktop\Android\study\3\RecordBook\app\build\intermediates\transforms\stackFramesFixer\debug\0.jar --classpath_entry C:\Users\KING\Desktop\Android\study\3\RecordBook\app\build\intermediates\transforms\stackFramesFixer\debug\1.jar --classpath_entry C:\Users\KING\Desktop\Android\study\3\RecordBook\app\build\intermediates\transforms\stackFramesFixer\debug\2.jar --classpath_entry C:\Users\KING\Desktop\Android\study\3\RecordBook\app\build\intermediates\transforms\stackFramesFixer\debug\3.jar --classpath_entry C:\Users\KING\Desktop\Android\study\3\RecordBook\app\build\intermediates\transforms\stackFramesFixer\debug\4.ja
java_class_path (initial): C:\Users\KING\AppData\Local\Temp\desugar_deploy.jar7421709963918403138
Launcher Type: SUN_STANDARD

Environment Variables:
PATH=C:\ProgramData\Oracle\Java\javapath;C:\Windows\system32;C:\Windows;C:\Windows\System32\Wbem;C:\Windows\System32\WindowsPowerShell\v1.0\;C:\Program Files (x86)\NVIDIA Corporation\PhysX\Common;C:\Users\KING\.dnx\bin;C:\Program Files\Microsoft DNX\Dnvm\;C:\Program Files\Microsoft SQL Server\130\Tools\Binn\;C:\Program Files (x86)\sbt\\bin;C:\Program Files (x86)\Rational\common;C:\Program Files (x86)\Skype\Phone\;C:\Program Files (x86)\PostgreSQL\9.6\bin;C:\Program Files (x86)\PostgreSQL\9.6\lib;C:\Program Files (x86)\PostgreSQL\9.6\include;C:\Program Files\Microsoft SQL Server\110\Tools\Binn\;C:\Program Files (x86)\Brackets\command;C:\adb;C:\xampp\php;C:\ProgramData\ComposerSetup\bin;C:\Users\KING\AppData\Roaming\Composer\vendor\bin
USERNAME=KING
OS=Windows_NT
PROCESSOR_IDENTIFIER=Intel64 Family 6 Model 42 Stepping 7, GenuineIntel



---------------  S Y S T E M  ---------------

OS: Windows 7 , 64 bit Build 7601 (6.1.7601.18409)

CPU:total 8 (initial active 8) (4 cores per cpu, 2 threads per core) family 6 model 42 stepping 7, cmov, cx8, fxsr, mmx, sse, sse2, sse3, ssse3, sse4.1, sse4.2, popcnt, avx, clmul, ht, tsc, tscinvbit

Memory: 4k page, physical 8298260k(352972k free), swap 12392396k(2116k free)

vm_info: OpenJDK 64-Bit Server VM (25.152-b01) for windows-amd64 JRE (1.8.0_152-release-915-b01), built by "builder" with MS VC++ 10.0 (VS2010)

time: Sun Jul 01 19:41:26 2018
elapsed time: 20 seconds (0d 0h 0m 20s)

