#
# There is insufficient memory for the Java Runtime Environment to continue.
# Native memory allocation (malloc) failed to allocate 755216 bytes for Chunk::new
# Possible reasons:
#   The system is out of physical RAM or swap space
#   In 32 bit mode, the process size limit was hit
# Possible solutions:
#   Reduce memory load on the system
#   Increase physical memory or swap space
#   Check if swap backing store is full
#   Use 64 bit Java on a 64 bit OS
#   Decrease Java heap size (-Xmx/-Xms)
#   Decrease number of Java threads
#   Decrease Java thread stack sizes (-Xss)
#   Set larger code cache with -XX:ReservedCodeCacheSize=
# This output file may be truncated or incomplete.
#
#  Out of Memory Error (allocation.cpp:390), pid=15796, tid=0x0000000000003d70
#
# JRE version: OpenJDK Runtime Environment (8.0_152-b01) (build 1.8.0_152-release-915-b01)
# Java VM: OpenJDK 64-Bit Server VM (25.152-b01 mixed mode windows-amd64 compressed oops)
# Failed to write core dump. Minidumps are not enabled by default on client versions of Windows
#

---------------  T H R E A D  ---------------

Current thread (0x00000000547f6800):  JavaThread "C2 CompilerThread2" daemon [_thread_in_native, id=15728, stack(0x0000000056140000,0x0000000056240000)]

Stack: [0x0000000056140000,0x0000000056240000]
[error occurred during error reporting (printing stack bounds), id 0xc0000005]

Native frames: (J=compiled Java code, j=interpreted, Vv=VM code, C=native code)


Current CompileTask:
C2:  10620  922 %     4       org.objectweb.asm.ClassReader::a @ 1360 (3587 bytes)


---------------  P R O C E S S  ---------------

Java Threads: ( => current thread )
  0x000000000241a000 JavaThread "DestroyJavaVM" [_thread_blocked, id=9516, stack(0x00000000025a0000,0x00000000026a0000)]
  0x00000000547fe000 JavaThread "Service Thread" daemon [_thread_blocked, id=10272, stack(0x00000000564b0000,0x00000000565b0000)]
  0x00000000547f7000 JavaThread "C1 CompilerThread3" daemon [_thread_blocked, id=14124, stack(0x00000000562b0000,0x00000000563b0000)]
=>0x00000000547f6800 JavaThread "C2 CompilerThread2" daemon [_thread_in_native, id=15728, stack(0x0000000056140000,0x0000000056240000)]
  0x00000000547f3800 JavaThread "C2 CompilerThread1" daemon [_thread_blocked, id=16120, stack(0x00000000556a0000,0x00000000557a0000)]
  0x00000000547a0000 JavaThread "C2 CompilerThread0" daemon [_thread_blocked, id=10800, stack(0x0000000055fc0000,0x00000000560c0000)]
  0x000000005479e800 JavaThread "Attach Listener" daemon [_thread_blocked, id=14628, stack(0x0000000055e50000,0x0000000055f50000)]
  0x000000005479a800 JavaThread "Signal Dispatcher" daemon [_thread_blocked, id=4652, stack(0x0000000055ce0000,0x0000000055de0000)]
  0x00000000535d2000 JavaThread "Finalizer" daemon [_thread_blocked, id=7484, stack(0x0000000055be0000,0x0000000055ce0000)]
  0x00000000535cb000 JavaThread "Reference Handler" daemon [_thread_blocked, id=15716, stack(0x0000000055a50000,0x0000000055b50000)]

Other Threads:
  0x00000000535c2000 VMThread [stack: 0x0000000055850000,0x0000000055950000] [id=11684]
  0x0000000054800000 WatcherThread [stack: 0x00000000565d0000,0x00000000566d0000] [id=7460]

VM state:not at safepoint (normal execution)

VM Mutex/Monitor currently owned by a thread: None

Heap:
 PSYoungGen      total 18944K, used 10130K [0x00000000feb00000, 0x0000000100000000, 0x0000000100000000)
  eden space 16384K, 46% used [0x00000000feb00000,0x00000000ff265b28,0x00000000ffb00000)
  from space 2560K, 99% used [0x00000000ffd80000,0x00000000ffffed70,0x0000000100000000)
  to   space 2560K, 0% used [0x00000000ffb00000,0x00000000ffb00000,0x00000000ffd80000)
 ParOldGen       total 44032K, used 4866K [0x00000000fc000000, 0x00000000feb00000, 0x00000000feb00000)
  object space 44032K, 11% used [0x00000000fc000000,0x00000000fc4c0b20,0x00000000feb00000)
 Metaspace       used 7570K, capacity 7704K, committed 7936K, reserved 1056768K
  class space    used 877K, capacity 956K, committed 1024K, reserved 1048576K

Card table byte_map: [0x0000000000280000,0x00000000002b0000] byte_map_base: 0xffffffffffaa0000

Marking Bits: (ParMarkBitMap*) 0x0000000062173950
 Begin Bits: [0x00000000129e0000, 0x0000000012ae0000)
 End Bits:   [0x0000000012ae0000, 0x0000000012be0000)

Polling page: 0x0000000000130000

CodeCache: size=245760Kb used=3723Kb max_used=3723Kb free=242036Kb
 bounds [0x0000000002970000, 0x0000000002d20000, 0x0000000011970000]
 total_blobs=1256 nmethods=925 adapters=245
 compilation: enabled

Compilation events (10 events):
Event: 10.063 Thread 0x00000000547f7000  924       3       org.objectweb.asm.FieldWriter::a (262 bytes)
Event: 10.064 Thread 0x00000000547f7000 nmethod 924 0x0000000002cde4d0 code [0x0000000002cde760, 0x0000000002cdf608]
Event: 10.065 Thread 0x00000000547f7000  925       3       org.objectweb.asm.FieldWriter::a (475 bytes)
Event: 10.067 Thread 0x00000000547f7000 nmethod 925 0x0000000002d138d0 code [0x0000000002d13c60, 0x0000000002d14f78]
Event: 10.067 Thread 0x00000000547f7000  926       3       sun.util.calendar.BaseCalendar::isLeapYear (5 bytes)
Event: 10.067 Thread 0x00000000547f7000 nmethod 926 0x0000000002cddf50 code [0x0000000002cde0c0, 0x0000000002cde3b0]
Event: 10.067 Thread 0x00000000547f7000  927       3       sun.util.calendar.CalendarUtils::isGregorianLeapYear (27 bytes)
Event: 10.067 Thread 0x00000000547f7000 nmethod 927 0x0000000002cdda90 code [0x0000000002cddc00, 0x0000000002cdde70]
Event: 10.067 Thread 0x00000000547f7000  928       3       sun.util.calendar.CalendarDate::setLeapYear (6 bytes)
Event: 10.068 Thread 0x00000000547f7000 nmethod 928 0x0000000002cdd790 code [0x0000000002cdd8e0, 0x0000000002cdda30]

GC Heap History (4 events):
Event: 5.132 GC heap before
{Heap before GC invocations=1 (full 0):
 PSYoungGen      total 18944K, used 16384K [0x00000000feb00000, 0x0000000100000000, 0x0000000100000000)
  eden space 16384K, 100% used [0x00000000feb00000,0x00000000ffb00000,0x00000000ffb00000)
  from space 2560K, 0% used [0x00000000ffd80000,0x00000000ffd80000,0x0000000100000000)
  to   space 2560K, 0% used [0x00000000ffb00000,0x00000000ffb00000,0x00000000ffd80000)
 ParOldGen       total 44032K, used 0K [0x00000000fc000000, 0x00000000feb00000, 0x00000000feb00000)
  object space 44032K, 0% used [0x00000000fc000000,0x00000000fc000000,0x00000000feb00000)
 Metaspace       used 6477K, capacity 6666K, committed 6784K, reserved 1056768K
  class space    used 768K, capacity 823K, committed 896K, reserved 1048576K
Event: 5.342 GC heap after
Heap after GC invocations=1 (full 0):
 PSYoungGen      total 18944K, used 2544K [0x00000000feb00000, 0x0000000100000000, 0x0000000100000000)
  eden space 16384K, 0% used [0x00000000feb00000,0x00000000feb00000,0x00000000ffb00000)
  from space 2560K, 99% used [0x00000000ffb00000,0x00000000ffd7c020,0x00000000ffd80000)
  to   space 2560K, 0% used [0x00000000ffd80000,0x00000000ffd80000,0x0000000100000000)
 ParOldGen       total 44032K, used 1647K [0x00000000fc000000, 0x00000000feb00000, 0x00000000feb00000)
  object space 44032K, 3% used [0x00000000fc000000,0x00000000fc19bcd0,0x00000000feb00000)
 Metaspace       used 6477K, capacity 6666K, committed 6784K, reserved 1056768K
  class space    used 768K, capacity 823K, committed 896K, reserved 1048576K
}
Event: 6.754 GC heap before
{Heap before GC invocations=2 (full 0):
 PSYoungGen      total 18944K, used 18928K [0x00000000feb00000, 0x0000000100000000, 0x0000000100000000)
  eden space 16384K, 100% used [0x00000000feb00000,0x00000000ffb00000,0x00000000ffb00000)
  from space 2560K, 99% used [0x00000000ffb00000,0x00000000ffd7c020,0x00000000ffd80000)
  to   space 2560K, 0% used [0x00000000ffd80000,0x00000000ffd80000,0x0000000100000000)
 ParOldGen       total 44032K, used 1647K [0x00000000fc000000, 0x00000000feb00000, 0x00000000feb00000)
  object space 44032K, 3% used [0x00000000fc000000,0x00000000fc19bcd0,0x00000000feb00000)
 Metaspace       used 7466K, capacity 7640K, committed 7936K, reserved 1056768K
  class space    used 872K, capacity 956K, committed 1024K, reserved 1048576K
Event: 7.968 GC heap after
Heap after GC invocations=2 (full 0):
 PSYoungGen      total 18944K, used 2555K [0x00000000feb00000, 0x0000000100000000, 0x0000000100000000)
  eden space 16384K, 0% used [0x00000000feb00000,0x00000000feb00000,0x00000000ffb00000)
  from space 2560K, 99% used [0x00000000ffd80000,0x00000000ffffed70,0x0000000100000000)
  to   space 2560K, 0% used [0x00000000ffb00000,0x00000000ffb00000,0x00000000ffd80000)
 ParOldGen       total 44032K, used 4866K [0x00000000fc000000, 0x00000000feb00000, 0x00000000feb00000)
  object space 44032K, 11% used [0x00000000fc000000,0x00000000fc4c0b20,0x00000000feb00000)
 Metaspace       used 7466K, capacity 7640K, committed 7936K, reserved 1056768K
  class space    used 872K, capacity 956K, committed 1024K, reserved 1048576K
}

Deoptimization events (10 events):
Event: 5.796 Thread 0x000000000241a000 Uncommon trap: reason=unloaded action=reinterpret pc=0x0000000002b67b74 method=java.util.zip.ZipEntry.setExtra0([BZ)V @ 37
Event: 5.819 Thread 0x000000000241a000 Uncommon trap: reason=unstable_if action=reinterpret pc=0x0000000002b7aa5c method=java.util.HashMap$HashIterator.nextNode()Ljava/util/HashMap$Node; @ 74
Event: 6.629 Thread 0x000000000241a000 Uncommon trap: reason=unstable_if action=reinterpret pc=0x0000000002bfe0fc method=java.lang.String.<init>([CII)V @ 18
Event: 7.983 Thread 0x000000000241a000 Uncommon trap: reason=unstable_if action=reinterpret pc=0x0000000002c4af70 method=org.objectweb.asm.Item.a(Lorg/objectweb/asm/Item;)Z @ 345
Event: 8.044 Thread 0x000000000241a000 Uncommon trap: reason=unstable_if action=reinterpret pc=0x0000000002c8fed8 method=java.io.BufferedOutputStream.write(I)V @ 9
Event: 10.051 Thread 0x000000000241a000 Uncommon trap: reason=bimorphic action=maybe_recompile pc=0x0000000002cceb48 method=org.objectweb.asm.MethodVisitor.visitLabel(Lorg/objectweb/asm/Label;)V @ 12
Event: 10.051 Thread 0x000000000241a000 Uncommon trap: reason=bimorphic action=maybe_recompile pc=0x0000000002cb646c method=org.objectweb.asm.MethodVisitor.visitInsn(I)V @ 12
Event: 10.051 Thread 0x000000000241a000 Uncommon trap: reason=bimorphic action=maybe_recompile pc=0x0000000002cc8ce8 method=org.objectweb.asm.MethodVisitor.visitMethodInsn(ILjava/lang/String;Ljava/lang/String;Ljava/lang/String;Z)V @ 64
Event: 10.052 Thread 0x000000000241a000 Uncommon trap: reason=bimorphic action=maybe_recompile pc=0x0000000002cb646c method=org.objectweb.asm.MethodVisitor.visitInsn(I)V @ 12
Event: 10.053 Thread 0x000000000241a000 Uncommon trap: reason=bimorphic action=maybe_recompile pc=0x0000000002cceb34 method=org.objectweb.asm.tree.LabelNode.accept(Lorg/objectweb/asm/MethodVisitor;)V @ 5

Classes redefined (0 events):
No events

Internal exceptions (10 events):
Event: 5.825 Thread 0x000000000241a000 Exception <a 'sun/nio/fs/WindowsException'> (0x00000000ff56c1a8) thrown at [D:\src\AOSP-openjdk-cygwin\jdk8u\hotspot\src\share\vm\prims\jni.cpp, line 709]
Event: 5.825 Thread 0x000000000241a000 Exception <a 'sun/nio/fs/WindowsException'> (0x00000000ff56c750) thrown at [D:\src\AOSP-openjdk-cygwin\jdk8u\hotspot\src\share\vm\prims\jni.cpp, line 709]
Event: 6.236 Thread 0x000000000241a000 Exception <a 'sun/nio/fs/WindowsException'> (0x00000000ff6c3798) thrown at [D:\src\AOSP-openjdk-cygwin\jdk8u\hotspot\src\share\vm\prims\jni.cpp, line 709]
Event: 6.236 Thread 0x000000000241a000 Exception <a 'sun/nio/fs/WindowsException'> (0x00000000ff6c3cc0) thrown at [D:\src\AOSP-openjdk-cygwin\jdk8u\hotspot\src\share\vm\prims\jni.cpp, line 709]
Event: 8.306 Thread 0x000000000241a000 Exception <a 'sun/nio/fs/WindowsException'> (0x00000000ff07fda0) thrown at [D:\src\AOSP-openjdk-cygwin\jdk8u\hotspot\src\share\vm\prims\jni.cpp, line 709]
Event: 8.307 Thread 0x000000000241a000 Exception <a 'sun/nio/fs/WindowsException'> (0x00000000ff0802c8) thrown at [D:\src\AOSP-openjdk-cygwin\jdk8u\hotspot\src\share\vm\prims\jni.cpp, line 709]
Event: 10.054 Thread 0x000000000241a000 Exception <a 'sun/nio/fs/WindowsException'> (0x00000000ff109818) thrown at [D:\src\AOSP-openjdk-cygwin\jdk8u\hotspot\src\share\vm\prims\jni.cpp, line 709]
Event: 10.054 Thread 0x000000000241a000 Exception <a 'sun/nio/fs/WindowsException'> (0x00000000ff109d40) thrown at [D:\src\AOSP-openjdk-cygwin\jdk8u\hotspot\src\share\vm\prims\jni.cpp, line 709]
Event: 10.074 Thread 0x0000000056c7b000 StackOverflowError at 0x0000000002a99cd0
Event: 10.074 Thread 0x0000000056c7b000 Exception <a 'java/lang/StackOverflowError'> (0x00000000ff23cda8) thrown at [D:\src\AOSP-openjdk-cygwin\jdk8u\hotspot\src\share\vm\runtime\sharedRuntime.cpp, line 605]

Events (10 events):
Event: 10.070 Thread 0x000000000241a000 Thread exited: 0x000000000241a000
Event: 10.070 Thread 0x000000000241a000 Thread added: 0x000000000241a000
Event: 10.070 loading class java/util/IdentityHashMap$KeySet
Event: 10.070 loading class java/util/IdentityHashMap$KeySet done
Event: 10.070 loading class java/util/IdentityHashMap$KeyIterator
Event: 10.070 loading class java/util/IdentityHashMap$IdentityHashMapIterator
Event: 10.070 loading class java/util/IdentityHashMap$IdentityHashMapIterator done
Event: 10.070 loading class java/util/IdentityHashMap$KeyIterator done
Event: 10.073 Thread 0x0000000056c7b000 Thread added: 0x0000000056c7b000
Event: 10.074 loading class java/lang/Throwable$WrappedPrintStream


Dynamic libraries:
0x000000013f370000 - 0x000000013f3a1000 	D:\Program files\Android\Android Studio\jre\bin\java.exe
0x00000000774a0000 - 0x0000000077649000 	C:\Windows\SYSTEM32\ntdll.dll
0x0000000077380000 - 0x000000007749f000 	C:\Windows\system32\kernel32.dll
0x000007fefd550000 - 0x000007fefd5bc000 	C:\Windows\system32\KERNELBASE.dll
0x000007feff5c0000 - 0x000007feff69b000 	C:\Windows\system32\ADVAPI32.dll
0x000007feff6a0000 - 0x000007feff73f000 	C:\Windows\system32\msvcrt.dll
0x000007fefe940000 - 0x000007fefe95f000 	C:\Windows\SYSTEM32\sechost.dll
0x000007fefeb70000 - 0x000007fefec9d000 	C:\Windows\system32\RPCRT4.dll
0x0000000077280000 - 0x000000007737a000 	C:\Windows\system32\USER32.dll
0x000007feff740000 - 0x000007feff7a7000 	C:\Windows\system32\GDI32.dll
0x000007fefdba0000 - 0x000007fefdbae000 	C:\Windows\system32\LPK.dll
0x000007fefdad0000 - 0x000007fefdb99000 	C:\Windows\system32\USP10.dll
0x000007fefbd30000 - 0x000007fefbf24000 	C:\Windows\WinSxS\amd64_microsoft.windows.common-controls_6595b64144ccf1df_6.0.7601.17514_none_fa396087175ac9ac\COMCTL32.dll
0x000007fefd670000 - 0x000007fefd6e1000 	C:\Windows\system32\SHLWAPI.dll
0x000007feff430000 - 0x000007feff45e000 	C:\Windows\system32\IMM32.DLL
0x000007feff460000 - 0x000007feff569000 	C:\Windows\system32\MSCTF.dll
0x000007fefd1e0000 - 0x000007fefd21c000 	C:\Windows\system32\nvinitx.dll
0x0000000060790000 - 0x0000000060862000 	D:\Program files\Android\Android Studio\jre\jre\bin\msvcr100.dll
0x00000000619b0000 - 0x00000000621ee000 	D:\Program files\Android\Android Studio\jre\jre\bin\server\jvm.dll
0x000007feef2e0000 - 0x000007feef2e9000 	C:\Windows\system32\WSOCK32.dll
0x000007feff570000 - 0x000007feff5bd000 	C:\Windows\system32\WS2_32.dll
0x000007feff050000 - 0x000007feff058000 	C:\Windows\system32\NSI.dll
0x000007fefaff0000 - 0x000007fefb02b000 	C:\Windows\system32\WINMM.dll
0x000007fefc250000 - 0x000007fefc25c000 	C:\Windows\system32\VERSION.dll
0x0000000077670000 - 0x0000000077677000 	C:\Windows\system32\PSAPI.DLL
0x000007fefae20000 - 0x000007fefae2f000 	D:\Program files\Android\Android Studio\jre\jre\bin\verify.dll
0x000007fefadf0000 - 0x000007fefae19000 	D:\Program files\Android\Android Studio\jre\jre\bin\java.dll
0x000007feebc00000 - 0x000007feebc16000 	D:\Program files\Android\Android Studio\jre\jre\bin\zip.dll
0x000007fefdbb0000 - 0x000007fefe938000 	C:\Windows\system32\SHELL32.dll
0x000007fefe960000 - 0x000007fefeb63000 	C:\Windows\system32\ole32.dll
0x000007fefd2b0000 - 0x000007fefd2bf000 	C:\Windows\system32\profapi.dll
0x000007fefca70000 - 0x000007fefca87000 	C:\Windows\system32\CRYPTSP.dll
0x000007fefc770000 - 0x000007fefc7b7000 	C:\Windows\system32\rsaenh.dll
0x000007fefd5d0000 - 0x000007fefd5ee000 	C:\Windows\system32\USERENV.dll
0x000007fefd0d0000 - 0x000007fefd0df000 	C:\Windows\system32\CRYPTBASE.dll
0x000007feebbe0000 - 0x000007feebbfa000 	D:\Program files\Android\Android Studio\jre\jre\bin\net.dll
0x000007fefca10000 - 0x000007fefca65000 	C:\Windows\system32\mswsock.dll
0x000007fefca00000 - 0x000007fefca07000 	C:\Windows\System32\wship6.dll
0x000007fefa7d0000 - 0x000007fefa7f7000 	C:\Windows\system32\IPHLPAPI.DLL
0x000007fefa7b0000 - 0x000007fefa7bb000 	C:\Windows\system32\WINNSI.DLL
0x000007fef9f50000 - 0x000007fef9f61000 	C:\Windows\system32\dhcpcsvc6.DLL
0x000007fef9ed0000 - 0x000007fef9ee8000 	C:\Windows\system32\dhcpcsvc.DLL
0x000007feebbc0000 - 0x000007feebbd1000 	D:\Program files\Android\Android Studio\jre\jre\bin\nio.dll

VM Arguments:
jvm_args: -Djava.awt.headless=true -Xmx64M -Dfile.encoding=windows-1251 -Duser.country=RU -Duser.language=ru -Duser.variant 
java_command: com.google.devtools.build.android.desugar.Desugar --input C:\Users\KING\Desktop\Android\study\2\RecordBook\app\build\intermediates\transforms\stackFramesFixer\debug\3.jar --output C:\Users\KING\Desktop\Android\study\2\RecordBook\app\build\intermediates\transforms\desugar\debug\4.jar --input C:\Users\KING\Desktop\Android\study\2\RecordBook\app\build\intermediates\transforms\stackFramesFixer\debug\26.jar --output C:\Users\KING\Desktop\Android\study\2\RecordBook\app\build\intermediates\transforms\desugar\debug\27.jar --input C:\Users\KING\Desktop\Android\study\2\RecordBook\app\build\intermediates\transforms\stackFramesFixer\debug\7.jar --output C:\Users\KING\Desktop\Android\study\2\RecordBook\app\build\intermediates\transforms\desugar\debug\8.jar --input C:\Users\KING\Desktop\Android\study\2\RecordBook\app\build\intermediates\transforms\stackFramesFixer\debug\28.jar --output C:\Users\KING\Desktop\Android\study\2\RecordBook\app\build\intermediates\transforms\desugar\debug\29.jar --classpath_entry C:\Users\KING\Desktop\Android\study\2\RecordBook\app\build\intermediates\classes\debug --classpath_entry C:\Users\KING\Desktop\Android\study\2\RecordBook\app\build\intermediates\transforms\stackFramesFixer\debug\0.jar --classpath_entry C:\Users\KING\Desktop\Android\study\2\RecordBook\app\build\intermediates\transforms\stackFramesFixer\debug\1.jar --classpath_entry C:\Users\KING\Desktop\Android\study\2\RecordBook\app\build\intermediates\transforms\stackFramesFixer\debug\2.jar --classpath_entry C:\Users\KING\Desktop\Android\study\2\RecordBook\app\build\intermediates\transforms\stackFramesFixer\debug\3.jar --classpath_entry C:\Users\KING\Desktop\Android\study\2\RecordBook\app\build\intermediates\transforms\stackFramesFixer\debug\4.jar --classpath_entry C:\Users\KING\Desktop\Android\study\2\RecordBook\app\build\intermediates\transforms\stackFramesFixer\debug\5.jar --classpath_entry C:\Users\KING\Desktop\Android\study\2\RecordBook\app\build\intermediates\transforms\s
java_class_path (initial): C:\Users\KING\AppData\Local\Temp\desugar_deploy.jar9097227951175999869
Launcher Type: SUN_STANDARD

Environment Variables:
PATH=C:\ProgramData\Oracle\Java\javapath;C:\Windows\system32;C:\Windows;C:\Windows\System32\Wbem;C:\Windows\System32\WindowsPowerShell\v1.0\;C:\Program Files (x86)\NVIDIA Corporation\PhysX\Common;C:\Users\KING\.dnx\bin;C:\Program Files\Microsoft DNX\Dnvm\;C:\Program Files\Microsoft SQL Server\130\Tools\Binn\;C:\Program Files (x86)\sbt\\bin;C:\Program Files (x86)\Rational\common;C:\Program Files (x86)\Skype\Phone\;C:\Program Files (x86)\PostgreSQL\9.6\bin;C:\Program Files (x86)\PostgreSQL\9.6\lib;C:\Program Files (x86)\PostgreSQL\9.6\include;C:\Program Files\Microsoft SQL Server\110\Tools\Binn\;C:\Program Files (x86)\Brackets\command;C:\adb;C:\xampp\php;C:\ProgramData\ComposerSetup\bin;C:\Users\KING\AppData\Roaming\Composer\vendor\bin
USERNAME=KING
OS=Windows_NT
PROCESSOR_IDENTIFIER=Intel64 Family 6 Model 42 Stepping 7, GenuineIntel



---------------  S Y S T E M  ---------------

OS: Windows 7 , 64 bit Build 7601 (6.1.7601.18409)

CPU:total 8 (initial active 8) (4 cores per cpu, 2 threads per core) family 6 model 42 stepping 7, cmov, cx8, fxsr, mmx, sse, sse2, sse3, ssse3, sse4.1, sse4.2, popcnt, avx, clmul, ht, tsc, tscinvbit

Memory: 4k page, physical 8298260k(314068k free), swap 12392396k(27980k free)

vm_info: OpenJDK 64-Bit Server VM (25.152-b01) for windows-amd64 JRE (1.8.0_152-release-915-b01), built by "builder" with MS VC++ 10.0 (VS2010)

time: Fri Jun 29 22:08:40 2018
elapsed time: 11 seconds (0d 0h 0m 11s)

