#
# There is insufficient memory for the Java Runtime Environment to continue.
# Native memory allocation (malloc) failed to allocate 32744 bytes for ChunkPool::allocate
# Possible reasons:
#   The system is out of physical RAM or swap space
#   In 32 bit mode, the process size limit was hit
# Possible solutions:
#   Reduce memory load on the system
#   Increase physical memory or swap space
#   Check if swap backing store is full
#   Use 64 bit Java on a 64 bit OS
#   Decrease Java heap size (-Xmx/-Xms)
#   Decrease number of Java threads
#   Decrease Java thread stack sizes (-Xss)
#   Set larger code cache with -XX:ReservedCodeCacheSize=
# This output file may be truncated or incomplete.
#
#  Out of Memory Error (allocation.cpp:273), pid=3100, tid=0x0000000000002c90
#
# JRE version: OpenJDK Runtime Environment (8.0_152-b01) (build 1.8.0_152-release-915-b01)
# Java VM: OpenJDK 64-Bit Server VM (25.152-b01 mixed mode windows-amd64 compressed oops)
# Failed to write core dump. Minidumps are not enabled by default on client versions of Windows
#

---------------  T H R E A D  ---------------

Current thread (0x0000000054534000):  JavaThread "C2 CompilerThread2" daemon [_thread_in_native, id=11408, stack(0x00000000555d0000,0x00000000556d0000)]

Stack: [0x00000000555d0000,0x00000000556d0000]
[error occurred during error reporting (printing stack bounds), id 0xc0000005]

Native frames: (J=compiled Java code, j=interpreted, Vv=VM code, C=native code)


Current CompileTask:
C2:  10544  818 %     4       org.objectweb.asm.ClassReader::a @ 74 (3587 bytes)


---------------  P R O C E S S  ---------------

Java Threads: ( => current thread )
  0x00000000022ca000 JavaThread "DestroyJavaVM" [_thread_blocked, id=14516, stack(0x00000000023c0000,0x00000000024c0000)]
  0x00000000545a5800 JavaThread "Service Thread" daemon [_thread_blocked, id=12500, stack(0x0000000056240000,0x0000000056340000)]
  0x0000000054535000 JavaThread "C1 CompilerThread3" daemon [_thread_in_native, id=16040, stack(0x0000000056090000,0x0000000056190000)]
=>0x0000000054534000 JavaThread "C2 CompilerThread2" daemon [_thread_in_native, id=11408, stack(0x00000000555d0000,0x00000000556d0000)]
  0x0000000054531000 JavaThread "C2 CompilerThread1" daemon [_thread_blocked, id=6464, stack(0x0000000055e50000,0x0000000055f50000)]
  0x0000000054530000 JavaThread "C2 CompilerThread0" daemon [_thread_blocked, id=2728, stack(0x0000000055c40000,0x0000000055d40000)]
  0x000000005452e800 JavaThread "Attach Listener" daemon [_thread_blocked, id=6496, stack(0x0000000055a90000,0x0000000055b90000)]
  0x000000005452a800 JavaThread "Signal Dispatcher" daemon [_thread_blocked, id=10584, stack(0x0000000055810000,0x0000000055910000)]
  0x0000000053472000 JavaThread "Finalizer" daemon [_thread_blocked, id=7188, stack(0x0000000055920000,0x0000000055a20000)]
  0x000000005346b000 JavaThread "Reference Handler" daemon [_thread_blocked, id=5172, stack(0x00000000556e0000,0x00000000557e0000)]

Other Threads:
  0x0000000053462000 VMThread [stack: 0x00000000554d0000,0x00000000555d0000] [id=10308]
  0x00000000545a8000 WatcherThread [stack: 0x00000000563f0000,0x00000000564f0000] [id=8392]

VM state:not at safepoint (normal execution)

VM Mutex/Monitor currently owned by a thread: None

Heap:
 PSYoungGen      total 18944K, used 4270K [0x00000000feb00000, 0x0000000100000000, 0x0000000100000000)
  eden space 16384K, 10% used [0x00000000feb00000,0x00000000fecb0040,0x00000000ffb00000)
  from space 2560K, 99% used [0x00000000ffd80000,0x00000000ffffb838,0x0000000100000000)
  to   space 2560K, 0% used [0x00000000ffb00000,0x00000000ffb00000,0x00000000ffd80000)
 ParOldGen       total 44032K, used 5301K [0x00000000fc000000, 0x00000000feb00000, 0x00000000feb00000)
  object space 44032K, 12% used [0x00000000fc000000,0x00000000fc52d490,0x00000000feb00000)
 Metaspace       used 7521K, capacity 7708K, committed 7936K, reserved 1056768K
  class space    used 877K, capacity 956K, committed 1024K, reserved 1048576K

Card table byte_map: [0x0000000001ca0000,0x0000000001cd0000] byte_map_base: 0x00000000014c0000

Marking Bits: (ParMarkBitMap*) 0x0000000062173950
 Begin Bits: [0x0000000012880000, 0x0000000012980000)
 End Bits:   [0x0000000012980000, 0x0000000012a80000)

Polling page: 0x0000000001b60000

CodeCache: size=245760Kb used=3234Kb max_used=3248Kb free=242525Kb
 bounds [0x0000000002860000, 0x0000000002ba0000, 0x0000000011860000]
 total_blobs=1169 nmethods=838 adapters=245
 compilation: enabled

Compilation events (10 events):
Event: 8.569 Thread 0x0000000054535000  838       3       org.objectweb.asm.ClassWriter::visitField (16 bytes)
Event: 8.570 Thread 0x0000000054535000 nmethod 838 0x0000000002b82190 code [0x0000000002b82300, 0x0000000002b82528]
Event: 8.587 Thread 0x0000000054530000 nmethod 842 0x0000000002b85990 code [0x0000000002b85b20, 0x0000000002b86278]
Event: 8.587 Thread 0x0000000054530000  844       4       org.objectweb.asm.tree.VarInsnNode::accept (18 bytes)
Event: 8.596 Thread 0x0000000054531000 nmethod 820 0x0000000002b869d0 code [0x0000000002b86c60, 0x0000000002b888e0]
Event: 8.596 Thread 0x0000000054531000  845       4       org.objectweb.asm.tree.MethodNode::visitVarInsn (17 bytes)
Event: 8.599 Thread 0x0000000054531000 nmethod 845 0x0000000002b828d0 code [0x0000000002b82a20, 0x0000000002b82b78]
Event: 8.599 Thread 0x0000000054531000  846       4       org.objectweb.asm.MethodVisitor::visitInsn (16 bytes)
Event: 8.605 Thread 0x0000000054531000 nmethod 846 0x0000000002b83c50 code [0x0000000002b83dc0, 0x0000000002b84128]
Event: 8.609 Thread 0x0000000054530000 nmethod 844 0x0000000002b8ed10 code [0x0000000002b8ef00, 0x0000000002b8fad0]

GC Heap History (4 events):
Event: 5.386 GC heap before
{Heap before GC invocations=1 (full 0):
 PSYoungGen      total 18944K, used 16384K [0x00000000feb00000, 0x0000000100000000, 0x0000000100000000)
  eden space 16384K, 100% used [0x00000000feb00000,0x00000000ffb00000,0x00000000ffb00000)
  from space 2560K, 0% used [0x00000000ffd80000,0x00000000ffd80000,0x0000000100000000)
  to   space 2560K, 0% used [0x00000000ffb00000,0x00000000ffb00000,0x00000000ffd80000)
 ParOldGen       total 44032K, used 0K [0x00000000fc000000, 0x00000000feb00000, 0x00000000feb00000)
  object space 44032K, 0% used [0x00000000fc000000,0x00000000fc000000,0x00000000feb00000)
 Metaspace       used 6484K, capacity 6670K, committed 6784K, reserved 1056768K
  class space    used 768K, capacity 823K, committed 896K, reserved 1048576K
Event: 5.394 GC heap after
Heap after GC invocations=1 (full 0):
 PSYoungGen      total 18944K, used 2528K [0x00000000feb00000, 0x0000000100000000, 0x0000000100000000)
  eden space 16384K, 0% used [0x00000000feb00000,0x00000000feb00000,0x00000000ffb00000)
  from space 2560K, 98% used [0x00000000ffb00000,0x00000000ffd78030,0x00000000ffd80000)
  to   space 2560K, 0% used [0x00000000ffd80000,0x00000000ffd80000,0x0000000100000000)
 ParOldGen       total 44032K, used 1668K [0x00000000fc000000, 0x00000000feb00000, 0x00000000feb00000)
  object space 44032K, 3% used [0x00000000fc000000,0x00000000fc1a1020,0x00000000feb00000)
 Metaspace       used 6484K, capacity 6670K, committed 6784K, reserved 1056768K
  class space    used 768K, capacity 823K, committed 896K, reserved 1048576K
}
Event: 7.911 GC heap before
{Heap before GC invocations=2 (full 0):
 PSYoungGen      total 18944K, used 18912K [0x00000000feb00000, 0x0000000100000000, 0x0000000100000000)
  eden space 16384K, 100% used [0x00000000feb00000,0x00000000ffb00000,0x00000000ffb00000)
  from space 2560K, 98% used [0x00000000ffb00000,0x00000000ffd78030,0x00000000ffd80000)
  to   space 2560K, 0% used [0x00000000ffd80000,0x00000000ffd80000,0x0000000100000000)
 ParOldGen       total 44032K, used 1668K [0x00000000fc000000, 0x00000000feb00000, 0x00000000feb00000)
  object space 44032K, 3% used [0x00000000fc000000,0x00000000fc1a1020,0x00000000feb00000)
 Metaspace       used 7450K, capacity 7644K, committed 7936K, reserved 1056768K
  class space    used 869K, capacity 956K, committed 1024K, reserved 1048576K
Event: 8.484 GC heap after
Heap after GC invocations=2 (full 0):
 PSYoungGen      total 18944K, used 2542K [0x00000000feb00000, 0x0000000100000000, 0x0000000100000000)
  eden space 16384K, 0% used [0x00000000feb00000,0x00000000feb00000,0x00000000ffb00000)
  from space 2560K, 99% used [0x00000000ffd80000,0x00000000ffffb838,0x0000000100000000)
  to   space 2560K, 0% used [0x00000000ffb00000,0x00000000ffb00000,0x00000000ffd80000)
 ParOldGen       total 44032K, used 5301K [0x00000000fc000000, 0x00000000feb00000, 0x00000000feb00000)
  object space 44032K, 12% used [0x00000000fc000000,0x00000000fc52d490,0x00000000feb00000)
 Metaspace       used 7450K, capacity 7644K, committed 7936K, reserved 1056768K
  class space    used 869K, capacity 956K, committed 1024K, reserved 1048576K
}

Deoptimization events (10 events):
Event: 5.267 Thread 0x00000000022ca000 Uncommon trap: reason=unstable_if action=reinterpret pc=0x0000000002a67154 method=java.util.zip.ZipCoder.decoder()Ljava/nio/charset/CharsetDecoder; @ 4
Event: 5.267 Thread 0x00000000022ca000 Uncommon trap: reason=unstable_if action=reinterpret pc=0x0000000002a5c808 method=java.util.zip.ZipEntry.setExtra0([BZ)V @ 1
Event: 5.272 Thread 0x00000000022ca000 Uncommon trap: reason=unstable_if action=reinterpret pc=0x0000000002a69ae0 method=java.util.zip.ZipCoder.decoder()Ljava/nio/charset/CharsetDecoder; @ 4
Event: 5.281 Thread 0x00000000022ca000 Uncommon trap: reason=unstable_if action=reinterpret pc=0x0000000002a6c1b0 method=java.util.zip.ZipCoder.decoder()Ljava/nio/charset/CharsetDecoder; @ 4
Event: 5.453 Thread 0x00000000022ca000 Uncommon trap: reason=unstable_if action=reinterpret pc=0x0000000002a767b8 method=java.util.HashMap$HashIterator.nextNode()Ljava/util/HashMap$Node; @ 74
Event: 5.481 Thread 0x00000000022ca000 Uncommon trap: reason=unstable_if action=reinterpret pc=0x0000000002a60098 method=java.util.zip.ZipFile.getZipEntry(Ljava/lang/String;J)Ljava/util/zip/ZipEntry; @ 19
Event: 5.753 Thread 0x00000000022ca000 Uncommon trap: reason=unloaded action=reinterpret pc=0x0000000002a64d2c method=java.util.zip.ZipEntry.setExtra0([BZ)V @ 37
Event: 5.781 Thread 0x00000000022ca000 Uncommon trap: reason=unstable_if action=reinterpret pc=0x0000000002a7ad58 method=java.util.HashMap$HashIterator.nextNode()Ljava/util/HashMap$Node; @ 74
Event: 6.154 Thread 0x00000000022ca000 Uncommon trap: reason=unstable_if action=reinterpret pc=0x0000000002a2fd9c method=java.lang.String.<init>([CII)V @ 18
Event: 8.533 Thread 0x00000000022ca000 Uncommon trap: reason=unstable_if action=reinterpret pc=0x0000000002b54df0 method=org.objectweb.asm.Item.a(Lorg/objectweb/asm/Item;)Z @ 345

Classes redefined (0 events):
No events

Internal exceptions (10 events):
Event: 5.505 Thread 0x00000000022ca000 Exception <a 'sun/nio/fs/WindowsException'> (0x00000000ff12adf0) thrown at [D:\src\AOSP-openjdk-cygwin\jdk8u\hotspot\src\share\vm\prims\jni.cpp, line 709]
Event: 5.505 Thread 0x00000000022ca000 Exception <a 'sun/nio/fs/WindowsException'> (0x00000000ff12b3c0) thrown at [D:\src\AOSP-openjdk-cygwin\jdk8u\hotspot\src\share\vm\prims\jni.cpp, line 709]
Event: 5.506 Thread 0x00000000022ca000 Exception <a 'sun/nio/fs/WindowsException'> (0x00000000ff12bb80) thrown at [D:\src\AOSP-openjdk-cygwin\jdk8u\hotspot\src\share\vm\prims\jni.cpp, line 709]
Event: 5.506 Thread 0x00000000022ca000 Exception <a 'sun/nio/fs/WindowsException'> (0x00000000ff12c128) thrown at [D:\src\AOSP-openjdk-cygwin\jdk8u\hotspot\src\share\vm\prims\jni.cpp, line 709]
Event: 5.508 Thread 0x00000000022ca000 Exception <a 'sun/nio/fs/WindowsException'> (0x00000000ff12c8d8) thrown at [D:\src\AOSP-openjdk-cygwin\jdk8u\hotspot\src\share\vm\prims\jni.cpp, line 709]
Event: 5.523 Thread 0x00000000022ca000 Exception <a 'sun/nio/fs/WindowsException'> (0x00000000ff131c58) thrown at [D:\src\AOSP-openjdk-cygwin\jdk8u\hotspot\src\share\vm\prims\jni.cpp, line 709]
Event: 5.787 Thread 0x00000000022ca000 Exception <a 'sun/nio/fs/WindowsException'> (0x00000000ff56dc58) thrown at [D:\src\AOSP-openjdk-cygwin\jdk8u\hotspot\src\share\vm\prims\jni.cpp, line 709]
Event: 5.787 Thread 0x00000000022ca000 Exception <a 'sun/nio/fs/WindowsException'> (0x00000000ff56e200) thrown at [D:\src\AOSP-openjdk-cygwin\jdk8u\hotspot\src\share\vm\prims\jni.cpp, line 709]
Event: 8.540 Thread 0x00000000022ca000 Exception <a 'sun/nio/fs/WindowsException'> (0x00000000fec0fb00) thrown at [D:\src\AOSP-openjdk-cygwin\jdk8u\hotspot\src\share\vm\prims\jni.cpp, line 709]
Event: 8.541 Thread 0x00000000022ca000 Exception <a 'sun/nio/fs/WindowsException'> (0x00000000fec10028) thrown at [D:\src\AOSP-openjdk-cygwin\jdk8u\hotspot\src\share\vm\prims\jni.cpp, line 709]

Events (10 events):
Event: 6.241 loading class org/objectweb/asm/Handler done
Event: 7.911 Executing VM operation: ParallelGCFailedAllocation
Event: 8.484 Executing VM operation: ParallelGCFailedAllocation done
Event: 8.507 Executing VM operation: RevokeBias
Event: 8.508 Executing VM operation: RevokeBias done
Event: 8.533 Thread 0x00000000022ca000 Uncommon trap: trap_request=0xffffff65 fr.pc=0x0000000002b54df0
Event: 8.533 Thread 0x00000000022ca000 DEOPT PACKING pc=0x0000000002b54df0 sp=0x00000000024be910
Event: 8.533 Thread 0x00000000022ca000 DEOPT UNPACKING pc=0x00000000028a556a sp=0x00000000024be8a8 mode 2
Event: 8.538 loading class java/util/Vector$Itr
Event: 8.538 loading class java/util/Vector$Itr done


Dynamic libraries:
0x000000013f370000 - 0x000000013f3a1000 	D:\Program files\Android\Android Studio\jre\bin\java.exe
0x00000000774a0000 - 0x0000000077649000 	C:\Windows\SYSTEM32\ntdll.dll
0x0000000077380000 - 0x000000007749f000 	C:\Windows\system32\kernel32.dll
0x000007fefd550000 - 0x000007fefd5bc000 	C:\Windows\system32\KERNELBASE.dll
0x000007feff5c0000 - 0x000007feff69b000 	C:\Windows\system32\ADVAPI32.dll
0x000007feff6a0000 - 0x000007feff73f000 	C:\Windows\system32\msvcrt.dll
0x000007fefe940000 - 0x000007fefe95f000 	C:\Windows\SYSTEM32\sechost.dll
0x000007fefeb70000 - 0x000007fefec9d000 	C:\Windows\system32\RPCRT4.dll
0x0000000077280000 - 0x000000007737a000 	C:\Windows\system32\USER32.dll
0x000007feff740000 - 0x000007feff7a7000 	C:\Windows\system32\GDI32.dll
0x000007fefdba0000 - 0x000007fefdbae000 	C:\Windows\system32\LPK.dll
0x000007fefdad0000 - 0x000007fefdb99000 	C:\Windows\system32\USP10.dll
0x000007fefbd30000 - 0x000007fefbf24000 	C:\Windows\WinSxS\amd64_microsoft.windows.common-controls_6595b64144ccf1df_6.0.7601.17514_none_fa396087175ac9ac\COMCTL32.dll
0x000007fefd670000 - 0x000007fefd6e1000 	C:\Windows\system32\SHLWAPI.dll
0x000007feff430000 - 0x000007feff45e000 	C:\Windows\system32\IMM32.DLL
0x000007feff460000 - 0x000007feff569000 	C:\Windows\system32\MSCTF.dll
0x000007fefd1e0000 - 0x000007fefd21c000 	C:\Windows\system32\nvinitx.dll
0x0000000060790000 - 0x0000000060862000 	D:\Program files\Android\Android Studio\jre\jre\bin\msvcr100.dll
0x00000000619b0000 - 0x00000000621ee000 	D:\Program files\Android\Android Studio\jre\jre\bin\server\jvm.dll
0x000007feef2e0000 - 0x000007feef2e9000 	C:\Windows\system32\WSOCK32.dll
0x000007feff570000 - 0x000007feff5bd000 	C:\Windows\system32\WS2_32.dll
0x000007feff050000 - 0x000007feff058000 	C:\Windows\system32\NSI.dll
0x000007fefaff0000 - 0x000007fefb02b000 	C:\Windows\system32\WINMM.dll
0x000007fefc250000 - 0x000007fefc25c000 	C:\Windows\system32\VERSION.dll
0x0000000077670000 - 0x0000000077677000 	C:\Windows\system32\PSAPI.DLL
0x000007fefae20000 - 0x000007fefae2f000 	D:\Program files\Android\Android Studio\jre\jre\bin\verify.dll
0x000007fefadf0000 - 0x000007fefae19000 	D:\Program files\Android\Android Studio\jre\jre\bin\java.dll
0x000007feebc00000 - 0x000007feebc16000 	D:\Program files\Android\Android Studio\jre\jre\bin\zip.dll
0x000007fefdbb0000 - 0x000007fefe938000 	C:\Windows\system32\SHELL32.dll
0x000007fefe960000 - 0x000007fefeb63000 	C:\Windows\system32\ole32.dll
0x000007fefd2b0000 - 0x000007fefd2bf000 	C:\Windows\system32\profapi.dll
0x000007fefca70000 - 0x000007fefca87000 	C:\Windows\system32\CRYPTSP.dll
0x000007fefc770000 - 0x000007fefc7b7000 	C:\Windows\system32\rsaenh.dll
0x000007fefd5d0000 - 0x000007fefd5ee000 	C:\Windows\system32\USERENV.dll
0x000007fefd0d0000 - 0x000007fefd0df000 	C:\Windows\system32\CRYPTBASE.dll
0x000007feebbe0000 - 0x000007feebbfa000 	D:\Program files\Android\Android Studio\jre\jre\bin\net.dll
0x000007fefca10000 - 0x000007fefca65000 	C:\Windows\system32\mswsock.dll
0x000007fefca00000 - 0x000007fefca07000 	C:\Windows\System32\wship6.dll
0x000007fefa7d0000 - 0x000007fefa7f7000 	C:\Windows\system32\IPHLPAPI.DLL
0x000007fefa7b0000 - 0x000007fefa7bb000 	C:\Windows\system32\WINNSI.DLL
0x000007fef9f50000 - 0x000007fef9f61000 	C:\Windows\system32\dhcpcsvc6.DLL
0x000007fef9ed0000 - 0x000007fef9ee8000 	C:\Windows\system32\dhcpcsvc.DLL
0x000007feebbc0000 - 0x000007feebbd1000 	D:\Program files\Android\Android Studio\jre\jre\bin\nio.dll

VM Arguments:
jvm_args: -Djava.awt.headless=true -Xmx64M -Dfile.encoding=windows-1251 -Duser.country=RU -Duser.language=ru -Duser.variant 
java_command: com.google.devtools.build.android.desugar.Desugar --input C:\Users\KING\Desktop\Android\study\2\RecordBook\app\build\intermediates\transforms\stackFramesFixer\debug\30.jar --output C:\Users\KING\Desktop\Android\study\2\RecordBook\app\build\intermediates\transforms\desugar\debug\31.jar --input C:\Users\KING\Desktop\Android\study\2\RecordBook\app\build\intermediates\transforms\stackFramesFixer\debug\2.jar --output C:\Users\KING\Desktop\Android\study\2\RecordBook\app\build\intermediates\transforms\desugar\debug\3.jar --input C:\Users\KING\Desktop\Android\study\2\RecordBook\app\build\intermediates\transforms\stackFramesFixer\debug\5.jar --output C:\Users\KING\Desktop\Android\study\2\RecordBook\app\build\intermediates\transforms\desugar\debug\6.jar --input C:\Users\KING\Desktop\Android\study\2\RecordBook\app\build\intermediates\transforms\stackFramesFixer\debug\53.jar --output C:\Users\KING\Desktop\Android\study\2\RecordBook\app\build\intermediates\transforms\desugar\debug\54.jar --input C:\Users\KING\Desktop\Android\study\2\RecordBook\app\build\intermediates\transforms\stackFramesFixer\debug\13.jar --output C:\Users\KING\Desktop\Android\study\2\RecordBook\app\build\intermediates\transforms\desugar\debug\14.jar --classpath_entry C:\Users\KING\Desktop\Android\study\2\RecordBook\app\build\intermediates\classes\debug --classpath_entry C:\Users\KING\Desktop\Android\study\2\RecordBook\app\build\intermediates\transforms\stackFramesFixer\debug\0.jar --classpath_entry C:\Users\KING\Desktop\Android\study\2\RecordBook\app\build\intermediates\transforms\stackFramesFixer\debug\1.jar --classpath_entry C:\Users\KING\Desktop\Android\study\2\RecordBook\app\build\intermediates\transforms\stackFramesFixer\debug\2.jar --classpath_entry C:\Users\KING\Desktop\Android\study\2\RecordBook\app\build\intermediates\transforms\stackFramesFixer\debug\3.jar --classpath_entry C:\Users\KING\Desktop\Android\study\2\RecordBook\app\build\intermediates\transforms\stackFramesFixer\debug\4.ja
java_class_path (initial): C:\Users\KING\AppData\Local\Temp\desugar_deploy.jar9097227951175999869
Launcher Type: SUN_STANDARD

Environment Variables:
PATH=C:\ProgramData\Oracle\Java\javapath;C:\Windows\system32;C:\Windows;C:\Windows\System32\Wbem;C:\Windows\System32\WindowsPowerShell\v1.0\;C:\Program Files (x86)\NVIDIA Corporation\PhysX\Common;C:\Users\KING\.dnx\bin;C:\Program Files\Microsoft DNX\Dnvm\;C:\Program Files\Microsoft SQL Server\130\Tools\Binn\;C:\Program Files (x86)\sbt\\bin;C:\Program Files (x86)\Rational\common;C:\Program Files (x86)\Skype\Phone\;C:\Program Files (x86)\PostgreSQL\9.6\bin;C:\Program Files (x86)\PostgreSQL\9.6\lib;C:\Program Files (x86)\PostgreSQL\9.6\include;C:\Program Files\Microsoft SQL Server\110\Tools\Binn\;C:\Program Files (x86)\Brackets\command;C:\adb;C:\xampp\php;C:\ProgramData\ComposerSetup\bin;C:\Users\KING\AppData\Roaming\Composer\vendor\bin
USERNAME=KING
OS=Windows_NT
PROCESSOR_IDENTIFIER=Intel64 Family 6 Model 42 Stepping 7, GenuineIntel



---------------  S Y S T E M  ---------------

OS: Windows 7 , 64 bit Build 7601 (6.1.7601.18409)

CPU:total 8 (initial active 8) (4 cores per cpu, 2 threads per core) family 6 model 42 stepping 7, cmov, cx8, fxsr, mmx, sse, sse2, sse3, ssse3, sse4.1, sse4.2, popcnt, avx, clmul, ht, tsc, tscinvbit

Memory: 4k page, physical 8298260k(314068k free), swap 12392396k(27980k free)

vm_info: OpenJDK 64-Bit Server VM (25.152-b01) for windows-amd64 JRE (1.8.0_152-release-915-b01), built by "builder" with MS VC++ 10.0 (VS2010)

time: Fri Jun 29 22:08:40 2018
elapsed time: 11 seconds (0d 0h 0m 11s)

