#
# There is insufficient memory for the Java Runtime Environment to continue.
# Native memory allocation (malloc) failed to allocate 32744 bytes for ChunkPool::allocate
# Possible reasons:
#   The system is out of physical RAM or swap space
#   In 32 bit mode, the process size limit was hit
# Possible solutions:
#   Reduce memory load on the system
#   Increase physical memory or swap space
#   Check if swap backing store is full
#   Use 64 bit Java on a 64 bit OS
#   Decrease Java heap size (-Xmx/-Xms)
#   Decrease number of Java threads
#
#  Out of Memory Error
#
# ]Event: 11.719 Thread 0x0000000054403800  900       4       org.objectweb.asm.MethodVisitor::visitInsn (16 bytes)
Event: 11.720 Thread 0x0000000054407800 nmethod 898 0x0000000002b8ea10 code [0x0000000002b8eca0, 0x0000000002b8fb68]
Event: 11.720 Thread 0x0000000054407800  899       3       org.objectweb.asm.FieldWriter::a (475 bytes)
Event: 11.723 Thread 0x0000000054407800 nmethod 899 0x0000000002b90310 code [0x0000000002b906a0, 0x0000000002b919d8]
Event: 11.723 Thread 0x0000000054406800  904       4       org.objectweb.asm.MethodVisitor::visitMethodInsn (68 bytes)
Event: 11.723 Thread 0x0000000054407800  902       3       org.objectweb.asm.ClassReader::accept (11 bytes)
Event: 11.724 Thread 0x0000000054407800 nmethod 902 0x0000000002b8d110 code [0x0000000002b8d280, 0x0000000002b8d528]
Event: 11.724 Thread 0x0000000054407800  903       3       org.objectweb.asm.MethodWriter::visitTypeInsn (118 bytes)
Event: 11.724 Thread 0x0000000054407800 nmethod 903 0x0000000002b8c910 code [0x0000000002b8caa0, 0x0000000002b8cee8]
Event: 11.743 Thread 0x0000000054403800 nmethod 900 0x0000000002b95290 code [0x0000000002b95400, 0x0000000002b95768]

GC Heap History (4 events):
Event: 5.044 GC heap before
{Heap before GC invocations=1 (full 0):
 PSYoungGen      total 18944K, used 16384K [0x00000000feb00000, 0x0000000100000000, 0x0000000100000000)
  eden space 16384K, 100% used [0x00000000feb00000,0x00000000ffb00000,0x00000000ffb00000)
  from space 2560K, 0% used [0x00000000ffd80000,0x00000000ffd80000,0x0000000100000000)
  to   space 2560K, 0% used [0x00000000ffb00000,0x00000000ffb00000,0x00000000ffd80000)
 ParOldGen       total 44032K, used 0K [0x00000000fc000000, 0x00000000feb00000, 0x00000000feb00000)
  object space 44032K, 0% used [0x00000000fc000000,0x00000000fc000000,0x00000000feb00000)
 Metaspace       used 6471K, capacity 6666K, committed 6784K, reserved 1056768K
  class space    used 768K, capacity 823K, committed 896K, reserved 1048576K
Event: 5.351 GC heap after
Heap after GC invocations=1 (full 0):
 PSYoungGen      total 18944K, used 2544K [0x00000000feb00000, 0x0000000100000000, 0x0000000100000000)
  eden space 16384K, 0% used [0x00000000feb00000,0x00000000feb00000,0x00000000ffb00000)
  from space 2560K, 99% used [0x00000000ffb00000,0x00000000ffd7c020,0x00000000ffd80000)
  to   space 2560K, 0% used [0x00000000ffd80000,0x00000000ffd80000,0x0000000100000000)
 ParOldGen       total 44032K, used 1693K [0x00000000fc000000, 0x00000000feb00000, 0x00000000feb00000)
  object space 44032K, 3% used [0x00000000fc000000,0x00000000fc1a7440,0x00000000feb00000)
 Metaspace       used 6471K, capacity 6666K, committed 6784K, reserved 1056768K
  class space    used 768K, capacity 823K, committed 896K, reserved 1048576K
}
Event: 9.429 GC heap before
{Heap before GC invocations=2 (full 0):
 PSYoungGen      total 18944K, used 18928K [0x00000000feb00000, 0x0000000100000000, 0x0000000100000000)
  eden space 16384K, 100% used [0x00000000feb00000,0x00000000ffb00000,0x00000000ffb00000)
  from space 2560K, 99% used [0x00000000ffb00000,0x00000000ffd7c020,0x00000000ffd80000)
  to   space 2560K, 0% used [0x00000000ffd80000,0x00000000ffd80000,0x0000000100000000)
 ParOldGen       total 44032K, used 1693K [0x00000000fc000000, 0x00000000feb00000, 0x00000000feb00000)
  object space 44032K, 3% used [0x00000000fc000000,0x00000000fc1a7440,0x00000000feb00000)
 Metaspace       used 7423K, capacity 7640K, committed 7936K, reserved 1056768K
  class space    used 868K, capacity 956K, committed 1024K, reserved 1048576K
Event: 11.498 GC heap after
Heap after GC invocations=2 (full 0):
 PSYoungGen      total 18944K, used 2555K [0x00000000feb00000, 0x0000000100000000, 0x0000000100000000)
  eden space 16384K, 0% used [0x00000000feb00000,0x00000000feb00000,0x00000000ffb00000)
  from space 2560K, 99% used [0x00000000ffd80000,0x00000000ffffec80,0x0000000100000000)
  to   space 2560K, 0% used [0x00000000ffb00000,0x00000000ffb00000,0x00000000ffd80000)
 ParOldGen       total 44032K, used 4856K [0x00000000fc000000, 0x00000000feb00000, 0x00000000feb00000)
  object space 44032K, 11% used [0x00000000fc000000,0x00000000fc4be148,0x00000000feb00000)
 Metaspace       used 7423K, capacity 7640K, committed 7936K, reserved 1056768K
  class space    used 868K, capacity 956K, committed 1024K, reserved 1048576K
}

Deoptimization events (9 events):
Event: 3.214 Thread 0x00000000022ea000 Uncommon trap: reason=range_check action=make_not_entrant pc=0x000000000299c910 method=sun.reflect.generics.parser.SignatureParser.current()C @ 34
Event: 4.809 Thread 0x00000000022ea000 Uncommon trap: reason=unstable_if action=reinterpret pc=0x00000000029b45e8 method=java.lang.String.startsWith(Ljava/lang/String;I)Z @ 25
Event: 5.455 Thread 0x00000000022ea000 Uncommon trap: reason=unstable_if action=reinterpret pc=0x0000000002a25f58 method=java.util.zip.ZipFile$ZipEntryIterator.hasNext()Z @ 25
Event: 5.469 Thread 0x00000000022ea000 Uncommon trap: reason=unstable_if action=reinterpret pc=0x0000000002a279fc method=java.util.HashMap$HashIterator.nextNode()Ljava/util/HashMap$Node; @ 74
Event: 5.537 Thread 0x00000000022ea000 Uncommon trap: reason=unstable_if action=reinterpret pc=0x0000000002a2d2fc method=java.util.zip.ZipFile.getZipEntry(Ljava/lang/String;J)Ljava/util/zip/ZipEntry; @ 19
Event: 7.367 Thread 0x00000000022ea000 Uncommon trap: reason=unstable_if action=reinterpret pc=0x0000000002a27ebc method=java.util.HashMap$HashIterator.nextNode()Ljava/util/HashMap$Node; @ 74
Event: 8.133 Thread 0x00000000022ea000 Uncommon trap: reason=unloaded action=reinterpret pc=0x0000000002a2c8f4 method=java.util.zip.ZipEntry.setExtra0([BZ)V @ 37
Event: 11.597 Thread 0x00000000022ea000 Uncommon trap: reason=unstable_if action=reinterpret pc=0x0000000002b53d54 method=org.objectweb.asm.MethodWriter.visitVarInsn(II)V @ 142
Event: 11.655 Thread 0x00000000022ea000 Uncommon trap: reason=unstable_if action=reinterpret pc=0x0000000002b29f70 method=org.objectweb.asm.Item.a(Lorg/objectweb/asm/Item;)Z @ 345

Classes redefined (0 events):
No events

Internal exceptions (10 events):
Event: 4.421 Thread 0x00000000022ea000 Exception <a 'sun/nio/fs/WindowsException'> (0x00000000ff2178a8) thrown at [D:\src\AOSP-openjdk-cygwin\jdk8u\hotspot\src\share\vm\prims\jni.cpp, line 709]
Event: 7.365 Thread 0x00000000022ea000 Exception <a 'sun/nio/fs/WindowsException'> (0x00000000ff100130) thrown at [D:\src\AOSP-openjdk-cygwin\jdk8u\hotspot\src\share\vm\prims\jni.cpp, line 709]
Event: 7.365 Thread 0x00000000022ea000 Exception <a 'sun/nio/fs/WindowsException'> (0x00000000ff1006f0) thrown at [D:\src\AOSP-openjdk-cygwin\jdk8u\hotspot\src\share\vm\prims\jni.cpp, line 709]
Event: 7.365 Thread 0x00000000022ea000 Exception <a 'sun/nio/fs/WindowsException'> (0x00000000ff100cc0) thrown at [D:\src\AOSP-openjdk-cygwin\jdk8u\hotspot\src\share\vm\prims\jni.cpp, line 709]
Event: 7.365 Thread 0x00000000022ea000 Exception <a 'sun/nio/fs/WindowsException'> (0x00000000ff101480) thrown at [D:\src\AOSP-openjdk-cygwin\jdk8u\hotspot\src\share\vm\prims\jni.cpp, line 709]
Event: 7.365 Thread 0x00000000022ea000 Exception <a 'sun/nio/fs/WindowsException'> (0x00000000ff101a28) thrown at [D:\src\AOSP-openjdk-cygwin\jdk8u\hotspot\src\share\vm\prims\jni.cpp, line 709]
Event: 7.365 Thread 0x00000000022ea000 Exception <a 'sun/nio/fs/WindowsException'> (0x00000000ff1021d8) thrown at [D:\src\AOSP-openjdk-cygwin\jdk8u\hotspot\src\share\vm\prims\jni.cpp, line 709]
Event: 7.374 Thread 0x00000000022ea000 Exception <a 'sun/nio/fs/WindowsException'> (0x00000000ff107558) thrown at [D:\src\AOSP-openjdk-cygwin\jdk8u\hotspot\src\share\vm\prims\jni.cpp, line 709]
Event: 8.175 Thread 0x00000000022ea000 Exception <a 'sun/nio/fs/WindowsException'> (0x00000000ff520838) thrown at [D:\src\AOSP-openjdk-cygwin\jdk8u\hotspot\src\share\vm\prims\jni.cpp, line 709]
Event: 8.176 Thread 0x00000000022ea000 Exception <a 'sun/nio/fs/WindowsException'> (0x00000000ff520de0) thrown at [D:\src\AOSP-openjdk-cygwin\jdk8u\hotspot\src\share\vm\prims\jni.cpp, line 709]

Events (10 events):
Event: 9.429 Executing VM operation: ParallelGCFailedAllocation
Event: 11.498 Executing VM operation: ParallelGCFailedAllocation done
Event: 11.540 Executing VM operation: RevokeBias
Event: 11.568 Executing VM operation: RevokeBias done
Event: 11.597 Thread 0x00000000022ea000 Uncommon trap: trap_request=0xffffff65 fr.pc=0x0000000002b53d54
Event: 11.597 Thread 0x00000000022ea000 DEOPT PACKING pc=0x0000000002b53d54 sp=0x000000000248ec60
Event: 11.597 Thread 0x00000000022ea000 DEOPT UNPACKING pc=0x000000000287556a sp=0x000000000248eba8 mode 2
Event: 11.655 Thread 0x00000000022ea000 Uncommon trap: trap_request=0xffffff65 fr.pc=0x0000000002b29f70
Event: 11.655 Thread 0x00000000022ea000 DEOPT PACKING pc=0x0000000002b29f70 sp=0x000000000248e910
Event: 11.655 Thread 0x00000000022ea000 DEOPT UNPACKING pc=0x000000000287556a sp=0x000000000248e8a8 mode 2


Dynamic libraries:
0x000000013fb60000 - 0x000000013fb91000 	D:\Program files\Android\Android Studio\jre\bin\java.exe
0x0000000076d30000 - 0x0000000076ed9000 	C:\Windows\SYSTEM32\ntdll.dll
0x0000000076c10000 - 0x0000000076d2f000 	C:\Windows\system32\kernel32.dll
0x000007fefcc20000 - 0x000007fefcc8c000 	C:\Windows\system32\KERNELBASE.dll
0x000007fefe9a0000 - 0x000007fefea7b000 	C:\Windows\system32\ADVAPI32.dll
0x000007fefcf00000 - 0x000007fefcf9f000 	C:\Windows\system32\msvcrt.dll
0x000007fefe7c0000 - 0x000007fefe7df000 	C:\Windows\SYSTEM32\sechost.dll
0x000007fefe1b0000 - 0x000007fefe2dd000 	C:\Windows\system32\RPCRT4.dll
0x0000000076b10000 - 0x0000000076c0a000 	C:\Windows\system32\USER32.dll
0x000007fefe860000 - 0x000007fefe8c7000 	C:\Windows\system32\GDI32.dll
0x000007fefcfa0000 - 0x000007fefcfae000 	C:\Windows\system32\LPK.dll
0x000007fefe8d0000 - 0x000007fefe999000 	C:\Windows\system32\USP10.dll
0x000007fefb5c0000 - 0x000007fefb7b4000 	C:\Windows\WinSxS\amd64_microsoft.windows.common-controls_6595b64144ccf1df_6.0.7601.17514_none_fa396087175ac9ac\COMCTL32.dll
0x000007fefe410000 - 0x000007fefe481000 	C:\Windows\system32\SHLWAPI.dll
0x000007fefe740000 - 0x000007fefe76e000 	C:\Windows\system32\IMM32.DLL
0x000007fefd050000 - 0x000007fefd159000 	C:\Windows\system32\MSCTF.dll
0x000007fefca70000 - 0x000007fefcaac000 	C:\Windows\system32\nvinitx.dll
0x0000000068420000 - 0x00000000684f2000 	D:\Program files\Android\Android Studio\jre\jre\bin\msvcr100.dll
0x0000000069e70000 - 0x000000006a6ae000 	D:\Program files\Android\Android Studio\jre\jre\bin\server\jvm.dll
0x000007fef3580000 - 0x000007fef3589000 	C:\Windows\system32\WSOCK32.dll
0x000007fefe770000 - 0x000007fefe7bd000 	C:\Windows\system32\WS2_32.dll
0x000007fefe400000 - 0x000007fefe408000 	C:\Windows\system32\NSI.dll
0x000007fefa980000 - 0x000007fefa9bb000 	C:\Windows\system32\WINMM.dll
0x000007fefbab0000 - 0x000007fefbabc000 	C:\Windows\system32\VERSION.dll
0x0000000076f00000 - 0x0000000076f07000 	C:\Windows\system32\PSAPI.DLL
0x000007fefa270000 - 0x000007fefa27f000 	D:\Program files\Android\Android Studio\jre\jre\bin\verify.dll
0x000007fef4980000 - 0x000007fef49a9000 	D:\Program files\Android\Android Studio\jre\jre\bin\java.dll
0x000007fef9c20000 - 0x000007fef9c36000 	D:\Program files\Android\Android Studio\jre\jre\bin\zip.dll
0x000007fefd420000 - 0x000007fefe1a8000 	C:\Windows\system32\SHELL32.dll
0x000007fefee30000 - 0x000007feff033000 	C:\Windows\system32\ole32.dll
0x000007fefcb40000 - 0x000007fefcb4f000 	C:\Windows\system32\profapi.dll
0x000007fefc300000 - 0x000007fefc317000 	C:\Windows\system32\CRYPTSP.dll
0x000007fefc000000 - 0x000007fefc047000 	C:\Windows\system32\rsaenh.dll
0x000007fefcc00000 - 0x000007fefcc1e000 	C:\Windows\system32\USERENV.dll
0x000007fefc960000 - 0x000007fefc96f000 	C:\Windows\system32\CRYPTBASE.dll
0x000007fef5eb0000 - 0x000007fef5eca000 	D:\Program files\Android\Android Studio\jre\jre\bin\net.dll
0x000007fefc2a0000 - 0x000007fefc2f5000 	C:\Windows\system32\mswsock.dll
0x000007fefc290000 - 0x000007fefc297000 	C:\Windows\System32\wship6.dll
0x000007fefa0f0000 - 0x000007fefa117000 	C:\Windows\system32\IPHLPAPI.DLL
0x000007fefa0b0000 - 0x000007fefa0bb000 	C:\Windows\system32\WINNSI.DLL
0x000007fef98f0000 - 0x000007fef9901000 	C:\Windows\system32\dhcpcsvc6.DLL
0x000007fef98d0000 - 0x000007fef98e8000 	C:\Windows\system32\dhcpcsvc.DLL
0x000007fef5c30000 - 0x000007fef5c41000 	D:\Program files\Android\Android Studio\jre\jre\bin\nio.dll

VM Arguments:
jvm_args: -Djava.awt.headless=true -Xmx64M -Dfile.encoding=windows-1251 -Duser.country=RU -Duser.language=ru -Duser.variant 
java_command: com.google.devtools.build.android.desugar.Desugar --input C:\Users\KING\Desktop\Android\study\2\RecordBook\app\build\intermediates\transforms\stackFramesFixer\debug\22.jar --output C:\Users\KING\Desktop\Android\study\2\RecordBook\app\build\intermediates\transforms\desugar\debug\23.jar --input C:\Users\KING\Desktop\Android\study\2\RecordBook\app\build\intermediates\transforms\stackFramesFixer\debug\33.jar --output C:\Users\KING\Desktop\Android\study\2\RecordBook\app\build\intermediates\transforms\desugar\debug\34.jar --input C:\Users\KING\Desktop\Android\study\2\RecordBook\app\build\intermediates\transforms\stackFramesFixer\debug\9.jar --output C:\Users\KING\Desktop\Android\study\2\RecordBook\app\build\intermediates\transforms\desugar\debug\10.jar --input C:\Users\KING\Desktop\Android\study\2\RecordBook\app\build\intermediates\transforms\stackFramesFixer\debug\21.jar --output C:\Users\KING\Desktop\Android\study\2\RecordBook\app\build\intermediates\transforms\desugar\debug\22.jar --input C:\Users\KING\Desktop\Android\study\2\RecordBook\app\build\intermediates\transforms\stackFramesFixer\debug\15.jar --output C:\Users\KING\Desktop\Android\study\2\RecordBook\app\build\intermediates\transforms\desugar\debug\16.jar --classpath_entry C:\Users\KING\Desktop\Android\study\2\RecordBook\app\build\intermediates\classes\debug --classpath_entry C:\Users\KING\Desktop\Android\study\2\RecordBook\app\build\intermediates\transforms\stackFramesFixer\debug\0.jar --classpath_entry C:\Users\KING\Desktop\Android\study\2\RecordBook\app\build\intermediates\transforms\stackFramesFixer\debug\1.jar --classpath_entry C:\Users\KING\Desktop\Android\study\2\RecordBook\app\build\intermediates\transforms\stackFramesFixer\debug\2.jar --classpath_entry C:\Users\KING\Desktop\Android\study\2\RecordBook\app\build\intermediates\transforms\stackFramesFixer\debug\3.jar --classpath_entry C:\Users\KING\Desktop\Android\study\2\RecordBook\app\build\intermediates\transforms\stackFramesFixer\debug\4
java_class_path (initial): C:\Users\KING\AppData\Local\Temp\desugar_deploy.jar2205197901522664530
Launcher Type: SUN_STANDARD

Environment Variables:
PATH=C:\ProgramData\Oracle\Java\javapath;C:\Windows\system32;C:\Windows;C:\Windows\System32\Wbem;C:\Windows\System32\WindowsPowerShell\v1.0\;C:\Program Files (x86)\NVIDIA Corporation\PhysX\Common;C:\Users\KING\.dnx\bin;C:\Program Files\Microsoft DNX\Dnvm\;C:\Program Files\Microsoft SQL Server\130\Tools\Binn\;C:\Program Files (x86)\sbt\\bin;C:\Program Files (x86)\Rational\common;C:\Program Files (x86)\Skype\Phone\;C:\Program Files (x86)\PostgreSQL\9.6\bin;C:\Program Files (x86)\PostgreSQL\9.6\lib;C:\Program Files (x86)\PostgreSQL\9.6\include;C:\Program Files\Microsoft SQL Server\110\Tools\Binn\;C:\Program Files (x86)\Brackets\command;C:\adb;C:\xampp\php;C:\ProgramData\ComposerSetup\bin;C:\Users\KING\AppData\Roaming\Composer\vendor\bin
USERNAME=KING
OS=Windows_NT
PROCESSOR_IDENTIFIER=Intel64 Family 6 Model 42 Stepping 7, GenuineIntel



---------------  S Y S T E M  ---------------

OS: Windows 7 , 64 bit Build 7601 (6.1.7601.18409)

CPU:total 8 (initial active 8) (4 cores per cpu, 2 threads per core) family 6 model 42 stepping 7, cmov, cx8, fxsr, mmx, sse, sse2, sse3, ssse3, sse4.1, sse4.2, popcnt, avx, clmul, ht, tsc, tscinvbit

Memory: 4k page, physical 8298260k(419220k free), swap 12392396k(2684k free)

vm_info: OpenJDK 64-Bit Server VM (25.152-b01) for windows-amd64 JRE (1.8.0_152-release-915-b01), built by "builder" with MS VC++ 10.0 (VS2010)

time: Mon Jun 04 02:56:54 2018
elapsed time: 12 seconds (0d 0h 0m 12s)

