#
# There is insufficient memory for the Java Runtime Environment to continue.
# Native memory allocation (malloc) failed to allocate 277296 bytes for Chunk::new
# Possible reasons:
#   The system is out of physical RAM or swap space
#   In 32 bit mode, the process size limit was hit
# Possible solutions:
#   Reduce memory load on the system
#   Increase physical memory or swap space
#   Check if swap backing store is full
#   Use 64 bit Java on a 64 bit OS
#   Decrease Java heap size (-Xmx/-Xms)
#   Decrease number of Java threads
#   Decrease Java thread stack sizes (-Xss)
#   Set larger code cache with -XX:ReservedCodeCacheSize=
# This output file may be truncated or incomplete.
#
#  Out of Memory Error (allocation.cpp:390), pid=17112, tid=0x00000000000019c8
#
# JRE version: OpenJDK Runtime Environment (8.0_152-b01) (build 1.8.0_152-release-915-b01)
# Java VM: OpenJDK 64-Bit Server VM (25.152-b01 mixed mode windows-amd64 compressed oops)
# Failed to write core dump. Minidumps are not enabled by default on client versions of Windows
#

---------------  T H R E A D  ---------------

Current thread (0x000000005479f800):  JavaThread "C2 CompilerThread0" daemon [_thread_in_native, id=6600, stack(0x0000000055ca0000,0x0000000055da0000)]

Stack: [0x0000000055ca0000,0x0000000055da0000]
[error occurred during error reporting (printing stack bounds), id 0xc0000005]

Native frames: (J=compiled Java code, j=interpreted, Vv=VM code, C=native code)


Current CompileTask:
C2:   8285 1022       4       org.objectweb.asm.MethodVisitor::visitLocalVariable (24 bytes)


---------------  P R O C E S S  ---------------

Java Threads: ( => current thread )
  0x0000000054818000 JavaThread "Service Thread" daemon [_thread_blocked, id=16868, stack(0x00000000561d0000,0x00000000562d0000)]
  0x00000000547ab800 JavaThread "C1 CompilerThread3" daemon [_thread_in_native, id=16784, stack(0x0000000055f10000,0x0000000056010000)]
  0x00000000547aa800 JavaThread "C2 CompilerThread2" daemon [_thread_in_native, id=17300, stack(0x0000000056040000,0x0000000056140000)]
  0x00000000547a3800 JavaThread "C2 CompilerThread1" daemon [_thread_in_native, id=8900, stack(0x0000000055db0000,0x0000000055eb0000)]
=>0x000000005479f800 JavaThread "C2 CompilerThread0" daemon [_thread_in_native, id=6600, stack(0x0000000055ca0000,0x0000000055da0000)]
  0x000000005479c000 JavaThread "Attach Listener" daemon [_thread_blocked, id=10256, stack(0x0000000055690000,0x0000000055790000)]
  0x0000000054799800 JavaThread "Signal Dispatcher" daemon [_thread_blocked, id=12884, stack(0x0000000055b40000,0x0000000055c40000)]
  0x00000000536e2800 JavaThread "Finalizer" daemon [_thread_blocked, id=16856, stack(0x00000000558c0000,0x00000000559c0000)]
  0x00000000536db800 JavaThread "Reference Handler" daemon [_thread_blocked, id=17308, stack(0x0000000055a20000,0x0000000055b20000)]
  0x000000000230a000 JavaThread "main" [_thread_in_vm, id=17252, stack(0x00000000027a0000,0x00000000028a0000)]

Other Threads:
  0x00000000536d2800 VMThread [stack: 0x0000000055790000,0x0000000055890000] [id=17344]
  0x000000005481a800 WatcherThread [stack: 0x0000000056470000,0x0000000056570000] [id=16700]

VM state:not at safepoint (normal execution)

VM Mutex/Monitor currently owned by a thread: None

Heap:
 PSYoungGen      total 18944K, used 18846K [0x00000000feb00000, 0x0000000100000000, 0x0000000100000000)
  eden space 16384K, 99% used [0x00000000feb00000,0x00000000ffae9278,0x00000000ffb00000)
  from space 2560K, 99% used [0x00000000ffd80000,0x00000000ffffe800,0x0000000100000000)
  to   space 2560K, 0% used [0x00000000ffb00000,0x00000000ffb00000,0x00000000ffd80000)
 ParOldGen       total 44032K, used 5142K [0x00000000fc000000, 0x00000000feb00000, 0x00000000feb00000)
  object space 44032K, 11% used [0x00000000fc000000,0x00000000fc505890,0x00000000feb00000)
 Metaspace       used 7550K, capacity 7704K, committed 7936K, reserved 1056768K
  class space    used 869K, capacity 956K, committed 1024K, reserved 1048576K

Card table byte_map: [0x0000000000380000,0x00000000003b0000] byte_map_base: 0xffffffffffba0000

Marking Bits: (ParMarkBitMap*) 0x0000000062173950
 Begin Bits: [0x0000000012af0000, 0x0000000012bf0000)
 End Bits:   [0x0000000012bf0000, 0x0000000012cf0000)

Polling page: 0x0000000000330000

CodeCache: size=245760Kb used=3784Kb max_used=3794Kb free=241975Kb
 bounds [0x0000000002b70000, 0x0000000002f30000, 0x0000000011b70000]
 total_blobs=1352 nmethods=1020 adapters=245
 compilation: enabled

Compilation events (10 events):
Event: 8.014 Thread 0x00000000547ab800 nmethod 1018 0x0000000002f236d0 code [0x0000000002f23840, 0x0000000002f23a30]
Event: 8.016 Thread 0x00000000547a3800 1019       4       org.objectweb.asm.tree.MethodNode::visitLocalVariable (35 bytes)
Event: 8.018 Thread 0x00000000547ab800 1020       3       com.google.devtools.build.android.desugar.DefaultMethodClassFixer::shouldStubAsDefaultMethod (46 bytes)
Event: 8.020 Thread 0x00000000547ab800 nmethod 1020 0x0000000002f24c10 code [0x0000000002f24e40, 0x0000000002f25bb8]
Event: 8.030 Thread 0x00000000547a3800 nmethod 1019 0x0000000002f28010 code [0x0000000002f281a0, 0x0000000002f28908]
Event: 8.160 Thread 0x00000000547ab800 1021       1       sun.util.calendar.CalendarDate::setNormalized (6 bytes)
Event: 8.160 Thread 0x00000000547ab800 nmethod 1021 0x0000000002f07b90 code [0x0000000002f07ce0, 0x0000000002f07df0]
Event: 8.162 Thread 0x000000005479f800 1022       4       org.objectweb.asm.MethodVisitor::visitLocalVariable (24 bytes)
Event: 8.162 Thread 0x00000000547a3800 1023       4       org.objectweb.asm.tree.MethodInsnNode::accept (30 bytes)
Event: 8.173 Thread 0x00000000547ab800 1026       3       org.objectweb.asm.tree.MethodNode::accept (916 bytes)

GC Heap History (4 events):
Event: 3.515 GC heap before
{Heap before GC invocations=1 (full 0):
 PSYoungGen      total 18944K, used 16384K [0x00000000feb00000, 0x0000000100000000, 0x0000000100000000)
  eden space 16384K, 100% used [0x00000000feb00000,0x00000000ffb00000,0x00000000ffb00000)
  from space 2560K, 0% used [0x00000000ffd80000,0x00000000ffd80000,0x0000000100000000)
  to   space 2560K, 0% used [0x00000000ffb00000,0x00000000ffb00000,0x00000000ffd80000)
 ParOldGen       total 44032K, used 0K [0x00000000fc000000, 0x00000000feb00000, 0x00000000feb00000)
  object space 44032K, 0% used [0x00000000fc000000,0x00000000fc000000,0x00000000feb00000)
 Metaspace       used 6467K, capacity 6602K, committed 6784K, reserved 1056768K
  class space    used 768K, capacity 823K, committed 896K, reserved 1048576K
Event: 3.520 GC heap after
Heap after GC invocations=1 (full 0):
 PSYoungGen      total 18944K, used 2528K [0x00000000feb00000, 0x0000000100000000, 0x0000000100000000)
  eden space 16384K, 0% used [0x00000000feb00000,0x00000000feb00000,0x00000000ffb00000)
  from space 2560K, 98% used [0x00000000ffb00000,0x00000000ffd78030,0x00000000ffd80000)
  to   space 2560K, 0% used [0x00000000ffd80000,0x00000000ffd80000,0x0000000100000000)
 ParOldGen       total 44032K, used 1689K [0x00000000fc000000, 0x00000000feb00000, 0x00000000feb00000)
  object space 44032K, 3% used [0x00000000fc000000,0x00000000fc1a6448,0x00000000feb00000)
 Metaspace       used 6467K, capacity 6602K, committed 6784K, reserved 1056768K
  class space    used 768K, capacity 823K, committed 896K, reserved 1048576K
}
Event: 6.236 GC heap before
{Heap before GC invocations=2 (full 0):
 PSYoungGen      total 18944K, used 18912K [0x00000000feb00000, 0x0000000100000000, 0x0000000100000000)
  eden space 16384K, 100% used [0x00000000feb00000,0x00000000ffb00000,0x00000000ffb00000)
  from space 2560K, 98% used [0x00000000ffb00000,0x00000000ffd78030,0x00000000ffd80000)
  to   space 2560K, 0% used [0x00000000ffd80000,0x00000000ffd80000,0x0000000100000000)
 ParOldGen       total 44032K, used 1689K [0x00000000fc000000, 0x00000000feb00000, 0x00000000feb00000)
  object space 44032K, 3% used [0x00000000fc000000,0x00000000fc1a6448,0x00000000feb00000)
 Metaspace       used 7413K, capacity 7640K, committed 7936K, reserved 1056768K
  class space    used 866K, capacity 956K, committed 1024K, reserved 1048576K
Event: 7.355 GC heap after
Heap after GC invocations=2 (full 0):
 PSYoungGen      total 18944K, used 2554K [0x00000000feb00000, 0x0000000100000000, 0x0000000100000000)
  eden space 16384K, 0% used [0x00000000feb00000,0x00000000feb00000,0x00000000ffb00000)
  from space 2560K, 99% used [0x00000000ffd80000,0x00000000ffffe800,0x0000000100000000)
  to   space 2560K, 0% used [0x00000000ffb00000,0x00000000ffb00000,0x00000000ffd80000)
 ParOldGen       total 44032K, used 5142K [0x00000000fc000000, 0x00000000feb00000, 0x00000000feb00000)
  object space 44032K, 11% used [0x00000000fc000000,0x00000000fc505890,0x00000000feb00000)
 Metaspace       used 7413K, capacity 7640K, committed 7936K, reserved 1056768K
  class space    used 866K, capacity 956K, committed 1024K, reserved 1048576K
}

Deoptimization events (10 events):
Event: 3.539 Thread 0x000000000230a000 Uncommon trap: reason=unstable_if action=reinterpret pc=0x0000000002d88da8 method=java.util.zip.ZipCoder.decoder()Ljava/nio/charset/CharsetDecoder; @ 4
Event: 4.429 Thread 0x000000000230a000 Uncommon trap: reason=unloaded action=reinterpret pc=0x0000000002d851f4 method=java.util.zip.ZipEntry.setExtra0([BZ)V @ 37
Event: 5.725 Thread 0x000000000230a000 Uncommon trap: reason=unstable_if action=reinterpret pc=0x0000000002d40c1c method=java.lang.String.<init>([CII)V @ 18
Event: 6.227 Thread 0x000000000230a000 Uncommon trap: reason=unstable_if action=reinterpret pc=0x0000000002e83070 method=org.objectweb.asm.Item.a(Lorg/objectweb/asm/Item;)Z @ 345
Event: 7.472 Thread 0x000000000230a000 Uncommon trap: reason=unstable_if action=reinterpret pc=0x0000000002ebe6b4 method=org.objectweb.asm.MethodWriter.visitVarInsn(II)V @ 142
Event: 7.722 Thread 0x000000000230a000 Uncommon trap: reason=class_check action=maybe_recompile pc=0x0000000002ee1f5c method=org.objectweb.asm.MethodVisitor.visitVarInsn(II)V @ 13
Event: 7.722 Thread 0x000000000230a000 Uncommon trap: reason=class_check action=maybe_recompile pc=0x0000000002ee1f5c method=org.objectweb.asm.MethodVisitor.visitVarInsn(II)V @ 13
Event: 7.722 Thread 0x000000000230a000 Uncommon trap: reason=class_check action=maybe_recompile pc=0x0000000002ee1f5c method=org.objectweb.asm.MethodVisitor.visitVarInsn(II)V @ 13
Event: 7.722 Thread 0x000000000230a000 Uncommon trap: reason=class_check action=maybe_recompile pc=0x0000000002ee1f5c method=org.objectweb.asm.MethodVisitor.visitVarInsn(II)V @ 13
Event: 7.935 Thread 0x000000000230a000 Uncommon trap: reason=unstable_if action=reinterpret pc=0x0000000002e9de98 method=java.io.BufferedOutputStream.write(I)V @ 9

Classes redefined (0 events):
No events

Internal exceptions (10 events):
Event: 3.539 Thread 0x000000000230a000 Implicit null exception at 0x0000000002d883c5 to 0x0000000002d88d69
Event: 3.806 Thread 0x000000000230a000 Exception <a 'sun/nio/fs/WindowsException'> (0x00000000ff12b8e8) thrown at [D:\src\AOSP-openjdk-cygwin\jdk8u\hotspot\src\share\vm\prims\jni.cpp, line 709]
Event: 3.806 Thread 0x000000000230a000 Exception <a 'sun/nio/fs/WindowsException'> (0x00000000ff12bea8) thrown at [D:\src\AOSP-openjdk-cygwin\jdk8u\hotspot\src\share\vm\prims\jni.cpp, line 709]
Event: 3.806 Thread 0x000000000230a000 Exception <a 'sun/nio/fs/WindowsException'> (0x00000000ff12c478) thrown at [D:\src\AOSP-openjdk-cygwin\jdk8u\hotspot\src\share\vm\prims\jni.cpp, line 709]
Event: 3.806 Thread 0x000000000230a000 Exception <a 'sun/nio/fs/WindowsException'> (0x00000000ff12cc38) thrown at [D:\src\AOSP-openjdk-cygwin\jdk8u\hotspot\src\share\vm\prims\jni.cpp, line 709]
Event: 3.806 Thread 0x000000000230a000 Exception <a 'sun/nio/fs/WindowsException'> (0x00000000ff12d1e0) thrown at [D:\src\AOSP-openjdk-cygwin\jdk8u\hotspot\src\share\vm\prims\jni.cpp, line 709]
Event: 3.806 Thread 0x000000000230a000 Exception <a 'sun/nio/fs/WindowsException'> (0x00000000ff12d990) thrown at [D:\src\AOSP-openjdk-cygwin\jdk8u\hotspot\src\share\vm\prims\jni.cpp, line 709]
Event: 3.822 Thread 0x000000000230a000 Exception <a 'sun/nio/fs/WindowsException'> (0x00000000ff132d10) thrown at [D:\src\AOSP-openjdk-cygwin\jdk8u\hotspot\src\share\vm\prims\jni.cpp, line 709]
Event: 4.451 Thread 0x000000000230a000 Exception <a 'sun/nio/fs/WindowsException'> (0x00000000ff56e0e0) thrown at [D:\src\AOSP-openjdk-cygwin\jdk8u\hotspot\src\share\vm\prims\jni.cpp, line 709]
Event: 4.452 Thread 0x000000000230a000 Exception <a 'sun/nio/fs/WindowsException'> (0x00000000ff56e688) thrown at [D:\src\AOSP-openjdk-cygwin\jdk8u\hotspot\src\share\vm\prims\jni.cpp, line 709]

Events (10 events):
Event: 7.722 Thread 0x000000000230a000 Uncommon trap: trap_request=0xffffffde fr.pc=0x0000000002ee1f5c
Event: 7.722 Thread 0x000000000230a000 DEOPT PACKING pc=0x0000000002ee1f5c sp=0x000000000289e860
Event: 7.722 Thread 0x000000000230a000 DEOPT UNPACKING pc=0x0000000002bb556a sp=0x000000000289e7b0 mode 2
Event: 7.935 Thread 0x000000000230a000 Uncommon trap: trap_request=0xffffff65 fr.pc=0x0000000002e9de98
Event: 7.935 Executing VM operation: RevokeBias
Event: 7.935 Executing VM operation: RevokeBias done
Event: 7.935 Thread 0x000000000230a000 DEOPT PACKING pc=0x0000000002e9de98 sp=0x000000000289ec60
Event: 7.935 Thread 0x000000000230a000 DEOPT UNPACKING pc=0x0000000002bb556a sp=0x000000000289ec10 mode 2
Event: 8.173 Thread 0x000000000230a000 DEOPT PACKING pc=0x0000000002e8c32e sp=0x000000000289e8c0
Event: 8.173 Thread 0x000000000230a000 DEOPT UNPACKING pc=0x0000000002bb75bf sp=0x000000000289e6a0 mode 0


Dynamic libraries:
0x000000013f370000 - 0x000000013f3a1000 	D:\Program files\Android\Android Studio\jre\bin\java.exe
0x00000000774a0000 - 0x0000000077649000 	C:\Windows\SYSTEM32\ntdll.dll
0x0000000077380000 - 0x000000007749f000 	C:\Windows\system32\kernel32.dll
0x000007fefd550000 - 0x000007fefd5bc000 	C:\Windows\system32\KERNELBASE.dll
0x000007feff5c0000 - 0x000007feff69b000 	C:\Windows\system32\ADVAPI32.dll
0x000007feff6a0000 - 0x000007feff73f000 	C:\Windows\system32\msvcrt.dll
0x000007fefe940000 - 0x000007fefe95f000 	C:\Windows\SYSTEM32\sechost.dll
0x000007fefeb70000 - 0x000007fefec9d000 	C:\Windows\system32\RPCRT4.dll
0x0000000077280000 - 0x000000007737a000 	C:\Windows\system32\USER32.dll
0x000007feff740000 - 0x000007feff7a7000 	C:\Windows\system32\GDI32.dll
0x000007fefdba0000 - 0x000007fefdbae000 	C:\Windows\system32\LPK.dll
0x000007fefdad0000 - 0x000007fefdb99000 	C:\Windows\system32\USP10.dll
0x000007fefbd30000 - 0x000007fefbf24000 	C:\Windows\WinSxS\amd64_microsoft.windows.common-controls_6595b64144ccf1df_6.0.7601.17514_none_fa396087175ac9ac\COMCTL32.dll
0x000007fefd670000 - 0x000007fefd6e1000 	C:\Windows\system32\SHLWAPI.dll
0x000007feff430000 - 0x000007feff45e000 	C:\Windows\system32\IMM32.DLL
0x000007feff460000 - 0x000007feff569000 	C:\Windows\system32\MSCTF.dll
0x000007fefd1e0000 - 0x000007fefd21c000 	C:\Windows\system32\nvinitx.dll
0x0000000060790000 - 0x0000000060862000 	D:\Program files\Android\Android Studio\jre\jre\bin\msvcr100.dll
0x00000000619b0000 - 0x00000000621ee000 	D:\Program files\Android\Android Studio\jre\jre\bin\server\jvm.dll
0x000007feef2e0000 - 0x000007feef2e9000 	C:\Windows\system32\WSOCK32.dll
0x000007feff570000 - 0x000007feff5bd000 	C:\Windows\system32\WS2_32.dll
0x000007feff050000 - 0x000007feff058000 	C:\Windows\system32\NSI.dll
0x000007fefaff0000 - 0x000007fefb02b000 	C:\Windows\system32\WINMM.dll
0x000007fefc250000 - 0x000007fefc25c000 	C:\Windows\system32\VERSION.dll
0x0000000077670000 - 0x0000000077677000 	C:\Windows\system32\PSAPI.DLL
0x000007fefae20000 - 0x000007fefae2f000 	D:\Program files\Android\Android Studio\jre\jre\bin\verify.dll
0x000007fefadf0000 - 0x000007fefae19000 	D:\Program files\Android\Android Studio\jre\jre\bin\java.dll
0x000007feebc00000 - 0x000007feebc16000 	D:\Program files\Android\Android Studio\jre\jre\bin\zip.dll
0x000007fefdbb0000 - 0x000007fefe938000 	C:\Windows\system32\SHELL32.dll
0x000007fefe960000 - 0x000007fefeb63000 	C:\Windows\system32\ole32.dll
0x000007fefd2b0000 - 0x000007fefd2bf000 	C:\Windows\system32\profapi.dll
0x000007fefca70000 - 0x000007fefca87000 	C:\Windows\system32\CRYPTSP.dll
0x000007fefc770000 - 0x000007fefc7b7000 	C:\Windows\system32\rsaenh.dll
0x000007fefd5d0000 - 0x000007fefd5ee000 	C:\Windows\system32\USERENV.dll
0x000007fefd0d0000 - 0x000007fefd0df000 	C:\Windows\system32\CRYPTBASE.dll
0x000007feebbe0000 - 0x000007feebbfa000 	D:\Program files\Android\Android Studio\jre\jre\bin\net.dll
0x000007fefca10000 - 0x000007fefca65000 	C:\Windows\system32\mswsock.dll
0x000007fefca00000 - 0x000007fefca07000 	C:\Windows\System32\wship6.dll
0x000007fefa7d0000 - 0x000007fefa7f7000 	C:\Windows\system32\IPHLPAPI.DLL
0x000007fefa7b0000 - 0x000007fefa7bb000 	C:\Windows\system32\WINNSI.DLL
0x000007fef9f50000 - 0x000007fef9f61000 	C:\Windows\system32\dhcpcsvc6.DLL
0x000007fef9ed0000 - 0x000007fef9ee8000 	C:\Windows\system32\dhcpcsvc.DLL
0x000007feebbc0000 - 0x000007feebbd1000 	D:\Program files\Android\Android Studio\jre\jre\bin\nio.dll

VM Arguments:
jvm_args: -Djava.awt.headless=true -Xmx64M -Dfile.encoding=windows-1251 -Duser.country=RU -Duser.language=ru -Duser.variant 
java_command: com.google.devtools.build.android.desugar.Desugar --input C:\Users\KING\Desktop\Android\study\2\RecordBook\app\build\intermediates\transforms\stackFramesFixer\debug\11.jar --output C:\Users\KING\Desktop\Android\study\2\RecordBook\app\build\intermediates\transforms\desugar\debug\12.jar --input C:\Users\KING\Desktop\Android\study\2\RecordBook\app\build\intermediates\transforms\stackFramesFixer\debug\41.jar --output C:\Users\KING\Desktop\Android\study\2\RecordBook\app\build\intermediates\transforms\desugar\debug\42.jar --input C:\Users\KING\Desktop\Android\study\2\RecordBook\app\build\intermediates\transforms\stackFramesFixer\debug\31.jar --output C:\Users\KING\Desktop\Android\study\2\RecordBook\app\build\intermediates\transforms\desugar\debug\32.jar --input C:\Users\KING\Desktop\Android\study\2\RecordBook\app\build\intermediates\transforms\stackFramesFixer\debug\3.jar --output C:\Users\KING\Desktop\Android\study\2\RecordBook\app\build\intermediates\transforms\desugar\debug\4.jar --input C:\Users\KING\Desktop\Android\study\2\RecordBook\app\build\intermediates\transforms\stackFramesFixer\debug\4.jar --output C:\Users\KING\Desktop\Android\study\2\RecordBook\app\build\intermediates\transforms\desugar\debug\5.jar --classpath_entry C:\Users\KING\Desktop\Android\study\2\RecordBook\app\build\intermediates\classes\debug --classpath_entry C:\Users\KING\Desktop\Android\study\2\RecordBook\app\build\intermediates\transforms\stackFramesFixer\debug\0.jar --classpath_entry C:\Users\KING\Desktop\Android\study\2\RecordBook\app\build\intermediates\transforms\stackFramesFixer\debug\1.jar --classpath_entry C:\Users\KING\Desktop\Android\study\2\RecordBook\app\build\intermediates\transforms\stackFramesFixer\debug\2.jar --classpath_entry C:\Users\KING\Desktop\Android\study\2\RecordBook\app\build\intermediates\transforms\stackFramesFixer\debug\3.jar --classpath_entry C:\Users\KING\Desktop\Android\study\2\RecordBook\app\build\intermediates\transforms\stackFramesFixer\debug\4.ja
java_class_path (initial): C:\Users\KING\AppData\Local\Temp\desugar_deploy.jar9097227951175999869
Launcher Type: SUN_STANDARD

Environment Variables:
PATH=C:\ProgramData\Oracle\Java\javapath;C:\Windows\system32;C:\Windows;C:\Windows\System32\Wbem;C:\Windows\System32\WindowsPowerShell\v1.0\;C:\Program Files (x86)\NVIDIA Corporation\PhysX\Common;C:\Users\KING\.dnx\bin;C:\Program Files\Microsoft DNX\Dnvm\;C:\Program Files\Microsoft SQL Server\130\Tools\Binn\;C:\Program Files (x86)\sbt\\bin;C:\Program Files (x86)\Rational\common;C:\Program Files (x86)\Skype\Phone\;C:\Program Files (x86)\PostgreSQL\9.6\bin;C:\Program Files (x86)\PostgreSQL\9.6\lib;C:\Program Files (x86)\PostgreSQL\9.6\include;C:\Program Files\Microsoft SQL Server\110\Tools\Binn\;C:\Program Files (x86)\Brackets\command;C:\adb;C:\xampp\php;C:\ProgramData\ComposerSetup\bin;C:\Users\KING\AppData\Roaming\Composer\vendor\bin
USERNAME=KING
OS=Windows_NT
PROCESSOR_IDENTIFIER=Intel64 Family 6 Model 42 Stepping 7, GenuineIntel



---------------  S Y S T E M  ---------------

OS: Windows 7 , 64 bit Build 7601 (6.1.7601.18409)

CPU:total 8 (initial active 8) (4 cores per cpu, 2 threads per core) family 6 model 42 stepping 7, cmov, cx8, fxsr, mmx, sse, sse2, sse3, ssse3, sse4.1, sse4.2, popcnt, avx, clmul, ht, tsc, tscinvbit

Memory: 4k page, physical 8298260k(405348k free), swap 12392396k(4988k free)

vm_info: OpenJDK 64-Bit Server VM (25.152-b01) for windows-amd64 JRE (1.8.0_152-release-915-b01), built by "builder" with MS VC++ 10.0 (VS2010)

time: Fri Jun 29 22:25:01 2018
elapsed time: 8 seconds (0d 0h 0m 8s)

