#
# There is insufficient memory for the Java Runtime Environment to continue.
# Native memory allocation (malloc) failed to allocate 131056 bytes for Chunk::new
# Possible reasons:
#   The system is out of physical RAM or swap space
#   In 32 bit mode, the process size limit was hit
# Possible solutions:
#   Reduce memory load on the system
#   Increase physical memory or swap space
#   Check if swap backing store is full
#   Use 64 bit Java on a 64 bit OS
#   Decrease Java heap size (-Xmx/-Xms)
#   Decrease number of Java threads
#   Decrease Java thread stack sizes (-Xss)
#   Set larger code cache with -XX:ReservedCodeCacheSize=
# This output file may be truncated or incomplete.
#
#  Out of Memory Error (allocation.cpp:390), pid=9140, tid=0x0000000000001d58
#
# JRE version: OpenJDK Runtime Environment (8.0_152-b01) (build 1.8.0_152-release-915-b01)
# Java VM: OpenJDK 64-Bit Server VM (25.152-b01 mixed mode windows-amd64 compressed oops)
# Failed to write core dump. Minidumps are not enabled by default on client versions of Windows
#

---------------  T H R E A D  ---------------

Current thread (0x000000005442f800):  JavaThread "C2 CompilerThread0" daemon [_thread_in_native, id=7512, stack(0x0000000055c70000,0x0000000055d70000)]

Stack: [0x0000000055c70000,0x0000000055d70000]
[error occurred during error reporting (printing stack bounds), id 0xc0000005]

Native frames: (J=compiled Java code, j=interpreted, Vv=VM code, C=native code)


Current CompileTask:
C2:  20096 1004       4       org.objectweb.asm.ClassWriter::newUTF8 (70 bytes)


---------------  P R O C E S S  ---------------

Java Threads: ( => current thread )
  0x0000000054445000 JavaThread "Service Thread" daemon [_thread_blocked, id=8272, stack(0x00000000562c0000,0x00000000563c0000)]
  0x000000005443a800 JavaThread "C1 CompilerThread3" daemon [_thread_in_vm, id=4816, stack(0x00000000560f0000,0x00000000561f0000)]
  0x000000005348f000 JavaThread "C2 CompilerThread2" daemon [_thread_in_native, id=10424, stack(0x0000000055650000,0x0000000055750000)]
  0x000000005348e000 JavaThread "C2 CompilerThread1" daemon [_thread_in_native, id=14112, stack(0x0000000055ee0000,0x0000000055fe0000)]
=>0x000000005442f800 JavaThread "C2 CompilerThread0" daemon [_thread_in_native, id=7512, stack(0x0000000055c70000,0x0000000055d70000)]
  0x000000005442e800 JavaThread "Attach Listener" daemon [_thread_blocked, id=12692, stack(0x0000000055ae0000,0x0000000055be0000)]
  0x000000005442a000 JavaThread "Signal Dispatcher" daemon [_thread_blocked, id=3912, stack(0x00000000558d0000,0x00000000559d0000)]
  0x000000005347f000 JavaThread "Finalizer" daemon [_thread_blocked, id=14728, stack(0x0000000055750000,0x0000000055850000)]
  0x0000000053478000 JavaThread "Reference Handler" daemon [_thread_blocked, id=8944, stack(0x0000000055520000,0x0000000055620000)]
  0x000000000230a000 JavaThread "main" [_thread_in_vm, id=15116, stack(0x00000000025d0000,0x00000000026d0000)]

Other Threads:
  0x000000005346f000 VMThread [stack: 0x0000000055350000,0x0000000055450000] [id=15060]
  0x0000000054447800 WatcherThread [stack: 0x0000000055dc0000,0x0000000055ec0000] [id=7628]

VM state:not at safepoint (normal execution)

VM Mutex/Monitor currently owned by a thread: None

Heap:
 PSYoungGen      total 18944K, used 15606K [0x00000000feb00000, 0x0000000100000000, 0x0000000100000000)
  eden space 16384K, 79% used [0x00000000feb00000,0x00000000ff7beac0,0x00000000ffb00000)
  from space 2560K, 99% used [0x00000000ffd80000,0x00000000ffffed60,0x0000000100000000)
  to   space 2560K, 0% used [0x00000000ffb00000,0x00000000ffb00000,0x00000000ffd80000)
 ParOldGen       total 44032K, used 5042K [0x00000000fc000000, 0x00000000feb00000, 0x00000000feb00000)
  object space 44032K, 11% used [0x00000000fc000000,0x00000000fc4ec920,0x00000000feb00000)
 Metaspace       used 7537K, capacity 7708K, committed 7936K, reserved 1056768K
  class space    used 869K, capacity 956K, committed 1024K, reserved 1048576K

Card table byte_map: [0x0000000001d90000,0x0000000001dc0000] byte_map_base: 0x00000000015b0000

Marking Bits: (ParMarkBitMap*) 0x000000006b3c3950
 Begin Bits: [0x0000000012890000, 0x0000000012990000)
 End Bits:   [0x0000000012990000, 0x0000000012a90000)

Polling page: 0x0000000000440000

CodeCache: size=245760Kb used=3729Kb max_used=3740Kb free=242030Kb
 bounds [0x00000000029a0000, 0x0000000002d50000, 0x00000000119a0000]
 total_blobs=1337 nmethods=1005 adapters=245
 compilation: enabled

Compilation events (10 events):
Event: 19.878 Thread 0x000000005443a800 nmethod 1000 0x0000000002d42b50 code [0x0000000002d42cc0, 0x0000000002d42ed0]
Event: 19.879 Thread 0x000000005442f800 1001       4       org.objectweb.asm.ByteVector::putByteArray (49 bytes)
Event: 19.880 Thread 0x000000005443a800 1002       1       java.util.Arrays$ArrayList::size (6 bytes)
Event: 19.880 Thread 0x000000005443a800 nmethod 1002 0x0000000002d41350 code [0x0000000002d414a0, 0x0000000002d415b0]
Event: 19.880 Thread 0x000000005442f800 nmethod 1001 0x0000000002d40fd0 code [0x0000000002d41120, 0x0000000002d41258]
Event: 19.881 Thread 0x000000005348f000 nmethod 991 0x0000000002d41b10 code [0x0000000002d41ca0, 0x0000000002d42378]
Event: 19.882 Thread 0x000000005443a800 1003       3       com.google.common.collect.AbstractIndexedListIterator::hasNext (17 bytes)
Event: 19.882 Thread 0x000000005443a800 nmethod 1003 0x0000000002d41790 code [0x0000000002d418e0, 0x0000000002d41a90]
Event: 19.904 Thread 0x000000005442f800 1004       4       org.objectweb.asm.ClassWriter::newUTF8 (70 bytes)
Event: 19.905 Thread 0x000000005348f000 1005       4       org.objectweb.asm.tree.MethodNode::visitLineNumber (21 bytes)

GC Heap History (4 events):
Event: 11.648 GC heap before
{Heap before GC invocations=1 (full 0):
 PSYoungGen      total 18944K, used 16384K [0x00000000feb00000, 0x0000000100000000, 0x0000000100000000)
  eden space 16384K, 100% used [0x00000000feb00000,0x00000000ffb00000,0x00000000ffb00000)
  from space 2560K, 0% used [0x00000000ffd80000,0x00000000ffd80000,0x0000000100000000)
  to   space 2560K, 0% used [0x00000000ffb00000,0x00000000ffb00000,0x00000000ffd80000)
 ParOldGen       total 44032K, used 0K [0x00000000fc000000, 0x00000000feb00000, 0x00000000feb00000)
  object space 44032K, 0% used [0x00000000fc000000,0x00000000fc000000,0x00000000feb00000)
 Metaspace       used 6465K, capacity 6606K, committed 6784K, reserved 1056768K
  class space    used 768K, capacity 823K, committed 896K, reserved 1048576K
Event: 11.869 GC heap after
Heap after GC invocations=1 (full 0):
 PSYoungGen      total 18944K, used 2528K [0x00000000feb00000, 0x0000000100000000, 0x0000000100000000)
  eden space 16384K, 0% used [0x00000000feb00000,0x00000000feb00000,0x00000000ffb00000)
  from space 2560K, 98% used [0x00000000ffb00000,0x00000000ffd78030,0x00000000ffd80000)
  to   space 2560K, 0% used [0x00000000ffd80000,0x00000000ffd80000,0x0000000100000000)
 ParOldGen       total 44032K, used 1623K [0x00000000fc000000, 0x00000000feb00000, 0x00000000feb00000)
  object space 44032K, 3% used [0x00000000fc000000,0x00000000fc195c08,0x00000000feb00000)
 Metaspace       used 6465K, capacity 6606K, committed 6784K, reserved 1056768K
  class space    used 768K, capacity 823K, committed 896K, reserved 1048576K
}
Event: 18.371 GC heap before
{Heap before GC invocations=2 (full 0):
 PSYoungGen      total 18944K, used 18912K [0x00000000feb00000, 0x0000000100000000, 0x0000000100000000)
  eden space 16384K, 100% used [0x00000000feb00000,0x00000000ffb00000,0x00000000ffb00000)
  from space 2560K, 98% used [0x00000000ffb00000,0x00000000ffd78030,0x00000000ffd80000)
  to   space 2560K, 0% used [0x00000000ffd80000,0x00000000ffd80000,0x0000000100000000)
 ParOldGen       total 44032K, used 1623K [0x00000000fc000000, 0x00000000feb00000, 0x00000000feb00000)
  object space 44032K, 3% used [0x00000000fc000000,0x00000000fc195c08,0x00000000feb00000)
 Metaspace       used 7415K, capacity 7644K, committed 7936K, reserved 1056768K
  class space    used 867K, capacity 956K, committed 1024K, reserved 1048576K
Event: 18.407 GC heap after
Heap after GC invocations=2 (full 0):
 PSYoungGen      total 18944K, used 2555K [0x00000000feb00000, 0x0000000100000000, 0x0000000100000000)
  eden space 16384K, 0% used [0x00000000feb00000,0x00000000feb00000,0x00000000ffb00000)
  from space 2560K, 99% used [0x00000000ffd80000,0x00000000ffffed60,0x0000000100000000)
  to   space 2560K, 0% used [0x00000000ffb00000,0x00000000ffb00000,0x00000000ffd80000)
 ParOldGen       total 44032K, used 5042K [0x00000000fc000000, 0x00000000feb00000, 0x00000000feb00000)
  object space 44032K, 11% used [0x00000000fc000000,0x00000000fc4ec920,0x00000000feb00000)
 Metaspace       used 7415K, capacity 7644K, committed 7936K, reserved 1056768K
  class space    used 867K, capacity 956K, committed 1024K, reserved 1048576K
}

Deoptimization events (10 events):
Event: 11.924 Thread 0x000000000230a000 Uncommon trap: reason=unstable_if action=reinterpret pc=0x0000000002baf644 method=java.util.HashMap$HashIterator.hasNext()Z @ 4
Event: 16.478 Thread 0x000000000230a000 Uncommon trap: reason=unstable_if action=reinterpret pc=0x0000000002baf2b8 method=java.util.HashMap$HashIterator.nextNode()Ljava/util/HashMap$Node; @ 74
Event: 17.170 Thread 0x000000000230a000 Uncommon trap: reason=unloaded action=reinterpret pc=0x0000000002b9bf6c method=java.util.zip.ZipEntry.setExtra0([BZ)V @ 37
Event: 17.708 Thread 0x000000000230a000 Uncommon trap: reason=unstable_if action=reinterpret pc=0x0000000002c3c2ec method=java.lang.String.<init>([CII)V @ 18
Event: 18.157 Thread 0x000000000230a000 Uncommon trap: reason=unstable_if action=reinterpret pc=0x0000000002c3887c method=java.lang.String.<init>([CII)V @ 18
Event: 19.136 Thread 0x000000000230a000 Uncommon trap: reason=unstable_if action=reinterpret pc=0x0000000002cfce98 method=java.io.BufferedOutputStream.write(I)V @ 9
Event: 19.844 Thread 0x000000000230a000 Uncommon trap: reason=unstable_if action=reinterpret pc=0x0000000002cb2210 method=org.objectweb.asm.ClassReader.a(II[C)Ljava/lang/String; @ 77
Event: 19.846 Thread 0x000000000230a000 Uncommon trap: reason=unstable_if action=reinterpret pc=0x0000000002c91cec method=org.objectweb.asm.ByteVector.putUTF8(Ljava/lang/String;)Lorg/objectweb/asm/ByteVector; @ 91
Event: 19.851 Thread 0x000000000230a000 Uncommon trap: reason=unstable_if action=reinterpret pc=0x0000000002d348d4 method=org.objectweb.asm.MethodWriter.visitVarInsn(II)V @ 148
Event: 19.851 Thread 0x000000000230a000 Uncommon trap: reason=unstable_if action=reinterpret pc=0x0000000002cd7a34 method=org.objectweb.asm.MethodWriter.visitVarInsn(II)V @ 136

Classes redefined (0 events):
No events

Internal exceptions (10 events):
Event: 11.904 Thread 0x000000000230a000 Implicit null exception at 0x0000000002b9b2a8 to 0x0000000002b9b6fd
Event: 16.476 Thread 0x000000000230a000 Exception <a 'sun/nio/fs/WindowsException'> (0x00000000ff143ef0) thrown at [D:\src\AOSP-openjdk-cygwin\jdk8u\hotspot\src\share\vm\prims\jni.cpp, line 709]
Event: 16.477 Thread 0x000000000230a000 Exception <a 'sun/nio/fs/WindowsException'> (0x00000000ff1444b0) thrown at [D:\src\AOSP-openjdk-cygwin\jdk8u\hotspot\src\share\vm\prims\jni.cpp, line 709]
Event: 16.477 Thread 0x000000000230a000 Exception <a 'sun/nio/fs/WindowsException'> (0x00000000ff144a80) thrown at [D:\src\AOSP-openjdk-cygwin\jdk8u\hotspot\src\share\vm\prims\jni.cpp, line 709]
Event: 16.477 Thread 0x000000000230a000 Exception <a 'sun/nio/fs/WindowsException'> (0x00000000ff145240) thrown at [D:\src\AOSP-openjdk-cygwin\jdk8u\hotspot\src\share\vm\prims\jni.cpp, line 709]
Event: 16.477 Thread 0x000000000230a000 Exception <a 'sun/nio/fs/WindowsException'> (0x00000000ff1457e8) thrown at [D:\src\AOSP-openjdk-cygwin\jdk8u\hotspot\src\share\vm\prims\jni.cpp, line 709]
Event: 16.477 Thread 0x000000000230a000 Exception <a 'sun/nio/fs/WindowsException'> (0x00000000ff145f98) thrown at [D:\src\AOSP-openjdk-cygwin\jdk8u\hotspot\src\share\vm\prims\jni.cpp, line 709]
Event: 16.554 Thread 0x000000000230a000 Exception <a 'sun/nio/fs/WindowsException'> (0x00000000ff14b318) thrown at [D:\src\AOSP-openjdk-cygwin\jdk8u\hotspot\src\share\vm\prims\jni.cpp, line 709]
Event: 17.202 Thread 0x000000000230a000 Exception <a 'sun/nio/fs/WindowsException'> (0x00000000ff58ced0) thrown at [D:\src\AOSP-openjdk-cygwin\jdk8u\hotspot\src\share\vm\prims\jni.cpp, line 709]
Event: 17.203 Thread 0x000000000230a000 Exception <a 'sun/nio/fs/WindowsException'> (0x00000000ff58d478) thrown at [D:\src\AOSP-openjdk-cygwin\jdk8u\hotspot\src\share\vm\prims\jni.cpp, line 709]

Events (10 events):
Event: 19.844 Thread 0x000000000230a000 DEOPT UNPACKING pc=0x00000000029e556a sp=0x00000000026ceef8 mode 2
Event: 19.846 Thread 0x000000000230a000 Uncommon trap: trap_request=0xffffff65 fr.pc=0x0000000002c91cec
Event: 19.846 Thread 0x000000000230a000 DEOPT PACKING pc=0x0000000002c91cec sp=0x00000000026ced30
Event: 19.846 Thread 0x000000000230a000 DEOPT UNPACKING pc=0x00000000029e556a sp=0x00000000026cec70 mode 2
Event: 19.851 Thread 0x000000000230a000 Uncommon trap: trap_request=0xffffff65 fr.pc=0x0000000002d348d4
Event: 19.851 Thread 0x000000000230a000 DEOPT PACKING pc=0x0000000002d348d4 sp=0x00000000026ceee0
Event: 19.851 Thread 0x000000000230a000 DEOPT UNPACKING pc=0x00000000029e556a sp=0x00000000026cedd8 mode 2
Event: 19.851 Thread 0x000000000230a000 Uncommon trap: trap_request=0xffffff65 fr.pc=0x0000000002cd7a34
Event: 19.851 Thread 0x000000000230a000 DEOPT PACKING pc=0x0000000002cd7a34 sp=0x00000000026cee60
Event: 19.851 Thread 0x000000000230a000 DEOPT UNPACKING pc=0x00000000029e556a sp=0x00000000026cedc0 mode 2


Dynamic libraries:
0x000000013f790000 - 0x000000013f7c1000 	D:\Program files\Android\Android Studio\jre\bin\java.exe
0x0000000076de0000 - 0x0000000076f89000 	C:\Windows\SYSTEM32\ntdll.dll
0x0000000076bc0000 - 0x0000000076cdf000 	C:\Windows\system32\kernel32.dll
0x000007fefcc80000 - 0x000007fefccec000 	C:\Windows\system32\KERNELBASE.dll
0x000007fefe5d0000 - 0x000007fefe6ab000 	C:\Windows\system32\ADVAPI32.dll
0x000007fefe050000 - 0x000007fefe0ef000 	C:\Windows\system32\msvcrt.dll
0x000007fefecc0000 - 0x000007fefecdf000 	C:\Windows\SYSTEM32\sechost.dll
0x000007fefe2f0000 - 0x000007fefe41d000 	C:\Windows\system32\RPCRT4.dll
0x0000000076ce0000 - 0x0000000076dda000 	C:\Windows\system32\USER32.dll
0x000007fefcfb0000 - 0x000007fefd017000 	C:\Windows\system32\GDI32.dll
0x000007fefe040000 - 0x000007fefe04e000 	C:\Windows\system32\LPK.dll
0x000007fefe820000 - 0x000007fefe8e9000 	C:\Windows\system32\USP10.dll
0x000007fefb4d0000 - 0x000007fefb6c4000 	C:\Windows\WinSxS\amd64_microsoft.windows.common-controls_6595b64144ccf1df_6.0.7601.17514_none_fa396087175ac9ac\COMCTL32.dll
0x000007fefeb30000 - 0x000007fefeba1000 	C:\Windows\system32\SHLWAPI.dll
0x000007fefebb0000 - 0x000007fefebde000 	C:\Windows\system32\IMM32.DLL
0x000007fefe4c0000 - 0x000007fefe5c9000 	C:\Windows\system32\MSCTF.dll
0x000007fefcb20000 - 0x000007fefcb5c000 	C:\Windows\system32\nvinitx.dll
0x000000006dfe0000 - 0x000000006e0b2000 	D:\Program files\Android\Android Studio\jre\jre\bin\msvcr100.dll
0x000000006ac00000 - 0x000000006b43e000 	D:\Program files\Android\Android Studio\jre\jre\bin\server\jvm.dll
0x000007fef92d0000 - 0x000007fef92d9000 	C:\Windows\system32\WSOCK32.dll
0x000007fefece0000 - 0x000007fefed2d000 	C:\Windows\system32\WS2_32.dll
0x000007fefee30000 - 0x000007fefee38000 	C:\Windows\system32\NSI.dll
0x000007fefab60000 - 0x000007fefab9b000 	C:\Windows\system32\WINMM.dll
0x000007fefbb60000 - 0x000007fefbb6c000 	C:\Windows\system32\VERSION.dll
0x0000000076fa0000 - 0x0000000076fa7000 	C:\Windows\system32\PSAPI.DLL
0x000007fef66b0000 - 0x000007fef66bf000 	D:\Program files\Android\Android Studio\jre\jre\bin\verify.dll
0x000007feec700000 - 0x000007feec729000 	D:\Program files\Android\Android Studio\jre\jre\bin\java.dll
0x000007feecb80000 - 0x000007feecb96000 	D:\Program files\Android\Android Studio\jre\jre\bin\zip.dll
0x000007fefd2b0000 - 0x000007fefe038000 	C:\Windows\system32\SHELL32.dll
0x000007fefd020000 - 0x000007fefd223000 	C:\Windows\system32\ole32.dll
0x000007fefcc00000 - 0x000007fefcc0f000 	C:\Windows\system32\profapi.dll
0x000007fefc3b0000 - 0x000007fefc3c7000 	C:\Windows\system32\CRYPTSP.dll
0x000007fefc0b0000 - 0x000007fefc0f7000 	C:\Windows\system32\rsaenh.dll
0x000007fefcc60000 - 0x000007fefcc7e000 	C:\Windows\system32\USERENV.dll
0x000007fefca10000 - 0x000007fefca1f000 	C:\Windows\system32\CRYPTBASE.dll
0x000007feec6e0000 - 0x000007feec6fa000 	D:\Program files\Android\Android Studio\jre\jre\bin\net.dll
0x000007fefc350000 - 0x000007fefc3a5000 	C:\Windows\system32\mswsock.dll
0x000007fefc340000 - 0x000007fefc347000 	C:\Windows\System32\wship6.dll
0x000007fefa1a0000 - 0x000007fefa1c7000 	C:\Windows\system32\IPHLPAPI.DLL
0x000007fefa190000 - 0x000007fefa19b000 	C:\Windows\system32\WINNSI.DLL
0x000007fef9900000 - 0x000007fef9911000 	C:\Windows\system32\dhcpcsvc6.DLL
0x000007fef98e0000 - 0x000007fef98f8000 	C:\Windows\system32\dhcpcsvc.DLL
0x000007feec6c0000 - 0x000007feec6d1000 	D:\Program files\Android\Android Studio\jre\jre\bin\nio.dll

VM Arguments:
jvm_args: -Djava.awt.headless=true -Xmx64M -Dfile.encoding=windows-1251 -Duser.country=RU -Duser.language=ru -Duser.variant 
java_command: com.google.devtools.build.android.desugar.Desugar --input C:\Users\KING\Desktop\Android\study\3\RecordBook\app\build\intermediates\transforms\stackFramesFixer\debug\8.jar --output C:\Users\KING\Desktop\Android\study\3\RecordBook\app\build\intermediates\transforms\desugar\debug\9.jar --input C:\Users\KING\Desktop\Android\study\3\RecordBook\app\build\intermediates\classes\debug --output C:\Users\KING\Desktop\Android\study\3\RecordBook\app\build\intermediates\transforms\desugar\debug\36 --input C:\Users\KING\Desktop\Android\study\3\RecordBook\app\build\intermediates\transforms\stackFramesFixer\debug\14.jar --output C:\Users\KING\Desktop\Android\study\3\RecordBook\app\build\intermediates\transforms\desugar\debug\14.jar --input C:\Users\KING\Desktop\Android\study\3\RecordBook\app\build\intermediates\transforms\stackFramesFixer\debug\11.jar --output C:\Users\KING\Desktop\Android\study\3\RecordBook\app\build\intermediates\transforms\desugar\debug\12.jar --classpath_entry C:\Users\KING\Desktop\Android\study\3\RecordBook\app\build\intermediates\classes\debug --classpath_entry C:\Users\KING\Desktop\Android\study\3\RecordBook\app\build\intermediates\transforms\stackFramesFixer\debug\0.jar --classpath_entry C:\Users\KING\Desktop\Android\study\3\RecordBook\app\build\intermediates\transforms\stackFramesFixer\debug\1.jar --classpath_entry C:\Users\KING\Desktop\Android\study\3\RecordBook\app\build\intermediates\transforms\stackFramesFixer\debug\2.jar --classpath_entry C:\Users\KING\Desktop\Android\study\3\RecordBook\app\build\intermediates\transforms\stackFramesFixer\debug\3.jar --classpath_entry C:\Users\KING\Desktop\Android\study\3\RecordBook\app\build\intermediates\transforms\stackFramesFixer\debug\4.jar --classpath_entry C:\Users\KING\Desktop\Android\study\3\RecordBook\app\build\intermediates\transforms\stackFramesFixer\debug\5.jar --classpath_entry C:\Users\KING\Desktop\Android\study\3\RecordBook\app\build\intermediates\transforms\stackFramesFixer\debug\6.jar -
java_class_path (initial): C:\Users\KING\AppData\Local\Temp\desugar_deploy.jar7421709963918403138
Launcher Type: SUN_STANDARD

Environment Variables:
PATH=C:\ProgramData\Oracle\Java\javapath;C:\Windows\system32;C:\Windows;C:\Windows\System32\Wbem;C:\Windows\System32\WindowsPowerShell\v1.0\;C:\Program Files (x86)\NVIDIA Corporation\PhysX\Common;C:\Users\KING\.dnx\bin;C:\Program Files\Microsoft DNX\Dnvm\;C:\Program Files\Microsoft SQL Server\130\Tools\Binn\;C:\Program Files (x86)\sbt\\bin;C:\Program Files (x86)\Rational\common;C:\Program Files (x86)\Skype\Phone\;C:\Program Files (x86)\PostgreSQL\9.6\bin;C:\Program Files (x86)\PostgreSQL\9.6\lib;C:\Program Files (x86)\PostgreSQL\9.6\include;C:\Program Files\Microsoft SQL Server\110\Tools\Binn\;C:\Program Files (x86)\Brackets\command;C:\adb;C:\xampp\php;C:\ProgramData\ComposerSetup\bin;C:\Users\KING\AppData\Roaming\Composer\vendor\bin
USERNAME=KING
OS=Windows_NT
PROCESSOR_IDENTIFIER=Intel64 Family 6 Model 42 Stepping 7, GenuineIntel



---------------  S Y S T E M  ---------------

OS: Windows 7 , 64 bit Build 7601 (6.1.7601.18409)

CPU:total 8 (initial active 8) (4 cores per cpu, 2 threads per core) family 6 model 42 stepping 7, cmov, cx8, fxsr, mmx, sse, sse2, sse3, ssse3, sse4.1, sse4.2, popcnt, avx, clmul, ht, tsc, tscinvbit

Memory: 4k page, physical 8298260k(353192k free), swap 12392396k(4160k free)

vm_info: OpenJDK 64-Bit Server VM (25.152-b01) for windows-amd64 JRE (1.8.0_152-release-915-b01), built by "builder" with MS VC++ 10.0 (VS2010)

time: Sun Jul 01 19:41:26 2018
elapsed time: 20 seconds (0d 0h 0m 20s)

