#
# There is insufficient memory for the Java Runtime Environment to continue.
# Native memory allocation (malloc) failed to allocate 524304 bytes for Chunk::new
# Possible reasons:
#   The system is out of physical RAM or swap space
#   In 32 bit mode, the process size limit was hit
# Possible solutions:
#   Reduce memory load on the system
#   Increase physical memory or swap space
#   Check if swap backing store is full
#   Use 64 bit Java on a 64 bit OS
#   Decrease Java heap size (-Xmx/-Xms)
#   Decrease number of Java threads
#   Decrease Java thread stack sizes (-Xss)
#   Set larger code cache with -XX:ReservedCodeCacheSize=
# This output file may be truncated or incomplete.
#
#  Out of Memory Error (allocation.cpp:390), pid=9420, tid=0x00000000000035bc
#
# JRE version: OpenJDK Runtime Environment (8.0_152-b01) (build 1.8.0_152-release-915-b01)
# Java VM: OpenJDK 64-Bit Server VM (25.152-b01 mixed mode windows-amd64 compressed oops)
# Failed to write core dump. Minidumps are not enabled by default on client versions of Windows
#

---------------  T H R E A D  ---------------

Current thread (0x00000000544c1000):  JavaThread "C2 CompilerThread1" daemon [_thread_in_native, id=13756, stack(0x0000000055c70000,0x0000000055d70000)]

Stack: [0x0000000055c70000,0x0000000055d70000]
[error occurred during error reporting (printing stack bounds), id 0xc0000005]

Native frames: (J=compiled Java code, j=interpreted, Vv=VM code, C=native code)


Current CompileTask:
C2:  19997  865 %     4       org.objectweb.asm.ClassReader::a @ 1480 (3587 bytes)


---------------  P R O C E S S  ---------------

Java Threads: ( => current thread )
  0x0000000054550000 JavaThread "Service Thread" daemon [_thread_blocked, id=12048, stack(0x0000000056160000,0x0000000056260000)]
  0x00000000544c5000 JavaThread "C1 CompilerThread3" daemon [_thread_blocked, id=13912, stack(0x0000000056050000,0x0000000056150000)]
  0x00000000544c4000 JavaThread "C2 CompilerThread2" daemon [_thread_in_native, id=13884, stack(0x0000000055e50000,0x0000000055f50000)]
=>0x00000000544c1000 JavaThread "C2 CompilerThread1" daemon [_thread_in_native, id=13756, stack(0x0000000055c70000,0x0000000055d70000)]
  0x00000000544c0000 JavaThread "C2 CompilerThread0" daemon [_thread_blocked, id=11824, stack(0x0000000055b30000,0x0000000055c30000)]
  0x00000000544be800 JavaThread "Attach Listener" daemon [_thread_blocked, id=13816, stack(0x00000000553f0000,0x00000000554f0000)]
  0x00000000544ba800 JavaThread "Signal Dispatcher" daemon [_thread_blocked, id=14968, stack(0x0000000055990000,0x0000000055a90000)]
  0x0000000053512000 JavaThread "Finalizer" daemon [_thread_blocked, id=13944, stack(0x00000000557e0000,0x00000000558e0000)]
  0x000000005350b800 JavaThread "Reference Handler" daemon [_thread_blocked, id=12176, stack(0x00000000556c0000,0x00000000557c0000)]
  0x00000000023ca000 JavaThread "main" [_thread_in_native, id=11972, stack(0x0000000002460000,0x0000000002560000)]

Other Threads:
  0x0000000053503000 VMThread [stack: 0x00000000555a0000,0x00000000556a0000] [id=13764]
  0x0000000054552800 WatcherThread [stack: 0x0000000056350000,0x0000000056450000] [id=13660]

VM state:not at safepoint (normal execution)

VM Mutex/Monitor currently owned by a thread: None

Heap:
 PSYoungGen      total 18944K, used 17122K [0x00000000feb00000, 0x0000000100000000, 0x0000000100000000)
  eden space 16384K, 88% used [0x00000000feb00000,0x00000000ff93bea0,0x00000000ffb00000)
  from space 2560K, 99% used [0x00000000ffd80000,0x00000000ffffcab0,0x0000000100000000)
  to   space 2560K, 0% used [0x00000000ffb00000,0x00000000ffb00000,0x00000000ffd80000)
 ParOldGen       total 44032K, used 5042K [0x00000000fc000000, 0x00000000feb00000, 0x00000000feb00000)
  object space 44032K, 11% used [0x00000000fc000000,0x00000000fc4eca18,0x00000000feb00000)
 Metaspace       used 7565K, capacity 7704K, committed 7936K, reserved 1056768K
  class space    used 873K, capacity 956K, committed 1024K, reserved 1048576K

Card table byte_map: [0x0000000000360000,0x0000000000390000] byte_map_base: 0xffffffffffb80000

Marking Bits: (ParMarkBitMap*) 0x000000006b3c3950
 Begin Bits: [0x0000000012920000, 0x0000000012a20000)
 End Bits:   [0x0000000012a20000, 0x0000000012b20000)

Polling page: 0x0000000000230000

CodeCache: size=245760Kb used=3762Kb max_used=3762Kb free=241997Kb
 bounds [0x0000000002980000, 0x0000000002d30000, 0x0000000011980000]
 total_blobs=1335 nmethods=1002 adapters=245
 compilation: disabled (not enough contiguous free space left)

Compilation events (10 events):
Event: 19.614 Thread 0x00000000544c4000 nmethod 948 0x0000000002d1d790 code [0x0000000002d1d900, 0x0000000002d1ddb8]
Event: 19.614 Thread 0x00000000544c4000  944       4       org.objectweb.asm.tree.MethodNode::visitLineNumber (21 bytes)
Event: 19.622 Thread 0x00000000544c4000 nmethod 944 0x0000000002d1e2d0 code [0x0000000002d1e440, 0x0000000002d1e738]
Event: 19.622 Thread 0x00000000544c4000  945       4       org.objectweb.asm.tree.LineNumberNode::accept (16 bytes)
Event: 19.645 Thread 0x00000000544c4000 nmethod 945 0x0000000002d13150 code [0x0000000002d13360, 0x0000000002d14050]
Event: 19.645 Thread 0x00000000544c4000  966       4       org.objectweb.asm.MethodVisitor::visitLineNumber (17 bytes)
Event: 19.656 Thread 0x00000000544c4000 nmethod 966 0x0000000002d20d50 code [0x0000000002d20f00, 0x0000000002d21618]
Event: 19.656 Thread 0x00000000544c4000  943       4       org.objectweb.asm.ByteVector::putInt (74 bytes)
Event: 19.658 Thread 0x00000000544c4000 nmethod 943 0x0000000002d127d0 code [0x0000000002d12920, 0x0000000002d12aa8]
Event: 19.698 Thread 0x00000000544c4000  980       4       org.objectweb.asm.tree.MethodNode::visitLocalVariable (35 bytes)

GC Heap History (4 events):
Event: 11.580 GC heap before
{Heap before GC invocations=1 (full 0):
 PSYoungGen      total 18944K, used 16384K [0x00000000feb00000, 0x0000000100000000, 0x0000000100000000)
  eden space 16384K, 100% used [0x00000000feb00000,0x00000000ffb00000,0x00000000ffb00000)
  from space 2560K, 0% used [0x00000000ffd80000,0x00000000ffd80000,0x0000000100000000)
  to   space 2560K, 0% used [0x00000000ffb00000,0x00000000ffb00000,0x00000000ffd80000)
 ParOldGen       total 44032K, used 0K [0x00000000fc000000, 0x00000000feb00000, 0x00000000feb00000)
  object space 44032K, 0% used [0x00000000fc000000,0x00000000fc000000,0x00000000feb00000)
 Metaspace       used 6482K, capacity 6666K, committed 6784K, reserved 1056768K
  class space    used 768K, capacity 823K, committed 896K, reserved 1048576K
Event: 11.739 GC heap after
Heap after GC invocations=1 (full 0):
 PSYoungGen      total 18944K, used 2528K [0x00000000feb00000, 0x0000000100000000, 0x0000000100000000)
  eden space 16384K, 0% used [0x00000000feb00000,0x00000000feb00000,0x00000000ffb00000)
  from space 2560K, 98% used [0x00000000ffb00000,0x00000000ffd78030,0x00000000ffd80000)
  to   space 2560K, 0% used [0x00000000ffd80000,0x00000000ffd80000,0x0000000100000000)
 ParOldGen       total 44032K, used 1606K [0x00000000fc000000, 0x00000000feb00000, 0x00000000feb00000)
  object space 44032K, 3% used [0x00000000fc000000,0x00000000fc191bc8,0x00000000feb00000)
 Metaspace       used 6482K, capacity 6666K, committed 6784K, reserved 1056768K
  class space    used 768K, capacity 823K, committed 896K, reserved 1048576K
}
Event: 18.418 GC heap before
{Heap before GC invocations=2 (full 0):
 PSYoungGen      total 18944K, used 18912K [0x00000000feb00000, 0x0000000100000000, 0x0000000100000000)
  eden space 16384K, 100% used [0x00000000feb00000,0x00000000ffb00000,0x00000000ffb00000)
  from space 2560K, 98% used [0x00000000ffb00000,0x00000000ffd78030,0x00000000ffd80000)
  to   space 2560K, 0% used [0x00000000ffd80000,0x00000000ffd80000,0x0000000100000000)
 ParOldGen       total 44032K, used 1606K [0x00000000fc000000, 0x00000000feb00000, 0x00000000feb00000)
  object space 44032K, 3% used [0x00000000fc000000,0x00000000fc191bc8,0x00000000feb00000)
 Metaspace       used 7460K, capacity 7640K, committed 7936K, reserved 1056768K
  class space    used 872K, capacity 956K, committed 1024K, reserved 1048576K
Event: 18.425 GC heap after
Heap after GC invocations=2 (full 0):
 PSYoungGen      total 18944K, used 2546K [0x00000000feb00000, 0x0000000100000000, 0x0000000100000000)
  eden space 16384K, 0% used [0x00000000feb00000,0x00000000feb00000,0x00000000ffb00000)
  from space 2560K, 99% used [0x00000000ffd80000,0x00000000ffffcab0,0x0000000100000000)
  to   space 2560K, 0% used [0x00000000ffb00000,0x00000000ffb00000,0x00000000ffd80000)
 ParOldGen       total 44032K, used 5042K [0x00000000fc000000, 0x00000000feb00000, 0x00000000feb00000)
  object space 44032K, 11% used [0x00000000fc000000,0x00000000fc4eca18,0x00000000feb00000)
 Metaspace       used 7460K, capacity 7640K, committed 7936K, reserved 1056768K
  class space    used 872K, capacity 956K, committed 1024K, reserved 1048576K
}

Deoptimization events (10 events):
Event: 11.547 Thread 0x00000000023ca000 Uncommon trap: reason=unstable_if action=reinterpret pc=0x0000000002b83238 method=java.util.zip.ZipFile$ZipEntryIterator.hasNext()Z @ 25
Event: 11.547 Thread 0x00000000023ca000 Uncommon trap: reason=unstable_if action=reinterpret pc=0x0000000002b8ef28 method=java.util.zip.ZipCoder.decoder()Ljava/nio/charset/CharsetDecoder; @ 4
Event: 11.550 Thread 0x00000000023ca000 Uncommon trap: reason=unstable_if action=reinterpret pc=0x0000000002b88448 method=java.util.zip.ZipFile$ZipEntryIterator.hasNext()Z @ 25
Event: 11.550 Thread 0x00000000023ca000 Uncommon trap: reason=unstable_if action=reinterpret pc=0x0000000002b896ec method=java.util.zip.ZipCoder.decoder()Ljava/nio/charset/CharsetDecoder; @ 4
Event: 11.803 Thread 0x00000000023ca000 Uncommon trap: reason=unstable_if action=reinterpret pc=0x0000000002b9838c method=java.util.zip.ZipCoder.decoder()Ljava/nio/charset/CharsetDecoder; @ 4
Event: 11.803 Thread 0x00000000023ca000 Uncommon trap: reason=unstable_if action=reinterpret pc=0x0000000002b829a8 method=java.util.zip.ZipCoder.decoder()Ljava/nio/charset/CharsetDecoder; @ 4
Event: 17.123 Thread 0x00000000023ca000 Uncommon trap: reason=unloaded action=reinterpret pc=0x0000000002b8a934 method=java.util.zip.ZipEntry.setExtra0([BZ)V @ 37
Event: 17.541 Thread 0x00000000023ca000 Uncommon trap: reason=unstable_if action=reinterpret pc=0x0000000002b41c9c method=java.lang.String.<init>([CII)V @ 18
Event: 19.465 Thread 0x00000000023ca000 Uncommon trap: reason=unstable_if action=reinterpret pc=0x0000000002c82b9c method=org.objectweb.asm.Type.getArgumentsAndReturnSizes(Ljava/lang/String;)I @ 130
Event: 19.588 Thread 0x00000000023ca000 Uncommon trap: reason=unstable_if action=reinterpret pc=0x0000000002d0601c method=org.objectweb.asm.tree.MethodNode.getLabelNodes([Ljava/lang/Object;)[Ljava/lang/Object; @ 24

Classes redefined (0 events):
No events

Internal exceptions (10 events):
Event: 16.438 Thread 0x00000000023ca000 Exception <a 'sun/nio/fs/WindowsException'> (0x00000000ff1442d0) thrown at [D:\src\AOSP-openjdk-cygwin\jdk8u\hotspot\src\share\vm\prims\jni.cpp, line 709]
Event: 16.439 Thread 0x00000000023ca000 Exception <a 'sun/nio/fs/WindowsException'> (0x00000000ff1448a0) thrown at [D:\src\AOSP-openjdk-cygwin\jdk8u\hotspot\src\share\vm\prims\jni.cpp, line 709]
Event: 16.443 Thread 0x00000000023ca000 Exception <a 'sun/nio/fs/WindowsException'> (0x00000000ff145060) thrown at [D:\src\AOSP-openjdk-cygwin\jdk8u\hotspot\src\share\vm\prims\jni.cpp, line 709]
Event: 16.444 Thread 0x00000000023ca000 Exception <a 'sun/nio/fs/WindowsException'> (0x00000000ff145608) thrown at [D:\src\AOSP-openjdk-cygwin\jdk8u\hotspot\src\share\vm\prims\jni.cpp, line 709]
Event: 16.444 Thread 0x00000000023ca000 Exception <a 'sun/nio/fs/WindowsException'> (0x00000000ff145db8) thrown at [D:\src\AOSP-openjdk-cygwin\jdk8u\hotspot\src\share\vm\prims\jni.cpp, line 709]
Event: 16.529 Thread 0x00000000023ca000 Exception <a 'sun/nio/fs/WindowsException'> (0x00000000ff14b138) thrown at [D:\src\AOSP-openjdk-cygwin\jdk8u\hotspot\src\share\vm\prims\jni.cpp, line 709]
Event: 17.157 Thread 0x00000000023ca000 Exception <a 'sun/nio/fs/WindowsException'> (0x00000000ff58cbf0) thrown at [D:\src\AOSP-openjdk-cygwin\jdk8u\hotspot\src\share\vm\prims\jni.cpp, line 709]
Event: 17.159 Thread 0x00000000023ca000 Exception <a 'sun/nio/fs/WindowsException'> (0x00000000ff58d198) thrown at [D:\src\AOSP-openjdk-cygwin\jdk8u\hotspot\src\share\vm\prims\jni.cpp, line 709]
Event: 17.736 Thread 0x00000000023ca000 Exception <a 'sun/nio/fs/WindowsException'> (0x00000000ff744c40) thrown at [D:\src\AOSP-openjdk-cygwin\jdk8u\hotspot\src\share\vm\prims\jni.cpp, line 709]
Event: 17.737 Thread 0x00000000023ca000 Exception <a 'sun/nio/fs/WindowsException'> (0x00000000ff745168) thrown at [D:\src\AOSP-openjdk-cygwin\jdk8u\hotspot\src\share\vm\prims\jni.cpp, line 709]

Events (10 events):
Event: 18.446 loading class org/objectweb/asm/tree/TryCatchBlockNode
Event: 18.446 loading class org/objectweb/asm/tree/TryCatchBlockNode done
Event: 18.447 loading class org/objectweb/asm/Handler
Event: 18.447 loading class org/objectweb/asm/Handler done
Event: 19.465 Thread 0x00000000023ca000 Uncommon trap: trap_request=0xffffff65 fr.pc=0x0000000002c82b9c
Event: 19.465 Thread 0x00000000023ca000 DEOPT PACKING pc=0x0000000002c82b9c sp=0x000000000255e530
Event: 19.465 Thread 0x00000000023ca000 DEOPT UNPACKING pc=0x00000000029c556a sp=0x000000000255e4c0 mode 2
Event: 19.588 Thread 0x00000000023ca000 Uncommon trap: trap_request=0xffffff65 fr.pc=0x0000000002d0601c
Event: 19.588 Thread 0x00000000023ca000 DEOPT PACKING pc=0x0000000002d0601c sp=0x000000000255e4e0
Event: 19.588 Thread 0x00000000023ca000 DEOPT UNPACKING pc=0x00000000029c556a sp=0x000000000255e470 mode 2


Dynamic libraries:
0x000000013f790000 - 0x000000013f7c1000 	D:\Program files\Android\Android Studio\jre\bin\java.exe
0x0000000076de0000 - 0x0000000076f89000 	C:\Windows\SYSTEM32\ntdll.dll
0x0000000076bc0000 - 0x0000000076cdf000 	C:\Windows\system32\kernel32.dll
0x000007fefcc80000 - 0x000007fefccec000 	C:\Windows\system32\KERNELBASE.dll
0x000007fefe5d0000 - 0x000007fefe6ab000 	C:\Windows\system32\ADVAPI32.dll
0x000007fefe050000 - 0x000007fefe0ef000 	C:\Windows\system32\msvcrt.dll
0x000007fefecc0000 - 0x000007fefecdf000 	C:\Windows\SYSTEM32\sechost.dll
0x000007fefe2f0000 - 0x000007fefe41d000 	C:\Windows\system32\RPCRT4.dll
0x0000000076ce0000 - 0x0000000076dda000 	C:\Windows\system32\USER32.dll
0x000007fefcfb0000 - 0x000007fefd017000 	C:\Windows\system32\GDI32.dll
0x000007fefe040000 - 0x000007fefe04e000 	C:\Windows\system32\LPK.dll
0x000007fefe820000 - 0x000007fefe8e9000 	C:\Windows\system32\USP10.dll
0x000007fefb4d0000 - 0x000007fefb6c4000 	C:\Windows\WinSxS\amd64_microsoft.windows.common-controls_6595b64144ccf1df_6.0.7601.17514_none_fa396087175ac9ac\COMCTL32.dll
0x000007fefeb30000 - 0x000007fefeba1000 	C:\Windows\system32\SHLWAPI.dll
0x000007fefebb0000 - 0x000007fefebde000 	C:\Windows\system32\IMM32.DLL
0x000007fefe4c0000 - 0x000007fefe5c9000 	C:\Windows\system32\MSCTF.dll
0x000007fefcb20000 - 0x000007fefcb5c000 	C:\Windows\system32\nvinitx.dll
0x000000006dfe0000 - 0x000000006e0b2000 	D:\Program files\Android\Android Studio\jre\jre\bin\msvcr100.dll
0x000000006ac00000 - 0x000000006b43e000 	D:\Program files\Android\Android Studio\jre\jre\bin\server\jvm.dll
0x000007fef92d0000 - 0x000007fef92d9000 	C:\Windows\system32\WSOCK32.dll
0x000007fefece0000 - 0x000007fefed2d000 	C:\Windows\system32\WS2_32.dll
0x000007fefee30000 - 0x000007fefee38000 	C:\Windows\system32\NSI.dll
0x000007fefab60000 - 0x000007fefab9b000 	C:\Windows\system32\WINMM.dll
0x000007fefbb60000 - 0x000007fefbb6c000 	C:\Windows\system32\VERSION.dll
0x0000000076fa0000 - 0x0000000076fa7000 	C:\Windows\system32\PSAPI.DLL
0x000007fef66b0000 - 0x000007fef66bf000 	D:\Program files\Android\Android Studio\jre\jre\bin\verify.dll
0x000007feec700000 - 0x000007feec729000 	D:\Program files\Android\Android Studio\jre\jre\bin\java.dll
0x000007feecb80000 - 0x000007feecb96000 	D:\Program files\Android\Android Studio\jre\jre\bin\zip.dll
0x000007fefd2b0000 - 0x000007fefe038000 	C:\Windows\system32\SHELL32.dll
0x000007fefd020000 - 0x000007fefd223000 	C:\Windows\system32\ole32.dll
0x000007fefcc00000 - 0x000007fefcc0f000 	C:\Windows\system32\profapi.dll
0x000007fefc3b0000 - 0x000007fefc3c7000 	C:\Windows\system32\CRYPTSP.dll
0x000007fefc0b0000 - 0x000007fefc0f7000 	C:\Windows\system32\rsaenh.dll
0x000007fefcc60000 - 0x000007fefcc7e000 	C:\Windows\system32\USERENV.dll
0x000007fefca10000 - 0x000007fefca1f000 	C:\Windows\system32\CRYPTBASE.dll
0x000007feec6e0000 - 0x000007feec6fa000 	D:\Program files\Android\Android Studio\jre\jre\bin\net.dll
0x000007fefc350000 - 0x000007fefc3a5000 	C:\Windows\system32\mswsock.dll
0x000007fefc340000 - 0x000007fefc347000 	C:\Windows\System32\wship6.dll
0x000007fefa1a0000 - 0x000007fefa1c7000 	C:\Windows\system32\IPHLPAPI.DLL
0x000007fefa190000 - 0x000007fefa19b000 	C:\Windows\system32\WINNSI.DLL
0x000007fef9900000 - 0x000007fef9911000 	C:\Windows\system32\dhcpcsvc6.DLL
0x000007fef98e0000 - 0x000007fef98f8000 	C:\Windows\system32\dhcpcsvc.DLL
0x000007feec6c0000 - 0x000007feec6d1000 	D:\Program files\Android\Android Studio\jre\jre\bin\nio.dll

VM Arguments:
jvm_args: -Djava.awt.headless=true -Xmx64M -Dfile.encoding=windows-1251 -Duser.country=RU -Duser.language=ru -Duser.variant 
java_command: com.google.devtools.build.android.desugar.Desugar --input C:\Users\KING\Desktop\Android\study\3\RecordBook\app\build\intermediates\transforms\stackFramesFixer\debug\45.jar --output C:\Users\KING\Desktop\Android\study\3\RecordBook\app\build\intermediates\transforms\desugar\debug\32.jar --input C:\Users\KING\Desktop\Android\study\3\RecordBook\app\build\intermediates\transforms\stackFramesFixer\debug\2.jar --output C:\Users\KING\Desktop\Android\study\3\RecordBook\app\build\intermediates\transforms\desugar\debug\3.jar --input C:\Users\KING\Desktop\Android\study\3\RecordBook\app\build\intermediates\transforms\stackFramesFixer\debug\46.jar --output C:\Users\KING\Desktop\Android\study\3\RecordBook\app\build\intermediates\transforms\desugar\debug\33.jar --input C:\Users\KING\Desktop\Android\study\3\RecordBook\app\build\intermediates\transforms\stackFramesFixer\debug\4.jar --output C:\Users\KING\Desktop\Android\study\3\RecordBook\app\build\intermediates\transforms\desugar\debug\5.jar --classpath_entry C:\Users\KING\Desktop\Android\study\3\RecordBook\app\build\intermediates\classes\debug --classpath_entry C:\Users\KING\Desktop\Android\study\3\RecordBook\app\build\intermediates\transforms\stackFramesFixer\debug\0.jar --classpath_entry C:\Users\KING\Desktop\Android\study\3\RecordBook\app\build\intermediates\transforms\stackFramesFixer\debug\1.jar --classpath_entry C:\Users\KING\Desktop\Android\study\3\RecordBook\app\build\intermediates\transforms\stackFramesFixer\debug\2.jar --classpath_entry C:\Users\KING\Desktop\Android\study\3\RecordBook\app\build\intermediates\transforms\stackFramesFixer\debug\3.jar --classpath_entry C:\Users\KING\Desktop\Android\study\3\RecordBook\app\build\intermediates\transforms\stackFramesFixer\debug\4.jar --classpath_entry C:\Users\KING\Desktop\Android\study\3\RecordBook\app\build\intermediates\transforms\stackFramesFixer\debug\5.jar --classpath_entry C:\Users\KING\Desktop\Android\study\3\RecordBook\app\build\intermediates\transforms\s
java_class_path (initial): C:\Users\KING\AppData\Local\Temp\desugar_deploy.jar7421709963918403138
Launcher Type: SUN_STANDARD

Environment Variables:
PATH=C:\ProgramData\Oracle\Java\javapath;C:\Windows\system32;C:\Windows;C:\Windows\System32\Wbem;C:\Windows\System32\WindowsPowerShell\v1.0\;C:\Program Files (x86)\NVIDIA Corporation\PhysX\Common;C:\Users\KING\.dnx\bin;C:\Program Files\Microsoft DNX\Dnvm\;C:\Program Files\Microsoft SQL Server\130\Tools\Binn\;C:\Program Files (x86)\sbt\\bin;C:\Program Files (x86)\Rational\common;C:\Program Files (x86)\Skype\Phone\;C:\Program Files (x86)\PostgreSQL\9.6\bin;C:\Program Files (x86)\PostgreSQL\9.6\lib;C:\Program Files (x86)\PostgreSQL\9.6\include;C:\Program Files\Microsoft SQL Server\110\Tools\Binn\;C:\Program Files (x86)\Brackets\command;C:\adb;C:\xampp\php;C:\ProgramData\ComposerSetup\bin;C:\Users\KING\AppData\Roaming\Composer\vendor\bin
USERNAME=KING
OS=Windows_NT
PROCESSOR_IDENTIFIER=Intel64 Family 6 Model 42 Stepping 7, GenuineIntel



---------------  S Y S T E M  ---------------

OS: Windows 7 , 64 bit Build 7601 (6.1.7601.18409)

CPU:total 8 (initial active 8) (4 cores per cpu, 2 threads per core) family 6 model 42 stepping 7, cmov, cx8, fxsr, mmx, sse, sse2, sse3, ssse3, sse4.1, sse4.2, popcnt, avx, clmul, ht, tsc, tscinvbit

Memory: 4k page, physical 8298260k(353156k free), swap 12392396k(2116k free)

vm_info: OpenJDK 64-Bit Server VM (25.152-b01) for windows-amd64 JRE (1.8.0_152-release-915-b01), built by "builder" with MS VC++ 10.0 (VS2010)

time: Sun Jul 01 19:41:26 2018
elapsed time: 20 seconds (0d 0h 0m 20s)

