#
# There is insufficient memory for the Java Runtime Environment to continue.
# Native memory allocation (malloc) failed to allocate 783776 bytes for Chunk::new
# Possible reasons:
#   The system is out of physical RAM or swap space
#   In 32 bit mode, the process size limit was hit
# Possible solutions:
#   Reduce memory load on the system
#   Increase physical memory or swap space
#   Check if swap backing store is full
#   Use 64 bit Java on a 64 bit OS
#   Decrease Java heap size (-Xmx/-Xms)
#   Decrease number of Java threads
#   Decrease Java thread stack sizes (-Xss)
#   Set larger code cache with -XX:ReservedCodeCacheSize=
# This output file may be truncated or incomplete.
#
#  Out of Memory Error (allocation.cpp:390), pid=8416, tid=0x0000000000002c40
#
# JRE version: OpenJDK Runtime Environment (8.0_152-b01) (build 1.8.0_152-release-915-b01)
# Java VM: OpenJDK 64-Bit Server VM (25.152-b01 mixed mode windows-amd64 compressed oops)
# Failed to write core dump. Minidumps are not enabled by default on client versions of Windows
#

---------------  T H R E A D  ---------------

Current thread (0x00000000543d3000):  JavaThread "C2 CompilerThread2" daemon [_thread_in_native, id=11328, stack(0x0000000055ee0000,0x0000000055fe0000)]

Stack: [0x0000000055ee0000,0x0000000055fe0000]
[error occurred during error reporting (printing stack bounds), id 0xc0000005]

Native frames: (J=compiled Java code, j=interpreted, Vv=VM code, C=native code)


Current CompileTask:
C2:  12987  844 %     4       org.objectweb.asm.ClassReader::a @ 1360 (3587 bytes)


---------------  P R O C E S S  ---------------

Java Threads: ( => current thread )
  0x00000000021fa000 JavaThread "DestroyJavaVM" [_thread_blocked, id=12580, stack(0x00000000024c0000,0x00000000025c0000)]
  0x00000000543ee000 JavaThread "Service Thread" daemon [_thread_blocked, id=10232, stack(0x00000000560e0000,0x00000000561e0000)]
  0x00000000543d4000 JavaThread "C1 CompilerThread3" daemon [_thread_blocked, id=11556, stack(0x0000000055390000,0x0000000055490000)]
=>0x00000000543d3000 JavaThread "C2 CompilerThread2" daemon [_thread_in_native, id=11328, stack(0x0000000055ee0000,0x0000000055fe0000)]
  0x00000000543c8800 JavaThread "C2 CompilerThread1" daemon [_thread_in_native, id=4168, stack(0x0000000055d70000,0x0000000055e70000)]
  0x000000005437d000 JavaThread "C2 CompilerThread0" daemon [_thread_in_native, id=1096, stack(0x0000000055be0000,0x0000000055ce0000)]
  0x000000005437a000 JavaThread "Attach Listener" daemon [_thread_blocked, id=5516, stack(0x0000000055a30000,0x0000000055b30000)]
  0x0000000054377800 JavaThread "Signal Dispatcher" daemon [_thread_blocked, id=3532, stack(0x0000000055810000,0x0000000055910000)]
  0x00000000534e2000 JavaThread "Finalizer" daemon [_thread_blocked, id=11424, stack(0x0000000055630000,0x0000000055730000)]
  0x00000000534db000 JavaThread "Reference Handler" daemon [_thread_blocked, id=9972, stack(0x0000000055520000,0x0000000055620000)]

Other Threads:
  0x00000000534d2800 VMThread [stack: 0x0000000055290000,0x0000000055390000] [id=11644]
  0x00000000543f0800 WatcherThread [stack: 0x0000000055fe0000,0x00000000560e0000] [id=4816]

VM state:not at safepoint (normal execution)

VM Mutex/Monitor currently owned by a thread: None

Heap:
 PSYoungGen      total 18944K, used 10760K [0x00000000feb00000, 0x0000000100000000, 0x0000000100000000)
  eden space 16384K, 50% used [0x00000000feb00000,0x00000000ff303ac0,0x00000000ffb00000)
  from space 2560K, 99% used [0x00000000ffd80000,0x00000000ffffe7e0,0x0000000100000000)
  to   space 2560K, 0% used [0x00000000ffb00000,0x00000000ffb00000,0x00000000ffd80000)
 ParOldGen       total 44032K, used 4953K [0x00000000fc000000, 0x00000000feb00000, 0x00000000feb00000)
  object space 44032K, 11% used [0x00000000fc000000,0x00000000fc4d6568,0x00000000feb00000)
 Metaspace       used 7539K, capacity 7704K, committed 7936K, reserved 1056768K
  class space    used 875K, capacity 956K, committed 1024K, reserved 1048576K

Card table byte_map: [0x0000000000480000,0x00000000004b0000] byte_map_base: 0xffffffffffca0000

Marking Bits: (ParMarkBitMap*) 0x000000006a633950
 Begin Bits: [0x00000000128f0000, 0x00000000129f0000)
 End Bits:   [0x00000000129f0000, 0x0000000012af0000)

Polling page: 0x0000000000450000

CodeCache: size=245760Kb used=3575Kb max_used=3575Kb free=242184Kb
 bounds [0x0000000002890000, 0x0000000002c10000, 0x0000000011890000]
 total_blobs=1231 nmethods=897 adapters=245
 compilation: disabled (not enough contiguous free space left)

Compilation events (10 events):
Event: 12.224 Thread 0x00000000543d4000 nmethod 876 0x0000000002bfd6d0 code [0x0000000002bfd840, 0x0000000002bfda68]
Event: 12.224 Thread 0x00000000543d4000  877       3       org.objectweb.asm.ClassVisitor::<init> (7 bytes)
Event: 12.224 Thread 0x00000000543d4000 nmethod 877 0x0000000002bfba90 code [0x0000000002bfbc20, 0x0000000002bfbf68]
Event: 12.224 Thread 0x00000000543d4000  878       3       java.util.zip.ZipOutputStream::ensureOpen (18 bytes)
Event: 12.224 Thread 0x00000000543d4000 nmethod 878 0x0000000002c02950 code [0x0000000002c02ac0, 0x0000000002c02d08]
Event: 12.224 Thread 0x00000000543d4000  879       3       sun.util.calendar.CalendarDate::setNormalized (6 bytes)
Event: 12.224 Thread 0x00000000543d4000 nmethod 879 0x0000000002bfb790 code [0x0000000002bfb8e0, 0x0000000002bfba30]
Event: 12.225 Thread 0x00000000543c8800 nmethod 850 0x0000000002c06190 code [0x0000000002c06320, 0x0000000002c06ab8]
Event: 12.225 Thread 0x00000000543c8800  866       4       org.objectweb.asm.MethodWriter::a (38 bytes)
Event: 12.227 Thread 0x00000000543c8800 nmethod 866 0x0000000002bfb450 code [0x0000000002bfb5a0, 0x0000000002bfb6b8]

GC Heap History (4 events):
Event: 5.239 GC heap before
{Heap before GC invocations=1 (full 0):
 PSYoungGen      total 18944K, used 16384K [0x00000000feb00000, 0x0000000100000000, 0x0000000100000000)
  eden space 16384K, 100% used [0x00000000feb00000,0x00000000ffb00000,0x00000000ffb00000)
  from space 2560K, 0% used [0x00000000ffd80000,0x00000000ffd80000,0x0000000100000000)
  to   space 2560K, 0% used [0x00000000ffb00000,0x00000000ffb00000,0x00000000ffd80000)
 ParOldGen       total 44032K, used 0K [0x00000000fc000000, 0x00000000feb00000, 0x00000000feb00000)
  object space 44032K, 0% used [0x00000000fc000000,0x00000000fc000000,0x00000000feb00000)
 Metaspace       used 6452K, capacity 6602K, committed 6784K, reserved 1056768K
  class space    used 768K, capacity 823K, committed 896K, reserved 1048576K
Event: 5.416 GC heap after
Heap after GC invocations=1 (full 0):
 PSYoungGen      total 18944K, used 2528K [0x00000000feb00000, 0x0000000100000000, 0x0000000100000000)
  eden space 16384K, 0% used [0x00000000feb00000,0x00000000feb00000,0x00000000ffb00000)
  from space 2560K, 98% used [0x00000000ffb00000,0x00000000ffd78030,0x00000000ffd80000)
  to   space 2560K, 0% used [0x00000000ffd80000,0x00000000ffd80000,0x0000000100000000)
 ParOldGen       total 44032K, used 1732K [0x00000000fc000000, 0x00000000feb00000, 0x00000000feb00000)
  object space 44032K, 3% used [0x00000000fc000000,0x00000000fc1b1310,0x00000000feb00000)
 Metaspace       used 6452K, capacity 6602K, committed 6784K, reserved 1056768K
  class space    used 768K, capacity 823K, committed 896K, reserved 1048576K
}
Event: 10.078 GC heap before
{Heap before GC invocations=2 (full 0):
 PSYoungGen      total 18944K, used 18912K [0x00000000feb00000, 0x0000000100000000, 0x0000000100000000)
  eden space 16384K, 100% used [0x00000000feb00000,0x00000000ffb00000,0x00000000ffb00000)
  from space 2560K, 98% used [0x00000000ffb00000,0x00000000ffd78030,0x00000000ffd80000)
  to   space 2560K, 0% used [0x00000000ffd80000,0x00000000ffd80000,0x0000000100000000)
 ParOldGen       total 44032K, used 1732K [0x00000000fc000000, 0x00000000feb00000, 0x00000000feb00000)
  object space 44032K, 3% used [0x00000000fc000000,0x00000000fc1b1310,0x00000000feb00000)
 Metaspace       used 7455K, capacity 7640K, committed 7936K, reserved 1056768K
  class space    used 868K, capacity 956K, committed 1024K, reserved 1048576K
Event: 12.003 GC heap after
Heap after GC invocations=2 (full 0):
 PSYoungGen      total 18944K, used 2553K [0x00000000feb00000, 0x0000000100000000, 0x0000000100000000)
  eden space 16384K, 0% used [0x00000000feb00000,0x00000000feb00000,0x00000000ffb00000)
  from space 2560K, 99% used [0x00000000ffd80000,0x00000000ffffe7e0,0x0000000100000000)
  to   space 2560K, 0% used [0x00000000ffb00000,0x00000000ffb00000,0x00000000ffd80000)
 ParOldGen       total 44032K, used 4953K [0x00000000fc000000, 0x00000000feb00000, 0x00000000feb00000)
  object space 44032K, 11% used [0x00000000fc000000,0x00000000fc4d6568,0x00000000feb00000)
 Metaspace       used 7455K, capacity 7640K, committed 7936K, reserved 1056768K
  class space    used 868K, capacity 956K, committed 1024K, reserved 1048576K
}

Deoptimization events (10 events):
Event: 5.491 Thread 0x00000000021fa000 Uncommon trap: reason=unstable_if action=reinterpret pc=0x0000000002a6d52c method=java.util.zip.ZipCoder.decoder()Ljava/nio/charset/CharsetDecoder; @ 4
Event: 5.492 Thread 0x00000000021fa000 Uncommon trap: reason=unstable_if action=reinterpret pc=0x0000000002a6ec28 method=java.util.zip.ZipCoder.decoder()Ljava/nio/charset/CharsetDecoder; @ 4
Event: 8.220 Thread 0x00000000021fa000 Uncommon trap: reason=unloaded action=reinterpret pc=0x0000000002a80934 method=java.util.zip.ZipEntry.setExtra0([BZ)V @ 37
Event: 8.798 Thread 0x00000000021fa000 Uncommon trap: reason=unstable_if action=reinterpret pc=0x0000000002a5511c method=java.lang.String.<init>([CII)V @ 18
Event: 9.462 Thread 0x00000000021fa000 Uncommon trap: reason=class_check action=maybe_recompile pc=0x0000000002b8af9c method=org.objectweb.asm.MethodVisitor.visitVarInsn(II)V @ 13
Event: 9.462 Thread 0x00000000021fa000 Uncommon trap: reason=class_check action=maybe_recompile pc=0x0000000002b8af9c method=org.objectweb.asm.MethodVisitor.visitVarInsn(II)V @ 13
Event: 9.462 Thread 0x00000000021fa000 Uncommon trap: reason=class_check action=maybe_recompile pc=0x0000000002b8af9c method=org.objectweb.asm.MethodVisitor.visitVarInsn(II)V @ 13
Event: 9.462 Thread 0x00000000021fa000 Uncommon trap: reason=class_check action=maybe_recompile pc=0x0000000002b8af9c method=org.objectweb.asm.MethodVisitor.visitVarInsn(II)V @ 13
Event: 10.051 Thread 0x00000000021fa000 Uncommon trap: reason=unstable_if action=reinterpret pc=0x0000000002b6db4c method=org.objectweb.asm.Item.a(Lorg/objectweb/asm/Item;)Z @ 251
Event: 12.222 Thread 0x00000000021fa000 Uncommon trap: reason=unstable_if action=reinterpret pc=0x0000000002bfa670 method=org.objectweb.asm.Item.a(Lorg/objectweb/asm/Item;)Z @ 345

Classes redefined (0 events):
No events

Internal exceptions (10 events):
Event: 7.354 Thread 0x00000000021fa000 Exception <a 'sun/nio/fs/WindowsException'> (0x00000000ff103da8) thrown at [D:\src\AOSP-openjdk-cygwin\jdk8u\hotspot\src\share\vm\prims\jni.cpp, line 709]
Event: 7.370 Thread 0x00000000021fa000 Exception <a 'sun/nio/fs/WindowsException'> (0x00000000ff109128) thrown at [D:\src\AOSP-openjdk-cygwin\jdk8u\hotspot\src\share\vm\prims\jni.cpp, line 709]
Event: 8.266 Thread 0x00000000021fa000 Exception <a 'sun/nio/fs/WindowsException'> (0x00000000ff5221c8) thrown at [D:\src\AOSP-openjdk-cygwin\jdk8u\hotspot\src\share\vm\prims\jni.cpp, line 709]
Event: 8.267 Thread 0x00000000021fa000 Exception <a 'sun/nio/fs/WindowsException'> (0x00000000ff522770) thrown at [D:\src\AOSP-openjdk-cygwin\jdk8u\hotspot\src\share\vm\prims\jni.cpp, line 709]
Event: 9.043 Thread 0x00000000021fa000 Exception <a 'sun/nio/fs/WindowsException'> (0x00000000ff86b3b8) thrown at [D:\src\AOSP-openjdk-cygwin\jdk8u\hotspot\src\share\vm\prims\jni.cpp, line 709]
Event: 9.045 Thread 0x00000000021fa000 Exception <a 'sun/nio/fs/WindowsException'> (0x00000000ff86b8e0) thrown at [D:\src\AOSP-openjdk-cygwin\jdk8u\hotspot\src\share\vm\prims\jni.cpp, line 709]
Event: 9.192 Thread 0x00000000021fa000 Exception <a 'sun/nio/fs/WindowsException'> (0x00000000ff9edf80) thrown at [D:\src\AOSP-openjdk-cygwin\jdk8u\hotspot\src\share\vm\prims\jni.cpp, line 709]
Event: 9.193 Thread 0x00000000021fa000 Exception <a 'sun/nio/fs/WindowsException'> (0x00000000ff9ee4a8) thrown at [D:\src\AOSP-openjdk-cygwin\jdk8u\hotspot\src\share\vm\prims\jni.cpp, line 709]
Event: 9.480 Thread 0x00000000021fa000 Exception <a 'sun/nio/fs/WindowsException'> (0x00000000ffa51c50) thrown at [D:\src\AOSP-openjdk-cygwin\jdk8u\hotspot\src\share\vm\prims\jni.cpp, line 709]
Event: 9.481 Thread 0x00000000021fa000 Exception <a 'sun/nio/fs/WindowsException'> (0x00000000ffa52178) thrown at [D:\src\AOSP-openjdk-cygwin\jdk8u\hotspot\src\share\vm\prims\jni.cpp, line 709]

Events (10 events):
Event: 9.462 Thread 0x00000000021fa000 DEOPT PACKING pc=0x0000000002b8af9c sp=0x00000000025beee0
Event: 9.462 Thread 0x00000000021fa000 DEOPT UNPACKING pc=0x00000000028d556a sp=0x00000000025bee90 mode 2
Event: 10.050 Thread 0x00000000021fa000 Uncommon trap: trap_request=0xffffff65 fr.pc=0x0000000002b6db4c
Event: 10.051 Thread 0x00000000021fa000 DEOPT PACKING pc=0x0000000002b6db4c sp=0x00000000025beac0
Event: 10.051 Thread 0x00000000021fa000 DEOPT UNPACKING pc=0x00000000028d556a sp=0x00000000025bea58 mode 2
Event: 10.078 Executing VM operation: ParallelGCFailedAllocation
Event: 12.004 Executing VM operation: ParallelGCFailedAllocation done
Event: 12.222 Thread 0x00000000021fa000 Uncommon trap: trap_request=0xffffff65 fr.pc=0x0000000002bfa670
Event: 12.222 Thread 0x00000000021fa000 DEOPT PACKING pc=0x0000000002bfa670 sp=0x00000000025bea80
Event: 12.222 Thread 0x00000000021fa000 DEOPT UNPACKING pc=0x00000000028d556a sp=0x00000000025bea18 mode 2


Dynamic libraries:
0x000000013fb60000 - 0x000000013fb91000 	D:\Program files\Android\Android Studio\jre\bin\java.exe
0x0000000076d30000 - 0x0000000076ed9000 	C:\Windows\SYSTEM32\ntdll.dll
0x0000000076c10000 - 0x0000000076d2f000 	C:\Windows\system32\kernel32.dll
0x000007fefcc20000 - 0x000007fefcc8c000 	C:\Windows\system32\KERNELBASE.dll
0x000007fefe9a0000 - 0x000007fefea7b000 	C:\Windows\system32\ADVAPI32.dll
0x000007fefcf00000 - 0x000007fefcf9f000 	C:\Windows\system32\msvcrt.dll
0x000007fefe7c0000 - 0x000007fefe7df000 	C:\Windows\SYSTEM32\sechost.dll
0x000007fefe1b0000 - 0x000007fefe2dd000 	C:\Windows\system32\RPCRT4.dll
0x0000000076b10000 - 0x0000000076c0a000 	C:\Windows\system32\USER32.dll
0x000007fefe860000 - 0x000007fefe8c7000 	C:\Windows\system32\GDI32.dll
0x000007fefcfa0000 - 0x000007fefcfae000 	C:\Windows\system32\LPK.dll
0x000007fefe8d0000 - 0x000007fefe999000 	C:\Windows\system32\USP10.dll
0x000007fefb5c0000 - 0x000007fefb7b4000 	C:\Windows\WinSxS\amd64_microsoft.windows.common-controls_6595b64144ccf1df_6.0.7601.17514_none_fa396087175ac9ac\COMCTL32.dll
0x000007fefe410000 - 0x000007fefe481000 	C:\Windows\system32\SHLWAPI.dll
0x000007fefe740000 - 0x000007fefe76e000 	C:\Windows\system32\IMM32.DLL
0x000007fefd050000 - 0x000007fefd159000 	C:\Windows\system32\MSCTF.dll
0x000007fefca70000 - 0x000007fefcaac000 	C:\Windows\system32\nvinitx.dll
0x0000000068420000 - 0x00000000684f2000 	D:\Program files\Android\Android Studio\jre\jre\bin\msvcr100.dll
0x0000000069e70000 - 0x000000006a6ae000 	D:\Program files\Android\Android Studio\jre\jre\bin\server\jvm.dll
0x000007fef3580000 - 0x000007fef3589000 	C:\Windows\system32\WSOCK32.dll
0x000007fefe770000 - 0x000007fefe7bd000 	C:\Windows\system32\WS2_32.dll
0x000007fefe400000 - 0x000007fefe408000 	C:\Windows\system32\NSI.dll
0x000007fefa980000 - 0x000007fefa9bb000 	C:\Windows\system32\WINMM.dll
0x000007fefbab0000 - 0x000007fefbabc000 	C:\Windows\system32\VERSION.dll
0x0000000076f00000 - 0x0000000076f07000 	C:\Windows\system32\PSAPI.DLL
0x000007fefa270000 - 0x000007fefa27f000 	D:\Program files\Android\Android Studio\jre\jre\bin\verify.dll
0x000007fef4980000 - 0x000007fef49a9000 	D:\Program files\Android\Android Studio\jre\jre\bin\java.dll
0x000007fef9c20000 - 0x000007fef9c36000 	D:\Program files\Android\Android Studio\jre\jre\bin\zip.dll
0x000007fefd420000 - 0x000007fefe1a8000 	C:\Windows\system32\SHELL32.dll
0x000007fefee30000 - 0x000007feff033000 	C:\Windows\system32\ole32.dll
0x000007fefcb40000 - 0x000007fefcb4f000 	C:\Windows\system32\profapi.dll
0x000007fefc300000 - 0x000007fefc317000 	C:\Windows\system32\CRYPTSP.dll
0x000007fefc000000 - 0x000007fefc047000 	C:\Windows\system32\rsaenh.dll
0x000007fefcc00000 - 0x000007fefcc1e000 	C:\Windows\system32\USERENV.dll
0x000007fefc960000 - 0x000007fefc96f000 	C:\Windows\system32\CRYPTBASE.dll
0x000007fef5eb0000 - 0x000007fef5eca000 	D:\Program files\Android\Android Studio\jre\jre\bin\net.dll
0x000007fefc2a0000 - 0x000007fefc2f5000 	C:\Windows\system32\mswsock.dll
0x000007fefc290000 - 0x000007fefc297000 	C:\Windows\System32\wship6.dll
0x000007fefa0f0000 - 0x000007fefa117000 	C:\Windows\system32\IPHLPAPI.DLL
0x000007fefa0b0000 - 0x000007fefa0bb000 	C:\Windows\system32\WINNSI.DLL
0x000007fef98f0000 - 0x000007fef9901000 	C:\Windows\system32\dhcpcsvc6.DLL
0x000007fef98d0000 - 0x000007fef98e8000 	C:\Windows\system32\dhcpcsvc.DLL
0x000007fef5c30000 - 0x000007fef5c41000 	D:\Program files\Android\Android Studio\jre\jre\bin\nio.dll

VM Arguments:
jvm_args: -Djava.awt.headless=true -Xmx64M -Dfile.encoding=windows-1251 -Duser.country=RU -Duser.language=ru -Duser.variant 
java_command: com.google.devtools.build.android.desugar.Desugar --input C:\Users\KING\Desktop\Android\study\2\RecordBook\app\build\intermediates\transforms\stackFramesFixer\debug\0.jar --output C:\Users\KING\Desktop\Android\study\2\RecordBook\app\build\intermediates\transforms\desugar\debug\1.jar --input C:\Users\KING\Desktop\Android\study\2\RecordBook\app\build\intermediates\transforms\stackFramesFixer\debug\16.jar --output C:\Users\KING\Desktop\Android\study\2\RecordBook\app\build\intermediates\transforms\desugar\debug\17.jar --input C:\Users\KING\Desktop\Android\study\2\RecordBook\app\build\intermediates\transforms\stackFramesFixer\debug\31.jar --output C:\Users\KING\Desktop\Android\study\2\RecordBook\app\build\intermediates\transforms\desugar\debug\32.jar --input C:\Users\KING\Desktop\Android\study\2\RecordBook\app\build\intermediates\transforms\stackFramesFixer\debug\18.jar --output C:\Users\KING\Desktop\Android\study\2\RecordBook\app\build\intermediates\transforms\desugar\debug\19.jar --classpath_entry C:\Users\KING\Desktop\Android\study\2\RecordBook\app\build\intermediates\classes\debug --classpath_entry C:\Users\KING\Desktop\Android\study\2\RecordBook\app\build\intermediates\transforms\stackFramesFixer\debug\0.jar --classpath_entry C:\Users\KING\Desktop\Android\study\2\RecordBook\app\build\intermediates\transforms\stackFramesFixer\debug\1.jar --classpath_entry C:\Users\KING\Desktop\Android\study\2\RecordBook\app\build\intermediates\transforms\stackFramesFixer\debug\2.jar --classpath_entry C:\Users\KING\Desktop\Android\study\2\RecordBook\app\build\intermediates\transforms\stackFramesFixer\debug\3.jar --classpath_entry C:\Users\KING\Desktop\Android\study\2\RecordBook\app\build\intermediates\transforms\stackFramesFixer\debug\4.jar --classpath_entry C:\Users\KING\Desktop\Android\study\2\RecordBook\app\build\intermediates\transforms\stackFramesFixer\debug\5.jar --classpath_entry C:\Users\KING\Desktop\Android\study\2\RecordBook\app\build\intermediates\transforms
java_class_path (initial): C:\Users\KING\AppData\Local\Temp\desugar_deploy.jar2205197901522664530
Launcher Type: SUN_STANDARD

Environment Variables:
PATH=C:\ProgramData\Oracle\Java\javapath;C:\Windows\system32;C:\Windows;C:\Windows\System32\Wbem;C:\Windows\System32\WindowsPowerShell\v1.0\;C:\Program Files (x86)\NVIDIA Corporation\PhysX\Common;C:\Users\KING\.dnx\bin;C:\Program Files\Microsoft DNX\Dnvm\;C:\Program Files\Microsoft SQL Server\130\Tools\Binn\;C:\Program Files (x86)\sbt\\bin;C:\Program Files (x86)\Rational\common;C:\Program Files (x86)\Skype\Phone\;C:\Program Files (x86)\PostgreSQL\9.6\bin;C:\Program Files (x86)\PostgreSQL\9.6\lib;C:\Program Files (x86)\PostgreSQL\9.6\include;C:\Program Files\Microsoft SQL Server\110\Tools\Binn\;C:\Program Files (x86)\Brackets\command;C:\adb;C:\xampp\php;C:\ProgramData\ComposerSetup\bin;C:\Users\KING\AppData\Roaming\Composer\vendor\bin
USERNAME=KING
OS=Windows_NT
PROCESSOR_IDENTIFIER=Intel64 Family 6 Model 42 Stepping 7, GenuineIntel



---------------  S Y S T E M  ---------------

OS: Windows 7 , 64 bit Build 7601 (6.1.7601.18409)

CPU:total 8 (initial active 8) (4 cores per cpu, 2 threads per core) family 6 model 42 stepping 7, cmov, cx8, fxsr, mmx, sse, sse2, sse3, ssse3, sse4.1, sse4.2, popcnt, avx, clmul, ht, tsc, tscinvbit

Memory: 4k page, physical 8298260k(563716k free), swap 12392396k(310884k free)

vm_info: OpenJDK 64-Bit Server VM (25.152-b01) for windows-amd64 JRE (1.8.0_152-release-915-b01), built by "builder" with MS VC++ 10.0 (VS2010)

time: Mon Jun 04 02:56:54 2018
elapsed time: 12 seconds (0d 0h 0m 12s)

